Mdi:ArrangeIcons
Mdi:ArrangeIcons
Mdi:ArrangeIcons
Mdi:ArrangeIcons
Mdi:ArrangeIcons
Mdi:ArrangeIcons
Mdi:ArrangeIcons
Mdi:ArrangeIcons
Mdi:ArrangeIcons
Mdi:ArrangeIcons
Mdi:ArrangeIcons
Mdi:ArrangeIcons
Mdi:ArrangeIcons
Mdi:ArrangeIcons
Mdi:ArrangeIcons
Mdi:ArrangeIcons
Mdi:ArrangeIcons
Mdi:ArrangeIcons
Mdi:ArrangeIcons
Mdi:ArrangeIcons
Mdi:ArrangeIcons
Mdi:ArrangeIcons
Mdi:ArrangeIcons
Mdi:ArrangeIcons
Mdi:ArrangeIcons
Mdi:ArrangeIcons
Mdi:ArrangeIcons
Mdi:ArrangeIcons
Mdi:ArrangeIcons
Mdi:ArrangeIcons
Mdi:ArrangeIcons
Mdi:ArrangeIcons
Mdi:ArrangeIcons
Mdi:ArrangeIcons
Mdi:ArrangeIcons
Mdi:ArrangeIcons
Mdi:ArrangeIcons
Mdi:ArrangeIcons
Mdi:ArrangeIcons
Mdi:ArrangeIcons
ScopeSigMgr:loadpffile {{/ugrad/watkins/Desktop/Research/Weibull Approx/Single Weibull/Latchtest.tr0}} 1 openonly
# PF:1
wm geometry .sigmgr._PF:1 226x335+960+540
Mdi:ArrangeIcons
Mdi:ArrangeIcons
wm geometry .sigmgr._PF:1 226x335+954+537
wm geometry .sigmgr._PF:1 226x335+953+537
wm geometry .sigmgr._PF:1 226x335+952+537
wm geometry .sigmgr._PF:1 226x335+951+536
wm geometry .sigmgr._PF:1 226x335+949+535
wm geometry .sigmgr._PF:1 226x335+948+535
wm geometry .sigmgr._PF:1 226x335+946+534
wm geometry .sigmgr._PF:1 226x335+944+534
wm geometry .sigmgr._PF:1 226x335+942+533
wm geometry .sigmgr._PF:1 226x335+940+532
wm geometry .sigmgr._PF:1 226x335+938+532
wm geometry .sigmgr._PF:1 226x335+936+531
wm geometry .sigmgr._PF:1 226x335+933+530
wm geometry .sigmgr._PF:1 226x335+930+529
wm geometry .sigmgr._PF:1 226x335+927+529
wm geometry .sigmgr._PF:1 226x335+924+528
wm geometry .sigmgr._PF:1 226x335+919+527
wm geometry .sigmgr._PF:1 226x335+916+525
wm geometry .sigmgr._PF:1 226x335+912+524
wm geometry .sigmgr._PF:1 226x335+909+523
wm geometry .sigmgr._PF:1 226x335+904+522
wm geometry .sigmgr._PF:1 226x335+900+520
wm geometry .sigmgr._PF:1 226x335+895+519
wm geometry .sigmgr._PF:1 226x335+891+518
wm geometry .sigmgr._PF:1 226x335+885+516
wm geometry .sigmgr._PF:1 226x335+880+516
wm geometry .sigmgr._PF:1 226x335+875+515
wm geometry .sigmgr._PF:1 226x335+871+513
wm geometry .sigmgr._PF:1 226x335+865+511
wm geometry .sigmgr._PF:1 226x335+859+510
wm geometry .sigmgr._PF:1 226x335+855+509
wm geometry .sigmgr._PF:1 226x335+851+507
wm geometry .sigmgr._PF:1 226x335+845+506
wm geometry .sigmgr._PF:1 226x335+839+505
wm geometry .sigmgr._PF:1 226x335+835+505
wm geometry .sigmgr._PF:1 226x335+830+503
wm geometry .sigmgr._PF:1 226x335+826+502
wm geometry .sigmgr._PF:1 226x335+822+501
wm geometry .sigmgr._PF:1 226x335+817+500
wm geometry .sigmgr._PF:1 226x335+814+499
wm geometry .sigmgr._PF:1 226x335+810+498
wm geometry .sigmgr._PF:1 226x335+805+497
wm geometry .sigmgr._PF:1 226x335+803+496
wm geometry .sigmgr._PF:1 226x335+799+495
wm geometry .sigmgr._PF:1 226x335+796+494
wm geometry .sigmgr._PF:1 226x335+793+494
wm geometry .sigmgr._PF:1 226x335+790+493
wm geometry .sigmgr._PF:1 226x335+787+492
wm geometry .sigmgr._PF:1 226x335+784+491
wm geometry .sigmgr._PF:1 226x335+782+491
wm geometry .sigmgr._PF:1 226x335+779+490
wm geometry .sigmgr._PF:1 226x335+777+489
wm geometry .sigmgr._PF:1 226x335+775+488
wm geometry .sigmgr._PF:1 226x335+773+488
wm geometry .sigmgr._PF:1 226x335+771+488
wm geometry .sigmgr._PF:1 226x335+769+488
wm geometry .sigmgr._PF:1 226x335+767+487
wm geometry .sigmgr._PF:1 226x335+766+487
wm geometry .sigmgr._PF:1 226x335+764+486
wm geometry .sigmgr._PF:1 226x335+762+486
wm geometry .sigmgr._PF:1 226x335+761+486
wm geometry .sigmgr._PF:1 226x335+760+485
wm geometry .sigmgr._PF:1 226x335+759+485
wm geometry .sigmgr._PF:1 226x335+758+484
wm geometry .sigmgr._PF:1 226x335+757+484
wm geometry .sigmgr._PF:1 226x335+756+484
wm geometry .sigmgr._PF:1 226x335+755+484
wm geometry .sigmgr._PF:1 226x335+754+483
wm geometry .sigmgr._PF:1 226x335+753+483
wm geometry .sigmgr._PF:1 226x335+752+483
wm geometry .sigmgr._PF:1 226x335+751+483
wm geometry .sigmgr._PF:1 226x335+750+482
wm geometry .sigmgr._PF:1 226x335+749+482
wm geometry .sigmgr._PF:1 226x335+748+482
wm geometry .sigmgr._PF:1 226x335+747+481
wm geometry .sigmgr._PF:1 226x335+745+481
wm geometry .sigmgr._PF:1 226x335+744+480
wm geometry .sigmgr._PF:1 226x335+743+480
wm geometry .sigmgr._PF:1 226x335+741+480
wm geometry .sigmgr._PF:1 226x335+740+480
wm geometry .sigmgr._PF:1 226x335+739+479
wm geometry .sigmgr._PF:1 226x335+737+479
wm geometry .sigmgr._PF:1 226x335+736+478
wm geometry .sigmgr._PF:1 226x335+734+478
wm geometry .sigmgr._PF:1 226x335+732+478
wm geometry .sigmgr._PF:1 226x335+730+478
wm geometry .sigmgr._PF:1 226x335+729+477
wm geometry .sigmgr._PF:1 226x335+727+476
wm geometry .sigmgr._PF:1 226x335+725+476
wm geometry .sigmgr._PF:1 226x335+723+476
wm geometry .sigmgr._PF:1 226x335+720+475
wm geometry .sigmgr._PF:1 226x335+718+474
wm geometry .sigmgr._PF:1 226x335+716+473
wm geometry .sigmgr._PF:1 226x335+714+473
wm geometry .sigmgr._PF:1 226x335+712+473
wm geometry .sigmgr._PF:1 226x335+709+472
wm geometry .sigmgr._PF:1 226x335+706+471
wm geometry .sigmgr._PF:1 226x335+703+470
wm geometry .sigmgr._PF:1 226x335+700+470
wm geometry .sigmgr._PF:1 226x335+698+470
wm geometry .sigmgr._PF:1 226x335+694+469
wm geometry .sigmgr._PF:1 226x335+692+468
wm geometry .sigmgr._PF:1 226x335+689+467
wm geometry .sigmgr._PF:1 226x335+685+467
wm geometry .sigmgr._PF:1 226x335+682+466
wm geometry .sigmgr._PF:1 226x335+679+466
wm geometry .sigmgr._PF:1 226x335+676+465
wm geometry .sigmgr._PF:1 226x335+673+464
wm geometry .sigmgr._PF:1 226x335+671+463
wm geometry .sigmgr._PF:1 226x335+668+463
wm geometry .sigmgr._PF:1 226x335+666+463
wm geometry .sigmgr._PF:1 226x335+663+463
wm geometry .sigmgr._PF:1 226x335+660+462
wm geometry .sigmgr._PF:1 226x335+658+461
wm geometry .sigmgr._PF:1 226x335+656+461
wm geometry .sigmgr._PF:1 226x335+654+460
wm geometry .sigmgr._PF:1 226x335+651+460
wm geometry .sigmgr._PF:1 226x335+650+459
wm geometry .sigmgr._PF:1 226x335+648+459
wm geometry .sigmgr._PF:1 226x335+645+458
wm geometry .sigmgr._PF:1 226x335+644+458
wm geometry .sigmgr._PF:1 226x335+643+458
wm geometry .sigmgr._PF:1 226x335+640+457
wm geometry .sigmgr._PF:1 226x335+639+456
wm geometry .sigmgr._PF:1 226x335+638+456
wm geometry .sigmgr._PF:1 226x335+636+456
wm geometry .sigmgr._PF:1 226x335+634+455
wm geometry .sigmgr._PF:1 226x335+634+454
wm geometry .sigmgr._PF:1 226x335+632+454
wm geometry .sigmgr._PF:1 226x335+632+453
wm geometry .sigmgr._PF:1 226x335+631+453
wm geometry .sigmgr._PF:1 226x335+630+452
wm geometry .sigmgr._PF:1 226x335+629+452
wm geometry .sigmgr._PF:1 226x335+628+452
wm geometry .sigmgr._PF:1 226x335+627+452
wm geometry .sigmgr._PF:1 226x335+627+451
wm geometry .sigmgr._PF:1 226x335+626+451
wm geometry .sigmgr._PF:1 226x335+625+451
Mdi:ArrangeIcons
Mdi:ArrangeIcons
Mdi:ArrangeIcons
wm geometry .sigmgr 382x210+1532+109
wm geometry .sigmgr 382x210+1531+109
wm geometry .sigmgr 382x210+1529+109
wm geometry .sigmgr 382x210+1527+110
wm geometry .sigmgr 382x210+1525+110
wm geometry .sigmgr 382x210+1524+111
wm geometry .sigmgr 382x210+1521+111
wm geometry .sigmgr 382x210+1518+112
wm geometry .sigmgr 382x210+1515+113
wm geometry .sigmgr 382x210+1510+114
wm geometry .sigmgr 382x210+1506+114
wm geometry .sigmgr 382x210+1502+114
wm geometry .sigmgr 382x210+1498+115
wm geometry .sigmgr 382x210+1492+116
wm geometry .sigmgr 382x210+1486+117
wm geometry .sigmgr 382x210+1481+118
wm geometry .sigmgr 382x210+1475+118
wm geometry .sigmgr 382x210+1470+118
wm geometry .sigmgr 382x210+1463+119
wm geometry .sigmgr 382x210+1456+119
wm geometry .sigmgr 382x210+1451+120
wm geometry .sigmgr 382x210+1444+121
wm geometry .sigmgr 382x210+1435+121
wm geometry .sigmgr 382x210+1426+122
wm geometry .sigmgr 382x210+1420+122
wm geometry .sigmgr 382x210+1411+123
wm geometry .sigmgr 382x210+1403+124
wm geometry .sigmgr 382x210+1394+124
wm geometry .sigmgr 382x210+1386+124
wm geometry .sigmgr 382x210+1378+124
wm geometry .sigmgr 382x210+1369+125
wm geometry .sigmgr 382x210+1360+125
wm geometry .sigmgr 382x210+1352+126
wm geometry .sigmgr 382x210+1343+126
wm geometry .sigmgr 382x210+1334+126
wm geometry .sigmgr 382x210+1324+126
wm geometry .sigmgr 382x210+1316+126
wm geometry .sigmgr 382x210+1307+126
wm geometry .sigmgr 382x210+1298+126
wm geometry .sigmgr 382x210+1290+126
wm geometry .sigmgr 382x210+1281+126
wm geometry .sigmgr 382x210+1272+126
wm geometry .sigmgr 382x210+1263+126
wm geometry .sigmgr 382x210+1255+126
wm geometry .sigmgr 382x210+1247+126
wm geometry .sigmgr 382x210+1237+126
wm geometry .sigmgr 382x210+1229+126
wm geometry .sigmgr 382x210+1221+126
wm geometry .sigmgr 382x210+1215+126
wm geometry .sigmgr 382x210+1207+126
wm geometry .sigmgr 382x210+1199+126
wm geometry .sigmgr 382x210+1192+126
wm geometry .sigmgr 382x210+1182+126
wm geometry .sigmgr 382x210+1174+126
wm geometry .sigmgr 382x210+1168+126
wm geometry .sigmgr 382x210+1160+126
wm geometry .sigmgr 382x210+1152+126
wm geometry .sigmgr 382x210+1145+126
wm geometry .sigmgr 382x210+1138+126
wm geometry .sigmgr 382x210+1131+126
wm geometry .sigmgr 382x210+1123+126
wm geometry .sigmgr 382x210+1115+127
wm geometry .sigmgr 382x210+1109+127
wm geometry .sigmgr 382x210+1101+127
wm geometry .sigmgr 382x210+1093+127
wm geometry .sigmgr 382x210+1086+128
wm geometry .sigmgr 382x210+1079+128
wm geometry .sigmgr 382x210+1072+128
wm geometry .sigmgr 382x210+1064+128
wm geometry .sigmgr 382x210+1057+129
wm geometry .sigmgr 382x210+1052+129
wm geometry .sigmgr 382x210+1045+129
wm geometry .sigmgr 382x210+1038+130
wm geometry .sigmgr 382x210+1032+130
wm geometry .sigmgr 382x210+1025+130
wm geometry .sigmgr 382x210+1019+131
wm geometry .sigmgr 382x210+1012+131
wm geometry .sigmgr 382x210+1006+131
wm geometry .sigmgr 382x210+1000+132
wm geometry .sigmgr 382x210+995+132
wm geometry .sigmgr 382x210+988+132
wm geometry .sigmgr 382x210+983+132
wm geometry .sigmgr 382x210+977+132
wm geometry .sigmgr 382x210+972+132
wm geometry .sigmgr 382x210+966+133
wm geometry .sigmgr 382x210+960+134
wm geometry .sigmgr 382x210+956+134
wm geometry .sigmgr 382x210+951+135
wm geometry .sigmgr 382x210+945+135
wm geometry .sigmgr 382x210+940+136
wm geometry .sigmgr 382x210+935+137
wm geometry .sigmgr 382x210+930+137
wm geometry .sigmgr 382x210+926+137
wm geometry .sigmgr 382x210+921+137
wm geometry .sigmgr 382x210+917+138
wm geometry .sigmgr 382x210+913+138
wm geometry .sigmgr 382x210+909+139
wm geometry .sigmgr 382x210+906+139
wm geometry .sigmgr 382x210+902+139
wm geometry .sigmgr 382x210+899+140
wm geometry .sigmgr 382x210+896+140
wm geometry .sigmgr 382x210+893+141
wm geometry .sigmgr 382x210+890+141
wm geometry .sigmgr 382x210+887+141
wm geometry .sigmgr 382x210+884+141
wm geometry .sigmgr 382x210+881+142
wm geometry .sigmgr 382x210+879+142
wm geometry .sigmgr 382x210+876+142
wm geometry .sigmgr 382x210+874+142
wm geometry .sigmgr 382x210+872+142
wm geometry .sigmgr 382x210+870+142
wm geometry .sigmgr 382x210+868+142
wm geometry .sigmgr 382x210+866+142
wm geometry .sigmgr 382x210+864+143
wm geometry .sigmgr 382x210+862+143
wm geometry .sigmgr 382x210+860+143
wm geometry .sigmgr 382x210+858+143
wm geometry .sigmgr 382x210+856+143
wm geometry .sigmgr 382x210+853+143
wm geometry .sigmgr 382x210+851+144
wm geometry .sigmgr 382x210+850+144
wm geometry .sigmgr 382x210+848+144
wm geometry .sigmgr 382x210+846+144
wm geometry .sigmgr 382x210+844+144
wm geometry .sigmgr 382x210+842+144
wm geometry .sigmgr 382x210+840+144
wm geometry .sigmgr 382x210+838+144
wm geometry .sigmgr 382x210+836+144
wm geometry .sigmgr 382x210+834+144
wm geometry .sigmgr 382x210+832+144
wm geometry .sigmgr 382x210+829+144
wm geometry .sigmgr 382x210+826+144
wm geometry .sigmgr 382x210+824+144
wm geometry .sigmgr 382x210+822+144
wm geometry .sigmgr 382x210+820+144
wm geometry .sigmgr 382x210+817+144
wm geometry .sigmgr 382x210+815+144
wm geometry .sigmgr 382x210+813+144
wm geometry .sigmgr 382x210+811+144
wm geometry .sigmgr 382x210+808+144
wm geometry .sigmgr 382x210+806+144
wm geometry .sigmgr 382x210+804+143
wm geometry .sigmgr 382x210+801+143
wm geometry .sigmgr 382x210+799+143
wm geometry .sigmgr 382x210+798+142
wm geometry .sigmgr 382x210+795+142
wm geometry .sigmgr 382x210+793+142
wm geometry .sigmgr 382x210+791+142
wm geometry .sigmgr 382x210+789+142
wm geometry .sigmgr 382x210+787+142
wm geometry .sigmgr 382x210+784+142
wm geometry .sigmgr 382x210+782+141
wm geometry .sigmgr 382x210+780+141
wm geometry .sigmgr 382x210+777+141
wm geometry .sigmgr 382x210+774+140
wm geometry .sigmgr 382x210+772+140
wm geometry .sigmgr 382x210+770+140
wm geometry .sigmgr 382x210+768+140
wm geometry .sigmgr 382x210+765+140
wm geometry .sigmgr 382x210+763+140
wm geometry .sigmgr 382x210+761+140
wm geometry .sigmgr 382x210+759+140
wm geometry .sigmgr 382x210+756+139
wm geometry .sigmgr 382x210+754+139
wm geometry .sigmgr 382x210+752+138
wm geometry .sigmgr 382x210+750+137
wm geometry .sigmgr 382x210+748+137
wm geometry .sigmgr 382x210+746+137
wm geometry .sigmgr 382x210+743+137
wm geometry .sigmgr 382x210+741+136
wm geometry .sigmgr 382x210+739+136
wm geometry .sigmgr 382x210+737+136
wm geometry .sigmgr 382x210+735+135
wm geometry .sigmgr 382x210+733+135
wm geometry .sigmgr 382x210+731+135
wm geometry .sigmgr 382x210+729+134
wm geometry .sigmgr 382x210+728+134
wm geometry .sigmgr 382x210+726+134
wm geometry .sigmgr 382x210+723+134
wm geometry .sigmgr 382x210+722+133
wm geometry .sigmgr 382x210+721+133
wm geometry .sigmgr 382x210+719+133
wm geometry .sigmgr 382x210+717+132
wm geometry .sigmgr 382x210+716+132
wm geometry .sigmgr 382x210+715+132
wm geometry .sigmgr 382x210+712+131
wm geometry .sigmgr 382x210+711+131
wm geometry .sigmgr 382x210+710+131
wm geometry .sigmgr 382x210+709+130
wm geometry .sigmgr 382x210+706+130
wm geometry .sigmgr 382x210+705+130
wm geometry .sigmgr 382x210+703+130
wm geometry .sigmgr 382x210+702+130
wm geometry .sigmgr 382x210+700+130
wm geometry .sigmgr 382x210+699+130
wm geometry .sigmgr 382x210+697+129
wm geometry .sigmgr 382x210+696+129
wm geometry .sigmgr 382x210+694+128
wm geometry .sigmgr 382x210+692+128
wm geometry .sigmgr 382x210+691+128
wm geometry .sigmgr 382x210+689+128
wm geometry .sigmgr 382x210+688+128
wm geometry .sigmgr 382x210+686+128
wm geometry .sigmgr 382x210+684+128
wm geometry .sigmgr 382x210+683+128
wm geometry .sigmgr 382x210+681+128
wm geometry .sigmgr 382x210+679+128
wm geometry .sigmgr 382x210+677+128
wm geometry .sigmgr 382x210+675+127
wm geometry .sigmgr 382x210+673+127
wm geometry .sigmgr 382x210+671+127
wm geometry .sigmgr 382x210+669+127
wm geometry .sigmgr 382x210+668+127
wm geometry .sigmgr 382x210+665+127
wm geometry .sigmgr 382x210+663+127
wm geometry .sigmgr 382x210+661+127
wm geometry .sigmgr 382x210+660+127
wm geometry .sigmgr 382x210+658+127
wm geometry .sigmgr 382x210+656+127
wm geometry .sigmgr 382x210+655+127
wm geometry .sigmgr 382x210+654+127
wm geometry .sigmgr 382x210+653+127
wm geometry .sigmgr 382x210+651+127
wm geometry .sigmgr 382x210+650+127
wm geometry .sigmgr 382x210+649+127
wm geometry .sigmgr 382x210+647+127
wm geometry .sigmgr 382x210+646+127
wm geometry .sigmgr 382x210+645+127
wm geometry .sigmgr 382x210+644+127
wm geometry .sigmgr 382x210+643+127
wm geometry .sigmgr 382x210+642+127
wm geometry .sigmgr 382x210+641+127
wm geometry .sigmgr 382x210+640+127
wm geometry .sigmgr 382x210+639+127
wm geometry .sigmgr 382x210+638+127
wm geometry .sigmgr 382x210+637+127
wm geometry .sigmgr 382x210+636+127
wm geometry .sigmgr 382x210+634+127
wm geometry .sigmgr 382x210+633+128
wm geometry .sigmgr 382x210+632+128
wm geometry .sigmgr 382x210+631+128
wm geometry .sigmgr 382x210+630+128
wm geometry .sigmgr 382x210+629+128
wm geometry .sigmgr 382x210+628+128
wm geometry .sigmgr 382x210+627+129
wm geometry .sigmgr 382x210+626+129
wm geometry .sigmgr 382x210+624+130
wm geometry .sigmgr 382x210+623+130
wm geometry .sigmgr 382x210+622+130
wm geometry .sigmgr 382x210+621+130
wm geometry .sigmgr 382x210+620+131
wm geometry .sigmgr 382x210+619+131
wm geometry .sigmgr 382x210+618+131
wm geometry .sigmgr 382x210+617+131
wm geometry .sigmgr 382x210+616+131
wm geometry .sigmgr 382x210+615+131
wm geometry .sigmgr 382x210+614+131
wm geometry .sigmgr 382x210+614+132
wm geometry .sigmgr 382x210+613+132
wm geometry .sigmgr 382x210+612+132
wm geometry .sigmgr 382x210+612+133
wm geometry .sigmgr 382x210+611+133
wm geometry .sigmgr 382x210+610+133
wm geometry .sigmgr 382x210+609+133
wm geometry .sigmgr 382x210+608+133
wm geometry .sigmgr 382x210+607+133
wm geometry .sigmgr 382x210+607+134
wm geometry .sigmgr 382x210+606+134
wm geometry .sigmgr 382x210+605+134
wm geometry .sigmgr 382x210+605+135
wm geometry .sigmgr 382x210+604+135
wm geometry .sigmgr 382x210+603+135
Mdi:FullSize
Mdi:ArrangeIcons
pf:read PF:1 v(out)
# WF:1:1
Graph addsignal WF:1:1 -region new -yview real(y) -xview real(x) -tracehi 2
# Signal0
Mdi:ArrangeIcons
Mdi:ArrangeIcons
pf:read PF:1 v(n5)
# WF:1:2
Graph addsignal WF:1:2 -region new -yview real(y) -xview real(x) -tracehi 2
# Signal1
Mdi:ArrangeIcons
Mdi:ArrangeIcons
pf:read PF:1 v(n4)
# WF:1:3
Graph addsignal WF:1:3 -region new -yview real(y) -xview real(x) -tracehi 2
# Signal2
Mdi:ArrangeIcons
Mdi:ArrangeIcons
pf:read PF:1 v(n3)
# WF:1:4
Graph addsignal WF:1:4 -region new -yview real(y) -xview real(x) -tracehi 2
# Signal3
Mdi:ArrangeIcons
Mdi:ArrangeIcons
pf:read PF:1 v(n2)
# WF:1:5
Graph addsignal WF:1:5 -region new -yview real(y) -xview real(x) -tracehi 2
# Signal4
Mdi:ArrangeIcons
Mdi:ArrangeIcons
pf:read PF:1 v(n1)
# WF:1:6
Graph addsignal WF:1:6 -region new -yview real(y) -xview real(x) -tracehi 2
# Signal5
Mdi:ArrangeIcons
Mdi:ArrangeIcons
pf:read PF:1 v(co3)
# WF:1:7
Graph addsignal WF:1:7 -region new -yview real(y) -xview real(x) -tracehi 2
# Signal6
Mdi:ArrangeIcons
Mdi:ArrangeIcons
pf:read PF:1 v(co2)
# WF:1:8
Graph addsignal WF:1:8 -region new -yview real(y) -xview real(x) -tracehi 2
# Signal7
Mdi:ArrangeIcons
Mdi:ArrangeIcons
pf:read PF:1 v(co1)
# WF:1:9
Graph addsignal WF:1:9 -region new -yview real(y) -xview real(x) -tracehi 2
# Signal8
Mdi:ArrangeIcons
Mdi:ArrangeIcons
Mdi:ArrangeIcons
Mdi:ArrangeIcons
Mdi:ArrangeIcons
Mdi:ArrangeIcons
Mdi:ArrangeIcons
Mdi:ArrangeIcons
Mdi:ArrangeIcons
ScopeSigMgr:Reload 0 {{(1) Latchtest.tr0}}
Mdi:ArrangeIcons
Mdi:ArrangeIcons
Mdi:ArrangeIcons
Mdi:ArrangeIcons
Mdi:ArrangeIcons
Mdi:ArrangeIcons
Mdi:ArrangeIcons
Mdi:ArrangeIcons
Mdi:ArrangeIcons
Mdi:ArrangeIcons
Mdi:ArrangeIcons
Mdi:ArrangeIcons
Mdi:ArrangeIcons
Mdi:ArrangeIcons
Mdi:ArrangeIcons
Mdi:ArrangeIcons
Mdi:ArrangeIcons
Mdi:ArrangeIcons
Mdi:ArrangeIcons
Mdi:ArrangeIcons
Mdi:ArrangeIcons
Mdi:ArrangeIcons
Mdi:ArrangeIcons
Mdi:ArrangeIcons
Mdi:ArrangeIcons
Mdi:ArrangeIcons
Mdi:ArrangeIcons
Mdi:ArrangeIcons
Mdi:ArrangeIcons
Mdi:ArrangeIcons
Mdi:ArrangeIcons
Mdi:ArrangeIcons
Mdi:ArrangeIcons
Mdi:ArrangeIcons
Mdi:ArrangeIcons
Mdi:ArrangeIcons
Mdi:ArrangeIcons
Mdi:ArrangeIcons
Mdi:ArrangeIcons
Mdi:ArrangeIcons
Mdi:ArrangeIcons
Mdi:ArrangeIcons
Mdi:ArrangeIcons
Mdi:ArrangeIcons
Mdi:ArrangeIcons
Mdi:ArrangeIcons
Mdi:ArrangeIcons
Mdi:ArrangeIcons
Mdi:ArrangeIcons
Mdi:ArrangeIcons
Mdi:ArrangeIcons
Mdi:ArrangeIcons
Mdi:ArrangeIcons
Mdi:ArrangeIcons
Mdi:ArrangeIcons
Mdi:ArrangeIcons
Mdi:ArrangeIcons
Mdi:ArrangeIcons
Mdi:ArrangeIcons
Mdi:ArrangeIcons
Mdi:ArrangeIcons
Mdi:ArrangeIcons
Mdi:ArrangeIcons
Mdi:ArrangeIcons
Mdi:ArrangeIcons
Mdi:ArrangeIcons
Mdi:ArrangeIcons
Mdi:ArrangeIcons
Mdi:ArrangeIcons
Mdi:ArrangeIcons
Mdi:ArrangeIcons
Mdi:ArrangeIcons
Mdi:ArrangeIcons
Mdi:ArrangeIcons
Mdi:ArrangeIcons
Mdi:ArrangeIcons
Mdi:ArrangeIcons
Mdi:ArrangeIcons
Mdi:ArrangeIcons
Mdi:ArrangeIcons
Mdi:ArrangeIcons
Mdi:ArrangeIcons
Mdi:ArrangeIcons
Mdi:ArrangeIcons
Mdi:ArrangeIcons
Mdi:ArrangeIcons
Mdi:ArrangeIcons
Mdi:ArrangeIcons
Mdi:ArrangeIcons
Mdi:ArrangeIcons
Mdi:ArrangeIcons
Mdi:ArrangeIcons
Mdi:ArrangeIcons
Mdi:ArrangeIcons
Mdi:ArrangeIcons
Mdi:ArrangeIcons
Mdi:ArrangeIcons
Mdi:ArrangeIcons
Mdi:ArrangeIcons
Mdi:ArrangeIcons
Mdi:ArrangeIcons
Mdi:ArrangeIcons
Mdi:ArrangeIcons
Mdi:ArrangeIcons
Mdi:ArrangeIcons
Mdi:ArrangeIcons
Mdi:ArrangeIcons
Mdi:ArrangeIcons
Mdi:ArrangeIcons
Mdi:ArrangeIcons
Mdi:ArrangeIcons
Mdi:ArrangeIcons
Mdi:ArrangeIcons
Mdi:ArrangeIcons
Mdi:ArrangeIcons
Mdi:ArrangeIcons
Mdi:ArrangeIcons
Mdi:ArrangeIcons
Mdi:ArrangeIcons
Mdi:ArrangeIcons
Mdi:ArrangeIcons
Mdi:ArrangeIcons
Mdi:ArrangeIcons
Mdi:ArrangeIcons
Mdi:ArrangeIcons
Mdi:ArrangeIcons
Mdi:ArrangeIcons
Mdi:ArrangeIcons
Mdi:ArrangeIcons
Mdi:ArrangeIcons
Mdi:ArrangeIcons
Mdi:ArrangeIcons
Mdi:ArrangeIcons
Mdi:ArrangeIcons
Mdi:ArrangeIcons
