2.342326e-04
2.342326e-04
2.342326e-04
2.342326e-04
2.342326e-04
2.342326e-04
2.342326e-04
2.342326e-04
2.342326e-04
2.342326e-04
2.342326e-04
2.342326e-04
2.342326e-04
2.342326e-04
2.342326e-04
2.342326e-04
2.342326e-04
2.342326e-04
2.342326e-04
2.342326e-04
2.342326e-04
2.342326e-04
2.342326e-04
2.342326e-04
2.342326e-04
2.342326e-04
8.270298e-04
9.665953e-04
7.690734e-04
5.213677e-04
3.754201e-04
3.119026e-04
2.423246e-04
2.170998e-04
1.916660e-04
1.850004e-04
1.461613e-04
-1.325139e-04
-8.854470e-04
-1.996048e-03
-3.147256e-03
-4.299387e-03
-5.596158e-03
-7.146088e-03
-8.855729e-03
-1.025019e-02
-1.026739e-02
-6.125556e-03
6.544606e-03
3.221740e-02
7.374597e-02
1.362616e-01
2.293348e-01
3.465000e-01
4.756544e-01
6.070513e-01
7.344002e-01
8.498279e-01
9.370633e-01
9.887775e-01
1.015317e+00
1.028553e+00
1.035449e+00
1.039207e+00
1.041244e+00
1.042157e+00
1.042163e+00
1.041197e+00
1.038962e+00
1.035093e+00
1.028816e+00
1.018857e+00
1.003014e+00
9.780174e-01
9.383723e-01
8.786493e-01
8.018572e-01
7.098363e-01
6.031761e-01
4.828751e-01
3.531010e-01
2.357009e-01
1.548223e-01
9.756343e-02
5.893317e-02
3.940100e-02
7.581963e-02
1.868486e-01
3.955450e-01
6.602352e-01
8.916956e-01
9.925061e-01
1.026092e+00
1.039244e+00
1.044270e+00
1.046516e+00
1.047709e+00
1.048348e+00
1.048752e+00
1.048982e+00
1.049116e+00
1.049250e+00
1.049317e+00
1.049381e+00
1.049457e+00
1.049505e+00
1.049565e+00
1.049593e+00
1.049627e+00
1.049662e+00
1.049684e+00
1.049699e+00
1.049722e+00
1.049727e+00
1.049745e+00
1.049755e+00
1.049762e+00
1.049769e+00
1.049776e+00
1.049783e+00
1.049786e+00
1.049791e+00
1.049797e+00
1.049803e+00
1.049806e+00
1.049811e+00
1.049817e+00
1.049824e+00
1.049827e+00
1.049832e+00
1.049837e+00
1.049842e+00
1.049851e+00
1.049874e+00
1.049885e+00
1.049935e+00
1.050045e+00
1.050284e+00
1.050656e+00
1.051221e+00
1.051915e+00
1.052661e+00
1.053472e+00
1.054440e+00
1.055793e+00
1.057736e+00
1.060248e+00
1.063334e+00
1.067045e+00
1.063645e+00
1.026771e+00
9.503765e-01
8.399456e-01
6.912346e-01
5.220196e-01
3.610292e-01
2.416293e-01
1.579962e-01
1.044931e-01
6.891376e-02
4.536200e-02
2.983851e-02
1.963949e-02
1.294686e-02
8.564241e-03
5.700149e-03
3.827763e-03
2.624233e-03
1.823721e-03
1.312881e-03
1.000223e-03
7.687905e-04
6.397060e-04
4.754240e-04
4.278298e-04
3.793053e-04
3.450365e-04
3.275368e-04
3.039623e-04
2.932214e-04
2.508217e-04
2.686651e-04
2.602644e-04
2.614753e-04
2.571705e-04
2.552945e-04
2.530233e-04
2.531229e-04
2.497574e-04
2.491041e-04
2.481948e-04
2.490596e-04
2.460764e-04
2.464644e-04
2.453830e-04
2.451556e-04
2.449031e-04
2.443261e-04
2.436868e-04
2.429897e-04
2.420374e-04
2.420341e-04
2.422161e-04
2.437830e-04
2.389021e-04
2.399381e-04
2.393894e-04
2.398226e-04
2.397867e-04
2.399027e-04
2.401666e-04
2.399294e-04
2.397145e-04
2.396394e-04
2.394977e-04
2.392256e-04
2.392387e-04
2.391175e-04
2.390103e-04
2.388974e-04
2.387856e-04
2.389708e-04
2.386718e-04
2.384363e-04
2.383110e-04
2.382045e-04
2.380955e-04
2.380595e-04
2.378351e-04
2.378167e-04
2.376700e-04
2.375739e-04
2.377394e-04
2.372937e-04
2.375044e-04
2.371081e-04
2.375151e-04
2.383771e-04
2.363357e-04
2.374285e-04
2.364816e-04
2.373076e-04
2.363839e-04
2.372191e-04
2.363418e-04
2.369593e-04
2.363864e-04
2.369681e-04
2.362206e-04
2.367952e-04
2.360576e-04
2.365025e-04
2.362993e-04
2.363595e-04
2.362903e-04
2.359432e-04
2.362362e-04
2.365941e-04
2.355948e-04
2.366504e-04
2.355489e-04
2.366397e-04
2.354714e-04
2.367772e-04
2.350693e-04
2.364697e-04
2.356272e-04
2.365002e-04
2.353083e-04
2.363138e-04
2.351697e-04
2.375611e-04
2.356842e-04
2.349350e-04
2.351566e-04
2.359650e-04
2.348593e-04
2.352766e-04
2.360839e-04
2.356697e-04
2.349075e-04
2.352477e-04
2.359369e-04
2.355636e-04
2.348220e-04
2.354962e-04
2.346378e-04
2.359999e-04
2.349057e-04
2.354290e-04
2.349813e-04
2.352496e-04
2.352261e-04
2.352620e-04
2.355090e-04
2.355668e-04
2.346128e-04
2.354751e-04
2.351072e-04
2.357308e-04
2.343407e-04
2.352166e-04
2.352922e-04
2.351312e-04
2.355345e-04
2.342862e-04
2.356118e-04
2.350922e-04
2.344950e-04
2.352676e-04
2.353566e-04
2.341277e-04
2.354767e-04
2.351213e-04
2.343057e-04
2.353632e-04
2.351804e-04
2.350763e-04
2.344696e-04
2.347871e-04
2.346681e-04
2.347556e-04
2.349857e-04
2.347089e-04
2.336377e-04
2.345401e-04
2.346453e-04
2.346760e-04
2.345464e-04
2.347595e-04
2.347851e-04
2.348039e-04
2.347018e-04
2.349361e-04
2.349558e-04
2.347662e-04
2.341336e-04
2.351961e-04
2.350688e-04
2.347037e-04
2.347215e-04
2.342295e-04
2.352629e-04
2.343096e-04
2.347018e-04
2.347158e-04
2.350936e-04
2.339539e-04
2.348806e-04
2.347501e-04
2.342073e-04
2.350545e-04
2.346788e-04
2.343240e-04
2.348575e-04
2.350789e-04
2.348891e-04
2.343696e-04
2.348233e-04
2.347386e-04
2.343862e-04
2.344589e-04
2.347018e-04
2.348270e-04
2.341903e-04
2.351141e-04
2.342776e-04
2.348852e-04
2.347005e-04
2.341445e-04
2.348300e-04
2.346747e-04
2.340976e-04
2.343544e-04
2.349599e-04
2.342407e-04
2.348169e-04
2.347243e-04
2.340044e-04
2.346696e-04
2.343306e-04
2.346867e-04
2.342541e-04
2.348178e-04
2.337303e-04
2.351231e-04
2.343209e-04
2.348285e-04
2.342818e-04
2.347581e-04
2.342978e-04
2.349605e-04
2.341515e-04
2.346505e-04
2.345389e-04
2.344744e-04
2.344911e-04
2.341597e-04
2.341702e-04
2.348870e-04
2.345114e-04
2.345208e-04
2.342260e-04
2.346172e-04
2.345266e-04
2.341640e-04
2.346861e-04
2.346837e-04
2.340976e-04
2.345930e-04
2.344991e-04
2.341743e-04
2.346486e-04
2.344477e-04
2.342004e-04
2.345784e-04
2.345234e-04
2.340146e-04
2.346714e-04
2.345176e-04
2.345136e-04
2.342857e-04
2.345303e-04
2.344651e-04
2.344527e-04
2.341465e-04
2.345963e-04
2.344249e-04
2.344343e-04
2.344016e-04
2.345496e-04
2.345352e-04
2.342438e-04
2.343171e-04
2.343609e-04
2.343089e-04
2.343864e-04
2.343923e-04
2.343817e-04
2.343671e-04
2.344690e-04
2.343197e-04
2.343509e-04
2.343505e-04
2.343631e-04
2.343604e-04
2.343083e-04
2.343508e-04
2.344206e-04
2.343510e-04
2.343509e-04
2.343600e-04
2.341564e-04
2.344978e-04
2.344371e-04
2.344185e-04
2.343699e-04
2.343497e-04
2.343755e-04
2.343434e-04
2.340476e-04
2.345640e-04
2.343770e-04
2.343801e-04
2.343901e-04
2.343485e-04
2.343383e-04
2.343683e-04
2.343396e-04
2.343333e-04
2.344786e-04
2.342841e-04
2.343205e-04
2.343510e-04
2.343265e-04
2.343207e-04
2.343531e-04
2.343276e-04
2.343230e-04
2.343539e-04
2.343428e-04
2.340470e-04
2.345837e-04
2.343564e-04
2.343689e-04
2.343643e-04
2.343378e-04
2.343295e-04
2.343502e-04
2.343338e-04
2.343078e-04
2.343463e-04
2.343159e-04
2.343137e-04
2.343576e-04
2.343181e-04
2.340573e-04
2.344520e-04
2.343974e-04
2.343891e-04
2.343553e-04
2.343321e-04
2.343448e-04
2.343167e-04
2.343485e-04
2.343175e-04
2.343466e-04
2.343072e-04
2.342996e-04
2.343321e-04
2.343013e-04
2.343370e-04
2.343089e-04
2.343470e-04
2.343051e-04
2.342977e-04
2.343293e-04
2.343245e-04
2.342763e-04
2.343114e-04
2.343509e-04
2.343392e-04
2.343044e-04
2.343384e-04
2.342935e-04
2.343108e-04
2.343073e-04
2.343111e-04
2.342874e-04
2.343292e-04
2.342899e-04
2.343099e-04
2.343080e-04
2.343120e-04
2.342886e-04
2.343293e-04
2.342904e-04
2.343096e-04
2.343073e-04
2.343109e-04
2.342877e-04
2.343274e-04
2.342891e-04
2.343077e-04
2.343053e-04
2.343088e-04
2.342860e-04
2.343248e-04
2.342873e-04
2.343056e-04
2.343031e-04
2.343067e-04
2.342843e-04
2.343223e-04
2.342855e-04
2.343035e-04
2.343010e-04
2.343045e-04
2.343896e-04
2.342663e-04
2.342697e-04
2.342864e-04
2.342758e-04
2.342907e-04
2.342877e-04
2.342927e-04
2.342713e-04
2.342983e-04
2.342756e-04
2.343119e-04
2.342782e-04
2.343105e-04
2.342764e-04
2.342934e-04
2.342820e-04
2.342970e-04
2.342942e-04
2.342981e-04
2.342918e-04
2.342952e-04
2.342743e-04
2.343000e-04
2.342922e-04
2.342947e-04
2.342899e-04
2.342926e-04
2.342882e-04
2.342914e-04
2.342873e-04
2.342906e-04
2.342866e-04
2.342900e-04
2.342861e-04
2.342895e-04
2.342856e-04
2.342890e-04
2.342851e-04
2.342885e-04
2.342846e-04
2.342880e-04
