2.342326e-04
2.342326e-04
2.342326e-04
2.342326e-04
2.342326e-04
2.342326e-04
2.342326e-04
2.342326e-04
2.342326e-04
2.342326e-04
2.342326e-04
2.342326e-04
2.342326e-04
2.342326e-04
2.342326e-04
2.342326e-04
2.342326e-04
2.342326e-04
2.342326e-04
2.342326e-04
2.342326e-04
2.342326e-04
2.342326e-04
2.342326e-04
2.342326e-04
2.342326e-04
2.342326e-04
2.342326e-04
2.342326e-04
2.342326e-04
2.342326e-04
2.342326e-04
2.342326e-04
2.342326e-04
2.342326e-04
2.342326e-04
2.342326e-04
2.342326e-04
2.342326e-04
2.342326e-04
2.342326e-04
2.342326e-04
2.342326e-04
2.342326e-04
2.342326e-04
2.342326e-04
2.342326e-04
2.342326e-04
2.342326e-04
2.342326e-04
2.342326e-04
5.566569e-04
8.934144e-04
9.281693e-04
8.824813e-04
8.047858e-04
6.695525e-04
5.606064e-04
5.055133e-04
4.267761e-04
3.272527e-04
2.598232e-04
2.514497e-04
2.371415e-04
2.179997e-04
2.070636e-04
1.989732e-04
1.952865e-04
1.907168e-04
1.906531e-04
1.846619e-04
1.782953e-04
1.520329e-04
7.871698e-05
-1.891558e-04
-4.828683e-04
-9.684045e-04
-1.562951e-03
-2.110153e-03
-2.667986e-03
-3.234507e-03
-3.793713e-03
-4.382887e-03
-5.005167e-03
-5.678572e-03
-6.402797e-03
-7.194624e-03
-8.040065e-03
-8.899413e-03
-9.710505e-03
-1.036005e-02
-1.067865e-02
-1.046072e-02
-9.233188e-03
-6.486088e-03
-1.695540e-03
5.945607e-03
1.687372e-02
3.150216e-02
5.013263e-02
7.309190e-02
1.011282e-01
1.357005e-01
1.783407e-01
2.287054e-01
2.851910e-01
3.462568e-01
4.104098e-01
4.762437e-01
5.426088e-01
6.087114e-01
6.738145e-01
7.371632e-01
7.976815e-01
8.534970e-01
9.018161e-01
9.407274e-01
9.701897e-01
9.915356e-01
1.006599e+00
1.017126e+00
1.024518e+00
1.029771e+00
1.033560e+00
1.036330e+00
1.038399e+00
1.039889e+00
1.041027e+00
1.041835e+00
1.042394e+00
1.042684e+00
1.042816e+00
1.042717e+00
1.042426e+00
1.041837e+00
1.040954e+00
1.039739e+00
1.038127e+00
1.036039e+00
1.033377e+00
1.030010e+00
1.025770e+00
1.020459e+00
1.013764e+00
9.949076e-01
9.818411e-01
9.649323e-01
9.435726e-01
9.174910e-01
8.868339e-01
8.519266e-01
8.130539e-01
7.704359e-01
7.242065e-01
6.743995e-01
6.210304e-01
5.642104e-01
5.041890e-01
4.413956e-01
3.766687e-01
3.125212e-01
2.546688e-01
2.064950e-01
1.671845e-01
1.348803e-01
1.079546e-01
8.522603e-02
6.597874e-02
5.005172e-02
3.842341e-02
3.449555e-02
4.395165e-02
7.097948e-02
1.172921e-01
1.862811e-01
2.794126e-01
3.916746e-01
5.186745e-01
6.577083e-01
7.899534e-01
8.907467e-01
9.553699e-01
9.944726e-01
1.015279e+00
1.027469e+00
1.034841e+00
1.039428e+00
1.042385e+00
1.044343e+00
1.045676e+00
1.046589e+00
1.047264e+00
1.047723e+00
1.048082e+00
1.048375e+00
1.048578e+00
1.048740e+00
1.048884e+00
1.049019e+00
1.049092e+00
1.049140e+00
1.049206e+00
1.049256e+00
1.049288e+00
1.049332e+00
1.049357e+00
1.049403e+00
1.049417e+00
1.049466e+00
1.049483e+00
1.049518e+00
1.049529e+00
1.049560e+00
1.049582e+00
1.049600e+00
1.049629e+00
1.049637e+00
1.049650e+00
1.049667e+00
1.049673e+00
1.049683e+00
1.049698e+00
1.049702e+00
1.049725e+00
1.049718e+00
1.049727e+00
1.049732e+00
1.049736e+00
1.049744e+00
1.049751e+00
1.049756e+00
1.049758e+00
1.049761e+00
1.049771e+00
1.049769e+00
1.049772e+00
1.049776e+00
1.049780e+00
1.049784e+00
1.049787e+00
1.049790e+00
1.049793e+00
1.049793e+00
1.049796e+00
1.049800e+00
1.049806e+00
1.049802e+00
1.049807e+00
1.049806e+00
1.049823e+00
1.049812e+00
1.049818e+00
1.049817e+00
1.049827e+00
1.049822e+00
1.049827e+00
1.049830e+00
1.049830e+00
1.049832e+00
1.049837e+00
1.049836e+00
1.049840e+00
1.049845e+00
1.049851e+00
1.049848e+00
1.049857e+00
1.049861e+00
1.049870e+00
1.049883e+00
1.049896e+00
1.049935e+00
1.049987e+00
1.050061e+00
1.050130e+00
1.050303e+00
1.050433e+00
1.050635e+00
1.050924e+00
1.051235e+00
1.051553e+00
1.051931e+00
1.052309e+00
1.052679e+00
1.053085e+00
1.053505e+00
1.053952e+00
1.054475e+00
1.055094e+00
1.055842e+00
1.056764e+00
1.057831e+00
1.059005e+00
1.060317e+00
1.061782e+00
1.063411e+00
1.065269e+00
1.067239e+00
1.068046e+00
1.064294e+00
1.052110e+00
1.029895e+00
9.977520e-01
9.560146e-01
9.048775e-01
8.443741e-01
7.747431e-01
6.971821e-01
6.140112e-01
5.279927e-01
4.429447e-01
3.650458e-01
2.983493e-01
2.428820e-01
1.973140e-01
1.600659e-01
1.297118e-01
1.050003e-01
8.492054e-02
6.864011e-02
5.544654e-02
4.477477e-02
3.614564e-02
2.919387e-02
2.357118e-02
1.904302e-02
1.539075e-02
1.247767e-02
1.011273e-02
8.219285e-03
6.703152e-03
5.461645e-03
4.471200e-03
3.714892e-03
3.075334e-03
2.558553e-03
2.142117e-03
1.789872e-03
1.519667e-03
1.290890e-03
1.107020e-03
9.816285e-04
7.891674e-04
7.280035e-04
6.335880e-04
5.789074e-04
5.048949e-04
4.773909e-04
4.324348e-04
4.211467e-04
3.974727e-04
3.750349e-04
3.554882e-04
3.424967e-04
3.426480e-04
3.156046e-04
3.091598e-04
2.956891e-04
2.946051e-04
2.880266e-04
2.834872e-04
2.760561e-04
2.756946e-04
2.717739e-04
2.690622e-04
2.664326e-04
2.647961e-04
2.605698e-04
2.598674e-04
2.579781e-04
2.569203e-04
2.543596e-04
2.552210e-04
2.528670e-04
2.511057e-04
2.506586e-04
2.501899e-04
2.497027e-04
2.502998e-04
2.478250e-04
2.470694e-04
2.478849e-04
2.472341e-04
2.471403e-04
2.468607e-04
2.464796e-04
2.475813e-04
2.452521e-04
2.457518e-04
2.450959e-04
2.450083e-04
2.446502e-04
2.445641e-04
2.443157e-04
2.441038e-04
2.437979e-04
2.452311e-04
2.428285e-04
2.434971e-04
2.426772e-04
2.430844e-04
2.425700e-04
2.425625e-04
2.422297e-04
2.427148e-04
2.418569e-04
2.422116e-04
2.418137e-04
2.418134e-04
2.487400e-04
2.427062e-04
2.429137e-04
2.424427e-04
2.420703e-04
2.417998e-04
2.418063e-04
2.410812e-04
2.414667e-04
2.407631e-04
2.413186e-04
2.404508e-04
2.409529e-04
2.401838e-04
2.406709e-04
2.398104e-04
2.404104e-04
2.395886e-04
2.406266e-04
2.404180e-04
2.396599e-04
2.396684e-04
2.394699e-04
2.396191e-04
2.388802e-04
2.394352e-04
2.388634e-04
2.394363e-04
2.386414e-04
2.392230e-04
2.377261e-04
2.389132e-04
2.387205e-04
2.392835e-04
2.379110e-04
2.392821e-04
2.379250e-04
2.393895e-04
2.375941e-04
2.392707e-04
2.374780e-04
2.391422e-04
2.373973e-04
2.398406e-04
2.376455e-04
2.393572e-04
2.370514e-04
2.386982e-04
2.371840e-04
2.384593e-04
2.372316e-04
2.386659e-04
2.377434e-04
2.387355e-04
2.373460e-04
2.383379e-04
2.369476e-04
2.383724e-04
2.365611e-04
2.379390e-04
2.368829e-04
2.379809e-04
2.369789e-04
2.371611e-04
2.381545e-04
2.362323e-04
2.377736e-04
2.369522e-04
2.370468e-04
2.375201e-04
2.369853e-04
2.369417e-04
2.373794e-04
2.368931e-04
2.368471e-04
2.372723e-04
2.374639e-04
2.359610e-04
2.372059e-04
2.362293e-04
2.375812e-04
2.378693e-04
2.365619e-04
2.368437e-04
2.373623e-04
2.371764e-04
2.366039e-04
2.360518e-04
2.360837e-04
2.360681e-04
2.370392e-04
2.365428e-04
2.366132e-04
2.362581e-04
2.357381e-04
2.358075e-04
2.358295e-04
2.367865e-04
2.363682e-04
2.363709e-04
2.361478e-04
2.362853e-04
2.352198e-04
2.361051e-04
2.353449e-04
2.361868e-04
2.351916e-04
2.364306e-04
2.353622e-04
2.365643e-04
2.363568e-04
2.365583e-04
2.353744e-04
2.365796e-04
2.358167e-04
2.364336e-04
2.353165e-04
2.364197e-04
2.366377e-04
2.364351e-04
2.352460e-04
2.357043e-04
2.363057e-04
2.357863e-04
2.363207e-04
2.347678e-04
2.357446e-04
2.360310e-04
2.359500e-04
2.361726e-04
2.348350e-04
2.363305e-04
2.358788e-04
2.362081e-04
2.347652e-04
2.360737e-04
2.358788e-04
2.347540e-04
2.358891e-04
2.359264e-04
2.342420e-04
2.363601e-04
2.352304e-04
2.359927e-04
2.349222e-04
2.362225e-04
2.356119e-04
2.348992e-04
2.359055e-04
2.355115e-04
2.339939e-04
2.356979e-04
2.361837e-04
2.356704e-04
2.349964e-04
2.348950e-04
2.352464e-04
2.354460e-04
2.344515e-04
2.359110e-04
2.345588e-04
2.362992e-04
2.354852e-04
2.358839e-04
2.347663e-04
2.351635e-04
2.351769e-04
2.353579e-04
2.352947e-04
2.351644e-04
2.354145e-04
2.354264e-04
2.355446e-04
2.355678e-04
2.352565e-04
2.349918e-04
2.357175e-04
2.355028e-04
2.357237e-04
2.354740e-04
2.354190e-04
2.355020e-04
2.357339e-04
2.352929e-04
2.356941e-04
2.356869e-04
2.363734e-04
2.346648e-04
2.357039e-04
2.349646e-04
2.341669e-04
2.358476e-04
2.346807e-04
2.354604e-04
2.357595e-04
2.354601e-04
2.350989e-04
2.346228e-04
2.358924e-04
2.347373e-04
2.355753e-04
2.346451e-04
2.347843e-04
2.352510e-04
2.353780e-04
2.352795e-04
2.354625e-04
2.347168e-04
2.354977e-04
2.349010e-04
2.342638e-04
2.351894e-04
2.355604e-04
2.342852e-04
2.358041e-04
2.352693e-04
2.342786e-04
2.351537e-04
2.349935e-04
2.346649e-04
2.356041e-04
2.354984e-04
2.346667e-04
2.355173e-04
2.346742e-04
2.346181e-04
2.349379e-04
2.353152e-04
2.346874e-04
2.352124e-04
2.345255e-04
2.354424e-04
2.352539e-04
2.350826e-04
2.344756e-04
2.346146e-04
2.350524e-04
2.353106e-04
2.345014e-04
2.353074e-04
2.349889e-04
2.351421e-04
2.343583e-04
2.349209e-04
2.347237e-04
2.346420e-04
2.348146e-04
2.342651e-04
2.343862e-04
2.348758e-04
2.346924e-04
2.349862e-04
2.338881e-04
2.347382e-04
2.346797e-04
2.348908e-04
2.339361e-04
2.346839e-04
2.348125e-04
2.343592e-04
2.345793e-04
2.345720e-04
2.338062e-04
2.347702e-04
2.345529e-04
2.342053e-04
2.347761e-04
2.348246e-04
2.345580e-04
2.346377e-04
2.345574e-04
2.340606e-04
2.346961e-04
2.336379e-04
2.352572e-04
2.348144e-04
2.346126e-04
2.350908e-04
2.355246e-04
2.345989e-04
2.347498e-04
2.339630e-04
2.346766e-04
2.341487e-04
2.347929e-04
2.346090e-04
2.345676e-04
2.347264e-04
2.340907e-04
2.341557e-04
2.344083e-04
2.351122e-04
2.345437e-04
2.351500e-04
2.345291e-04
2.344650e-04
2.348248e-04
2.352633e-04
2.347253e-04
2.350935e-04
2.344739e-04
2.353771e-04
2.343680e-04
2.352165e-04
2.346517e-04
2.351307e-04
2.344719e-04
2.351406e-04
2.346170e-04
2.345727e-04
2.352642e-04
2.349588e-04
2.347891e-04
2.348136e-04
2.346116e-04
2.349076e-04
2.345202e-04
2.346426e-04
2.342124e-04
2.344400e-04
2.340274e-04
2.346874e-04
2.345722e-04
2.344612e-04
2.345304e-04
2.339927e-04
2.346317e-04
2.347122e-04
2.344914e-04
2.346059e-04
2.342592e-04
2.347954e-04
2.346593e-04
2.342741e-04
2.349474e-04
2.344257e-04
2.345128e-04
2.344642e-04
2.344180e-04
2.344015e-04
2.344578e-04
2.345073e-04
2.344760e-04
2.337923e-04
2.347651e-04
2.343814e-04
2.345157e-04
2.345666e-04
2.345189e-04
2.344329e-04
2.344454e-04
2.341113e-04
2.346851e-04
2.345162e-04
2.339015e-04
2.345437e-04
2.345169e-04
2.345715e-04
2.342367e-04
2.347230e-04
2.345925e-04
2.346314e-04
2.345620e-04
2.344482e-04
2.344873e-04
2.341511e-04
2.340596e-04
2.348690e-04
2.345900e-04
2.343116e-04
2.347391e-04
2.346899e-04
2.346536e-04
2.342665e-04
2.347434e-04
2.345860e-04
2.345765e-04
2.342693e-04
2.346695e-04
2.346208e-04
2.339829e-04
2.348602e-04
2.345532e-04
2.346070e-04
2.346221e-04
2.346548e-04
2.341644e-04
2.347314e-04
2.346316e-04
2.346339e-04
2.346012e-04
2.342069e-04
2.347360e-04
2.345372e-04
2.345434e-04
2.345647e-04
2.335894e-04
2.350191e-04
2.346417e-04
2.346769e-04
2.346383e-04
2.346122e-04
2.344127e-04
2.345002e-04
2.345536e-04
2.345161e-04
2.345153e-04
2.341333e-04
2.346322e-04
2.345521e-04
2.345358e-04
2.345318e-04
2.345167e-04
2.341363e-04
2.346741e-04
2.339110e-04
2.347428e-04
2.346562e-04
2.346493e-04
2.345964e-04
2.345698e-04
2.344112e-04
2.344541e-04
2.344729e-04
2.344832e-04
2.344374e-04
2.341255e-04
2.346154e-04
2.344839e-04
2.345073e-04
2.344837e-04
2.344485e-04
2.344479e-04
2.340909e-04
2.345600e-04
2.345255e-04
2.345373e-04
2.344796e-04
2.344805e-04
2.342901e-04
2.343851e-04
2.340579e-04
2.346501e-04
2.344968e-04
2.344974e-04
2.344690e-04
2.344645e-04
2.344440e-04
2.344355e-04
2.344158e-04
2.344000e-04
2.342548e-04
2.343662e-04
2.343385e-04
2.343850e-04
2.343852e-04
2.343685e-04
2.343512e-04
2.343611e-04
2.345266e-04
2.343095e-04
2.341536e-04
2.343916e-04
2.343420e-04
2.343702e-04
2.343777e-04
2.343619e-04
2.343488e-04
2.343620e-04
2.340056e-04
2.339643e-04
2.347105e-04
2.346317e-04
2.345973e-04
2.345918e-04
2.345598e-04
2.345114e-04
2.344699e-04
2.344580e-04
2.344369e-04
2.341185e-04
2.345436e-04
2.345057e-04
2.344722e-04
2.344846e-04
2.344111e-04
2.344495e-04
2.344170e-04
2.344181e-04
2.344059e-04
2.344292e-04
2.343744e-04
2.343851e-04
2.340083e-04
2.343103e-04
2.344489e-04
2.344057e-04
2.344006e-04
2.344019e-04
2.343912e-04
2.344145e-04
2.343615e-04
2.343721e-04
2.343478e-04
2.343724e-04
2.343708e-04
2.343536e-04
2.343389e-04
2.344141e-04
2.345281e-04
2.348931e-04
2.346188e-04
2.345212e-04
2.344484e-04
2.343729e-04
2.343418e-04
2.343275e-04
2.341692e-04
2.342812e-04
2.343096e-04
2.343380e-04
2.343643e-04
2.343395e-04
2.343354e-04
2.343611e-04
2.339883e-04
2.344479e-04
2.344597e-04
2.344282e-04
2.344149e-04
2.344299e-04
2.343833e-04
2.343816e-04
2.343901e-04
2.343588e-04
2.343515e-04
2.343756e-04
2.343378e-04
2.343447e-04
2.343611e-04
2.343362e-04
2.343343e-04
2.343624e-04
2.343282e-04
2.343376e-04
2.343557e-04
2.344330e-04
2.341637e-04
2.342820e-04
2.342843e-04
2.342820e-04
2.343178e-04
2.342942e-04
2.343091e-04
2.343297e-04
2.343088e-04
2.343095e-04
2.343388e-04
2.343212e-04
2.343063e-04
2.343313e-04
2.343028e-04
2.343167e-04
2.343356e-04
2.343151e-04
2.343296e-04
2.343331e-04
2.343080e-04
2.343110e-04
2.343429e-04
2.343112e-04
2.343220e-04
2.340228e-04
2.344563e-04
2.344171e-04
2.344325e-04
2.344003e-04
2.344020e-04
2.343925e-04
2.343559e-04
2.343370e-04
2.343600e-04
2.343449e-04
2.343278e-04
2.343489e-04
2.343177e-04
2.343270e-04
2.343563e-04
2.343089e-04
2.343130e-04
2.343320e-04
2.343127e-04
2.343260e-04
2.343282e-04
2.343036e-04
2.343060e-04
2.343352e-04
2.343190e-04
2.343045e-04
2.343276e-04
2.343003e-04
2.343122e-04
2.343433e-04
2.342993e-04
2.343051e-04
2.343058e-04
2.343098e-04
2.343359e-04
2.343144e-04
2.343881e-04
2.341585e-04
2.337035e-04
2.345182e-04
2.344454e-04
2.344420e-04
2.344226e-04
2.344396e-04
2.344173e-04
2.343731e-04
2.343714e-04
2.343531e-04
2.343439e-04
2.343582e-04
2.343302e-04
2.343207e-04
2.343287e-04
2.343291e-04
2.343299e-04
2.343237e-04
2.343197e-04
2.343109e-04
2.343302e-04
2.343343e-04
2.343101e-04
2.343235e-04
2.343315e-04
2.343067e-04
2.343215e-04
2.343156e-04
2.343165e-04
2.343379e-04
2.343161e-04
2.343106e-04
2.343354e-04
2.343129e-04
2.343083e-04
2.343336e-04
2.343112e-04
2.343068e-04
2.343322e-04
2.343100e-04
2.343319e-04
2.343135e-04
2.342983e-04
2.343013e-04
2.343099e-04
2.343072e-04
2.343058e-04
2.343133e-04
2.343088e-04
2.343070e-04
2.343399e-04
2.342918e-04
2.342967e-04
2.343107e-04
2.342893e-04
2.343064e-04
2.343159e-04
2.343193e-04
2.343163e-04
2.341701e-04
2.342284e-04
2.342570e-04
2.342987e-04
2.342836e-04
2.343096e-04
2.342927e-04
2.342782e-04
2.342808e-04
2.342886e-04
2.342861e-04
2.342851e-04
2.343181e-04
2.342721e-04
2.342780e-04
2.342926e-04
2.342731e-04
2.342908e-04
2.343012e-04
2.343055e-04
2.342792e-04
2.342954e-04
2.342812e-04
2.342802e-04
2.343077e-04
2.342890e-04
2.343114e-04
2.342951e-04
2.342823e-04
2.342862e-04
2.342950e-04
2.342935e-04
2.342930e-04
2.342712e-04
2.342965e-04
2.342974e-04
2.343129e-04
2.343186e-04
2.342901e-04
2.343044e-04
2.342888e-04
2.342862e-04
2.343114e-04
2.342919e-04
2.343125e-04
2.342958e-04
2.342827e-04
2.342858e-04
2.343192e-04
2.342751e-04
2.342809e-04
2.342946e-04
2.343013e-04
2.342751e-04
2.342910e-04
2.342777e-04
2.343023e-04
2.342859e-04
2.342748e-04
2.342791e-04
2.343026e-04
2.342734e-04
2.342859e-04
2.342860e-04
2.343054e-04
2.342846e-04
2.342860e-04
2.342850e-04
2.343137e-04
2.342831e-04
2.342840e-04
2.342925e-04
2.343114e-04
2.342806e-04
2.342909e-04
2.342899e-04
2.343083e-04
2.342871e-04
2.342880e-04
2.342867e-04
2.343144e-04
2.342840e-04
2.342846e-04
2.342927e-04
2.343110e-04
2.342806e-04
2.342905e-04
2.342894e-04
2.343073e-04
2.342864e-04
2.342872e-04
2.342857e-04
2.343129e-04
2.342830e-04
2.342835e-04
2.342914e-04
2.343094e-04
2.342794e-04
2.342891e-04
2.342880e-04
2.343056e-04
2.342850e-04
2.342857e-04
2.342844e-04
2.343110e-04
2.342814e-04
2.342958e-04
2.342788e-04
2.343006e-04
2.342747e-04
2.342767e-04
2.342861e-04
2.343042e-04
2.342753e-04
2.342852e-04
2.342841e-04
2.343153e-04
2.342709e-04
2.342759e-04
2.342782e-04
2.342780e-04
