2.342326e-04
2.342326e-04
2.342326e-04
2.342326e-04
2.342326e-04
2.342326e-04
2.342326e-04
2.342326e-04
2.342326e-04
2.342326e-04
2.342326e-04
2.342326e-04
2.342326e-04
2.342326e-04
1.022028e-03
6.539997e-04
2.936205e-04
1.988981e-04
1.901868e-04
-1.387002e-04
-1.829884e-03
-4.320517e-03
-6.985977e-03
-1.000642e-02
-6.440195e-03
3.087301e-02
1.323044e-01
3.354334e-01
5.956640e-01
8.396096e-01
9.845142e-01
1.026787e+00
1.038308e+00
1.041668e+00
1.040465e+00
1.033941e+00
1.016645e+00
9.719317e-01
8.650905e-01
6.945725e-01
4.640286e-01
2.249762e-01
9.958597e-02
3.519982e-02
6.179674e-02
3.754893e-01
8.725120e-01
1.026720e+00
1.044638e+00
1.047584e+00
1.048773e+00
1.049162e+00
1.049318e+00
1.049466e+00
1.049554e+00
1.049632e+00
1.049678e+00
1.049719e+00
1.049741e+00
1.049762e+00
1.049775e+00
1.049788e+00
1.049797e+00
1.049811e+00
1.049816e+00
1.049829e+00
1.049836e+00
1.049849e+00
1.049887e+00
1.050054e+00
1.050628e+00
1.051852e+00
1.053422e+00
1.055874e+00
1.060252e+00
1.066919e+00
1.025622e+00
8.309697e-01
5.113052e-01
2.355636e-01
1.036792e-01
4.619143e-02
1.962486e-02
8.495789e-03
3.896604e-03
1.868331e-03
9.776412e-04
5.968806e-04
4.534603e-04
3.553968e-04
3.131092e-04
2.836740e-04
2.691719e-04
2.613495e-04
2.554779e-04
2.521757e-04
2.493480e-04
2.478345e-04
2.454853e-04
2.449748e-04
2.436171e-04
2.432365e-04
2.423589e-04
2.396022e-04
2.381147e-04
2.399924e-04
2.394336e-04
2.396885e-04
2.395132e-04
2.396899e-04
2.390975e-04
2.389168e-04
2.386026e-04
2.383973e-04
2.388567e-04
2.371844e-04
2.378363e-04
2.374108e-04
2.374551e-04
2.372673e-04
2.371494e-04
2.370376e-04
2.369289e-04
2.368151e-04
2.375643e-04
2.359498e-04
2.366186e-04
2.362389e-04
2.363309e-04
2.361977e-04
2.361621e-04
2.360781e-04
2.361549e-04
2.358494e-04
2.359257e-04
2.358160e-04
2.357411e-04
2.355681e-04
2.357725e-04
2.354003e-04
2.355928e-04
2.354309e-04
2.358134e-04
2.362040e-04
2.347508e-04
2.354301e-04
2.351138e-04
2.368665e-04
2.339897e-04
2.356355e-04
2.347223e-04
2.350177e-04
2.352681e-04
2.349919e-04
2.348841e-04
2.352020e-04
2.352396e-04
2.348205e-04
2.348397e-04
2.346705e-04
2.354157e-04
2.343759e-04
2.354447e-04
2.345240e-04
2.347259e-04
2.349162e-04
2.346392e-04
2.348170e-04
2.347932e-04
2.350328e-04
2.341759e-04
2.350069e-04
2.348457e-04
2.342230e-04
2.349347e-04
2.347869e-04
2.342187e-04
2.350369e-04
2.340553e-04
2.349646e-04
2.341045e-04
2.350275e-04
2.341457e-04
2.346878e-04
2.344522e-04
2.346527e-04
2.344887e-04
2.349176e-04
2.346158e-04
2.340127e-04
2.347156e-04
2.343413e-04
2.341664e-04
2.345010e-04
2.344538e-04
2.343105e-04
2.344861e-04
2.346225e-04
2.346920e-04
2.342503e-04
2.341957e-04
2.347686e-04
2.344317e-04
2.344868e-04
2.342247e-04
2.345932e-04
2.345208e-04
2.341901e-04
2.345685e-04
2.339144e-04
2.346575e-04
2.342352e-04
2.345446e-04
2.342293e-04
2.345338e-04
2.342309e-04
2.347261e-04
2.343389e-04
2.342033e-04
2.344769e-04
2.343875e-04
2.345616e-04
2.343162e-04
2.343542e-04
2.345001e-04
2.342997e-04
2.345674e-04
2.341349e-04
2.344471e-04
2.343428e-04
2.343590e-04
2.343571e-04
2.344492e-04
2.343268e-04
2.343432e-04
2.343859e-04
2.341475e-04
2.343032e-04
2.343833e-04
2.343716e-04
2.343514e-04
2.343350e-04
2.343736e-04
2.344222e-04
2.343097e-04
2.343360e-04
2.343138e-04
2.343903e-04
2.342909e-04
2.343390e-04
2.343855e-04
2.342938e-04
2.342935e-04
2.343347e-04
2.343019e-04
2.343376e-04
2.343132e-04
2.343226e-04
2.343101e-04
2.343346e-04
2.342951e-04
2.344621e-04
2.339800e-04
2.343653e-04
2.342605e-04
2.343081e-04
2.342523e-04
2.343304e-04
2.342979e-04
2.343095e-04
2.342982e-04
2.343215e-04
2.342182e-04
2.343514e-04
2.343023e-04
2.343111e-04
2.342971e-04
2.343124e-04
2.342967e-04
2.343034e-04
2.342986e-04
2.343008e-04
2.344239e-04
2.342680e-04
2.342786e-04
2.342918e-04
2.342886e-04
2.342934e-04
2.342906e-04
2.342947e-04
2.342912e-04
2.342947e-04
2.342909e-04
2.342941e-04
2.342975e-04
2.342810e-04
2.342981e-04
2.342818e-04
2.342886e-04
2.342750e-04
