2.342326e-04
2.342326e-04
2.342326e-04
2.342326e-04
2.342326e-04
2.342326e-04
2.342326e-04
2.342326e-04
2.342326e-04
2.342326e-04
2.342326e-04
2.342326e-04
2.342326e-04
2.342326e-04
2.342326e-04
2.342326e-04
2.342326e-04
2.342326e-04
2.342326e-04
2.342326e-04
2.342326e-04
2.342326e-04
2.342326e-04
2.342326e-04
2.342326e-04
2.342326e-04
2.342326e-04
2.342326e-04
2.342326e-04
2.342326e-04
2.342326e-04
2.342326e-04
2.342326e-04
2.342326e-04
2.342326e-04
2.342326e-04
2.342326e-04
2.342326e-04
2.342326e-04
2.342326e-04
2.342326e-04
2.342326e-04
2.342326e-04
2.342326e-04
2.342326e-04
2.342326e-04
2.342326e-04
2.342326e-04
2.342326e-04
2.342326e-04
2.342326e-04
2.342326e-04
2.342326e-04
2.342326e-04
2.342326e-04
2.342326e-04
2.342326e-04
2.342326e-04
2.342326e-04
2.342326e-04
2.342326e-04
2.342326e-04
2.342326e-04
2.342326e-04
2.342326e-04
2.342326e-04
2.342326e-04
2.342326e-04
2.342326e-04
2.342326e-04
2.342326e-04
2.342326e-04
2.342326e-04
2.342326e-04
2.342326e-04
2.342326e-04
2.342326e-04
2.342326e-04
2.342326e-04
2.342326e-04
2.342326e-04
2.342326e-04
2.342326e-04
2.342326e-04
2.342326e-04
2.342326e-04
2.342326e-04
2.342326e-04
2.342326e-04
2.342326e-04
2.342326e-04
2.342326e-04
2.342326e-04
2.342326e-04
2.342326e-04
2.342326e-04
2.342326e-04
2.342326e-04
2.342326e-04
2.342326e-04
2.342326e-04
2.342326e-04
2.342326e-04
2.342326e-04
2.342326e-04
2.342326e-04
2.342326e-04
2.342326e-04
2.342326e-04
2.342326e-04
2.342326e-04
2.342326e-04
2.342326e-04
2.342326e-04
2.342326e-04
2.342326e-04
2.342326e-04
2.342326e-04
2.342326e-04
2.342326e-04
2.342326e-04
2.342326e-04
2.342326e-04
2.342326e-04
2.342326e-04
2.342326e-04
2.342326e-04
2.342326e-04
2.342326e-04
2.342326e-04
2.342326e-04
2.342326e-04
2.342326e-04
2.342326e-04
2.342326e-04
2.342326e-04
2.342326e-04
2.342326e-04
2.342326e-04
2.342326e-04
2.342326e-04
2.342326e-04
2.342326e-04
2.342326e-04
2.342326e-04
2.342326e-04
2.342326e-04
2.342326e-04
2.342326e-04
2.342326e-04
2.342326e-04
2.342326e-04
2.342326e-04
2.342326e-04
2.342326e-04
2.342326e-04
2.342326e-04
2.342326e-04
2.342326e-04
2.342326e-04
2.342326e-04
2.342326e-04
2.342326e-04
2.342326e-04
2.342326e-04
2.342326e-04
2.342326e-04
2.342326e-04
2.342326e-04
2.342326e-04
2.342326e-04
2.342326e-04
2.342326e-04
2.342326e-04
2.342326e-04
2.342326e-04
2.342326e-04
2.342326e-04
2.342326e-04
2.342326e-04
2.342326e-04
2.342326e-04
2.342326e-04
2.342326e-04
2.342326e-04
2.342326e-04
2.342326e-04
2.342326e-04
2.342326e-04
2.342326e-04
2.342326e-04
2.342326e-04
2.342326e-04
2.342326e-04
2.342326e-04
2.342326e-04
2.342326e-04
2.342326e-04
2.342326e-04
2.342326e-04
2.342326e-04
2.342326e-04
2.342326e-04
2.342326e-04
2.342326e-04
2.342326e-04
2.342326e-04
2.342326e-04
2.342326e-04
2.342326e-04
2.342326e-04
2.342326e-04
2.342326e-04
2.342326e-04
2.342326e-04
2.342326e-04
2.342326e-04
2.342326e-04
2.342326e-04
2.342326e-04
2.342326e-04
2.342326e-04
2.342326e-04
2.342326e-04
2.342326e-04
2.342326e-04
2.342326e-04
2.342326e-04
2.342326e-04
2.342326e-04
2.342326e-04
2.342326e-04
2.342326e-04
2.342326e-04
2.342326e-04
2.342326e-04
2.342326e-04
2.342326e-04
2.342326e-04
2.342326e-04
2.342326e-04
2.342326e-04
2.342326e-04
2.342326e-04
2.342326e-04
2.342326e-04
2.342326e-04
2.342326e-04
2.342326e-04
2.342326e-04
2.342326e-04
2.342326e-04
2.342326e-04
2.342326e-04
2.342326e-04
2.342326e-04
2.342326e-04
2.342326e-04
2.342326e-04
2.342326e-04
2.342326e-04
2.342326e-04
2.342326e-04
2.342326e-04
2.342326e-04
2.342326e-04
2.342326e-04
2.342326e-04
2.342326e-04
2.342326e-04
2.342326e-04
2.342326e-04
2.342326e-04
2.342326e-04
2.342326e-04
2.342326e-04
2.342326e-04
2.342326e-04
2.342326e-04
2.342326e-04
2.342326e-04
2.342326e-04
2.342326e-04
2.342326e-04
2.342326e-04
2.342326e-04
2.342326e-04
2.342326e-04
2.342326e-04
2.342326e-04
2.342326e-04
2.342326e-04
2.342326e-04
2.342326e-04
2.342326e-04
2.342326e-04
2.342326e-04
2.342326e-04
2.342326e-04
2.342326e-04
2.342326e-04
2.342326e-04
2.342326e-04
2.342326e-04
2.342326e-04
2.342326e-04
2.342326e-04
2.342326e-04
2.342326e-04
2.342326e-04
2.342326e-04
2.342326e-04
2.342326e-04
2.342326e-04
2.342326e-04
2.342326e-04
2.342326e-04
2.342326e-04
2.342326e-04
2.342326e-04
2.342326e-04
2.342326e-04
2.342326e-04
2.342326e-04
2.342326e-04
2.342326e-04
2.342326e-04
2.342326e-04
2.342326e-04
2.342326e-04
2.342326e-04
2.342326e-04
2.342326e-04
2.342326e-04
2.342326e-04
2.342326e-04
2.342326e-04
2.342326e-04
2.342326e-04
2.342326e-04
2.342326e-04
2.342326e-04
2.342326e-04
2.342326e-04
2.342326e-04
2.342326e-04
2.342326e-04
2.342326e-04
2.342326e-04
2.342326e-04
2.342326e-04
2.342326e-04
2.342326e-04
2.342326e-04
2.342326e-04
2.342326e-04
2.342326e-04
2.342326e-04
2.342326e-04
2.342326e-04
2.342326e-04
2.342326e-04
2.342326e-04
2.342326e-04
2.342326e-04
2.342326e-04
2.342326e-04
2.342326e-04
2.342326e-04
2.342326e-04
2.342326e-04
2.342326e-04
2.342326e-04
2.342326e-04
2.342326e-04
2.342326e-04
2.342326e-04
2.342326e-04
2.342326e-04
2.342326e-04
2.342326e-04
2.342326e-04
2.342326e-04
2.342326e-04
2.342326e-04
2.342326e-04
2.342326e-04
2.342326e-04
2.342326e-04
2.342326e-04
2.342326e-04
2.342326e-04
2.342326e-04
2.342326e-04
2.342326e-04
2.342326e-04
2.342326e-04
2.342326e-04
2.342326e-04
2.342326e-04
2.342326e-04
2.342326e-04
2.342326e-04
2.342326e-04
2.342326e-04
2.342326e-04
2.342326e-04
2.342326e-04
2.342326e-04
2.342326e-04
2.342326e-04
2.342326e-04
2.342326e-04
2.342326e-04
2.342326e-04
2.342326e-04
2.342326e-04
2.342326e-04
2.342326e-04
2.342326e-04
2.342326e-04
2.342326e-04
2.342326e-04
2.342326e-04
2.342326e-04
2.342326e-04
2.342326e-04
2.342326e-04
2.342326e-04
2.342326e-04
2.342326e-04
2.342326e-04
2.342326e-04
2.342326e-04
2.342326e-04
2.342326e-04
2.342326e-04
2.342326e-04
2.342326e-04
2.342326e-04
2.342326e-04
2.342326e-04
2.342326e-04
2.342326e-04
2.342326e-04
2.342326e-04
2.342326e-04
2.342326e-04
2.342326e-04
2.342326e-04
2.342326e-04
2.342326e-04
2.342326e-04
2.342326e-04
2.342326e-04
2.342326e-04
2.342326e-04
2.342326e-04
2.342326e-04
2.342326e-04
2.342326e-04
2.342326e-04
2.342326e-04
2.342326e-04
2.342326e-04
2.342326e-04
2.342326e-04
2.342326e-04
2.342326e-04
2.342326e-04
2.342326e-04
2.342326e-04
2.342326e-04
2.342326e-04
2.342326e-04
2.342326e-04
2.342326e-04
2.342326e-04
2.342326e-04
2.342326e-04
2.342326e-04
2.342326e-04
2.342326e-04
2.342326e-04
2.342326e-04
2.342326e-04
2.342326e-04
2.342326e-04
2.342326e-04
2.342326e-04
2.342326e-04
2.342326e-04
2.342326e-04
2.342326e-04
2.342326e-04
2.342326e-04
2.342326e-04
2.342326e-04
2.342326e-04
2.342326e-04
2.342326e-04
2.342326e-04
2.342326e-04
2.342326e-04
2.342326e-04
2.342326e-04
2.342326e-04
2.342326e-04
2.342326e-04
2.342326e-04
2.342326e-04
2.342326e-04
2.342326e-04
2.342326e-04
2.342326e-04
2.342326e-04
2.342326e-04
2.342326e-04
2.342326e-04
2.342326e-04
2.342326e-04
2.342326e-04
2.342326e-04
2.342326e-04
2.342326e-04
2.342326e-04
2.342326e-04
2.342326e-04
2.342326e-04
2.342326e-04
2.342326e-04
2.342326e-04
2.342326e-04
2.342326e-04
2.342326e-04
2.342326e-04
2.342326e-04
2.342326e-04
2.342326e-04
2.342326e-04
2.342326e-04
2.342326e-04
2.342326e-04
2.342326e-04
2.342326e-04
2.342326e-04
2.342326e-04
2.342326e-04
2.342326e-04
2.342326e-04
8.121774e-04
2.487055e-03
3.277315e-03
3.634871e-03
4.122472e-03
5.237375e-03
4.637253e-03
-3.461139e-03
-1.739999e-02
-3.251763e-02
-3.774699e-02
-1.072078e-02
5.673891e-02
1.710167e-01
3.244308e-01
4.956404e-01
6.671187e-01
8.162603e-01
9.189859e-01
9.779872e-01
1.009309e+00
1.026158e+00
1.035506e+00
1.040861e+00
1.044016e+00
1.045928e+00
1.047175e+00
1.048003e+00
1.048572e+00
1.048989e+00
1.049220e+00
1.049459e+00
1.049563e+00
1.049657e+00
1.049746e+00
1.049824e+00
1.049847e+00
1.049875e+00
1.049926e+00
1.049919e+00
1.049929e+00
1.049937e+00
1.049944e+00
1.049948e+00
1.049951e+00
1.049952e+00
1.049956e+00
1.049958e+00
1.049961e+00
1.049964e+00
1.050646e+00
1.050871e+00
1.050820e+00
1.050787e+00
1.050937e+00
1.051126e+00
1.049183e+00
1.045331e+00
1.040930e+00
1.037207e+00
1.034656e+00
1.033214e+00
1.032579e+00
1.033321e+00
1.035732e+00
1.038722e+00
1.041353e+00
1.043493e+00
1.045125e+00
1.046337e+00
1.047229e+00
1.047891e+00
1.048380e+00
1.048728e+00
1.049000e+00
1.049200e+00
1.049345e+00
1.049457e+00
1.049544e+00
1.049597e+00
1.049666e+00
1.049731e+00
1.049882e+00
1.050169e+00
1.050613e+00
1.051252e+00
1.052019e+00
1.052781e+00
1.053500e+00
1.054199e+00
1.054938e+00
1.055586e+00
1.055922e+00
1.055965e+00
1.055889e+00
1.055778e+00
1.054978e+00
1.053540e+00
1.052365e+00
1.050914e+00
1.049482e+00
1.048268e+00
1.047415e+00
1.046954e+00
1.046850e+00
1.046935e+00
1.047161e+00
1.047397e+00
1.047665e+00
1.047928e+00
1.048120e+00
1.048313e+00
1.048465e+00
1.048589e+00
1.048726e+00
1.048815e+00
1.048897e+00
1.048986e+00
1.049031e+00
1.049090e+00
1.049136e+00
1.049193e+00
1.049221e+00
1.049255e+00
1.049297e+00
1.049321e+00
1.049344e+00
1.049373e+00
1.049400e+00
1.049435e+00
1.049483e+00
1.049591e+00
1.049832e+00
1.050377e+00
1.051212e+00
1.052335e+00
1.053710e+00
1.055190e+00
1.056801e+00
1.058746e+00
1.061186e+00
1.064185e+00
1.067620e+00
1.071693e+00
1.076718e+00
1.082551e+00
1.083229e+00
1.067593e+00
1.032632e+00
9.799393e-01
9.119254e-01
8.321624e-01
7.446981e-01
6.529636e-01
5.596631e-01
4.677561e-01
3.828475e-01
3.103878e-01
2.508135e-01
2.023887e-01
1.631755e-01
1.314404e-01
1.057913e-01
8.508606e-02
6.838492e-02
5.496894e-02
4.417699e-02
3.549675e-02
2.854650e-02
2.295372e-02
1.846135e-02
1.495640e-02
1.210478e-02
9.793429e-03
7.933022e-03
6.443450e-03
5.240514e-03
4.264281e-03
3.487345e-03
2.865373e-03
2.360540e-03
2.026946e-03
1.636550e-03
1.319598e-03
1.172236e-03
9.895510e-04
8.668008e-04
7.268883e-04
6.578565e-04
5.594103e-04
5.055757e-04
4.658333e-04
4.337011e-04
3.773108e-04
3.605639e-04
3.451073e-04
3.319721e-04
3.203843e-04
2.963619e-04
2.912895e-04
2.842621e-04
2.814023e-04
2.759377e-04
2.727231e-04
2.645777e-04
2.619856e-04
2.600881e-04
2.582688e-04
2.564946e-04
2.544211e-04
2.540822e-04
2.490227e-04
2.507975e-04
2.497626e-04
2.486002e-04
2.476572e-04
2.473447e-04
2.462818e-04
2.459038e-04
2.445451e-04
2.450766e-04
2.440523e-04
2.443185e-04
2.440545e-04
2.435620e-04
2.420935e-04
2.431035e-04
2.425833e-04
2.426057e-04
2.417120e-04
2.430120e-04
2.418875e-04
2.419660e-04
2.420228e-04
2.311430e-04
2.388678e-04
2.389970e-04
2.394300e-04
2.394908e-04
2.396704e-04
2.390354e-04
2.378712e-04
2.387837e-04
2.397239e-04
2.395752e-04
2.399345e-04
2.382067e-04
2.381728e-04
2.396307e-04
2.402555e-04
2.383947e-04
2.389008e-04
2.390958e-04
2.376428e-04
2.382668e-04
2.378556e-04
2.378744e-04
2.379611e-04
2.379861e-04
2.384678e-04
2.379236e-04
2.380753e-04
2.378160e-04
2.377103e-04
2.365675e-04
2.369442e-04
2.366709e-04
2.370570e-04
2.371560e-04
2.373053e-04
2.363875e-04
2.368608e-04
2.366399e-04
2.363556e-04
2.370599e-04
2.374257e-04
2.372228e-04
2.363288e-04
2.364964e-04
2.368846e-04
2.366887e-04
2.361728e-04
2.359961e-04
2.359860e-04
2.361361e-04
2.365203e-04
2.364536e-04
2.362935e-04
2.367927e-04
2.365893e-04
2.363357e-04
2.381660e-04
2.366343e-04
2.361523e-04
2.360451e-04
2.361609e-04
2.359788e-04
2.361642e-04
2.356477e-04
2.359528e-04
2.359723e-04
2.356340e-04
2.358919e-04
2.357593e-04
2.357080e-04
2.355485e-04
2.349522e-04
2.357125e-04
2.353332e-04
2.356210e-04
2.356612e-04
2.355143e-04
2.352683e-04
2.348224e-04
2.355782e-04
2.354779e-04
2.355712e-04
2.353582e-04
2.353722e-04
2.354538e-04
2.353782e-04
2.353659e-04
2.355257e-04
2.353239e-04
2.356131e-04
2.351193e-04
2.353210e-04
2.352980e-04
2.352113e-04
2.351993e-04
2.351330e-04
2.348097e-04
2.352451e-04
2.351854e-04
2.351747e-04
2.353442e-04
2.352152e-04
2.351977e-04
2.345152e-04
2.354582e-04
2.353391e-04
2.352809e-04
2.352264e-04
2.351771e-04
2.348428e-04
2.349357e-04
2.349527e-04
2.349855e-04
2.349453e-04
2.348796e-04
