2.342326e-04
2.342326e-04
2.342326e-04
2.342326e-04
2.342326e-04
2.342326e-04
2.342326e-04
2.342326e-04
2.342326e-04
2.342326e-04
2.342326e-04
2.342326e-04
2.342326e-04
2.342326e-04
2.342326e-04
2.342326e-04
2.342326e-04
2.342326e-04
2.342326e-04
2.342326e-04
2.342326e-04
2.342326e-04
2.342326e-04
2.342326e-04
2.342326e-04
2.342326e-04
2.342326e-04
2.342326e-04
2.342326e-04
2.342326e-04
2.342326e-04
2.342326e-04
2.342326e-04
2.342326e-04
2.342326e-04
2.342326e-04
2.342326e-04
2.342326e-04
2.342326e-04
2.342326e-04
2.342326e-04
2.342326e-04
2.342326e-04
2.342326e-04
2.342326e-04
2.342326e-04
2.342326e-04
2.342326e-04
2.342326e-04
2.342326e-04
2.342326e-04
2.342326e-04
2.342326e-04
2.342326e-04
2.342326e-04
2.342326e-04
2.342326e-04
2.342326e-04
2.342326e-04
2.342326e-04
2.342326e-04
2.342326e-04
2.342326e-04
2.342326e-04
2.342326e-04
2.342326e-04
2.342326e-04
2.342326e-04
2.342326e-04
2.342326e-04
2.342326e-04
2.342326e-04
2.342326e-04
2.342326e-04
2.342326e-04
2.342326e-04
2.342326e-04
2.342326e-04
2.342326e-04
2.342326e-04
2.342326e-04
2.342326e-04
2.342326e-04
2.342326e-04
2.342326e-04
2.342326e-04
2.342326e-04
2.342326e-04
2.342326e-04
2.342326e-04
2.342326e-04
2.342326e-04
2.342326e-04
2.342326e-04
2.342326e-04
2.342326e-04
2.342326e-04
2.342326e-04
2.342326e-04
2.342326e-04
2.342326e-04
4.242934e-04
6.193345e-04
6.839302e-04
7.812155e-04
8.259311e-04
8.351261e-04
8.255220e-04
8.030287e-04
7.745734e-04
7.390384e-04
6.702471e-04
6.362816e-04
5.908358e-04
5.525522e-04
4.762879e-04
4.622888e-04
4.316951e-04
4.036254e-04
3.471197e-04
3.292522e-04
3.032402e-04
2.934781e-04
2.535036e-04
2.464558e-04
2.396415e-04
2.278567e-04
2.216529e-04
2.127432e-04
2.076292e-04
1.996045e-04
2.007333e-04
1.961740e-04
1.951907e-04
1.941945e-04
1.937090e-04
1.940497e-04
1.899532e-04
1.929157e-04
1.900062e-04
1.898218e-04
1.872778e-04
1.758367e-04
1.694409e-04
1.404416e-04
1.168765e-04
2.757220e-05
-2.996952e-06
-1.105959e-04
-2.774233e-04
-4.482640e-04
-7.345103e-04
-1.000638e-03
-1.238172e-03
-1.565818e-03
-1.809520e-03
-2.097811e-03
-2.306660e-03
-2.592088e-03
-2.923194e-03
-3.180868e-03
-3.487250e-03
-3.789807e-03
-4.064099e-03
-4.393640e-03
-4.697776e-03
-5.014294e-03
-5.365756e-03
-5.707298e-03
-6.071237e-03
-6.458261e-03
-6.839383e-03
-7.229940e-03
-7.648723e-03
-8.068510e-03
-8.492732e-03
-8.924004e-03
-9.333375e-03
-9.732436e-03
-1.008937e-02
-1.038906e-02
-1.057899e-02
-1.069467e-02
-1.066761e-02
-1.045000e-02
-9.942239e-03
-9.151772e-03
-8.023827e-03
-6.477000e-03
-4.420696e-03
-1.711238e-03
1.717180e-03
5.926795e-03
1.095691e-02
1.685093e-02
2.369244e-02
3.149773e-02
4.030500e-02
5.014892e-02
6.108008e-02
7.315636e-02
8.644105e-02
1.011473e-01
1.174764e-01
1.356700e-01
1.559189e-01
1.782546e-01
2.025446e-01
2.285786e-01
2.561527e-01
2.850622e-01
3.151275e-01
3.461723e-01
3.780195e-01
4.104135e-01
4.432440e-01
4.763534e-01
5.096664e-01
5.429161e-01
5.760488e-01
6.090543e-01
6.417586e-01
6.741295e-01
7.061525e-01
7.376513e-01
7.684376e-01
7.983410e-01
8.271389e-01
8.544350e-01
8.798363e-01
9.030172e-01
9.237772e-01
9.420553e-01
9.579132e-01
9.715016e-01
9.830264e-01
9.927201e-01
1.000835e+00
1.007605e+00
1.013243e+00
1.017950e+00
1.021858e+00
1.025153e+00
1.027926e+00
1.030274e+00
1.032271e+00
1.033956e+00
1.035395e+00
1.036598e+00
1.037645e+00
1.038564e+00
1.039356e+00
1.040049e+00
1.040642e+00
1.041157e+00
1.041599e+00
1.041971e+00
1.042280e+00
1.042530e+00
1.042699e+00
1.042873e+00
1.042933e+00
1.043002e+00
1.042982e+00
1.042925e+00
1.042837e+00
1.042688e+00
1.042368e+00
1.042051e+00
1.041658e+00
1.041173e+00
1.040625e+00
1.039976e+00
1.039235e+00
1.038388e+00
1.037423e+00
1.036331e+00
1.035098e+00
1.033709e+00
1.032147e+00
1.030393e+00
1.028425e+00
1.026223e+00
1.023752e+00
1.020975e+00
1.017914e+00
1.014497e+00
1.010629e+00
1.006277e+00
9.958400e-01
9.897565e-01
9.829654e-01
9.752406e-01
9.664770e-01
9.565874e-01
9.455108e-01
9.332335e-01
9.197508e-01
9.051008e-01
8.893183e-01
8.724427e-01
8.545178e-01
8.355815e-01
8.156613e-01
7.947864e-01
7.729733e-01
7.502397e-01
7.265877e-01
7.020229e-01
6.765435e-01
6.501548e-01
6.228620e-01
5.946825e-01
5.656490e-01
5.357958e-01
5.051838e-01
4.738981e-01
4.418173e-01
4.094127e-01
3.764733e-01
3.438923e-01
3.119339e-01
2.817238e-01
2.538185e-01
2.284298e-01
2.054775e-01
1.847496e-01
1.660157e-01
1.490378e-01
1.335984e-01
1.195111e-01
1.066258e-01
9.476952e-02
8.386412e-02
7.386802e-02
6.466284e-02
5.627321e-02
4.874948e-02
4.224711e-02
3.700674e-02
3.356394e-02
3.261130e-02
3.497147e-02
4.132168e-02
5.208965e-02
6.748455e-02
8.763521e-02
1.127918e-01
1.434795e-01
1.802879e-01
2.233388e-01
2.721162e-01
3.258410e-01
3.837330e-01
4.453079e-01
5.105249e-01
5.792940e-01
6.501210e-01
7.199041e-01
7.848444e-01
8.416240e-01
8.887250e-01
9.262267e-01
9.551764e-01
9.770378e-01
9.934288e-01
1.005735e+00
1.015042e+00
1.022122e+00
1.027556e+00
1.031755e+00
1.035023e+00
1.037577e+00
1.039595e+00
1.041213e+00
1.042518e+00
1.043573e+00
1.044403e+00
1.045095e+00
1.045697e+00
1.046190e+00
1.046611e+00
1.046974e+00
1.047280e+00
1.047538e+00
1.047770e+00
1.047936e+00
1.048157e+00
1.048269e+00
1.048390e+00
1.048480e+00
1.048646e+00
1.048678e+00
1.048802e+00
1.048855e+00
1.048915e+00
1.048955e+00
1.049037e+00
1.049046e+00
1.049094e+00
1.049150e+00
1.049162e+00
1.049194e+00
1.049239e+00
1.049240e+00
1.049267e+00
1.049275e+00
1.049306e+00
1.049321e+00
1.049337e+00
1.049350e+00
1.049375e+00
1.049385e+00
1.049399e+00
1.049424e+00
1.049438e+00
1.049455e+00
1.049462e+00
1.049489e+00
1.049489e+00
1.049506e+00
1.049519e+00
1.049528e+00
1.049563e+00
1.049560e+00
1.049570e+00
1.049577e+00
1.049597e+00
1.049595e+00
1.049608e+00
1.049613e+00
1.049621e+00
1.049629e+00
1.049642e+00
1.049647e+00
1.049651e+00
1.049675e+00
1.049667e+00
1.049684e+00
1.049678e+00
1.049686e+00
1.049690e+00
1.049693e+00
1.049698e+00
1.049701e+00
1.049709e+00
1.049711e+00
1.049714e+00
1.049719e+00
1.049721e+00
1.049725e+00
1.049726e+00
1.049739e+00
1.049734e+00
1.049739e+00
1.049741e+00
1.049744e+00
1.049744e+00
1.049749e+00
1.049751e+00
1.049753e+00
1.049773e+00
1.049764e+00
1.049766e+00
1.049765e+00
1.049768e+00
1.049768e+00
1.049769e+00
1.049771e+00
1.049770e+00
1.049775e+00
1.049779e+00
1.049777e+00
1.049783e+00
1.049781e+00
1.049780e+00
1.049785e+00
1.049783e+00
1.049786e+00
1.049787e+00
1.049790e+00
1.049787e+00
1.049798e+00
1.049790e+00
1.049798e+00
1.049793e+00
1.049799e+00
1.049795e+00
1.049800e+00
1.049799e+00
1.049802e+00
1.049800e+00
1.049804e+00
1.049805e+00
1.049806e+00
1.049805e+00
1.049814e+00
1.049809e+00
1.049810e+00
1.049814e+00
1.049812e+00
1.049817e+00
1.049815e+00
1.049819e+00
1.049816e+00
1.049820e+00
1.049821e+00
1.049823e+00
1.049821e+00
1.049826e+00
1.049825e+00
1.049826e+00
1.049830e+00
1.049835e+00
1.049829e+00
1.049835e+00
1.049833e+00
1.049834e+00
1.049837e+00
1.049837e+00
1.049836e+00
1.049840e+00
1.049841e+00
1.049840e+00
1.049843e+00
1.049843e+00
1.049843e+00
1.049848e+00
1.049849e+00
1.049849e+00
1.049854e+00
1.049855e+00
1.049859e+00
1.049862e+00
1.049866e+00
1.049871e+00
1.049876e+00
1.049884e+00
1.049890e+00
1.049904e+00
1.049915e+00
1.049941e+00
1.049952e+00
1.050011e+00
1.050004e+00
1.050052e+00
1.050104e+00
1.050145e+00
1.050230e+00
1.050258e+00
1.050330e+00
1.050452e+00
1.050540e+00
1.050645e+00
1.050779e+00
1.050903e+00
1.051076e+00
1.051252e+00
1.051368e+00
1.051604e+00
1.051732e+00
1.051942e+00
1.052142e+00
1.052276e+00
1.052537e+00
1.052678e+00
1.052902e+00
1.053119e+00
1.053263e+00
1.053553e+00
1.053727e+00
1.053937e+00
1.054199e+00
1.054500e+00
1.054765e+00
1.055103e+00
1.055465e+00
1.055844e+00
1.056287e+00
1.056760e+00
1.057264e+00
1.057817e+00
1.058391e+00
1.058999e+00
1.059641e+00
1.060310e+00
1.061007e+00
1.061751e+00
1.062547e+00
1.063388e+00
1.064281e+00
1.065238e+00
1.066252e+00
1.067243e+00
1.067959e+00
1.068212e+00
1.067458e+00
1.065051e+00
1.060501e+00
1.053534e+00
1.044032e+00
1.032000e+00
1.017488e+00
1.000542e+00
9.811932e-01
9.594728e-01
9.353985e-01
9.089754e-01
8.801997e-01
8.490777e-01
8.156367e-01
7.799699e-01
7.422526e-01
7.027520e-01
6.617869e-01
6.196951e-01
5.768176e-01
5.335364e-01
4.903342e-01
4.479728e-01
4.072773e-01
3.690466e-01
3.336745e-01
3.012385e-01
2.716668e-01
2.448058e-01
2.204748e-01
1.984662e-01
1.785918e-01
1.606465e-01
1.444556e-01
1.298655e-01
1.167165e-01
1.048827e-01
9.421844e-02
8.462828e-02
7.599362e-02
6.823070e-02
6.128897e-02
5.502710e-02
4.941378e-02
4.436748e-02
3.983540e-02
3.576100e-02
3.213227e-02
2.885755e-02
2.591004e-02
2.327653e-02
2.090048e-02
1.877938e-02
1.693206e-02
1.526353e-02
1.373274e-02
1.238630e-02
1.115986e-02
1.005502e-02
9.073779e-03
8.172994e-03
7.384891e-03
6.661881e-03
6.013907e-03
5.437245e-03
4.911053e-03
4.441137e-03
4.029719e-03
3.642781e-03
3.304892e-03
3.002320e-03
2.738802e-03
2.480826e-03
2.252802e-03
2.126914e-03
1.920224e-03
1.777626e-03
1.597625e-03
1.497779e-03
1.320658e-03
1.251488e-03
1.148869e-03
1.068155e-03
9.410754e-04
8.989980e-04
8.399873e-04
7.947978e-04
7.262734e-04
6.991164e-04
6.624889e-04
5.849617e-04
5.783909e-04
5.543102e-04
5.150841e-04
4.862795e-04
4.685552e-04
4.530309e-04
4.085190e-04
4.174878e-04
3.990991e-04
3.913709e-04
3.802135e-04
3.692743e-04
3.612268e-04
3.529313e-04
3.464028e-04
3.413615e-04
3.021076e-04
3.036394e-04
3.008366e-04
2.982059e-04
2.946627e-04
2.924686e-04
2.910404e-04
2.876223e-04
2.862993e-04
2.830143e-04
2.815880e-04
2.788599e-04
2.775525e-04
2.737129e-04
2.732987e-04
2.722339e-04
2.713864e-04
2.702007e-04
2.688523e-04
2.677161e-04
2.660868e-04
2.639310e-04
2.633050e-04
2.633500e-04
2.623994e-04
2.615071e-04
2.599274e-04
2.608545e-04
2.576592e-04
2.594054e-04
2.562654e-04
2.587703e-04
2.551398e-04
2.571487e-04
2.559185e-04
2.561559e-04
2.537166e-04
2.552806e-04
2.527459e-04
2.545642e-04
2.497302e-04
2.496595e-04
2.484892e-04
2.499509e-04
2.490132e-04
2.503418e-04
2.492594e-04
2.496595e-04
2.481117e-04
2.496008e-04
2.473394e-04
2.491480e-04
2.469318e-04
2.487999e-04
2.465247e-04
2.480919e-04
2.458944e-04
2.476957e-04
2.461573e-04
2.478741e-04
2.454738e-04
2.490616e-04
2.449517e-04
2.477118e-04
2.451021e-04
2.471511e-04
2.446468e-04
2.466687e-04
2.445357e-04
2.464629e-04
2.441310e-04
2.461261e-04
2.440832e-04
2.456918e-04
2.436374e-04
2.455807e-04
2.435999e-04
2.454781e-04
2.432726e-04
2.452063e-04
2.444774e-04
2.458318e-04
2.436298e-04
2.452531e-04
2.432597e-04
2.449296e-04
2.427395e-04
2.445287e-04
2.439125e-04
2.424519e-04
2.437494e-04
2.425288e-04
2.440185e-04
2.437035e-04
2.295217e-04
2.407020e-04
2.404006e-04
2.381749e-04
2.402255e-04
2.399427e-04
2.385979e-04
2.403171e-04
2.401227e-04
2.385643e-04
2.412591e-04
2.398870e-04
2.413099e-04
2.393655e-04
2.412399e-04
2.408022e-04
2.397456e-04
2.400880e-04
2.409790e-04
2.388044e-04
2.409230e-04
2.393224e-04
2.408428e-04
2.395893e-04
2.411078e-04
2.406145e-04
2.392233e-04
2.407638e-04
2.393569e-04
2.405366e-04
2.386547e-04
2.394716e-04
2.395000e-04
2.396253e-04
2.398923e-04
2.405976e-04
2.384558e-04
2.404182e-04
2.390111e-04
2.404139e-04
2.389729e-04
2.419799e-04
2.382802e-04
2.403449e-04
2.391818e-04
2.402569e-04
2.397361e-04
2.386377e-04
2.400279e-04
2.387437e-04
2.404029e-04
2.386553e-04
2.400028e-04
2.380152e-04
2.399048e-04
2.382542e-04
2.396028e-04
2.382219e-04
2.396524e-04
2.378822e-04
2.396919e-04
2.381899e-04
2.395274e-04
2.378083e-04
2.396064e-04
2.381988e-04
2.394378e-04
2.378539e-04
2.395529e-04
2.380115e-04
2.392739e-04
2.377111e-04
2.393177e-04
2.380353e-04
2.385148e-04
2.383918e-04
2.396299e-04
2.380508e-04
2.393695e-04
2.378008e-04
2.392922e-04
2.379723e-04
2.385065e-04
2.383178e-04
2.394713e-04
2.391285e-04
2.394483e-04
2.391698e-04
2.400019e-04
2.384072e-04
2.390452e-04
2.393011e-04
2.382808e-04
2.384298e-04
2.393086e-04
2.379352e-04
2.390213e-04
2.374822e-04
2.389326e-04
2.375725e-04
2.393273e-04
2.384250e-04
2.388946e-04
2.373395e-04
2.387506e-04
2.377245e-04
2.389621e-04
2.371152e-04
2.388305e-04
2.382600e-04
2.385244e-04
2.371553e-04
2.387455e-04
2.378817e-04
2.370069e-04
2.380666e-04
2.374924e-04
2.386124e-04
2.379457e-04
2.381269e-04
2.375787e-04
2.366421e-04
2.379667e-04
2.374648e-04
2.376062e-04
2.364984e-04
2.382300e-04
2.372765e-04
2.369331e-04
2.377446e-04
2.361798e-04
2.384886e-04
2.369123e-04
2.373076e-04
2.372170e-04
2.364582e-04
2.373566e-04
2.377124e-04
2.377497e-04
2.363359e-04
2.376574e-04
2.364592e-04
2.366258e-04
2.377493e-04
2.357829e-04
2.376294e-04
2.370316e-04
2.369888e-04
2.364390e-04
2.370697e-04
2.373310e-04
2.357339e-04
2.376046e-04
2.372303e-04
2.377723e-04
2.367109e-04
2.373738e-04
2.354647e-04
2.372752e-04
2.365601e-04
2.372545e-04
2.362637e-04
2.358604e-04
2.361747e-04
2.357685e-04
2.369641e-04
2.362161e-04
2.367229e-04
2.355601e-04
2.368626e-04
2.368811e-04
2.350044e-04
2.370517e-04
2.362721e-04
2.362891e-04
2.367510e-04
2.370628e-04
2.351331e-04
2.374464e-04
2.358332e-04
2.366169e-04
2.364499e-04
2.377582e-04
2.359000e-04
2.370599e-04
2.346684e-04
2.370615e-04
2.359182e-04
2.361752e-04
2.361155e-04
2.365206e-04
2.363814e-04
2.376929e-04
2.360639e-04
2.368775e-04
2.351832e-04
2.368279e-04
2.361559e-04
2.361356e-04
2.368017e-04
2.378288e-04
2.360457e-04
2.367478e-04
2.350450e-04
2.372025e-04
2.352032e-04
2.374651e-04
2.363367e-04
2.369793e-04
2.355165e-04
2.359634e-04
2.362126e-04
2.360678e-04
2.365334e-04
2.374616e-04
2.358682e-04
2.365828e-04
2.356104e-04
2.367704e-04
2.350602e-04
2.371462e-04
2.347643e-04
2.371453e-04
2.349572e-04
2.374795e-04
2.352694e-04
2.375544e-04
2.354881e-04
2.374219e-04
2.356653e-04
2.377302e-04
2.356732e-04
2.377283e-04
2.357236e-04
2.377963e-04
2.356584e-04
2.376976e-04
2.357521e-04
2.377619e-04
2.356755e-04
2.376612e-04
2.357573e-04
2.377178e-04
2.363958e-04
2.366344e-04
2.367305e-04
2.374860e-04
2.356011e-04
2.370928e-04
2.368305e-04
2.368275e-04
2.365825e-04
2.364657e-04
2.371141e-04
2.368277e-04
2.359202e-04
2.358404e-04
2.362388e-04
2.354183e-04
2.370013e-04
2.365444e-04
2.356842e-04
2.356937e-04
2.361747e-04
2.346473e-04
2.347775e-04
2.358306e-04
2.355371e-04
2.364352e-04
2.355054e-04
2.363190e-04
2.359116e-04
2.349903e-04
2.357973e-04
2.357893e-04
2.356541e-04
2.353382e-04
2.350893e-04
2.352995e-04
2.360020e-04
2.356439e-04
2.359475e-04
2.342524e-04
2.359943e-04
2.361227e-04
2.352401e-04
2.355451e-04
2.351504e-04
2.354432e-04
2.358632e-04
2.361618e-04
2.352075e-04
2.349513e-04
2.359820e-04
2.363257e-04
2.354545e-04
2.359239e-04
2.344574e-04
2.361607e-04
2.352962e-04
2.369115e-04
2.364365e-04
2.369555e-04
2.345269e-04
2.370290e-04
2.358890e-04
2.356754e-04
2.360784e-04
2.365411e-04
2.348427e-04
2.366360e-04
2.356641e-04
2.355097e-04
2.357912e-04
2.363618e-04
2.344050e-04
2.367066e-04
2.355063e-04
2.354546e-04
2.357711e-04
2.363180e-04
2.348446e-04
2.364769e-04
2.355764e-04
2.354846e-04
2.357611e-04
2.363053e-04
2.344727e-04
2.365982e-04
2.355545e-04
2.354926e-04
2.357969e-04
2.363151e-04
2.348342e-04
2.364177e-04
2.355441e-04
2.358653e-04
2.361615e-04
2.350503e-04
2.357806e-04
2.356209e-04
2.353014e-04
2.355436e-04
2.346122e-04
2.350003e-04
2.354238e-04
2.346203e-04
2.360759e-04
2.352228e-04
2.357303e-04
2.353460e-04
2.354974e-04
2.355601e-04
2.339843e-04
2.358891e-04
2.353624e-04
2.351086e-04
2.352953e-04
2.350886e-04
2.353041e-04
2.338468e-04
2.357496e-04
2.352844e-04
2.354095e-04
2.346392e-04
2.351403e-04
2.357745e-04
2.348720e-04
2.348273e-04
2.358108e-04
2.355958e-04
2.356679e-04
2.342479e-04
2.355371e-04
2.356756e-04
2.356064e-04
2.349115e-04
2.349803e-04
2.357327e-04
2.358103e-04
2.349369e-04
2.354565e-04
2.357873e-04
2.355145e-04
2.347320e-04
2.351351e-04
2.354185e-04
2.356000e-04
2.355321e-04
2.351832e-04
2.347447e-04
2.355075e-04
2.353905e-04
2.346717e-04
2.349918e-04
2.347776e-04
2.350658e-04
2.348300e-04
2.351558e-04
2.348941e-04
2.351149e-04
2.348566e-04
2.353570e-04
2.341995e-04
2.350347e-04
2.348428e-04
2.333162e-04
2.353029e-04
2.347916e-04
2.347649e-04
2.349748e-04
2.351334e-04
2.337467e-04
2.348074e-04
2.349192e-04
2.350136e-04
2.344745e-04
2.342226e-04
2.350133e-04
2.347800e-04
2.346737e-04
2.337826e-04
2.346908e-04
2.343812e-04
2.344269e-04
2.352216e-04
2.346306e-04
2.353729e-04
2.352354e-04
2.346462e-04
2.352565e-04
2.350000e-04
2.349315e-04
2.347057e-04
2.345219e-04
2.351601e-04
2.347728e-04
2.343131e-04
2.349084e-04
2.344031e-04
2.354222e-04
2.346404e-04
2.345420e-04
2.350198e-04
2.351857e-04
2.342375e-04
2.349485e-04
2.342914e-04
2.350632e-04
2.351803e-04
2.350152e-04
2.348140e-04
2.345990e-04
2.346055e-04
2.342443e-04
2.349694e-04
2.345438e-04
2.345128e-04
2.349040e-04
2.355051e-04
2.349014e-04
2.356637e-04
2.350691e-04
2.350420e-04
2.353814e-04
2.357785e-04
2.354439e-04
2.359452e-04
2.352696e-04
2.352205e-04
2.356615e-04
2.360897e-04
2.353869e-04
2.359728e-04
2.354874e-04
2.360044e-04
2.352647e-04
2.353004e-04
2.350551e-04
2.355763e-04
2.349068e-04
2.356208e-04
2.351364e-04
2.352778e-04
2.347974e-04
2.354164e-04
2.354055e-04
2.353044e-04
2.339968e-04
2.356281e-04
2.350376e-04
2.350610e-04
2.348831e-04
2.350430e-04
2.347063e-04
2.337114e-04
2.353487e-04
2.346967e-04
2.353073e-04
2.353332e-04
2.350185e-04
2.351171e-04
2.351016e-04
2.350151e-04
2.340017e-04
2.348216e-04
2.342702e-04
2.349796e-04
2.350016e-04
2.346946e-04
2.348446e-04
2.347816e-04
2.346288e-04
2.347330e-04
2.345048e-04
2.345979e-04
2.345555e-04
2.337811e-04
2.343742e-04
2.349358e-04
2.348237e-04
2.347862e-04
2.346183e-04
2.343337e-04
2.349350e-04
2.341809e-04
2.351714e-04
2.348147e-04
2.343215e-04
2.351830e-04
2.351405e-04
2.349325e-04
2.349820e-04
2.345859e-04
2.351786e-04
2.345711e-04
2.343694e-04
2.349868e-04
2.348267e-04
2.348529e-04
2.346497e-04
2.347506e-04
2.351412e-04
2.342888e-04
2.341092e-04
2.346956e-04
2.346781e-04
2.341370e-04
2.364960e-04
2.347263e-04
2.348345e-04
2.345826e-04
2.345944e-04
2.340116e-04
2.338093e-04
2.340129e-04
2.340192e-04
2.339217e-04
2.339219e-04
2.342620e-04
2.335802e-04
2.346328e-04
2.344881e-04
2.343728e-04
2.342918e-04
2.346289e-04
2.346354e-04
2.346580e-04
2.348400e-04
2.345636e-04
2.335638e-04
2.345899e-04
2.348351e-04
2.348505e-04
2.348798e-04
2.346304e-04
2.346859e-04
2.347509e-04
2.346884e-04
2.345003e-04
2.345578e-04
2.343998e-04
2.345368e-04
2.346288e-04
2.346311e-04
2.344360e-04
2.345626e-04
2.341991e-04
2.348215e-04
2.346808e-04
2.347165e-04
2.346681e-04
2.345994e-04
2.340616e-04
2.338845e-04
2.346006e-04
2.346248e-04
2.346252e-04
2.346094e-04
2.344000e-04
2.344971e-04
2.339806e-04
2.348021e-04
2.349978e-04
2.346520e-04
2.345973e-04
2.344075e-04
2.344727e-04
2.340966e-04
2.347059e-04
2.346801e-04
2.346946e-04
2.343252e-04
2.348271e-04
2.347842e-04
2.347098e-04
2.347738e-04
2.340280e-04
2.342727e-04
2.344334e-04
2.346357e-04
2.344092e-04
2.344699e-04
2.344872e-04
2.340806e-04
2.346518e-04
2.344877e-04
2.345669e-04
2.334060e-04
2.349680e-04
2.348245e-04
2.349047e-04
2.344792e-04
2.350400e-04
2.348570e-04
2.348906e-04
2.345064e-04
2.349842e-04
2.349598e-04
2.349260e-04
2.349061e-04
2.348835e-04
2.345642e-04
2.348284e-04
2.341941e-04
2.339730e-04
2.345760e-04
2.346011e-04
2.346031e-04
2.346369e-04
2.344935e-04
2.344343e-04
2.345158e-04
2.345673e-04
2.341735e-04
2.347307e-04
2.346662e-04
2.347548e-04
2.347006e-04
2.339229e-04
2.346164e-04
2.344865e-04
2.345953e-04
2.346541e-04
2.342454e-04
2.347662e-04
2.347485e-04
2.347606e-04
2.347629e-04
2.343506e-04
2.348852e-04
2.347166e-04
2.347187e-04
2.347288e-04
2.336058e-04
2.351172e-04
2.349744e-04
2.349599e-04
2.349425e-04
2.349191e-04
2.349374e-04
2.345874e-04
2.346626e-04
2.346413e-04
2.346395e-04
2.342319e-04
2.347678e-04
2.347605e-04
2.346766e-04
2.347139e-04
2.346580e-04
2.344942e-04
2.337600e-04
2.348388e-04
2.347287e-04
2.347644e-04
2.343767e-04
2.349262e-04
2.348686e-04
2.348447e-04
2.348309e-04
2.348536e-04
2.343650e-04
2.349099e-04
2.347238e-04
2.347603e-04
2.347206e-04
2.347378e-04
2.342947e-04
2.348320e-04
2.347739e-04
2.347500e-04
2.340553e-04
2.350368e-04
2.344935e-04
2.350175e-04
2.348381e-04
2.348710e-04
2.348258e-04
2.348349e-04
2.347874e-04
2.347287e-04
2.344490e-04
2.345096e-04
2.345397e-04
2.346118e-04
2.345547e-04
2.341662e-04
2.347316e-04
2.345636e-04
2.345740e-04
2.345572e-04
2.345878e-04
2.346103e-04
2.345354e-04
2.345591e-04
2.345799e-04
2.346133e-04
2.345565e-04
2.345564e-04
2.345647e-04
2.341712e-04
2.346692e-04
2.345059e-04
2.345355e-04
2.345697e-04
2.345648e-04
2.345416e-04
2.345414e-04
2.344749e-04
2.342327e-04
2.343144e-04
2.344081e-04
2.344142e-04
2.344120e-04
2.344496e-04
2.340362e-04
2.346228e-04
2.344315e-04
2.337855e-04
2.347653e-04
2.347319e-04
2.346824e-04
2.346832e-04
2.342994e-04
2.348023e-04
2.347393e-04
2.347484e-04
2.347157e-04
2.347233e-04
2.346869e-04
2.346503e-04
2.346329e-04
2.346244e-04
2.342875e-04
2.343704e-04
2.344017e-04
2.344770e-04
2.344505e-04
2.344598e-04
2.344774e-04
2.340885e-04
2.345713e-04
2.345186e-04
2.345582e-04
2.345806e-04
2.345635e-04
2.345235e-04
2.341680e-04
2.343132e-04
2.339522e-04
2.345535e-04
2.345427e-04
2.345487e-04
2.345635e-04
2.345823e-04
2.345545e-04
2.345465e-04
2.345488e-04
2.345336e-04
2.344582e-04
2.342343e-04
2.343000e-04
2.343662e-04
2.343939e-04
2.344162e-04
2.344349e-04
2.344554e-04
2.344536e-04
2.339042e-04
2.347095e-04
2.345728e-04
2.345561e-04
2.345579e-04
2.345603e-04
2.345681e-04
2.345515e-04
2.345395e-04
2.345327e-04
2.345327e-04
2.344206e-04
2.343900e-04
2.338190e-04
2.341051e-04
2.341677e-04
2.342415e-04
2.343222e-04
2.343451e-04
2.343637e-04
2.343768e-04
2.343932e-04
2.344423e-04
2.340797e-04
2.342010e-04
2.342376e-04
2.343020e-04
2.343165e-04
2.343316e-04
2.343447e-04
2.343718e-04
2.343692e-04
2.343709e-04
2.339957e-04
2.345093e-04
2.344843e-04
2.344999e-04
2.344973e-04
2.345145e-04
2.345094e-04
2.344992e-04
2.344909e-04
2.345034e-04
2.344873e-04
2.344770e-04
2.344741e-04
2.344469e-04
2.344185e-04
2.343354e-04
2.343662e-04
2.344107e-04
2.337275e-04
2.346848e-04
2.346337e-04
2.345868e-04
2.345866e-04
2.345784e-04
2.345696e-04
2.345699e-04
2.345035e-04
2.342815e-04
2.343264e-04
2.343622e-04
2.344085e-04
2.344333e-04
2.344454e-04
2.344724e-04
2.344392e-04
2.344492e-04
2.344442e-04
2.344526e-04
2.344258e-04
2.340553e-04
2.345767e-04
2.345245e-04
2.345618e-04
2.345196e-04
2.345289e-04
2.345024e-04
2.344963e-04
2.344851e-04
2.344928e-04
2.344858e-04
2.344740e-04
2.344996e-04
2.344371e-04
2.344348e-04
2.340468e-04
2.345633e-04
2.345225e-04
2.345414e-04
2.345054e-04
2.345377e-04
2.345333e-04
2.344957e-04
2.344931e-04
2.344869e-04
2.344877e-04
2.344768e-04
2.344951e-04
2.344617e-04
2.344546e-04
2.337955e-04
2.346781e-04
2.344016e-04
2.346802e-04
2.346549e-04
2.346982e-04
2.346202e-04
2.346034e-04
2.345808e-04
2.345933e-04
2.345410e-04
2.345398e-04
2.345046e-04
2.344919e-04
2.345027e-04
2.344581e-04
2.344597e-04
2.344493e-04
2.344526e-04
2.340604e-04
2.345589e-04
2.345138e-04
2.345336e-04
2.345091e-04
2.345073e-04
2.344650e-04
2.344698e-04
2.344759e-04
2.344697e-04
2.344996e-04
2.344409e-04
2.344397e-04
2.344334e-04
2.344407e-04
2.344387e-04
2.344016e-04
2.344004e-04
2.344101e-04
2.340078e-04
2.345569e-04
2.344775e-04
2.345008e-04
2.344805e-04
2.344793e-04
2.344971e-04
2.344707e-04
2.344480e-04
2.344435e-04
2.344367e-04
2.344662e-04
2.344074e-04
2.344069e-04
2.344022e-04
2.344111e-04
2.344105e-04
2.343759e-04
2.343284e-04
2.343906e-04
2.343684e-04
2.343962e-04
2.343075e-04
2.341155e-04
2.341745e-04
2.342243e-04
2.342889e-04
2.343004e-04
2.343107e-04
2.343308e-04
2.336707e-04
2.346504e-04
2.345185e-04
2.345347e-04
2.345288e-04
2.345340e-04
2.345273e-04
2.344837e-04
2.344738e-04
2.344762e-04
2.344466e-04
2.344604e-04
2.344184e-04
2.344257e-04
2.343994e-04
2.343945e-04
2.344485e-04
2.340921e-04
2.341653e-04
2.342037e-04
2.342396e-04
2.343009e-04
2.342730e-04
2.342943e-04
2.343041e-04
2.343238e-04
2.343329e-04
2.343067e-04
2.343123e-04
2.343273e-04
2.343109e-04
2.343361e-04
2.343059e-04
2.343231e-04
2.343068e-04
2.343105e-04
2.343125e-04
2.343261e-04
2.343255e-04
2.343243e-04
2.343244e-04
2.343371e-04
2.343190e-04
2.339606e-04
2.344802e-04
2.344485e-04
2.344386e-04
2.344400e-04
2.344539e-04
2.344582e-04
2.344346e-04
2.344092e-04
2.343989e-04
2.344274e-04
2.344035e-04
2.344016e-04
2.343977e-04
2.344053e-04
2.343989e-04
2.343922e-04
2.343865e-04
2.343935e-04
2.343707e-04
2.343838e-04
2.343760e-04
2.343833e-04
2.343616e-04
2.343596e-04
2.343721e-04
2.343775e-04
2.343562e-04
2.343549e-04
2.343520e-04
2.343654e-04
2.343619e-04
2.339924e-04
2.345079e-04
2.344611e-04
2.344835e-04
2.344847e-04
2.344762e-04
2.344676e-04
2.344604e-04
2.344733e-04
2.344570e-04
2.344449e-04
2.344352e-04
2.344330e-04
2.344363e-04
2.344224e-04
2.344134e-04
2.344132e-04
2.344023e-04
2.344093e-04
2.343991e-04
2.344000e-04
2.343908e-04
2.343835e-04
2.343937e-04
2.343927e-04
2.343842e-04
2.343779e-04
2.343734e-04
2.343920e-04
2.343813e-04
2.343752e-04
2.343714e-04
2.343748e-04
2.343834e-04
2.337156e-04
2.346388e-04
2.345550e-04
2.345777e-04
2.345346e-04
2.344373e-04
2.342611e-04
2.343238e-04
2.343614e-04
2.344224e-04
2.344280e-04
2.344332e-04
2.344320e-04
2.344328e-04
2.344294e-04
2.344351e-04
2.344195e-04
2.344122e-04
2.344093e-04
2.344207e-04
2.343778e-04
2.343742e-04
2.343754e-04
2.343669e-04
2.343604e-04
2.343544e-04
2.343734e-04
2.343623e-04
2.343553e-04
2.343503e-04
2.343776e-04
2.343378e-04
2.343372e-04
2.343480e-04
2.343272e-04
2.343280e-04
2.343258e-04
2.343406e-04
2.343367e-04
2.343434e-04
2.343393e-04
2.343594e-04
2.343372e-04
2.343199e-04
2.343216e-04
2.343219e-04
2.343223e-04
2.343467e-04
2.343216e-04
2.343227e-04
2.343225e-04
2.343356e-04
2.339434e-04
2.344882e-04
2.344118e-04
2.344240e-04
2.344261e-04
2.344338e-04
2.344290e-04
2.344448e-04
2.344173e-04
2.343951e-04
2.343910e-04
2.343850e-04
2.343793e-04
2.343973e-04
2.343671e-04
2.343621e-04
2.343581e-04
2.343666e-04
2.343446e-04
2.343659e-04
2.343297e-04
2.343307e-04
2.343301e-04
2.343376e-04
2.343333e-04
2.343546e-04
2.343322e-04
2.343153e-04
2.343167e-04
2.343170e-04
2.343175e-04
2.343530e-04
2.343016e-04
2.343073e-04
2.343084e-04
2.343097e-04
2.343239e-04
2.343279e-04
2.342979e-04
2.343021e-04
2.343039e-04
2.343186e-04
2.343012e-04
2.343265e-04
2.342953e-04
2.342998e-04
2.343146e-04
2.342977e-04
2.343014e-04
2.343250e-04
2.342941e-04
2.343115e-04
2.342946e-04
2.342985e-04
2.343005e-04
2.343242e-04
2.343062e-04
2.342920e-04
2.342959e-04
2.342981e-04
2.343002e-04
2.343364e-04
2.342871e-04
2.342935e-04
2.342415e-04
2.340380e-04
2.341315e-04
2.341832e-04
2.341928e-04
2.342275e-04
2.342512e-04
2.342809e-04
2.342763e-04
2.343096e-04
2.342826e-04
2.342889e-04
2.343041e-04
2.342881e-04
2.342904e-04
2.342912e-04
2.342902e-04
2.343193e-04
2.342962e-04
2.342965e-04
2.342958e-04
2.342952e-04
2.343081e-04
2.343034e-04
2.343006e-04
2.342993e-04
2.342985e-04
2.343105e-04
2.342913e-04
2.343088e-04
2.343048e-04
2.343036e-04
2.343152e-04
2.342968e-04
2.342979e-04
2.343137e-04
2.343097e-04
2.343207e-04
2.343018e-04
2.343032e-04
2.343025e-04
2.343182e-04
2.343261e-04
2.343067e-04
2.343075e-04
2.343071e-04
2.343062e-04
2.343337e-04
2.343114e-04
2.343116e-04
2.343106e-04
2.343101e-04
2.343210e-04
2.343184e-04
2.343155e-04
2.343139e-04
2.343128e-04
2.343241e-04
2.343051e-04
2.343218e-04
2.343172e-04
2.343156e-04
2.343143e-04
2.343146e-04
2.343219e-04
2.343335e-04
2.343272e-04
2.343239e-04
2.343226e-04
2.343291e-04
2.343240e-04
2.343365e-04
2.343298e-04
2.343276e-04
2.343332e-04
2.342802e-04
2.343271e-04
2.343386e-04
2.343381e-04
2.343461e-04
2.343425e-04
2.343401e-04
2.343374e-04
2.343504e-04
2.343520e-04
2.343453e-04
2.343404e-04
2.343363e-04
2.343334e-04
2.343534e-04
2.343437e-04
2.343384e-04
2.343339e-04
2.343315e-04
2.343359e-04
2.343456e-04
2.339723e-04
2.344787e-04
2.344314e-04
2.344468e-04
2.344642e-04
2.344250e-04
2.344215e-04
2.344190e-04
2.344153e-04
2.344050e-04
2.343956e-04
2.343853e-04
2.343934e-04
2.343895e-04
2.343777e-04
2.343682e-04
2.343605e-04
2.343773e-04
2.343473e-04
2.343434e-04
2.343381e-04
2.343336e-04
2.343305e-04
2.343358e-04
2.343532e-04
2.343161e-04
2.343164e-04
2.343153e-04
2.343220e-04
2.343181e-04
2.343157e-04
2.343366e-04
2.343026e-04
2.343129e-04
2.343099e-04
2.343083e-04
2.343071e-04
2.343073e-04
2.343373e-04
2.343009e-04
2.343027e-04
2.343020e-04
2.343022e-04
2.343103e-04
2.343071e-04
2.343289e-04
2.342948e-04
2.343103e-04
2.342919e-04
2.342943e-04
2.342947e-04
2.342952e-04
2.343182e-04
2.342866e-04
2.342990e-04
2.342968e-04
2.342972e-04
2.342894e-04
2.339663e-04
2.340995e-04
2.341224e-04
2.341679e-04
2.342004e-04
2.342235e-04
2.342405e-04
2.342603e-04
2.342878e-04
2.342611e-04
2.342688e-04
2.342821e-04
2.342639e-04
2.342660e-04
2.342667e-04
2.342891e-04
2.342570e-04
2.342614e-04
2.342709e-04
2.342695e-04
2.342697e-04
2.342700e-04
2.343048e-04
2.342542e-04
2.342598e-04
2.342617e-04
2.342638e-04
2.342658e-04
2.342804e-04
2.342851e-04
2.342563e-04
2.342614e-04
2.342642e-04
2.342668e-04
2.342817e-04
2.342649e-04
2.342903e-04
2.342605e-04
2.342659e-04
2.342685e-04
2.342834e-04
2.342667e-04
2.342704e-04
2.342941e-04
2.342644e-04
2.342695e-04
2.342843e-04
2.342673e-04
2.342705e-04
2.342729e-04
2.342751e-04
2.342778e-04
2.343054e-04
2.342837e-04
2.342847e-04
2.342846e-04
2.342851e-04
2.343073e-04
2.342883e-04
2.342735e-04
2.342765e-04
2.342768e-04
2.342799e-04
2.342813e-04
2.342950e-04
2.342784e-04
2.342946e-04
2.342913e-04
2.342907e-04
2.342902e-04
2.343023e-04
2.342839e-04
2.342849e-04
2.343007e-04
2.342967e-04
2.342955e-04
2.343067e-04
2.342878e-04
2.342891e-04
2.342882e-04
2.343040e-04
2.342997e-04
2.343103e-04
2.342908e-04
2.342917e-04
2.342914e-04
2.342906e-04
2.343061e-04
2.343136e-04
2.342937e-04
2.342940e-04
2.342933e-04
2.342931e-04
2.342921e-04
2.343193e-04
2.342966e-04
2.342964e-04
2.342951e-04
2.342946e-04
2.342942e-04
2.343049e-04
2.343020e-04
2.342988e-04
2.342972e-04
2.342961e-04
2.342954e-04
2.343067e-04
2.342875e-04
2.343040e-04
2.342995e-04
2.342981e-04
2.342964e-04
2.342956e-04
2.342956e-04
2.343032e-04
2.343149e-04
2.343089e-04
2.343058e-04
2.343031e-04
2.343031e-04
2.343092e-04
2.343043e-04
2.343169e-04
2.343104e-04
2.343071e-04
2.343055e-04
2.343119e-04
2.343076e-04
2.343041e-04
2.343168e-04
2.343106e-04
2.343084e-04
2.343143e-04
2.343096e-04
2.343068e-04
2.343034e-04
2.343164e-04
2.343114e-04
2.343168e-04
2.343115e-04
2.343083e-04
2.343057e-04
2.343022e-04
2.343168e-04
2.342712e-04
2.340822e-04
2.341589e-04
2.341952e-04
2.342255e-04
2.342708e-04
2.342625e-04
2.342745e-04
2.342804e-04
2.342840e-04
2.342859e-04
2.342894e-04
2.342958e-04
2.343153e-04
2.342800e-04
2.342813e-04
2.342801e-04
2.342797e-04
2.342875e-04
2.342841e-04
2.342823e-04
2.343033e-04
2.342693e-04
2.342725e-04
2.342813e-04
2.342788e-04
2.342779e-04
2.342773e-04
2.342770e-04
2.343000e-04
2.342758e-04
2.342766e-04
2.342763e-04
2.342761e-04
2.342763e-04
2.342774e-04
2.342860e-04
2.343060e-04
2.342727e-04
2.342755e-04
2.342758e-04
2.342772e-04
2.342858e-04
2.342838e-04
2.342831e-04
2.343047e-04
2.342721e-04
2.342763e-04
2.342850e-04
2.342831e-04
2.342826e-04
2.342822e-04
2.342820e-04
2.343167e-04
2.342659e-04
2.342713e-04
2.342724e-04
2.342736e-04
2.342747e-04
2.342757e-04
2.342773e-04
2.343083e-04
2.342744e-04
2.342768e-04
2.342768e-04
2.342772e-04
2.342903e-04
2.342727e-04
2.342753e-04
2.342976e-04
2.342665e-04
2.342705e-04
2.342718e-04
2.342856e-04
2.342680e-04
2.342709e-04
2.342721e-04
2.342948e-04
2.342641e-04
2.342681e-04
2.342823e-04
2.342635e-04
2.342684e-04
2.342696e-04
2.342711e-04
2.342723e-04
2.342743e-04
2.343011e-04
2.342789e-04
2.342794e-04
2.342788e-04
2.342786e-04
2.342786e-04
2.343005e-04
2.342811e-04
2.342661e-04
2.342689e-04
2.342687e-04
2.342715e-04
