2.342326e-04
2.342326e-04
2.342326e-04
2.342326e-04
2.342326e-04
2.342326e-04
2.342326e-04
2.342326e-04
2.342326e-04
2.342326e-04
2.342326e-04
2.342326e-04
2.342326e-04
2.342326e-04
2.342326e-04
2.342326e-04
2.342326e-04
2.342326e-04
2.342326e-04
2.342326e-04
2.342326e-04
2.342326e-04
2.342326e-04
2.342326e-04
2.342326e-04
2.342326e-04
2.342326e-04
2.342326e-04
2.342326e-04
2.342326e-04
2.342326e-04
2.342326e-04
2.342326e-04
2.342326e-04
2.342326e-04
2.342326e-04
2.342326e-04
2.342326e-04
2.342326e-04
6.535858e-04
9.265408e-04
8.846144e-04
7.500761e-04
5.711167e-04
4.676644e-04
3.928678e-04
3.221990e-04
2.766626e-04
2.480252e-04
2.188420e-04
1.993712e-04
1.939787e-04
1.897049e-04
1.859798e-04
1.695993e-04
6.237953e-05
-1.795779e-04
-6.490819e-04
-1.337431e-03
-2.096117e-03
-2.824977e-03
-3.556890e-03
-4.330435e-03
-5.166745e-03
-6.093477e-03
-7.124357e-03
-8.250220e-03
-9.376145e-03
-1.026276e-02
-1.065721e-02
-9.829971e-03
-6.723728e-03
-4.875116e-05
1.182458e-02
2.988445e-02
5.495878e-02
8.794864e-02
1.312689e-01
1.885047e-01
2.587325e-01
3.382521e-01
4.235185e-01
5.112851e-01
5.992035e-01
6.855429e-01
7.684421e-01
8.447406e-01
9.086540e-01
9.559814e-01
9.878181e-01
1.008051e+00
1.020675e+00
1.028643e+00
1.033788e+00
1.037192e+00
1.039478e+00
1.041034e+00
1.041995e+00
1.042560e+00
1.042696e+00
1.042480e+00
1.041863e+00
1.040676e+00
1.038923e+00
1.036382e+00
1.032845e+00
1.028067e+00
1.021572e+00
1.012739e+00
1.000672e+00
9.840566e-01
9.615514e-01
9.319181e-01
8.932719e-01
8.462349e-01
7.920269e-01
7.311075e-01
6.636417e-01
5.897214e-01
5.097985e-01
4.248852e-01
3.377486e-01
2.585056e-01
1.964925e-01
1.491654e-01
1.122215e-01
8.274130e-02
5.886155e-02
3.995120e-02
2.817834e-02
3.252605e-02
6.480969e-02
1.304446e-01
2.372882e-01
3.786620e-01
5.496846e-01
7.346128e-01
8.841450e-01
9.660183e-01
1.007396e+00
1.026244e+00
1.035896e+00
1.041097e+00
1.044061e+00
1.045829e+00
1.046960e+00
1.047656e+00
1.048170e+00
1.048446e+00
1.048775e+00
1.048906e+00
1.049016e+00
1.049133e+00
1.049217e+00
1.049255e+00
1.049318e+00
1.049364e+00
1.049407e+00
1.049450e+00
1.049484e+00
1.049539e+00
1.049549e+00
1.049586e+00
1.049610e+00
1.049639e+00
1.049648e+00
1.049666e+00
1.049681e+00
1.049695e+00
1.049709e+00
1.049721e+00
1.049729e+00
1.049740e+00
1.049742e+00
1.049752e+00
1.049754e+00
1.049763e+00
1.049765e+00
1.049772e+00
1.049776e+00
1.049780e+00
1.049783e+00
1.049786e+00
1.049791e+00
1.049795e+00
1.049799e+00
1.049801e+00
1.049804e+00
1.049809e+00
1.049809e+00
1.049815e+00
1.049832e+00
1.049822e+00
1.049828e+00
1.049828e+00
1.049833e+00
1.049832e+00
1.049838e+00
1.049842e+00
1.049843e+00
1.049850e+00
1.049856e+00
1.049865e+00
1.049878e+00
1.049912e+00
1.049973e+00
1.050024e+00
1.050139e+00
1.050303e+00
1.050572e+00
1.050909e+00
1.051340e+00
1.051805e+00
1.052290e+00
1.052805e+00
1.053349e+00
1.053941e+00
1.054648e+00
1.055556e+00
1.056727e+00
1.058157e+00
1.059783e+00
1.061679e+00
1.063860e+00
1.066426e+00
1.067805e+00
1.061067e+00
1.038408e+00
9.979739e-01
9.405580e-01
8.665953e-01
7.763573e-01
6.722048e-01
5.596356e-01
4.461924e-01
3.447776e-01
2.633025e-01
2.001779e-01
1.518201e-01
1.149365e-01
8.687937e-02
6.559320e-02
4.948027e-02
3.730376e-02
2.812465e-02
2.120340e-02
1.599751e-02
1.209376e-02
9.156198e-03
6.976247e-03
5.320485e-03
4.088222e-03
3.162163e-03
2.518571e-03
1.988554e-03
1.591479e-03
1.286660e-03
1.053296e-03
8.791108e-04
7.611400e-04
5.987484e-04
5.433338e-04
4.837494e-04
4.478239e-04
3.746159e-04
3.705353e-04
3.436027e-04
3.281646e-04
3.085524e-04
3.047048e-04
2.933375e-04
2.584398e-04
2.756319e-04
2.673811e-04
2.671227e-04
2.630870e-04
2.621265e-04
2.585259e-04
2.576075e-04
2.559387e-04
2.554722e-04
2.538504e-04
2.527009e-04
2.516951e-04
2.508810e-04
2.506520e-04
2.496525e-04
2.489141e-04
2.481610e-04
2.476359e-04
2.471305e-04
2.468810e-04
2.463945e-04
2.458785e-04
2.453474e-04
2.450358e-04
2.446902e-04
2.444013e-04
2.455153e-04
2.406140e-04
2.436301e-04
2.427847e-04
2.428194e-04
2.425036e-04
2.423877e-04
2.422008e-04
2.420532e-04
2.418876e-04
2.423710e-04
2.417919e-04
2.415305e-04
2.405350e-04
2.408313e-04
2.407973e-04
2.405855e-04
2.404671e-04
2.404289e-04
2.403011e-04
2.401481e-04
2.388329e-04
2.407481e-04
2.379525e-04
2.373199e-04
2.374920e-04
2.380879e-04
2.375892e-04
2.381523e-04
2.380659e-04
2.387199e-04
2.381224e-04
2.385639e-04
2.383813e-04
2.382933e-04
2.386345e-04
2.381919e-04
2.388065e-04
2.381060e-04
2.383008e-04
2.385438e-04
2.393714e-04
2.375523e-04
2.385346e-04
2.375533e-04
2.378557e-04
2.376849e-04
2.380769e-04
2.375276e-04
2.377087e-04
2.376004e-04
2.379332e-04
2.373909e-04
2.379522e-04
2.367456e-04
2.379994e-04
2.367176e-04
2.379893e-04
2.366745e-04
2.379131e-04
2.366769e-04
2.380036e-04
2.363593e-04
2.379114e-04
2.362673e-04
2.376061e-04
2.364354e-04
2.376026e-04
2.362643e-04
2.390462e-04
2.354161e-04
2.375604e-04
2.358260e-04
2.374113e-04
2.356994e-04
2.369970e-04
2.360292e-04
2.370479e-04
2.360993e-04
2.363859e-04
2.368884e-04
2.352756e-04
2.367281e-04
2.360038e-04
2.361230e-04
2.365559e-04
2.361039e-04
2.360975e-04
2.360520e-04
2.369640e-04
2.366792e-04
2.361227e-04
2.355585e-04
2.357522e-04
2.356152e-04
2.366415e-04
2.363927e-04
2.359787e-04
2.353510e-04
2.355943e-04
2.355044e-04
2.364898e-04
2.353208e-04
2.361214e-04
2.355030e-04
2.365774e-04
2.352832e-04
2.363664e-04
2.352022e-04
2.364059e-04
2.353024e-04
2.358638e-04
2.359649e-04
2.353631e-04
2.359892e-04
2.356734e-04
2.358303e-04
2.346188e-04
2.362445e-04
2.354864e-04
2.351584e-04
2.348932e-04
2.355584e-04
2.356388e-04
2.362212e-04
2.346169e-04
2.360362e-04
2.351623e-04
2.355107e-04
2.358260e-04
2.350211e-04
2.356610e-04
2.358496e-04
2.345860e-04
2.359514e-04
2.357133e-04
2.348014e-04
2.356681e-04
2.357583e-04
2.344271e-04
2.359369e-04
2.353928e-04
2.346636e-04
2.355563e-04
2.355075e-04
2.343750e-04
2.357003e-04
2.355328e-04
2.351464e-04
2.350552e-04
2.348592e-04
2.349932e-04
2.349169e-04
2.353320e-04
2.360044e-04
2.346856e-04
2.354507e-04
2.346206e-04
2.356029e-04
2.346210e-04
2.357094e-04
2.344188e-04
2.355813e-04
2.343098e-04
2.354917e-04
2.343982e-04
2.354802e-04
2.341920e-04
2.353336e-04
2.344119e-04
2.352584e-04
2.344140e-04
2.351387e-04
2.346342e-04
2.345501e-04
2.350019e-04
2.345453e-04
2.348372e-04
2.347517e-04
2.340481e-04
2.350100e-04
2.347538e-04
2.354874e-04
2.349904e-04
2.342515e-04
2.347538e-04
2.346762e-04
2.347416e-04
2.349915e-04
2.350014e-04
2.346786e-04
2.342418e-04
2.340369e-04
2.348500e-04
2.352187e-04
2.339998e-04
2.352960e-04
2.346940e-04
2.347563e-04
2.347909e-04
2.353408e-04
2.345607e-04
2.352609e-04
2.347025e-04
2.342805e-04
2.352210e-04
2.346696e-04
2.350326e-04
2.346958e-04
2.348614e-04
2.343027e-04
2.344779e-04
2.350428e-04
2.345490e-04
2.348797e-04
2.339356e-04
2.353156e-04
2.351282e-04
2.343032e-04
2.344131e-04
2.351490e-04
2.349273e-04
2.344862e-04
2.344299e-04
2.348354e-04
2.348696e-04
2.344909e-04
2.351249e-04
2.349134e-04
2.347040e-04
2.343143e-04
2.348748e-04
2.342311e-04
2.344862e-04
2.349810e-04
2.347663e-04
2.342224e-04
2.343612e-04
2.350881e-04
2.347751e-04
2.346187e-04
2.342917e-04
2.348026e-04
2.347915e-04
2.346886e-04
2.346222e-04
2.340771e-04
2.347674e-04
2.341064e-04
2.348551e-04
2.345386e-04
2.346406e-04
2.346832e-04
2.344867e-04
2.347149e-04
2.343086e-04
2.344749e-04
2.344275e-04
2.345494e-04
2.343133e-04
2.344970e-04
2.337459e-04
2.347286e-04
2.344994e-04
2.345364e-04
2.343804e-04
2.346895e-04
2.343191e-04
2.343615e-04
2.337921e-04
2.347050e-04
2.345471e-04
2.344433e-04
2.341582e-04
2.346784e-04
2.345464e-04
2.346118e-04
2.343726e-04
2.346200e-04
2.341866e-04
2.344375e-04
2.341560e-04
2.346274e-04
2.345731e-04
2.341924e-04
2.347302e-04
2.345429e-04
2.337162e-04
2.350310e-04
2.346852e-04
2.342559e-04
2.348226e-04
2.347457e-04
2.343370e-04
2.347737e-04
2.347035e-04
2.344784e-04
2.346614e-04
2.347490e-04
2.343987e-04
2.341523e-04
2.346657e-04
2.345513e-04
2.345007e-04
2.345454e-04
2.343502e-04
2.344155e-04
2.341600e-04
2.346126e-04
2.344737e-04
2.339462e-04
2.345082e-04
2.346602e-04
2.345684e-04
2.345935e-04
2.342560e-04
2.347160e-04
2.345194e-04
2.345329e-04
2.345094e-04
2.344971e-04
2.343632e-04
2.344001e-04
2.344291e-04
2.340692e-04
2.341081e-04
2.348471e-04
2.350422e-04
2.347589e-04
2.342997e-04
2.346497e-04
2.345667e-04
2.345002e-04
2.344746e-04
2.344268e-04
2.343501e-04
2.343686e-04
2.344382e-04
2.344042e-04
2.344442e-04
2.340688e-04
2.345959e-04
2.344502e-04
2.344590e-04
2.338813e-04
2.347698e-04
2.344887e-04
2.344122e-04
2.344215e-04
2.344858e-04
2.344207e-04
2.344282e-04
2.344081e-04
2.340733e-04
2.345071e-04
2.345179e-04
2.344183e-04
2.344252e-04
2.344116e-04
2.344039e-04
2.343690e-04
2.342520e-04
2.343558e-04
2.344084e-04
2.344115e-04
2.344043e-04
2.343680e-04
2.344034e-04
2.343510e-04
2.340463e-04
2.347800e-04
2.343366e-04
2.343421e-04
2.343848e-04
2.343354e-04
2.343609e-04
2.343558e-04
2.343595e-04
2.343343e-04
2.343779e-04
2.343338e-04
2.342255e-04
2.344247e-04
2.343976e-04
2.343647e-04
2.343990e-04
2.343508e-04
2.343660e-04
2.343474e-04
2.344246e-04
2.342603e-04
2.343292e-04
2.342785e-04
2.343621e-04
2.343325e-04
2.343725e-04
2.343284e-04
2.343628e-04
2.343192e-04
2.343374e-04
2.343226e-04
2.340255e-04
2.344988e-04
2.344365e-04
2.344047e-04
2.344037e-04
2.343631e-04
2.343817e-04
2.343627e-04
2.343587e-04
2.345830e-04
2.342308e-04
2.342709e-04
2.342926e-04
2.342681e-04
2.342912e-04
2.343451e-04
2.342236e-04
2.342646e-04
2.343176e-04
2.343299e-04
2.342928e-04
2.343441e-04
2.344267e-04
2.342740e-04
2.343044e-04
2.343152e-04
2.343106e-04
2.343195e-04
2.343158e-04
2.343229e-04
2.343187e-04
2.343256e-04
2.343212e-04
2.340166e-04
2.344692e-04
2.344249e-04
2.344066e-04
2.343967e-04
2.343748e-04
2.343681e-04
2.343533e-04
2.343511e-04
2.343405e-04
2.343681e-04
2.343185e-04
2.343336e-04
2.343094e-04
2.343385e-04
2.343118e-04
2.343386e-04
2.343384e-04
2.343238e-04
2.343095e-04
2.343185e-04
2.343171e-04
2.343228e-04
2.343187e-04
2.343500e-04
2.339922e-04
2.344811e-04
2.343936e-04
2.343976e-04
2.343852e-04
2.343644e-04
2.343413e-04
2.343405e-04
2.343322e-04
2.343572e-04
2.343086e-04
2.343138e-04
2.342925e-04
2.343290e-04
2.343276e-04
2.343135e-04
2.342997e-04
2.343077e-04
2.343065e-04
2.343371e-04
2.342940e-04
2.343105e-04
2.342903e-04
2.343189e-04
2.343208e-04
2.343073e-04
2.342952e-04
2.343041e-04
2.343037e-04
2.343342e-04
2.342923e-04
2.343087e-04
2.342890e-04
2.343169e-04
2.343186e-04
2.343054e-04
2.342935e-04
2.343020e-04
2.343016e-04
2.344318e-04
2.341754e-04
2.342479e-04
2.342625e-04
2.342969e-04
2.343081e-04
2.342885e-04
2.342856e-04
2.342872e-04
2.344580e-04
2.341817e-04
2.342406e-04
2.342653e-04
2.342634e-04
2.342883e-04
2.342977e-04
2.342788e-04
2.342765e-04
2.343042e-04
2.342739e-04
2.342849e-04
2.342768e-04
2.342982e-04
2.343098e-04
2.342919e-04
2.342901e-04
2.343178e-04
2.342866e-04
2.342965e-04
2.343132e-04
2.342927e-04
2.342913e-04
2.343190e-04
2.342873e-04
2.342969e-04
2.343133e-04
2.342926e-04
2.342911e-04
2.343183e-04
2.342868e-04
2.342961e-04
2.343122e-04
2.342918e-04
2.343048e-04
2.343071e-04
2.342827e-04
2.342839e-04
2.343131e-04
2.342825e-04
2.342924e-04
2.343228e-04
2.342789e-04
2.342841e-04
2.343028e-04
2.342854e-04
2.342844e-04
2.343114e-04
2.342956e-04
2.342811e-04
2.343034e-04
2.342762e-04
2.342877e-04
2.343183e-04
2.342752e-04
2.342806e-04
2.342992e-04
2.342823e-04
2.342959e-04
2.342983e-04
2.342756e-04
2.342773e-04
2.343055e-04
2.342909e-04
2.342768e-04
2.342988e-04
2.342726e-04
2.342840e-04
2.343138e-04
2.342722e-04
2.342776e-04
2.342957e-04
2.342794e-04
2.342926e-04
2.342951e-04
2.342732e-04
2.342748e-04
2.343022e-04
2.342880e-04
2.339840e-04
2.344385e-04
2.343633e-04
2.343609e-04
2.343664e-04
2.343173e-04
2.343100e-04
2.343182e-04
2.342951e-04
2.343023e-04
2.343013e-04
2.342771e-04
2.342767e-04
2.343018e-04
2.342869e-04
2.342732e-04
2.342764e-04
2.342685e-04
2.342908e-04
