0.000000e+00
5.042806e-05
1.008561e-04
1.512842e-04
2.017122e-04
2.521403e-04
3.025683e-04
3.529964e-04
4.034245e-04
4.538525e-04
5.042806e-04
5.547086e-04
6.051367e-04
6.555647e-04
7.059928e-04
7.564208e-04
8.068489e-04
8.572770e-04
9.077050e-04
9.581331e-04
1.008561e-03
1.058989e-03
1.109417e-03
1.159845e-03
1.210273e-03
1.260701e-03
3.005734e-03
4.131507e-03
6.251701e-03
6.194612e-03
8.011630e-03
9.828700e-03
9.762887e-03
9.726275e-03
9.710448e-03
9.697857e-03
9.563133e-03
8.665440e-03
6.057611e-03
1.634548e-03
-2.264344e-03
-7.544706e-03
-1.258383e-02
-1.785906e-02
-2.385847e-02
-3.248095e-02
-4.365975e-02
-5.281984e-02
-5.967967e-02
-5.986138e-02
-4.925179e-02
-2.625115e-02
1.002261e-02
5.638544e-02
1.065181e-01
1.606611e-01
2.222989e-01
2.902705e-01
3.591542e-01
4.321550e-01
5.076128e-01
5.826744e-01
6.575498e-01
7.310187e-01
7.988352e-01
8.608067e-01
9.148846e-01
9.554216e-01
9.873062e-01
1.013499e+00
1.031364e+00
1.047341e+00
1.061417e+00
1.072627e+00
1.080092e+00
1.083529e+00
1.082488e+00
1.078699e+00
1.069619e+00
1.056160e+00
1.037444e+00
1.009695e+00
9.695408e-01
9.187110e-01
8.519193e-01
7.766454e-01
7.017512e-01
6.336629e-01
5.940317e-01
5.957509e-01
6.284127e-01
6.844954e-01
7.532136e-01
8.240394e-01
8.892804e-01
9.363734e-01
9.733565e-01
9.982170e-01
1.015445e+00
1.024230e+00
1.033612e+00
1.038798e+00
1.040695e+00
1.043104e+00
1.045909e+00
1.048769e+00
1.051696e+00
1.050200e+00
1.048737e+00
1.052379e+00
1.051236e+00
1.050091e+00
1.048956e+00
1.052913e+00
1.052018e+00
1.051111e+00
1.050203e+00
1.049287e+00
1.053423e+00
1.052695e+00
1.051956e+00
1.051212e+00
1.050469e+00
1.049863e+00
1.054140e+00
1.053524e+00
1.052934e+00
1.052348e+00
1.051757e+00
1.051172e+00
1.050589e+00
1.050120e+00
1.049690e+00
1.054166e+00
1.053810e+00
1.053651e+00
1.053854e+00
1.054774e+00
1.056936e+00
1.060935e+00
1.067066e+00
1.070620e+00
1.076567e+00
1.080568e+00
1.088258e+00
1.096752e+00
1.110800e+00
1.125046e+00
1.135971e+00
1.149133e+00
1.161215e+00
1.170192e+00
1.171309e+00
1.160595e+00
1.135303e+00
1.099808e+00
1.055494e+00
1.010786e+00
9.614193e-01
9.078531e-01
8.468517e-01
7.815060e-01
7.159792e-01
6.498667e-01
5.838737e-01
5.166768e-01
4.505530e-01
3.865184e-01
3.258049e-01
2.704366e-01
2.195547e-01
1.737663e-01
1.315630e-01
9.449891e-02
6.469463e-02
3.787845e-02
1.757850e-02
3.982624e-04
-1.154133e-02
-2.001129e-02
-2.499109e-02
-2.826848e-02
-2.795121e-02
-2.584239e-02
-2.381741e-02
-1.992351e-02
-1.603889e-02
-1.213769e-02
-8.252176e-03
-6.278178e-03
-2.390675e-03
-4.149515e-04
3.460892e-03
5.426855e-03
5.483606e-03
5.541183e-03
5.599530e-03
5.655210e-03
5.711468e-03
5.767538e-03
5.823547e-03
5.879368e-03
5.936567e-03
5.995954e-03
6.045457e-03
6.101905e-03
6.155608e-03
6.210757e-03
6.265126e-03
6.319685e-03
6.375539e-03
6.428669e-03
6.482646e-03
6.536504e-03
6.590362e-03
6.644189e-03
6.697923e-03
6.751537e-03
6.805089e-03
6.858490e-03
6.911861e-03
6.966666e-03
7.018757e-03
7.071727e-03
7.124635e-03
7.177637e-03
7.230488e-03
7.283510e-03
7.335989e-03
7.389087e-03
7.441643e-03
7.494193e-03
7.547369e-03
7.599030e-03
7.651998e-03
7.703881e-03
7.756957e-03
7.811844e-03
7.860727e-03
7.914540e-03
7.965246e-03
8.018777e-03
8.069376e-03
8.123009e-03
8.173583e-03
8.226612e-03
8.277867e-03
8.330859e-03
8.381484e-03
8.434388e-03
8.485467e-03
8.537740e-03
8.589326e-03
8.641227e-03
8.692952e-03
8.744676e-03
8.796370e-03
8.849087e-03
8.898362e-03
8.952500e-03
9.001795e-03
9.055731e-03
9.104970e-03
9.159386e-03
9.207312e-03
9.261614e-03
9.312422e-03
9.364919e-03
9.414079e-03
9.467594e-03
9.516450e-03
9.574182e-03
9.622464e-03
9.670870e-03
9.722883e-03
9.775464e-03
9.824402e-03
9.876585e-03
9.929248e-03
9.980371e-03
1.002931e-02
1.008143e-02
1.013378e-02
1.018493e-02
1.023392e-02
1.028686e-02
1.033587e-02
1.038941e-02
1.043865e-02
1.049088e-02
1.054118e-02
1.059241e-02
1.064366e-02
1.069455e-02
1.074665e-02
1.079814e-02
1.084634e-02
1.089970e-02
1.094985e-02
1.100209e-02
1.105059e-02
1.110298e-02
1.115453e-02
1.120475e-02
1.125672e-02
1.130536e-02
1.135879e-02
1.140883e-02
1.145840e-02
1.151099e-02
1.156191e-02
1.161050e-02
1.166394e-02
1.171420e-02
1.176341e-02
1.181633e-02
1.186724e-02
1.191791e-02
1.196682e-02
1.201859e-02
1.206932e-02
1.211994e-02
1.217136e-02
1.222143e-02
1.227288e-02
1.232321e-02
1.237436e-02
1.242494e-02
1.247561e-02
1.252638e-02
1.257228e-02
1.261793e-02
1.266370e-02
1.270984e-02
1.275516e-02
1.280101e-02
1.284516e-02
1.289309e-02
1.293872e-02
1.298397e-02
1.302964e-02
1.307395e-02
1.312166e-02
1.316558e-02
1.321138e-02
1.325748e-02
1.330389e-02
1.334719e-02
1.339473e-02
1.344015e-02
1.348435e-02
1.353171e-02
1.357675e-02
1.362143e-02
1.366819e-02
1.371447e-02
1.375991e-02
1.380378e-02
1.385101e-02
1.389642e-02
1.394105e-02
1.398713e-02
1.403301e-02
1.407902e-02
1.412294e-02
1.417050e-02
1.421481e-02
1.426149e-02
1.430679e-02
1.435130e-02
1.439809e-02
1.444344e-02
1.448790e-02
1.453349e-02
1.458038e-02
1.462482e-02
1.467148e-02
1.471702e-02
1.476091e-02
1.480771e-02
1.485268e-02
1.489894e-02
1.494356e-02
1.499012e-02
1.503321e-02
1.508160e-02
1.323261e-02
1.327936e-02
1.332404e-02
1.337068e-02
1.341543e-02
1.346208e-02
1.350665e-02
1.355331e-02
1.359880e-02
1.364419e-02
1.369011e-02
1.373495e-02
1.378036e-02
1.382756e-02
1.387249e-02
1.391847e-02
1.396343e-02
1.400989e-02
1.405541e-02
1.410021e-02
1.414688e-02
1.419241e-02
1.423720e-02
1.428383e-02
1.432938e-02
1.437428e-02
1.442079e-02
1.446616e-02
1.451127e-02
1.455761e-02
1.460324e-02
1.464763e-02
1.469458e-02
1.474016e-02
1.478584e-02
1.483082e-02
1.487713e-02
1.492270e-02
1.496835e-02
1.501327e-02
1.505976e-02
1.510513e-02
1.515083e-02
1.519639e-02
1.524221e-02
1.528815e-02
1.533311e-02
1.537881e-02
1.542454e-02
1.546987e-02
1.551583e-02
1.556144e-02
1.560705e-02
1.565263e-02
1.569837e-02
1.574388e-02
1.578956e-02
1.583517e-02
1.588079e-02
1.592637e-02
1.597170e-02
1.601760e-02
1.606336e-02
1.610882e-02
1.615404e-02
1.620013e-02
1.624523e-02
1.629154e-02
1.633709e-02
1.638267e-02
1.642820e-02
1.647375e-02
1.651945e-02
1.656495e-02
1.660987e-02
1.665642e-02
1.670179e-02
1.674746e-02
1.679307e-02
1.683862e-02
1.688421e-02
1.692987e-02
1.697540e-02
1.702096e-02
1.706675e-02
1.711218e-02
1.715785e-02
1.720349e-02
1.724905e-02
1.729463e-02
1.734030e-02
1.738583e-02
1.743141e-02
1.747708e-02
1.752264e-02
1.756753e-02
1.761414e-02
1.765942e-02
1.770512e-02
1.775070e-02
1.779628e-02
1.784184e-02
1.788745e-02
1.793303e-02
1.797858e-02
1.802428e-02
1.806978e-02
1.811533e-02
1.816106e-02
1.820656e-02
1.825155e-02
1.829788e-02
1.834340e-02
1.838901e-02
1.843459e-02
1.848011e-02
1.852575e-02
1.857131e-02
1.861695e-02
1.866245e-02
1.870814e-02
1.875364e-02
1.879919e-02
1.884487e-02
1.889039e-02
1.893603e-02
1.898161e-02
1.902725e-02
1.907275e-02
1.911830e-02
1.916398e-02
1.920956e-02
1.925486e-02
1.930070e-02
1.934637e-02
1.939195e-02
1.943745e-02
1.948318e-02
1.762897e-02
1.767458e-02
1.772010e-02
1.776574e-02
1.781127e-02
1.785691e-02
1.790246e-02
1.794807e-02
1.799360e-02
1.803921e-02
1.808476e-02
1.813043e-02
1.817590e-02
1.822154e-02
1.826713e-02
1.831270e-02
1.835823e-02
1.840393e-02
1.844943e-02
1.849504e-02
1.854060e-02
1.858623e-02
1.863173e-02
1.867740e-02
1.872287e-02
1.876856e-02
1.881409e-02
1.885967e-02
1.890520e-02
1.895089e-02
1.899636e-02
1.904200e-02
1.908753e-02
1.913320e-02
1.917879e-02
1.922433e-02
1.926986e-02
1.931553e-02
1.936106e-02
1.940667e-02
1.945219e-02
1.949777e-02
1.954333e-02
1.958893e-02
1.963443e-02
1.968010e-02
1.972563e-02
1.977127e-02
1.981676e-02
1.986237e-02
1.990793e-02
1.995357e-02
1.999910e-02
2.004467e-02
2.009020e-02
2.013587e-02
2.018137e-02
2.022697e-02
2.027250e-02
2.031811e-02
2.036370e-02
2.040928e-02
2.045483e-02
2.050041e-02
2.054600e-02
2.059161e-02
2.063714e-02
2.068271e-02
2.072824e-02
2.077385e-02
2.081944e-02
2.086502e-02
2.091054e-02
2.095615e-02
2.100174e-02
2.104732e-02
