0.000000e+00
5.042806e-05
2.007432e-03
2.057860e-03
2.108288e-03
2.158716e-03
2.209144e-03
2.259572e-03
2.310000e-03
2.360428e-03
2.410856e-03
2.461284e-03
2.511712e-03
2.562140e-03
2.612568e-03
2.662996e-03
2.713424e-03
2.763852e-03
2.814280e-03
2.864709e-03
2.915137e-03
2.965565e-03
3.015993e-03
3.066421e-03
3.116849e-03
3.167277e-03
3.217705e-03
3.268133e-03
3.318561e-03
3.368989e-03
3.419417e-03
3.469845e-03
3.520273e-03
3.570701e-03
3.621129e-03
3.671557e-03
3.721985e-03
3.772414e-03
3.822842e-03
3.882658e-03
3.928344e-03
3.968945e-03
4.011449e-03
4.054764e-03
4.104786e-03
4.155464e-03
4.205580e-03
4.256663e-03
4.307528e-03
4.358112e-03
4.408914e-03
4.459685e-03
4.510332e-03
4.560853e-03
4.611157e-03
4.659557e-03
4.706710e-03
8.574113e-03
1.244102e-02
1.440737e-02
1.636982e-02
1.833312e-02
2.029641e-02
2.224982e-02
2.235616e-02
2.245844e-02
2.256126e-02
2.266491e-02
2.277256e-02
2.288711e-02
2.301645e-02
2.319578e-02
2.338651e-02
2.362899e-02
2.192424e-02
2.215738e-02
2.235574e-02
1.874587e-02
1.516064e-02
1.344866e-02
1.178666e-02
1.008895e-02
8.333542e-03
6.563334e-03
4.767012e-03
2.956262e-03
1.109168e-03
2.934178e-03
4.640357e-03
6.274537e-03
7.947095e-03
7.790302e-03
7.698965e-03
7.655396e-03
9.558829e-03
1.148183e-02
1.150520e-02
1.153859e-02
1.349302e-02
1.162963e-02
1.168010e-02
1.173148e-02
1.178326e-02
1.183604e-02
1.188785e-02
1.006265e-02
8.233575e-03
6.429958e-03
6.454923e-03
2.830288e-03
1.016470e-03
4.467628e-05
-2.751183e-03
-5.866903e-03
-9.100188e-03
-1.246155e-02
-1.564022e-02
-1.871078e-02
-2.319201e-02
-2.606478e-02
-2.880462e-02
-3.290813e-02
-3.730881e-02
-4.140249e-02
-4.641847e-02
-5.052451e-02
-5.543460e-02
-5.940448e-02
-6.384297e-02
-6.900739e-02
-7.245946e-02
-6.232631e-02
-3.164674e-02
2.046003e-02
1.006910e-01
2.056807e-01
3.226126e-01
4.345181e-01
5.449656e-01
6.558925e-01
7.609410e-01
8.510548e-01
9.163053e-01
9.637200e-01
9.931064e-01
1.014806e+00
1.027798e+00
1.036683e+00
1.045919e+00
1.050541e+00
1.050449e+00
1.050673e+00
1.050931e+00
1.051205e+00
1.051489e+00
1.051793e+00
1.052290e+00
1.052844e+00
1.053431e+00
1.054047e+00
1.054686e+00
1.055347e+00
1.056034e+00
1.056725e+00
1.057567e+00
1.058416e+00
1.059276e+00
1.060140e+00
1.061005e+00
1.061869e+00
1.062739e+00
1.058667e+00
1.059556e+00
1.060446e+00
1.061442e+00
1.062429e+00
1.063425e+00
1.059468e+00
1.060455e+00
1.061443e+00
1.062425e+00
1.063405e+00
1.059434e+00
1.060413e+00
1.061393e+00
1.062361e+00
1.063333e+00
1.059356e+00
1.060345e+00
1.061334e+00
1.062324e+00
1.063398e+00
1.059527e+00
1.060602e+00
1.061678e+00
1.062756e+00
1.058889e+00
1.059969e+00
1.061051e+00
1.062135e+00
1.063231e+00
1.059394e+00
1.060519e+00
1.061678e+00
1.062911e+00
1.059308e+00
1.060821e+00
1.062598e+00
1.059861e+00
1.061234e+00
1.063379e+00
1.061642e+00
1.065743e+00
1.066034e+00
1.067348e+00
1.069746e+00
1.073236e+00
1.078105e+00
1.080193e+00
1.084576e+00
1.091281e+00
1.096748e+00
1.104370e+00
1.110179e+00
1.116601e+00
1.120872e+00
1.123551e+00
1.122224e+00
1.115724e+00
1.102798e+00
1.080488e+00
1.052940e+00
1.019304e+00
9.795870e-01
9.345695e-01
8.799596e-01
8.220270e-01
7.625148e-01
7.050168e-01
6.496467e-01
5.966041e-01
5.463347e-01
4.982815e-01
4.536705e-01
4.096200e-01
3.699469e-01
3.319643e-01
2.975390e-01
2.649973e-01
2.354203e-01
2.080220e-01
1.830715e-01
1.606411e-01
1.409043e-01
1.225688e-01
1.071918e-01
9.334643e-02
8.108626e-02
7.045248e-02
6.148703e-02
5.424178e-02
4.699431e-02
4.150198e-02
3.601452e-02
3.232633e-02
2.864461e-02
2.495493e-02
2.312243e-02
2.128401e-02
1.945095e-02
1.760988e-02
1.577192e-02
1.393687e-02
1.209458e-02
1.215386e-02
1.221134e-02
1.227184e-02
1.232751e-02
1.238471e-02
1.244128e-02
1.250032e-02
1.254992e-02
1.260089e-02
1.265143e-02
1.270204e-02
1.086180e-02
1.091541e-02
1.097039e-02
1.102503e-02
1.107973e-02
1.113431e-02
1.119110e-02
1.124384e-02
1.129795e-02
1.135171e-02
1.140563e-02
1.145943e-02
1.151316e-02
1.157005e-02
1.162073e-02
1.167468e-02
1.172738e-02
1.178077e-02
1.183382e-02
1.188696e-02
1.193998e-02
1.199297e-02
1.204589e-02
1.210093e-02
1.215220e-02
1.220478e-02
1.225715e-02
1.230970e-02
1.236218e-02
1.241467e-02
1.246709e-02
1.251952e-02
1.256681e-02
1.261411e-02
1.266131e-02
1.081549e-02
1.086975e-02
1.092043e-02
1.097242e-02
1.102422e-02
1.107615e-02
1.112810e-02
1.118003e-02
1.123195e-02
1.128382e-02
1.133571e-02
1.138754e-02
1.143934e-02
1.149114e-02
1.154288e-02
1.159465e-02
1.164632e-02
1.169803e-02
1.174968e-02
1.180444e-02
1.185318e-02
1.190533e-02
1.195619e-02
1.200784e-02
1.205920e-02
1.211072e-02
1.216215e-02
1.221363e-02
1.226506e-02
1.231649e-02
1.236788e-02
1.241931e-02
1.247064e-02
1.252207e-02
1.256830e-02
1.261466e-02
1.266086e-02
1.081411e-02
1.086535e-02
1.091668e-02
1.096786e-02
1.101916e-02
1.107033e-02
1.112160e-02
1.117275e-02
1.122399e-02
1.127510e-02
1.132943e-02
1.137767e-02
1.142941e-02
1.147981e-02
1.153108e-02
1.158198e-02
1.163315e-02
1.168414e-02
1.173526e-02
1.178628e-02
1.183736e-02
1.188841e-02
1.193940e-02
1.199048e-02
1.204147e-02
1.209249e-02
1.214352e-02
1.219447e-02
1.224546e-02
1.229645e-02
1.234744e-02
1.239837e-02
1.244933e-02
1.250025e-02
1.254618e-02
1.259207e-02
1.263799e-02
1.268385e-02
1.083663e-02
1.088752e-02
1.093842e-02
1.098931e-02
1.104021e-02
1.109104e-02
1.114197e-02
1.119281e-02
1.124370e-02
1.129457e-02
1.134527e-02
1.139626e-02
1.144704e-02
1.149781e-02
1.154873e-02
1.159950e-02
1.165024e-02
1.170117e-02
1.175191e-02
1.180268e-02
1.185336e-02
1.190444e-02
1.195503e-02
1.200583e-02
1.205498e-02
1.210762e-02
1.215758e-02
1.220898e-02
1.225947e-02
1.231027e-02
1.236123e-02
1.241187e-02
1.246249e-02
1.251348e-02
1.255893e-02
1.260507e-02
1.265009e-02
1.269632e-02
1.084851e-02
1.089972e-02
1.094983e-02
1.100101e-02
1.105131e-02
1.110255e-02
1.115261e-02
1.120375e-02
1.125412e-02
1.130495e-02
1.135557e-02
1.140631e-02
1.145695e-02
1.150763e-02
1.155828e-02
1.160961e-02
1.165882e-02
1.171090e-02
1.176036e-02
1.181238e-02
1.186147e-02
1.191364e-02
1.196282e-02
1.201472e-02
1.206430e-02
1.211620e-02
1.216547e-02
1.221771e-02
1.226642e-02
1.231869e-02
1.236803e-02
1.242014e-02
1.246898e-02
1.252099e-02
1.256561e-02
1.261228e-02
1.265692e-02
1.080970e-02
1.086106e-02
1.090984e-02
1.096192e-02
1.101197e-02
1.106259e-02
1.111358e-02
1.116372e-02
1.121437e-02
1.126502e-02
1.131644e-02
1.136718e-02
1.141736e-02
1.146689e-02
1.151769e-02
1.156818e-02
1.161957e-02
1.167047e-02
1.172068e-02
1.177014e-02
1.182094e-02
1.187149e-02
1.192292e-02
1.197244e-02
1.202365e-02
1.207380e-02
1.212529e-02
1.217481e-02
1.222633e-02
1.227586e-02
1.232766e-02
1.237724e-02
1.242839e-02
1.247919e-02
1.252868e-02
1.257513e-02
1.262028e-02
1.266598e-02
1.081726e-02
1.086912e-02
1.091943e-02
1.096907e-02
1.102056e-02
1.107030e-02
1.112186e-02
1.117256e-02
1.122162e-02
1.127348e-02
1.132376e-02
1.137440e-02
1.142402e-02
1.147548e-02
1.152481e-02
1.157621e-02
1.162595e-02
1.167756e-02
1.172774e-02
1.177854e-02
1.182819e-02
1.187974e-02
1.193008e-02
1.197954e-02
1.203121e-02
1.208152e-02
1.213107e-02
1.218284e-02
1.223349e-02
1.228360e-02
1.233363e-02
1.238374e-02
1.243517e-02
1.248600e-02
1.253627e-02
1.258148e-02
1.262597e-02
1.267248e-02
1.082510e-02
1.087528e-02
1.092537e-02
1.097626e-02
1.102675e-02
1.107721e-02
1.112798e-02
1.117819e-02
1.122878e-02
1.127924e-02
1.132979e-02
1.138019e-02
1.143080e-02
1.148123e-02
1.153181e-02
1.158218e-02
1.163276e-02
1.168319e-02
1.173424e-02
1.178417e-02
1.183472e-02
1.188478e-02
1.193561e-02
1.198613e-02
1.203656e-02
1.208640e-02
1.213779e-02
1.218810e-02
1.223862e-02
1.228898e-02
1.233960e-02
1.238978e-02
1.244055e-02
1.249020e-02
1.254159e-02
1.258695e-02
1.263150e-02
1.267802e-02
1.083011e-02
1.087985e-02
1.093121e-02
1.098161e-02
1.103110e-02
1.108265e-02
1.113311e-02
1.118276e-02
1.123409e-02
1.128449e-02
1.133464e-02
1.138550e-02
1.143587e-02
1.148626e-02
1.153601e-02
1.158737e-02
1.163770e-02
1.168819e-02
1.173865e-02
1.178896e-02
1.183957e-02
1.188938e-02
1.194068e-02
1.199098e-02
1.204150e-02
1.209124e-02
1.214252e-02
1.219282e-02
1.224337e-02
1.229308e-02
1.234445e-02
1.239472e-02
1.244524e-02
1.249567e-02
1.254603e-02
1.259139e-02
1.263694e-02
1.268240e-02
1.083399e-02
1.088535e-02
1.093681e-02
1.098702e-02
1.103713e-02
1.108660e-02
1.113774e-02
1.118808e-02
1.123847e-02
1.128890e-02
1.133933e-02
1.138938e-02
1.144018e-02
1.149071e-02
1.154120e-02
1.159169e-02
1.164134e-02
1.169273e-02
1.174300e-02
1.179346e-02
1.184389e-02
1.189438e-02
1.194484e-02
1.199489e-02
1.204566e-02
1.209622e-02
1.214665e-02
1.219710e-02
1.224760e-02
1.229724e-02
1.234851e-02
1.239900e-02
1.244937e-02
1.249983e-02
1.255032e-02
1.259568e-02
1.264107e-02
1.268612e-02
1.083877e-02
1.088933e-02
1.093982e-02
1.099024e-02
1.104067e-02
1.109116e-02
1.114156e-02
1.119124e-02
1.124260e-02
1.129294e-02
1.134337e-02
1.139386e-02
1.144425e-02
1.149471e-02
1.154520e-02
1.159560e-02
1.164603e-02
1.169652e-02
1.174692e-02
1.179706e-02
1.184793e-02
1.189829e-02
1.194872e-02
1.199921e-02
1.204961e-02
1.210004e-02
1.215050e-02
1.220092e-02
1.225132e-02
1.230184e-02
1.235224e-02
1.240279e-02
1.245322e-02
1.250371e-02
1.254907e-02
1.259449e-02
1.263989e-02
1.268528e-02
1.083762e-02
1.088733e-02
1.093866e-02
1.098900e-02
1.103946e-02
1.108988e-02
1.114031e-02
1.119074e-02
1.124120e-02
1.129163e-02
1.134206e-02
1.139248e-02
1.144297e-02
1.149337e-02
1.154380e-02
1.159426e-02
1.164465e-02
1.169502e-02
1.174554e-02
1.179606e-02
1.184655e-02
1.189686e-02
1.194741e-02
1.199784e-02
1.204830e-02
1.209869e-02
1.214918e-02
1.219958e-02
1.225004e-02
1.230044e-02
1.235093e-02
1.240132e-02
1.245182e-02
1.250221e-02
1.254695e-02
1.259312e-02
1.263851e-02
1.268390e-02
1.083625e-02
1.088664e-02
1.093713e-02
1.098753e-02
1.103799e-02
1.108839e-02
1.113884e-02
1.118927e-02
1.123973e-02
1.129013e-02
1.134062e-02
1.139102e-02
1.144148e-02
1.149190e-02
1.154236e-02
1.159279e-02
1.164325e-02
1.169365e-02
1.174414e-02
1.179453e-02
1.184502e-02
1.189470e-02
1.194604e-02
1.199634e-02
1.204683e-02
1.209723e-02
1.214769e-02
1.219808e-02
1.224857e-02
1.229897e-02
1.234943e-02
1.239983e-02
1.245025e-02
1.250068e-02
1.254614e-02
1.259153e-02
1.263695e-02
1.268231e-02
1.083465e-02
1.088508e-02
1.093554e-02
1.098594e-02
1.103643e-02
1.108682e-02
1.113728e-02
1.118771e-02
1.123817e-02
1.128857e-02
1.133903e-02
1.138946e-02
1.143991e-02
1.149031e-02
1.154080e-02
1.159120e-02
1.164166e-02
1.169209e-02
1.174255e-02
1.179294e-02
1.184343e-02
1.189383e-02
1.194438e-02
1.199459e-02
1.204515e-02
1.209564e-02
1.214609e-02
1.219652e-02
1.224695e-02
1.229738e-02
1.234781e-02
1.239823e-02
1.244866e-02
1.249909e-02
1.254955e-02
1.259494e-02
1.264033e-02
1.268573e-02
1.083807e-02
1.088849e-02
1.093892e-02
1.098935e-02
1.103981e-02
1.109024e-02
1.114067e-02
1.119109e-02
1.124155e-02
1.129198e-02
1.134241e-02
1.139284e-02
1.144330e-02
1.149373e-02
1.154415e-02
1.159461e-02
1.164504e-02
1.169547e-02
1.174593e-02
1.179636e-02
1.184678e-02
1.189721e-02
1.194767e-02
1.199810e-02
1.204853e-02
1.209896e-02
1.214941e-02
1.219987e-02
1.225027e-02
1.230070e-02
1.235113e-02
1.240159e-02
1.245201e-02
1.250244e-02
1.254786e-02
1.259326e-02
1.263865e-02
1.268404e-02
1.083638e-02
1.088681e-02
1.093724e-02
1.098770e-02
1.103809e-02
1.108855e-02
1.113898e-02
1.118941e-02
1.123987e-02
1.129027e-02
1.134072e-02
1.139115e-02
1.144158e-02
1.149204e-02
1.154247e-02
1.159290e-02
1.164332e-02
1.169378e-02
1.174424e-02
1.179464e-02
1.184507e-02
1.189550e-02
1.194595e-02
1.199641e-02
1.204681e-02
1.209724e-02
1.214767e-02
1.219813e-02
1.224859e-02
1.229898e-02
1.234941e-02
1.239984e-02
1.245030e-02
1.250076e-02
1.254543e-02
1.259163e-02
1.263696e-02
1.268239e-02
1.083470e-02
1.088512e-02
1.093555e-02
1.098595e-02
1.103641e-02
1.108684e-02
1.113723e-02
1.118769e-02
1.123812e-02
1.128855e-02
1.133901e-02
1.138940e-02
1.143983e-02
1.149026e-02
1.154072e-02
