0.000000e+00
5.042806e-05
2.007432e-03
2.057860e-03
2.108288e-03
2.158716e-03
2.209144e-03
2.259572e-03
2.310000e-03
2.360428e-03
2.410856e-03
2.461284e-03
2.511712e-03
2.562140e-03
2.612568e-03
2.662996e-03
2.713424e-03
2.763852e-03
2.814280e-03
2.864709e-03
2.915137e-03
2.965565e-03
3.015993e-03
3.066421e-03
3.116849e-03
3.167277e-03
3.228902e-03
3.267476e-03
3.308171e-03
3.355449e-03
3.406033e-03
3.456555e-03
3.507326e-03
3.558315e-03
3.608837e-03
3.659639e-03
3.709693e-03
3.755598e-03
7.619352e-03
1.148361e-02
1.344706e-02
1.541201e-02
1.737430e-02
1.933504e-02
2.129593e-02
2.140390e-02
2.152946e-02
2.171213e-02
2.197926e-02
2.417139e-02
2.447401e-02
2.092182e-02
1.737381e-02
1.388256e-02
1.224157e-02
1.050826e-02
8.722150e-03
6.881693e-03
8.593225e-03
1.011174e-02
9.788908e-03
9.590137e-03
9.521181e-03
1.142108e-02
1.336223e-02
1.339189e-02
1.153060e-02
1.158201e-02
1.163523e-02
1.168751e-02
9.858943e-03
8.044895e-03
8.043605e-03
7.386933e-03
6.313423e-03
1.077852e-03
-2.364168e-03
-7.342533e-03
-1.220709e-02
-1.681191e-02
-2.325110e-02
-3.065854e-02
-4.061735e-02
-5.423847e-02
-6.915142e-02
-8.650084e-02
-9.541649e-02
-6.522227e-02
9.539111e-03
1.277467e-01
2.632211e-01
4.027660e-01
5.350582e-01
6.668186e-01
7.832115e-01
8.756978e-01
9.396666e-01
9.824402e-01
1.010277e+00
1.029165e+00
1.038881e+00
1.043872e+00
1.048893e+00
1.054132e+00
1.054593e+00
1.055147e+00
1.055758e+00
1.056400e+00
1.057217e+00
1.058043e+00
1.058883e+00
1.059733e+00
1.060584e+00
1.061434e+00
1.062282e+00
1.063261e+00
1.059300e+00
1.060271e+00
1.061234e+00
1.062191e+00
1.063144e+00
1.059144e+00
1.060092e+00
1.061037e+00
1.061976e+00
1.062916e+00
1.058999e+00
1.060044e+00
1.061092e+00
1.062142e+00
1.063195e+00
1.059309e+00
1.060386e+00
1.061491e+00
1.062665e+00
1.059072e+00
1.060785e+00
1.063208e+00
1.060550e+00
1.064623e+00
1.066075e+00
1.069800e+00
1.075834e+00
1.079922e+00
1.087751e+00
1.096400e+00
1.110713e+00
1.125439e+00
1.136922e+00
1.150348e+00
1.154580e+00
1.154767e+00
1.144911e+00
1.120011e+00
1.081548e+00
1.037083e+00
9.867886e-01
9.350117e-01
8.801267e-01
8.261805e-01
7.746229e-01
7.258776e-01
6.800241e-01
6.343381e-01
5.902329e-01
5.465791e-01
5.036641e-01
4.615383e-01
4.207319e-01
3.811936e-01
3.432578e-01
3.073381e-01
2.738570e-01
2.432272e-01
2.147184e-01
1.884876e-01
1.647167e-01
1.435624e-01
1.251906e-01
1.097919e-01
9.591984e-02
8.364412e-02
7.298926e-02
6.401347e-02
5.503662e-02
4.777528e-02
4.227648e-02
3.678075e-02
3.308501e-02
2.939305e-02
2.569918e-02
2.200906e-02
2.016425e-02
1.832339e-02
1.648066e-02
1.463859e-02
1.279751e-02
1.095360e-02
1.100855e-02
1.106331e-02
1.111801e-02
1.117253e-02
1.122847e-02
1.128155e-02
1.133532e-02
1.138921e-02
1.144291e-02
1.149658e-02
1.155010e-02
1.160352e-02
1.165841e-02
1.171046e-02
1.176342e-02
1.181631e-02
1.186920e-02
1.192206e-02
1.197483e-02
1.202753e-02
1.208018e-02
1.213272e-02
1.218524e-02
1.223920e-02
1.229043e-02
1.234261e-02
1.239472e-02
1.244693e-02
1.249904e-02
1.255115e-02
1.259820e-02
1.264518e-02
1.269213e-02
1.084594e-02
1.089786e-02
1.094970e-02
1.100153e-02
1.105330e-02
1.110507e-02
1.115961e-02
1.120832e-02
1.126072e-02
1.131171e-02
1.136348e-02
1.141487e-02
1.146651e-02
1.151794e-02
1.156949e-02
1.162092e-02
1.167238e-02
1.172374e-02
1.177517e-02
1.182653e-02
1.187789e-02
1.192919e-02
1.198053e-02
1.203180e-02
1.208307e-02
1.213431e-02
1.218555e-02
1.223675e-02
1.228799e-02
1.233911e-02
1.239031e-02
1.244143e-02
1.249261e-02
1.254366e-02
1.258980e-02
1.263722e-02
1.268223e-02
1.083498e-02
1.088594e-02
1.093690e-02
1.098798e-02
1.103888e-02
1.108990e-02
1.114089e-02
1.119188e-02
1.124280e-02
1.129379e-02
1.134475e-02
1.139565e-02
1.144657e-02
1.149750e-02
1.154843e-02
1.159929e-02
1.165016e-02
1.170105e-02
1.175189e-02
1.180281e-02
1.185359e-02
1.190479e-02
1.195510e-02
1.200615e-02
1.205689e-02
1.210778e-02
1.215846e-02
1.220961e-02
1.225991e-02
1.231099e-02
1.236148e-02
1.241282e-02
1.246296e-02
1.251411e-02
1.255960e-02
1.260530e-02
1.265138e-02
1.269646e-02
1.084961e-02
1.089988e-02
1.095115e-02
1.100124e-02
1.105244e-02
1.110269e-02
1.115367e-02
1.120423e-02
1.125497e-02
1.130568e-02
1.135635e-02
1.140759e-02
1.145696e-02
1.150901e-02
1.155838e-02
1.161030e-02
1.165980e-02
1.171163e-02
1.176109e-02
1.181295e-02
1.186222e-02
1.191440e-02
1.196336e-02
1.201538e-02
1.206484e-02
1.211683e-02
1.216610e-02
1.221734e-02
1.226814e-02
1.231835e-02
1.236891e-02
1.241999e-02
1.247089e-02
1.252169e-02
1.256667e-02
1.261200e-02
1.265824e-02
1.080908e-02
1.086123e-02
1.091059e-02
1.096233e-02
1.101185e-02
1.106284e-02
1.111324e-02
1.116373e-02
1.121447e-02
1.126484e-02
1.131558e-02
1.136600e-02
1.141721e-02
1.146780e-02
1.151710e-02
1.156875e-02
1.161902e-02
1.166988e-02
1.171947e-02
1.177055e-02
1.182154e-02
1.187169e-02
1.192258e-02
1.197226e-02
1.202382e-02
1.207415e-02
1.212364e-02
1.217541e-02
1.222568e-02
1.227524e-02
1.232694e-02
1.237728e-02
1.242687e-02
1.247851e-02
1.252903e-02
1.257411e-02
1.261932e-02
1.266452e-02
1.081758e-02
1.086729e-02
1.091878e-02
1.096821e-02
1.101982e-02
1.106935e-02
1.112074e-02
1.117036e-02
1.122175e-02
1.127143e-02
1.132273e-02
1.137235e-02
1.142365e-02
1.147402e-02
1.152423e-02
1.157497e-02
1.162474e-02
1.167604e-02
1.172647e-02
1.177668e-02
1.182742e-02
1.187725e-02
1.192852e-02
1.197892e-02
1.202860e-02
1.208003e-02
1.213027e-02
1.218010e-02
1.223144e-02
1.228180e-02
1.233157e-02
1.238291e-02
1.243315e-02
1.248308e-02
1.253429e-02
1.257965e-02
1.262501e-02
1.267021e-02
1.082283e-02
1.087332e-02
1.092313e-02
1.097437e-02
1.102470e-02
1.107522e-02
1.112496e-02
1.117633e-02
1.122657e-02
1.127709e-02
1.132752e-02
1.137810e-02
1.142841e-02
1.147893e-02
1.152939e-02
1.157988e-02
1.163002e-02
1.168086e-02
1.173129e-02
1.178178e-02
1.183217e-02
1.188273e-02
1.193306e-02
1.198361e-02
1.203404e-02
1.208453e-02
1.213493e-02
1.218514e-02
1.223591e-02
1.228643e-02
1.233683e-02
1.238732e-02
1.243772e-02
1.248758e-02
1.253876e-02
1.258415e-02
1.262951e-02
1.267493e-02
1.082724e-02
1.087770e-02
1.092813e-02
1.097794e-02
1.102924e-02
1.107954e-02
1.113003e-02
1.118046e-02
1.123089e-02
1.128135e-02
1.133177e-02
1.138223e-02
1.143266e-02
1.148321e-02
1.153358e-02
1.158407e-02
1.163453e-02
1.168496e-02
1.173542e-02
1.178585e-02
1.183630e-02
1.188676e-02
1.193719e-02
1.198768e-02
1.203746e-02
1.208882e-02
1.213903e-02
1.218955e-02
1.223995e-02
1.229041e-02
1.234083e-02
1.239126e-02
1.244172e-02
1.249215e-02
1.254261e-02
1.258800e-02
1.263339e-02
1.267885e-02
1.083116e-02
1.088102e-02
1.093217e-02
1.098257e-02
1.103299e-02
1.108345e-02
1.113385e-02
1.118431e-02
1.123474e-02
1.128520e-02
1.133562e-02
1.138608e-02
1.143651e-02
1.148694e-02
1.153743e-02
1.158783e-02
1.163829e-02
1.168875e-02
1.173920e-02
1.178963e-02
1.184006e-02
1.189055e-02
1.194095e-02
1.199119e-02
1.204190e-02
1.209239e-02
1.214279e-02
1.219321e-02
1.224370e-02
1.229410e-02
1.234453e-02
1.239499e-02
1.244538e-02
1.249584e-02
1.254630e-02
1.259170e-02
1.263709e-02
1.268251e-02
1.083482e-02
1.088525e-02
1.093574e-02
1.098614e-02
1.103659e-02
1.108705e-02
1.113745e-02
1.118791e-02
1.123837e-02
1.128880e-02
1.133923e-02
1.138972e-02
1.144011e-02
1.149054e-02
1.154103e-02
1.159143e-02
1.164189e-02
1.169235e-02
1.174274e-02
1.179320e-02
1.184366e-02
1.189406e-02
1.194452e-02
1.199498e-02
1.204541e-02
1.209593e-02
1.214629e-02
1.219675e-02
1.224718e-02
1.229764e-02
1.234807e-02
1.239853e-02
1.244892e-02
1.249935e-02
1.254978e-02
1.259517e-02
1.264062e-02
1.268599e-02
1.083833e-02
1.088875e-02
1.093918e-02
1.098961e-02
1.104007e-02
1.109053e-02
1.114093e-02
1.119139e-02
1.124181e-02
1.129224e-02
1.134267e-02
1.139313e-02
1.144356e-02
1.149402e-02
1.154441e-02
1.159490e-02
1.164530e-02
1.169576e-02
1.174619e-02
1.179665e-02
1.184704e-02
1.189750e-02
1.194793e-02
1.199839e-02
1.204879e-02
1.209925e-02
1.214967e-02
1.220013e-02
1.225053e-02
