0.000000e+00
5.042806e-05
2.007432e-03
2.057860e-03
2.108288e-03
2.158716e-03
2.209144e-03
2.259572e-03
2.310000e-03
2.360428e-03
2.410856e-03
2.461284e-03
2.511712e-03
2.562140e-03
2.612568e-03
2.662996e-03
2.713424e-03
2.763852e-03
2.814280e-03
2.864709e-03
2.915137e-03
2.965565e-03
3.015993e-03
3.066421e-03
3.116849e-03
3.167277e-03
3.217705e-03
3.268133e-03
3.318561e-03
3.368989e-03
3.419417e-03
3.469845e-03
3.520273e-03
3.570701e-03
3.621129e-03
3.671557e-03
3.721985e-03
3.772414e-03
3.822842e-03
3.873270e-03
3.923698e-03
3.974126e-03
4.024554e-03
4.074982e-03
4.125410e-03
4.175838e-03
4.226266e-03
4.276694e-03
4.327122e-03
4.377550e-03
4.427978e-03
4.478406e-03
4.528834e-03
4.579262e-03
4.629691e-03
4.680119e-03
4.730547e-03
4.780975e-03
4.831403e-03
4.881831e-03
4.932259e-03
4.982687e-03
5.033115e-03
5.083543e-03
5.133971e-03
5.184399e-03
5.234827e-03
5.285255e-03
5.335683e-03
5.386111e-03
5.436539e-03
5.486967e-03
5.537396e-03
5.587824e-03
5.638252e-03
5.688680e-03
5.739108e-03
5.789536e-03
5.839964e-03
5.890392e-03
5.940820e-03
5.991248e-03
6.041676e-03
6.092104e-03
6.142532e-03
6.192960e-03
6.243388e-03
6.293816e-03
6.344244e-03
6.394672e-03
6.445101e-03
6.495529e-03
6.545957e-03
6.596385e-03
6.646813e-03
6.697241e-03
6.747669e-03
6.798097e-03
6.848525e-03
6.898953e-03
6.949381e-03
7.389389e-03
8.070191e-03
8.632877e-03
9.072729e-03
9.409642e-03
9.665122e-03
9.856571e-03
9.995373e-03
1.010840e-02
1.019138e-02
1.024371e-02
1.029121e-02
1.032733e-02
1.035867e-02
1.037989e-02
1.040370e-02
1.042489e-02
1.043944e-02
1.044501e-02
1.046647e-02
1.047176e-02
1.048577e-02
1.050442e-02
1.051802e-02
1.054268e-02
1.055714e-02
1.058352e-02
1.059655e-02
1.062072e-02
1.063461e-02
1.066341e-02
1.068975e-02
1.071069e-02
1.074203e-02
1.077161e-02
1.080099e-02
1.082222e-02
1.085610e-02
1.088555e-02
1.091216e-02
1.092821e-02
1.093934e-02
1.093717e-02
1.088817e-02
1.081455e-02
1.067075e-02
1.046144e-02
1.395148e-02
1.540863e-02
1.673597e-02
1.796306e-02
1.905862e-02
2.005745e-02
2.092734e-02
2.174377e-02
2.245388e-02
2.311264e-02
2.367893e-02
2.230835e-02
2.272714e-02
2.120586e-02
2.147758e-02
2.167148e-02
2.175537e-02
1.987614e-02
1.976224e-02
1.951066e-02
1.919002e-02
1.872475e-02
1.812810e-02
1.740354e-02
1.657363e-02
1.559494e-02
1.447428e-02
1.320341e-02
1.182142e-02
1.036638e-02
8.720072e-03
7.006040e-03
5.182503e-03
3.373678e-03
3.199218e-03
2.970016e-03
2.918987e-03
2.999372e-03
3.492715e-03
4.340081e-03
5.912694e-03
6.637589e-03
9.948522e-03
1.309833e-02
1.707271e-02
2.286181e-02
2.691844e-02
3.236308e-02
4.001977e-02
4.818024e-02
5.731128e-02
6.815589e-02
8.016890e-02
8.995863e-02
1.019831e-01
1.157560e-01
1.298910e-01
1.465059e-01
1.650026e-01
1.850031e-01
2.075252e-01
2.315554e-01
2.570125e-01
2.843253e-01
3.110258e-01
3.395313e-01
3.686049e-01
3.995374e-01
4.315896e-01
4.643614e-01
4.947272e-01
5.262613e-01
5.586667e-01
5.925339e-01
6.235203e-01
6.562042e-01
6.862296e-01
7.173725e-01
7.489132e-01
7.816196e-01
8.141160e-01
8.454557e-01
8.743678e-01
9.021302e-01
9.247352e-01
9.468051e-01
9.646871e-01
9.779112e-01
9.888958e-01
9.980578e-01
1.007553e+00
1.014839e+00
1.019335e+00
1.024480e+00
1.029864e+00
1.032257e+00
1.035223e+00
1.038378e+00
1.038355e+00
1.039971e+00
1.041779e+00
1.043868e+00
1.046275e+00
1.048869e+00
1.051601e+00
1.051009e+00
1.050577e+00
1.050310e+00
1.050197e+00
1.050238e+00
1.050279e+00
1.050466e+00
1.050798e+00
1.049808e+00
1.052372e+00
1.051664e+00
1.050907e+00
1.050336e+00
1.049897e+00
1.052765e+00
1.052409e+00
1.052173e+00
1.052068e+00
1.051850e+00
1.051760e+00
1.051813e+00
1.051707e+00
1.050297e+00
1.047602e+00
1.047439e+00
1.047278e+00
1.046881e+00
1.046540e+00
1.045835e+00
1.043836e+00
1.041390e+00
1.039025e+00
1.036342e+00
1.035564e+00
1.031325e+00
1.026972e+00
1.027293e+00
1.020750e+00
1.015220e+00
1.008844e+00
1.000837e+00
9.911085e-01
9.806652e-01
9.696378e-01
9.569769e-01
9.433284e-01
9.284944e-01
9.117450e-01
8.927012e-01
8.725677e-01
8.511377e-01
8.288052e-01
8.058171e-01
7.818114e-01
7.563650e-01
7.287010e-01
7.003689e-01
6.714640e-01
6.418114e-01
6.117388e-01
5.808108e-01
5.481404e-01
5.158179e-01
4.830166e-01
4.481209e-01
4.129321e-01
3.762025e-01
3.392217e-01
3.024683e-01
2.655221e-01
2.307939e-01
1.971498e-01
1.677729e-01
1.414351e-01
1.159670e-01
9.466965e-02
7.626813e-02
6.235923e-02
4.966491e-02
3.814017e-02
2.966447e-02
2.243064e-02
1.472854e-02
1.019604e-02
5.460690e-03
2.390566e-03
1.720987e-03
1.903031e-03
4.092386e-03
9.001430e-03
1.881631e-02
3.275789e-02
5.163100e-02
7.259491e-02
9.990934e-02
1.345242e-01
1.737689e-01
2.194978e-01
2.678453e-01
3.221871e-01
3.816271e-01
4.433734e-01
5.057519e-01
5.730932e-01
6.380717e-01
7.031590e-01
7.675564e-01
8.283700e-01
8.789462e-01
9.209702e-01
9.545655e-01
9.768361e-01
9.929729e-01
1.006700e+00
1.017529e+00
1.024652e+00
1.032881e+00
1.037285e+00
1.042633e+00
1.043837e+00
1.045468e+00
1.047732e+00
1.050286e+00
1.048435e+00
1.051475e+00
1.050292e+00
1.049317e+00
1.053228e+00
1.052490e+00
1.051873e+00
1.051335e+00
1.051110e+00
1.050957e+00
1.050887e+00
1.050883e+00
1.050901e+00
1.050960e+00
1.051044e+00
1.051163e+00
1.051286e+00
1.051652e+00
1.052022e+00
1.052408e+00
1.052806e+00
1.053217e+00
1.053660e+00
1.054114e+00
1.054583e+00
1.055035e+00
1.055502e+00
1.055976e+00
1.056432e+00
1.056898e+00
1.057537e+00
1.058179e+00
1.058821e+00
1.059464e+00
1.060112e+00
1.060770e+00
1.061426e+00
1.062086e+00
1.062761e+00
1.058531e+00
1.059212e+00
1.059885e+00
1.060574e+00
1.061255e+00
1.061949e+00
1.062646e+00
1.058451e+00
1.059194e+00
1.059914e+00
1.060787e+00
1.061656e+00
1.062544e+00
1.058528e+00
1.059413e+00
1.060289e+00
1.061172e+00
1.062054e+00
1.062949e+00
1.058947e+00
1.059826e+00
1.060721e+00
1.061602e+00
1.062501e+00
1.057017e+00
1.056471e+00
1.057365e+00
1.058255e+00
1.057715e+00
1.058601e+00
1.059499e+00
1.060385e+00
1.059841e+00
1.060734e+00
1.060194e+00
1.059654e+00
1.059128e+00
1.060053e+00
1.060962e+00
1.060550e+00
1.061572e+00
1.062593e+00
1.058674e+00
1.059698e+00
1.060720e+00
1.061744e+00
1.062764e+00
1.058841e+00
1.058427e+00
1.059443e+00
1.060464e+00
1.061484e+00
1.062501e+00
1.058575e+00
1.059587e+00
1.060610e+00
1.061634e+00
1.062640e+00
1.058718e+00
1.059733e+00
1.060741e+00
1.061762e+00
1.062772e+00
1.058841e+00
1.059854e+00
1.060871e+00
1.061877e+00
1.062904e+00
1.058961e+00
1.059981e+00
1.060986e+00
1.062003e+00
1.063007e+00
1.059077e+00
1.060103e+00
1.061133e+00
1.062140e+00
1.063153e+00
1.059217e+00
1.060248e+00
1.061269e+00
1.062311e+00
1.063402e+00
1.059550e+00
1.060667e+00
1.061776e+00
1.062894e+00
1.059057e+00
1.060172e+00
1.061281e+00
1.062396e+00
1.063508e+00
1.059679e+00
1.060784e+00
1.061905e+00
1.063014e+00
1.059182e+00
1.060301e+00
1.061421e+00
1.062523e+00
1.058699e+00
1.059807e+00
1.059487e+00
1.060605e+00
1.060285e+00
1.059959e+00
1.061079e+00
1.060764e+00
1.061876e+00
1.061559e+00
1.062676e+00
1.057405e+00
1.058529e+00
1.058214e+00
1.059328e+00
1.059023e+00
1.060147e+00
1.059842e+00
1.060972e+00
1.060668e+00
1.061810e+00
1.061522e+00
1.062678e+00
1.057456e+00
1.058654e+00
1.058407e+00
1.058195e+00
1.058004e+00
1.057849e+00
1.057714e+00
1.057625e+00
1.057570e+00
1.057568e+00
1.057628e+00
1.057749e+00
1.057956e+00
1.058255e+00
1.058635e+00
1.059129e+00
1.059740e+00
1.060522e+00
1.061440e+00
1.062491e+00
1.063673e+00
1.060156e+00
1.061610e+00
1.063225e+00
1.060165e+00
1.062046e+00
1.064076e+00
1.061525e+00
1.063823e+00
1.061608e+00
1.064174e+00
1.062311e+00
1.065168e+00
1.063656e+00
1.062423e+00
1.065856e+00
1.065128e+00
1.064624e+00
1.064429e+00
1.064545e+00
1.065014e+00
1.065832e+00
1.067001e+00
1.068531e+00
1.070453e+00
1.072723e+00
1.075292e+00
1.074609e+00
1.077609e+00
1.077561e+00
1.077584e+00
1.077951e+00
1.078472e+00
1.077549e+00
1.076417e+00
1.075437e+00
1.073672e+00
1.071881e+00
1.068707e+00
1.063924e+00
1.055544e+00
1.045807e+00
1.034332e+00
1.019633e+00
1.001756e+00
9.808178e-01
9.578097e-01
9.311511e-01
9.023341e-01
8.708658e-01
8.369275e-01
8.000474e-01
7.615497e-01
7.211547e-01
6.767611e-01
6.314312e-01
5.839684e-01
5.348188e-01
4.845180e-01
4.343677e-01
3.846262e-01
3.365935e-01
2.921384e-01
2.494291e-01
2.135762e-01
1.799668e-01
1.517467e-01
1.259735e-01
1.037972e-01
8.436772e-02
6.770889e-02
5.240029e-02
4.188841e-02
3.275665e-02
2.519263e-02
1.911221e-02
1.303133e-02
1.031603e-02
7.597895e-03
4.638348e-03
1.676876e-03
2.298570e-03
2.885306e-03
3.372126e-03
3.817351e-03
4.250805e-03
2.762218e-03
3.099611e-03
5.332782e-03
7.553895e-03
7.829372e-03
8.117081e-03
8.362998e-03
8.610932e-03
1.071993e-02
1.091720e-02
1.109263e-02
1.126220e-02
1.141783e-02
1.155354e-02
1.170160e-02
1.182936e-02
1.195087e-02
1.207146e-02
1.217630e-02
1.227970e-02
1.238793e-02
1.248124e-02
1.257279e-02
1.265947e-02
1.274248e-02
1.281924e-02
1.289495e-02
1.296711e-02
1.304125e-02
1.311000e-02
1.317318e-02
1.324613e-02
1.330335e-02
1.337487e-02
1.344133e-02
1.160504e-02
1.166876e-02
1.173282e-02
1.180205e-02
1.186344e-02
1.192969e-02
1.198927e-02
1.205169e-02
1.210928e-02
1.217555e-02
1.223417e-02
1.229275e-02
1.235364e-02
1.241269e-02
1.246941e-02
1.252587e-02
1.258541e-02
1.263319e-02
1.268793e-02
1.273784e-02
1.279089e-02
1.095250e-02
1.100707e-02
1.106908e-02
1.112324e-02
1.117474e-02
1.123183e-02
1.129017e-02
1.134470e-02
1.139897e-02
1.145474e-02
1.150875e-02
1.156444e-02
1.162228e-02
1.167500e-02
1.173041e-02
1.178333e-02
1.183876e-02
1.189288e-02
1.194708e-02
1.200212e-02
1.205876e-02
1.211196e-02
1.216579e-02
1.221980e-02
1.227262e-02
1.232718e-02
1.237985e-02
1.243590e-02
1.248988e-02
1.254414e-02
1.259028e-02
1.264206e-02
1.268607e-02
1.084491e-02
1.089444e-02
1.095183e-02
1.100098e-02
1.105828e-02
1.111204e-02
1.116656e-02
1.121587e-02
1.127231e-02
1.132216e-02
1.137854e-02
1.142810e-02
1.148251e-02
1.153542e-02
1.158881e-02
1.164141e-02
1.169685e-02
1.174870e-02
1.180319e-02
1.185275e-02
1.190833e-02
1.195717e-02
1.201344e-02
1.206239e-02
1.211838e-02
1.216721e-02
1.222271e-02
1.227278e-02
1.232751e-02
1.237771e-02
1.243355e-02
1.248198e-02
1.254169e-02
1.258298e-02
1.263417e-02
1.267777e-02
1.083507e-02
1.088355e-02
1.093920e-02
1.098840e-02
1.104368e-02
1.109237e-02
1.114796e-02
1.119717e-02
1.125238e-02
1.130113e-02
1.135655e-02
1.140583e-02
1.146091e-02
1.150960e-02
1.156492e-02
1.161787e-02
1.167090e-02
1.171952e-02
1.177423e-02
1.182326e-02
1.187784e-02
1.192640e-02
1.198136e-02
1.203378e-02
1.208194e-02
1.213617e-02
1.218614e-02
1.224068e-02
1.229350e-02
1.234659e-02
1.239788e-02
1.245050e-02
1.249720e-02
1.255194e-02
1.259907e-02
1.264216e-02
1.269145e-02
1.084570e-02
1.089314e-02
1.095071e-02
1.099890e-02
1.105282e-02
1.110081e-02
1.115520e-02
1.120748e-02
1.125655e-02
1.130870e-02
1.136153e-02
1.140896e-02
1.146393e-02
1.151317e-02
1.156729e-02
1.161725e-02
1.167094e-02
1.172271e-02
1.177108e-02
1.182499e-02
1.187461e-02
1.192759e-02
1.197703e-02
1.203040e-02
1.208081e-02
1.213344e-02
1.218550e-02
1.223762e-02
1.228504e-02
1.233977e-02
1.238893e-02
1.244278e-02
1.249247e-02
1.254948e-02
1.259044e-02
1.263933e-02
1.268436e-02
1.083883e-02
1.089057e-02
1.093923e-02
1.099361e-02
1.104229e-02
1.109582e-02
1.114467e-02
1.119789e-02
1.124598e-02
1.129988e-02
1.134900e-02
1.140261e-02
1.145150e-02
1.150502e-02
1.155363e-02
1.160764e-02
1.165689e-02
1.171025e-02
1.175888e-02
1.181283e-02
1.186228e-02
1.191558e-02
1.196438e-02
1.201793e-02
1.206721e-02
1.212048e-02
1.216931e-02
1.222291e-02
1.227257e-02
1.232438e-02
1.237533e-02
1.242829e-02
1.247714e-02
1.253032e-02
1.257414e-02
1.262253e-02
1.266697e-02
1.082075e-02
1.087153e-02
1.092434e-02
1.097682e-02
1.102723e-02
1.107795e-02
1.113002e-02
1.117880e-02
1.123076e-02
1.128289e-02
1.133460e-02
1.138313e-02
1.143630e-02
1.148449e-02
1.153786e-02
1.158552e-02
1.163989e-02
1.168771e-02
1.174257e-02
1.179184e-02
1.184367e-02
1.189243e-02
1.194558e-02
1.199551e-02
1.204914e-02
1.209577e-02
1.215053e-02
1.220043e-02
1.225187e-02
1.230091e-02
1.235432e-02
1.240478e-02
1.245283e-02
1.250680e-02
1.255158e-02
1.259935e-02
1.264483e-02
1.269128e-02
1.084311e-02
1.089231e-02
1.094615e-02
1.099565e-02
1.104822e-02
1.109661e-02
1.115017e-02
1.120042e-02
1.125013e-02
1.130340e-02
1.135076e-02
1.140551e-02
1.145458e-02
1.150578e-02
1.155678e-02
1.160658e-02
1.165943e-02
1.171052e-02
1.176264e-02
1.181087e-02
1.186425e-02
1.191234e-02
1.196352e-02
1.201667e-02
1.206370e-02
1.211811e-02
1.216774e-02
1.221831e-02
1.226890e-02
1.232067e-02
1.237224e-02
1.242036e-02
1.247455e-02
1.252475e-02
1.257218e-02
1.261687e-02
1.266327e-02
1.081280e-02
1.086672e-02
1.091623e-02
1.096910e-02
1.101862e-02
1.106745e-02
1.111959e-02
1.116913e-02
1.122179e-02
1.127187e-02
1.132369e-02
1.137246e-02
1.142558e-02
1.147646e-02
1.152363e-02
1.157741e-02
1.162790e-02
1.167877e-02
1.173083e-02
1.178198e-02
1.182901e-02
1.188346e-02
1.193212e-02
1.198457e-02
1.203510e-02
1.208909e-02
1.213669e-02
1.218856e-02
1.223548e-02
1.229041e-02
1.233894e-02
1.239034e-02
1.244135e-02
1.249231e-02
1.254294e-02
1.259163e-02
1.263479e-02
1.268114e-02
1.083112e-02
1.088472e-02
1.093426e-02
1.098461e-02
1.103716e-02
1.109031e-02
1.113764e-02
1.118947e-02
1.123728e-02
1.129207e-02
1.133890e-02
1.139362e-02
1.144302e-02
1.149519e-02
1.154273e-02
1.159437e-02
1.164565e-02
1.169565e-02
1.174708e-02
1.180041e-02
1.184843e-02
1.189977e-02
1.194943e-02
1.200234e-02
1.204974e-02
1.210400e-02
1.215033e-02
1.220541e-02
1.225185e-02
1.230704e-02
1.235360e-02
1.240850e-02
1.245546e-02
1.250960e-02
1.255200e-02
1.260152e-02
1.264350e-02
1.269294e-02
1.084179e-02
1.089625e-02
1.094327e-02
1.099766e-02
1.104482e-02
1.109911e-02
1.114621e-02
1.120057e-02
1.124777e-02
1.130203e-02
1.135105e-02
1.140166e-02
1.145260e-02
1.150514e-02
1.155208e-02
1.160577e-02
1.165571e-02
1.170649e-02
1.175746e-02
1.180869e-02
1.186043e-02
1.191150e-02
1.196002e-02
1.201033e-02
1.206187e-02
1.211053e-02
1.216429e-02
1.221472e-02
1.226277e-02
1.231398e-02
1.236517e-02
1.241353e-02
1.246411e-02
1.251697e-02
1.256167e-02
1.260967e-02
1.265332e-02
1.270014e-02
1.085295e-02
1.090204e-02
1.095353e-02
1.100470e-02
1.105407e-02
1.110503e-02
1.115485e-02
1.120576e-02
1.125823e-02
1.130774e-02
1.135914e-02
1.140659e-02
1.146037e-02
1.151156e-02
1.156010e-02
1.161192e-02
1.166159e-02
1.171260e-02
1.176445e-02
1.181525e-02
1.186474e-02
1.191466e-02
1.196706e-02
1.201854e-02
1.206740e-02
1.211933e-02
1.216706e-02
1.222057e-02
1.227438e-02
1.232486e-02
1.237504e-02
1.242638e-02
1.247181e-02
1.252658e-02
1.257063e-02
1.261544e-02
1.266177e-02
1.081505e-02
1.086249e-02
1.091624e-02
1.096547e-02
1.101520e-02
1.106669e-02
1.111833e-02
1.116515e-02
1.121980e-02
1.126868e-02
1.131881e-02
1.137033e-02
1.142199e-02
1.146991e-02
1.152332e-02
1.157276e-02
1.162269e-02
1.167413e-02
1.172573e-02
1.177283e-02
1.182709e-02
1.187636e-02
1.192637e-02
1.197785e-02
1.202942e-02
1.207730e-02
1.213063e-02
1.218010e-02
1.223120e-02
1.228211e-02
1.233061e-02
1.238304e-02
1.243271e-02
1.248370e-02
1.253539e-02
1.257825e-02
1.262511e-02
1.267180e-02
1.082248e-02
1.087587e-02
1.092437e-02
1.097634e-02
1.102548e-02
1.107711e-02
1.112850e-02
1.117547e-02
1.122921e-02
1.127952e-02
1.132942e-02
1.137979e-02
1.143077e-02
1.148237e-02
1.152949e-02
1.158332e-02
1.163364e-02
1.168452e-02
1.173362e-02
1.178490e-02
1.183678e-02
1.188517e-02
1.193558e-02
1.198787e-02
1.203835e-02
1.208949e-02
1.213698e-02
1.218959e-02
1.224067e-02
1.229102e-02
1.234024e-02
1.239070e-02
1.244294e-02
1.249377e-02
1.254291e-02
1.258904e-02
1.263559e-02
1.268046e-02
1.083123e-02
1.088260e-02
1.093358e-02
1.098465e-02
1.103440e-02
1.108505e-02
1.113510e-02
1.118721e-02
1.123771e-02
1.128644e-02
1.133775e-02
1.138852e-02
1.143967e-02
1.148997e-02
1.154099e-02
1.159160e-02
1.164274e-02
1.169273e-02
1.174388e-02
1.179245e-02
1.184446e-02
1.189472e-02
1.194189e-02
1.199568e-02
1.204581e-02
1.209639e-02
1.214811e-02
1.219770e-02
1.224624e-02
1.229895e-02
1.234990e-02
1.240021e-02
1.245008e-02
1.250020e-02
1.254727e-02
1.259214e-02
1.263667e-02
1.268133e-02
1.083564e-02
1.088554e-02
1.093570e-02
1.098773e-02
1.103728e-02
1.108927e-02
1.113972e-02
1.118919e-02
1.124029e-02
1.129120e-02
1.134175e-02
1.139157e-02
1.144183e-02
1.149290e-02
1.154373e-02
1.159314e-02
1.164494e-02
1.169435e-02
1.174674e-02
1.179631e-02
1.184650e-02
1.189802e-02
1.194896e-02
1.199708e-02
1.204871e-02
1.209818e-02
1.215023e-02
1.220130e-02
1.225157e-02
1.230143e-02
1.235128e-02
1.240220e-02
1.245185e-02
1.250384e-02
1.254838e-02
1.259345e-02
1.263945e-02
1.268621e-02
1.083726e-02
1.088930e-02
1.093861e-02
1.098881e-02
1.103979e-02
1.109119e-02
1.114105e-02
1.119262e-02
1.124179e-02
1.129195e-02
1.134316e-02
1.139461e-02
1.144388e-02
1.149564e-02
1.154523e-02
1.159686e-02
1.164527e-02
1.169678e-02
1.174679e-02
1.179844e-02
1.184769e-02
1.189970e-02
1.194870e-02
1.200009e-02
1.204974e-02
1.210158e-02
1.215227e-02
1.220246e-02
1.225040e-02
1.230375e-02
1.235370e-02
1.240435e-02
1.245487e-02
1.250568e-02
1.255089e-02
1.259395e-02
1.264232e-02
1.268664e-02
1.084033e-02
1.089108e-02
1.094070e-02
1.099181e-02
1.104214e-02
1.109240e-02
1.114122e-02
1.119332e-02
1.124275e-02
1.129474e-02
1.134537e-02
1.139505e-02
1.144559e-02
1.149676e-02
1.154708e-02
1.159783e-02
1.164759e-02
1.169860e-02
1.174883e-02
1.179785e-02
1.184909e-02
1.190064e-02
1.195118e-02
1.200151e-02
1.205203e-02
1.210180e-02
1.215347e-02
1.220216e-02
1.225420e-02
1.230446e-02
1.235382e-02
1.240603e-02
1.245654e-02
1.250650e-02
1.255233e-02
1.259687e-02
1.264280e-02
1.268794e-02
1.083981e-02
1.089149e-02
1.094193e-02
1.099238e-02
1.104283e-02
1.109363e-02
1.114484e-02
1.119411e-02
1.124409e-02
1.129573e-02
1.134616e-02
1.139532e-02
1.145117e-02
1.149897e-02
1.154924e-02
1.159939e-02
1.164916e-02
1.169915e-02
1.174948e-02
1.180038e-02
1.185057e-02
1.190120e-02
1.195159e-02
1.200275e-02
1.205145e-02
1.210382e-02
1.215382e-02
1.220439e-02
1.225466e-02
1.230579e-02
1.235631e-02
1.240683e-02
1.245775e-02
1.250777e-02
1.255075e-02
1.259756e-02
1.264374e-02
1.268930e-02
1.084179e-02
1.089159e-02
1.094252e-02
1.099316e-02
1.104337e-02
1.109379e-02
1.114436e-02
1.119425e-02
1.124536e-02
1.129601e-02
1.134637e-02
1.139676e-02
1.144747e-02
1.149709e-02
1.154869e-02
1.159903e-02
1.164961e-02
1.169988e-02
1.175005e-02
1.180007e-02
1.185002e-02
1.190187e-02
1.195246e-02
1.200301e-02
1.205330e-02
1.210369e-02
1.215440e-02
1.220352e-02
1.225552e-02
1.230660e-02
1.235658e-02
1.240681e-02
1.245712e-02
1.250776e-02
1.255225e-02
1.259885e-02
1.264424e-02
1.268972e-02
1.084122e-02
1.089261e-02
1.094295e-02
1.099341e-02
1.104344e-02
1.109327e-02
1.114426e-02
1.119520e-02
1.124620e-02
1.129628e-02
1.134688e-02
1.139737e-02
1.144683e-02
1.149828e-02
1.154858e-02
1.159922e-02
1.164678e-02
1.170008e-02
1.175042e-02
1.180124e-02
1.185073e-02
1.190227e-02
1.195257e-02
1.200321e-02
1.205277e-02
1.210422e-02
1.215468e-02
1.220517e-02
1.225566e-02
1.230595e-02
1.235611e-02
1.240673e-02
1.245660e-02
1.250641e-02
1.255302e-02
1.259852e-02
1.264407e-02
1.268967e-02
1.084150e-02
1.089221e-02
1.094285e-02
1.099344e-02
1.104296e-02
1.109441e-02
1.114476e-02
1.119548e-02
1.124534e-02
1.129464e-02
1.134643e-02
1.139685e-02
1.144760e-02
1.149829e-02
1.154781e-02
1.159926e-02
1.164969e-02
1.170027e-02
1.175076e-02
1.180025e-02
1.185164e-02
1.190200e-02
1.195253e-02
1.200305e-02
1.205081e-02
1.210402e-02
1.215431e-02
1.220488e-02
1.225543e-02
1.230594e-02
1.235634e-02
1.240646e-02
1.245715e-02
1.250762e-02
1.255304e-02
1.259747e-02
1.264394e-02
1.268931e-02
1.084165e-02
1.089223e-02
1.094261e-02
1.099250e-02
1.104147e-02
1.109394e-02
1.114431e-02
1.119495e-02
1.124450e-02
1.129604e-02
1.134650e-02
1.139696e-02
1.144745e-02
1.149808e-02
1.154740e-02
1.159882e-02
1.164912e-02
1.169973e-02
1.175017e-02
1.180069e-02
1.185015e-02
1.190163e-02
1.195200e-02
1.200249e-02
1.205130e-02
1.210358e-02
1.215285e-02
1.220438e-02
1.225471e-02
1.230535e-02
1.235578e-02
1.240630e-02
1.245679e-02
1.250696e-02
1.255217e-02
1.259772e-02
1.264323e-02
1.268889e-02
1.084112e-02
1.089065e-02
1.094207e-02
1.099243e-02
1.104295e-02
1.109336e-02
1.114393e-02
1.119445e-02
1.124474e-02
1.129528e-02
1.134576e-02
1.139631e-02
1.144668e-02
1.149714e-02
1.154763e-02
1.159718e-02
1.164848e-02
1.169879e-02
1.174931e-02
1.179989e-02
1.185041e-02
1.190081e-02
1.195127e-02
1.200146e-02
1.205165e-02
1.210233e-02
1.215297e-02
1.220349e-02
1.225398e-02
1.230450e-02
1.235396e-02
1.240541e-02
1.245569e-02
1.250456e-02
1.255175e-02
1.259718e-02
1.264263e-02
1.268811e-02
1.083954e-02
1.089098e-02
1.094135e-02
1.099193e-02
1.104236e-02
1.109288e-02
1.114331e-02
1.119371e-02
1.124417e-02
1.129449e-02
1.134455e-02
1.139523e-02
1.144578e-02
1.149642e-02
1.154679e-02
1.159725e-02
1.164774e-02
1.169729e-02
1.174859e-02
1.179894e-02
1.184945e-02
1.190000e-02
1.195049e-02
1.200038e-02
1.205072e-02
1.210147e-02
1.215107e-02
1.220266e-02
1.225320e-02
1.230372e-02
1.235424e-02
1.240475e-02
1.245518e-02
1.250564e-02
1.255112e-02
1.259648e-02
1.264156e-02
1.268683e-02
1.083932e-02
1.088988e-02
1.094040e-02
1.099089e-02
1.104144e-02
1.109190e-02
1.114235e-02
1.119136e-02
1.124336e-02
1.129366e-02
1.134410e-02
1.139456e-02
1.144505e-02
1.149556e-02
1.154599e-02
1.159645e-02
1.164688e-02
1.169731e-02
1.174733e-02
1.179758e-02
1.184748e-02
1.189850e-02
1.194916e-02
1.199976e-02
1.205042e-02
1.210094e-02
1.215142e-02
1.220188e-02
1.225240e-02
1.230279e-02
1.235279e-02
1.240349e-02
1.245401e-02
1.250457e-02
1.254999e-02
1.259541e-02
1.264083e-02
1.268631e-02
1.083862e-02
1.088908e-02
1.093855e-02
1.098991e-02
1.104030e-02
1.109080e-02
1.114131e-02
1.119180e-02
1.124226e-02
1.129269e-02
1.134315e-02
1.139358e-02
1.144400e-02
1.149443e-02
1.154495e-02
1.159523e-02
1.164557e-02
1.169602e-02
1.174651e-02
1.179709e-02
1.184584e-02
1.189803e-02
1.194849e-02
1.199889e-02
1.204941e-02
1.209989e-02
1.215037e-02
1.220083e-02
1.225101e-02
1.230125e-02
1.235189e-02
1.240245e-02
1.245294e-02
1.250349e-02
1.254891e-02
1.259439e-02
1.263976e-02
1.268518e-02
1.083752e-02
1.088798e-02
1.093838e-02
1.098790e-02
1.103932e-02
1.108969e-02
1.114027e-02
1.119064e-02
1.124113e-02
1.129156e-02
1.134199e-02
1.139241e-02
1.144293e-02
1.149330e-02
1.154379e-02
1.159430e-02
1.164464e-02
1.169507e-02
1.174454e-02
1.179598e-02
1.184638e-02
1.189687e-02
1.194727e-02
1.199779e-02
1.204824e-02
1.209864e-02
1.214910e-02
1.219953e-02
1.225005e-02
1.230048e-02
1.235094e-02
1.240133e-02
1.245176e-02
1.250065e-02
1.254755e-02
1.259248e-02
1.263849e-02
1.268391e-02
1.083644e-02
1.088681e-02
1.093730e-02
1.098773e-02
1.103821e-02
1.108853e-02
1.113907e-02
1.118947e-02
1.123990e-02
1.129033e-02
1.134070e-02
1.139121e-02
1.144158e-02
1.149210e-02
1.154156e-02
1.159296e-02
1.164332e-02
1.169384e-02
1.174427e-02
1.179473e-02
1.184513e-02
1.189559e-02
1.194605e-02
1.199651e-02
1.204702e-02
1.209736e-02
1.214788e-02
1.219831e-02
1.224877e-02
1.229922e-02
1.234962e-02
1.240005e-02
1.245051e-02
1.250000e-02
1.254644e-02
1.259172e-02
1.263720e-02
1.268259e-02
1.083490e-02
1.088542e-02
1.093582e-02
1.098631e-02
1.103673e-02
1.108716e-02
1.113768e-02
1.118802e-02
1.123848e-02
1.128891e-02
1.133942e-02
1.138987e-02
1.144025e-02
1.149056e-02
1.154108e-02
1.159147e-02
1.164205e-02
1.169211e-02
1.174244e-02
1.179305e-02
1.184360e-02
1.189415e-02
1.194461e-02
1.199513e-02
1.204562e-02
1.209446e-02
1.214665e-02
1.219688e-02
1.224745e-02
1.229794e-02
1.234840e-02
1.239891e-02
1.244928e-02
1.249971e-02
1.255020e-02
1.259553e-02
1.264101e-02
1.268634e-02
1.083868e-02
1.088908e-02
1.093951e-02
1.098999e-02
1.103999e-02
1.109057e-02
1.114109e-02
1.119159e-02
1.124216e-02
1.129253e-02
1.134305e-02
1.139351e-02
1.144400e-02
1.149445e-02
1.154483e-02
1.159528e-02
1.164574e-02
1.169614e-02
1.174663e-02
1.179700e-02
1.184746e-02
1.189785e-02
1.194834e-02
1.199880e-02
1.204926e-02
1.209965e-02
1.215008e-02
1.220051e-02
1.225097e-02
1.230142e-02
1.235092e-02
1.240231e-02
1.245271e-02
1.250317e-02
1.254859e-02
1.259407e-02
1.263952e-02
1.268488e-02
1.083713e-02
1.088759e-02
1.093808e-02
1.098848e-02
1.103894e-02
1.108936e-02
1.113988e-02
1.119028e-02
1.124074e-02
1.129116e-02
1.134162e-02
1.139202e-02
1.144245e-02
1.149288e-02
1.154334e-02
1.159373e-02
1.164425e-02
1.169468e-02
1.174514e-02
1.179553e-02
1.184596e-02
1.189639e-02
1.194687e-02
1.199733e-02
1.204683e-02
1.209822e-02
1.214859e-02
1.219913e-02
1.224954e-02
1.230000e-02
1.235042e-02
1.240094e-02
1.245137e-02
1.250180e-02
1.254719e-02
1.259261e-02
1.263800e-02
1.268345e-02
1.083570e-02
1.088613e-02
1.093662e-02
1.098704e-02
1.103747e-02
1.108790e-02
1.113833e-02
1.118876e-02
1.123919e-02
1.128970e-02
1.134013e-02
1.139056e-02
1.144099e-02
1.149141e-02
1.154187e-02
1.159227e-02
1.164273e-02
1.169316e-02
1.174364e-02
1.179407e-02
1.184291e-02
1.189501e-02
1.194533e-02
1.199587e-02
1.204630e-02
1.209641e-02
1.214677e-02
1.219736e-02
1.224797e-02
1.229855e-02
1.234901e-02
1.239947e-02
1.244993e-02
1.250039e-02
1.254581e-02
1.259120e-02
1.263660e-02
1.268199e-02
1.083430e-02
1.088478e-02
1.093515e-02
1.098558e-02
1.103604e-02
1.108647e-02
1.113687e-02
1.118732e-02
1.123775e-02
1.128818e-02
1.133861e-02
1.138904e-02
1.143952e-02
1.148989e-02
1.154032e-02
1.159078e-02
1.164118e-02
1.169161e-02
1.174209e-02
1.179255e-02
1.184298e-02
1.189341e-02
1.194383e-02
1.199432e-02
1.204472e-02
1.209512e-02
1.214558e-02
1.219600e-02
1.224649e-02
1.229697e-02
1.234738e-02
1.239781e-02
1.244823e-02
1.249869e-02
1.254813e-02
1.259463e-02
1.263984e-02
1.268535e-02
1.083769e-02
1.088815e-02
1.093858e-02
1.098907e-02
1.103950e-02
1.108990e-02
1.114032e-02
1.119075e-02
1.124118e-02
1.129167e-02
1.134204e-02
1.139252e-02
1.144295e-02
1.149341e-02
1.154381e-02
1.159429e-02
1.164466e-02
1.169509e-02
1.174555e-02
1.179598e-02
1.184641e-02
1.189689e-02
1.194729e-02
1.199775e-02
1.204817e-02
1.209860e-02
1.214903e-02
1.219955e-02
1.224989e-02
1.230035e-02
1.235077e-02
1.240120e-02
1.245166e-02
1.250211e-02
1.254745e-02
1.259293e-02
1.263832e-02
1.268374e-02
1.083602e-02
1.088651e-02
1.093688e-02
1.098731e-02
1.103780e-02
1.108819e-02
1.113868e-02
1.118916e-02
1.123954e-02
1.128999e-02
1.134039e-02
1.139085e-02
1.144128e-02
1.149176e-02
1.154217e-02
1.159256e-02
1.164299e-02
1.169348e-02
1.174394e-02
1.179445e-02
1.184479e-02
1.189522e-02
1.194537e-02
1.199567e-02
1.204629e-02
1.209683e-02
1.214730e-02
1.219779e-02
1.224825e-02
1.229879e-02
1.234922e-02
1.239974e-02
1.245011e-02
1.250054e-02
1.254596e-02
1.259132e-02
1.263674e-02
1.268214e-02
1.083447e-02
1.088493e-02
1.093533e-02
1.098576e-02
1.103618e-02
1.108661e-02
1.113707e-02
1.118747e-02
1.123793e-02
1.128835e-02
1.133878e-02
1.138924e-02
1.143970e-02
1.149012e-02
1.154055e-02
1.159098e-02
1.164144e-02
1.169184e-02
1.174226e-02
1.179269e-02
1.184312e-02
1.189361e-02
1.194401e-02
1.199444e-02
1.204492e-02
1.209535e-02
1.214581e-02
1.219620e-02
1.224663e-02
1.229709e-02
1.234752e-02
1.239798e-02
1.244838e-02
1.249880e-02
1.254923e-02
1.259462e-02
1.264010e-02
1.268546e-02
1.083781e-02
1.088823e-02
1.093866e-02
1.098912e-02
1.103952e-02
1.108995e-02
1.114037e-02
1.119080e-02
1.124126e-02
1.129169e-02
1.134217e-02
1.139260e-02
1.144303e-02
1.149346e-02
1.154392e-02
1.159435e-02
1.164477e-02
1.169520e-02
1.174563e-02
1.179606e-02
1.184652e-02
1.189683e-02
1.194737e-02
1.199780e-02
1.204823e-02
1.209871e-02
1.214914e-02
1.219957e-02
1.225000e-02
1.230051e-02
1.235094e-02
1.240137e-02
1.245180e-02
1.250223e-02
1.254762e-02
1.259304e-02
1.263840e-02
1.268382e-02
1.083613e-02
1.088656e-02
1.093699e-02
1.098742e-02
1.103697e-02
1.108836e-02
1.113873e-02
1.118922e-02
1.123968e-02
1.129005e-02
1.134057e-02
1.139103e-02
1.144145e-02
1.149188e-02
1.154231e-02
1.159274e-02
1.164317e-02
1.169359e-02
1.174402e-02
1.179445e-02
1.184485e-02
1.189536e-02
1.194573e-02
1.199616e-02
1.204659e-02
1.209699e-02
1.214750e-02
1.219793e-02
1.224842e-02
1.229879e-02
1.234921e-02
1.239964e-02
1.245007e-02
1.250050e-02
1.254589e-02
1.259134e-02
1.263667e-02
1.268210e-02
1.083441e-02
1.088484e-02
1.093532e-02
1.098575e-02
1.103623e-02
1.108660e-02
1.113703e-02
1.118746e-02
1.123789e-02
1.128835e-02
1.133874e-02
1.138926e-02
1.143963e-02
1.149009e-02
1.154049e-02
1.159092e-02
1.164140e-02
1.169183e-02
1.174231e-02
1.179269e-02
1.184314e-02
1.189357e-02
1.194400e-02
1.199397e-02
1.204426e-02
1.209500e-02
1.214549e-02
1.219603e-02
1.224657e-02
1.229705e-02
1.234757e-02
1.239800e-02
1.244848e-02
1.249891e-02
1.254934e-02
1.259476e-02
1.264012e-02
1.268551e-02
1.083782e-02
1.088831e-02
1.093868e-02
1.098914e-02
1.103957e-02
1.109000e-02
1.114037e-02
1.119079e-02
1.124131e-02
1.129165e-02
1.134208e-02
1.139251e-02
1.144293e-02
1.149339e-02
1.154385e-02
1.159431e-02
1.164468e-02
1.169511e-02
1.174553e-02
1.179596e-02
1.184642e-02
1.189688e-02
1.194730e-02
1.199767e-02
1.204819e-02
1.209862e-02
1.214908e-02
1.219948e-02
1.224990e-02
1.230039e-02
1.235076e-02
1.240119e-02
1.245165e-02
1.250204e-02
1.254747e-02
1.259286e-02
1.263825e-02
1.268370e-02
1.083604e-02
1.088644e-02
1.093686e-02
1.098729e-02
1.103772e-02
1.108821e-02
1.113861e-02
1.118900e-02
1.123946e-02
1.128989e-02
1.134032e-02
1.139075e-02
1.144121e-02
1.149160e-02
1.154209e-02
1.159252e-02
1.164295e-02
1.169340e-02
1.174386e-02
1.179426e-02
1.184469e-02
1.189512e-02
1.194554e-02
1.199597e-02
1.204643e-02
1.209683e-02
1.214726e-02
1.219768e-02
1.224817e-02
1.229857e-02
1.234903e-02
1.239943e-02
1.244986e-02
1.250028e-02
1.254573e-02
1.259112e-02
1.263655e-02
1.268191e-02
1.083422e-02
1.088465e-02
1.093511e-02
1.098553e-02
1.103599e-02
1.108639e-02
1.113682e-02
1.118725e-02
1.123767e-02
1.128810e-02
1.133862e-02
1.138901e-02
1.143944e-02
1.148987e-02
1.154033e-02
1.159076e-02
1.164122e-02
1.169161e-02
1.174204e-02
1.179247e-02
1.184290e-02
1.189333e-02
1.194375e-02
1.199421e-02
1.204464e-02
1.209513e-02
1.214555e-02
1.219598e-02
1.224641e-02
1.229684e-02
1.234727e-02
1.239770e-02
1.244812e-02
1.249855e-02
1.254898e-02
1.259440e-02
1.263979e-02
1.268519e-02
1.083750e-02
1.088798e-02
1.093835e-02
1.098878e-02
1.103921e-02
1.108964e-02
1.114006e-02
1.119055e-02
1.124098e-02
1.129144e-02
1.134186e-02
1.139229e-02
1.144272e-02
1.149315e-02
1.154358e-02
1.159400e-02
1.164418e-02
1.169452e-02
1.174510e-02
1.179562e-02
1.184611e-02
1.189663e-02
1.194703e-02
1.199749e-02
1.204792e-02
1.209838e-02
1.214886e-02
1.219929e-02
1.224975e-02
1.230020e-02
1.235058e-02
1.240100e-02
1.245143e-02
1.250186e-02
1.254725e-02
1.259264e-02
1.263804e-02
1.268348e-02
1.083574e-02
1.088616e-02
1.093659e-02
1.098702e-02
1.103745e-02
1.108788e-02
1.113831e-02
1.118879e-02
1.123916e-02
1.128965e-02
1.134007e-02
1.139050e-02
1.144093e-02
1.149136e-02
1.154182e-02
1.159227e-02
1.164264e-02
1.169307e-02
1.174350e-02
1.179396e-02
1.184439e-02
1.189481e-02
1.194524e-02
1.199573e-02
1.204610e-02
1.209653e-02
1.214701e-02
1.219744e-02
1.224787e-02
1.229830e-02
1.234872e-02
1.239924e-02
1.244958e-02
1.250001e-02
1.254540e-02
1.259082e-02
1.263621e-02
1.268161e-02
1.083392e-02
1.088440e-02
1.093477e-02
1.098520e-02
1.103563e-02
1.108606e-02
1.113652e-02
1.118691e-02
1.123734e-02
1.128782e-02
1.133820e-02
1.138871e-02
1.143914e-02
1.148960e-02
1.154000e-02
1.159042e-02
1.164085e-02
1.169134e-02
1.174171e-02
1.179214e-02
1.184260e-02
1.189299e-02
1.194342e-02
1.199385e-02
1.204428e-02
1.209474e-02
1.214522e-02
1.219568e-02
1.224608e-02
1.229651e-02
1.234693e-02
1.239736e-02
1.244779e-02
1.249827e-02
1.254868e-02
1.259404e-02
1.263943e-02
1.268482e-02
1.083713e-02
