0.000000e+00
4.397234e-05
8.794468e-05
1.319170e-04
1.758894e-04
2.198617e-04
2.638340e-04
3.078064e-04
3.517787e-04
3.957511e-04
4.397234e-04
4.836958e-04
5.276681e-04
5.716404e-04
6.156128e-04
6.595851e-04
7.035575e-04
7.475298e-04
7.915021e-04
8.354745e-04
8.794468e-04
9.234192e-04
9.673915e-04
1.011364e-03
1.055336e-03
1.099309e-03
1.143281e-03
1.187253e-03
1.231226e-03
1.275198e-03
1.319170e-03
1.363143e-03
1.407115e-03
1.451087e-03
1.495060e-03
1.539032e-03
1.583004e-03
1.626977e-03
1.670949e-03
1.714921e-03
1.758894e-03
1.802866e-03
1.846838e-03
1.890811e-03
1.934783e-03
1.978755e-03
2.022728e-03
2.066700e-03
2.110672e-03
2.154645e-03
2.198617e-03
2.242589e-03
2.286562e-03
2.330534e-03
2.374506e-03
2.418479e-03
2.462451e-03
2.506423e-03
2.550396e-03
2.594368e-03
2.638340e-03
2.682313e-03
2.726285e-03
2.770257e-03
2.814230e-03
2.858202e-03
2.902175e-03
2.946147e-03
2.990119e-03
3.034092e-03
3.078064e-03
3.122036e-03
3.166009e-03
3.209981e-03
3.253953e-03
3.297926e-03
3.341898e-03
3.385870e-03
3.429843e-03
3.473815e-03
3.517787e-03
3.561760e-03
3.605732e-03
3.649704e-03
3.693677e-03
3.737649e-03
3.781621e-03
3.825594e-03
3.869566e-03
3.913538e-03
3.957511e-03
4.001483e-03
4.045455e-03
4.089428e-03
4.133400e-03
4.177372e-03
4.221345e-03
4.265317e-03
4.309289e-03
4.353262e-03
4.397234e-03
4.441206e-03
4.485179e-03
4.529151e-03
4.573123e-03
4.617096e-03
4.661068e-03
4.705040e-03
4.749013e-03
4.792985e-03
4.836958e-03
4.880930e-03
4.924902e-03
4.968875e-03
5.012847e-03
5.056819e-03
5.100792e-03
5.144764e-03
5.188736e-03
5.232709e-03
5.276681e-03
5.320653e-03
5.364626e-03
5.408598e-03
5.452570e-03
5.496543e-03
5.540515e-03
5.584487e-03
5.628460e-03
5.672432e-03
5.716404e-03
5.760377e-03
5.804349e-03
5.848321e-03
5.892294e-03
5.936266e-03
5.980238e-03
6.024211e-03
6.068183e-03
6.112155e-03
6.156128e-03
6.200100e-03
6.244072e-03
6.288045e-03
6.332017e-03
6.375989e-03
6.419962e-03
6.463934e-03
6.507906e-03
6.551879e-03
6.595851e-03
6.639824e-03
6.683796e-03
6.727768e-03
6.771741e-03
6.815713e-03
6.859685e-03
6.903658e-03
6.947630e-03
6.991602e-03
7.035575e-03
7.079547e-03
7.123519e-03
7.167492e-03
7.211464e-03
7.255436e-03
7.299409e-03
7.343381e-03
7.387353e-03
7.431326e-03
7.475298e-03
7.519270e-03
7.563243e-03
7.607215e-03
7.651187e-03
7.695160e-03
7.739132e-03
7.783104e-03
7.827077e-03
7.871049e-03
7.915021e-03
7.958994e-03
8.002966e-03
8.046938e-03
8.090911e-03
8.134883e-03
8.178855e-03
8.222828e-03
8.266800e-03
8.310772e-03
8.354745e-03
8.398717e-03
8.442689e-03
8.486662e-03
8.530634e-03
8.574607e-03
8.618579e-03
8.662551e-03
8.706524e-03
8.750496e-03
8.794468e-03
8.838441e-03
8.882413e-03
8.926385e-03
8.970358e-03
9.014330e-03
9.058302e-03
9.102275e-03
9.146247e-03
9.190219e-03
9.234192e-03
9.278164e-03
9.322136e-03
9.366109e-03
9.410081e-03
9.454053e-03
9.498026e-03
9.541998e-03
9.585970e-03
9.629943e-03
9.673915e-03
9.717887e-03
9.761860e-03
9.805832e-03
9.849804e-03
9.893777e-03
9.937749e-03
9.981721e-03
1.002569e-02
1.006967e-02
1.011364e-02
1.015761e-02
1.020158e-02
1.024556e-02
1.028953e-02
1.033350e-02
1.037747e-02
1.042144e-02
1.046542e-02
1.050939e-02
1.055336e-02
1.059733e-02
1.064131e-02
1.068528e-02
1.072925e-02
1.077322e-02
1.081720e-02
1.086117e-02
1.090514e-02
1.094911e-02
1.099309e-02
1.103706e-02
1.108103e-02
1.112500e-02
1.116897e-02
1.121295e-02
1.125692e-02
1.130089e-02
1.134486e-02
1.138884e-02
1.143281e-02
1.147678e-02
1.152075e-02
1.156473e-02
1.160870e-02
1.165267e-02
1.169664e-02
1.174062e-02
1.178459e-02
1.182856e-02
1.187253e-02
1.191650e-02
1.196048e-02
1.200445e-02
1.204842e-02
1.209239e-02
1.213637e-02
1.218034e-02
1.222431e-02
1.226828e-02
1.231226e-02
1.235623e-02
1.240020e-02
1.244417e-02
1.248814e-02
1.253212e-02
1.092069e-02
1.096473e-02
1.100877e-02
1.105281e-02
1.109685e-02
1.114089e-02
1.118494e-02
1.122898e-02
1.127302e-02
1.131706e-02
1.136110e-02
1.140514e-02
1.144918e-02
1.149322e-02
1.153726e-02
1.158130e-02
1.162534e-02
1.166938e-02
1.171342e-02
1.175746e-02
1.180150e-02
1.184554e-02
1.188958e-02
1.193362e-02
1.197766e-02
1.202170e-02
1.206574e-02
1.210978e-02
1.215383e-02
1.219787e-02
1.224191e-02
1.228595e-02
1.232999e-02
1.237403e-02
1.241807e-02
1.246211e-02
1.250615e-02
1.254580e-02
1.258546e-02
1.262511e-02
1.266476e-02
1.270441e-02
1.274407e-02
1.278372e-02
1.282337e-02
1.286303e-02
1.290268e-02
1.294233e-02
1.298199e-02
1.302164e-02
1.306129e-02
1.310095e-02
1.314060e-02
1.318025e-02
1.321990e-02
1.325956e-02
1.329921e-02
1.333886e-02
1.337852e-02
1.341817e-02
1.345782e-02
1.349748e-02
1.353713e-02
1.357678e-02
1.361644e-02
1.365609e-02
1.369574e-02
1.373539e-02
1.377505e-02
1.381470e-02
1.385435e-02
1.389401e-02
1.393366e-02
1.397331e-02
1.401297e-02
1.405262e-02
1.409227e-02
1.413193e-02
1.417158e-02
1.421123e-02
1.425089e-02
1.429054e-02
1.433019e-02
1.436984e-02
1.440950e-02
1.444915e-02
1.448880e-02
1.452846e-02
1.456811e-02
1.460776e-02
1.464742e-02
1.468707e-02
1.472672e-02
1.476638e-02
1.480603e-02
1.484568e-02
1.488533e-02
1.492499e-02
1.496464e-02
1.500429e-02
1.504395e-02
1.508360e-02
1.512325e-02
1.516291e-02
1.520256e-02
1.524221e-02
1.528187e-02
1.532152e-02
1.536117e-02
1.540082e-02
1.544048e-02
1.548013e-02
1.551978e-02
1.555944e-02
1.559909e-02
1.563874e-02
1.567840e-02
1.571805e-02
1.575770e-02
1.579736e-02
1.583701e-02
1.587666e-02
1.591632e-02
1.595597e-02
1.599562e-02
1.603527e-02
1.607493e-02
1.611458e-02
1.615423e-02
1.619389e-02
1.623354e-02
1.627319e-02
1.631285e-02
1.635250e-02
1.639215e-02
1.643181e-02
1.647146e-02
1.651111e-02
1.655076e-02
1.659042e-02
1.663007e-02
1.666972e-02
1.670938e-02
1.674903e-02
1.678868e-02
1.682834e-02
1.686799e-02
1.690764e-02
1.694730e-02
1.698695e-02
1.702660e-02
1.706625e-02
1.710591e-02
1.714556e-02
1.718521e-02
1.722487e-02
1.726452e-02
1.730417e-02
1.734383e-02
1.738348e-02
1.742313e-02
1.746279e-02
1.750244e-02
1.754209e-02
1.758175e-02
1.762140e-02
1.766105e-02
1.770070e-02
1.774036e-02
1.778001e-02
1.781966e-02
1.785932e-02
1.789897e-02
1.793862e-02
1.797828e-02
1.801793e-02
1.805758e-02
1.809724e-02
1.813689e-02
1.817654e-02
1.821619e-02
1.825585e-02
1.829550e-02
1.833515e-02
1.837481e-02
1.841446e-02
1.845411e-02
1.849377e-02
1.853342e-02
1.857307e-02
1.861273e-02
1.865238e-02
1.869203e-02
1.873168e-02
1.877134e-02
1.881099e-02
1.885064e-02
1.889030e-02
1.892995e-02
1.896960e-02
1.900926e-02
1.904891e-02
1.908856e-02
1.912822e-02
1.916787e-02
1.920752e-02
1.924718e-02
1.928683e-02
1.932648e-02
1.936613e-02
1.940579e-02
1.944544e-02
1.948509e-02
1.952475e-02
1.956440e-02
1.960405e-02
1.964371e-02
1.968336e-02
1.972301e-02
1.976267e-02
1.980232e-02
1.984197e-02
1.988162e-02
1.992128e-02
1.996093e-02
2.000058e-02
2.004024e-02
2.007989e-02
2.011954e-02
2.015920e-02
2.019885e-02
2.023850e-02
2.027816e-02
2.031781e-02
2.035746e-02
2.039711e-02
2.043677e-02
2.047642e-02
2.051607e-02
2.055573e-02
2.059538e-02
2.063503e-02
2.067469e-02
2.071434e-02
2.075399e-02
2.079365e-02
2.083330e-02
2.087295e-02
2.091261e-02
2.095226e-02
2.099191e-02
2.103156e-02
2.107122e-02
2.111087e-02
2.115052e-02
2.119018e-02
2.122983e-02
2.126948e-02
2.130914e-02
1.969527e-02
1.808149e-02
1.812114e-02
1.816079e-02
1.820044e-02
1.890979e-02
2.105550e-02
2.262461e-02
2.228384e-02
2.211622e-02
2.098602e-02
2.011198e-02
1.023038e-02
-6.250592e-03
-2.381954e-02
-4.143768e-02
-4.423417e-02
-2.494133e-02
2.069447e-02
8.982924e-02
1.746415e-01
2.760823e-01
3.810432e-01
4.914358e-01
6.015812e-01
7.086933e-01
8.052224e-01
8.831264e-01
9.415831e-01
9.810657e-01
1.007387e+00
1.025299e+00
1.034066e+00
1.043208e+00
1.047635e+00
1.052191e+00
1.051895e+00
1.051666e+00
1.051497e+00
1.051365e+00
1.051265e+00
1.051183e+00
1.051121e+00
1.051069e+00
1.051024e+00
1.050984e+00
1.050951e+00
1.050923e+00
1.050896e+00
1.050870e+00
1.050846e+00
1.050825e+00
1.050803e+00
1.050782e+00
1.050760e+00
1.051914e+00
1.053024e+00
1.053840e+00
1.054615e+00
1.055656e+00
1.056996e+00
1.054993e+00
1.047269e+00
1.040177e+00
1.029833e+00
1.024467e+00
1.025026e+00
1.019316e+00
1.019663e+00
1.024552e+00
1.034749e+00
1.041028e+00
1.041937e+00
1.045022e+00
1.049690e+00
1.055578e+00
1.053125e+00
1.051289e+00
1.049907e+00
1.058242e+00
1.057452e+00
1.056845e+00
1.056365e+00
1.055986e+00
1.055686e+00
1.055472e+00
1.055372e+00
1.055508e+00
1.056103e+00
1.057464e+00
1.059972e+00
1.063835e+00
1.059703e+00
1.066332e+00
1.065232e+00
1.066104e+00
1.069272e+00
1.074560e+00
1.081484e+00
1.081609e+00
1.082698e+00
1.083843e+00
1.083830e+00
1.080439e+00
1.074740e+00
1.071920e+00
1.066580e+00
1.059448e+00
1.056856e+00
1.053768e+00
1.051186e+00
1.048750e+00
1.051845e+00
1.049965e+00
1.053283e+00
1.051917e+00
1.050802e+00
1.049694e+00
1.053741e+00
1.052844e+00
1.052101e+00
1.051370e+00
1.050633e+00
1.050022e+00
1.049426e+00
1.053769e+00
1.053170e+00
1.052672e+00
1.052176e+00
1.051698e+00
1.051217e+00
1.050738e+00
1.050351e+00
1.049980e+00
1.054570e+00
1.054261e+00
1.054063e+00
1.054125e+00
1.054683e+00
1.056123e+00
1.058624e+00
1.062284e+00
1.067081e+00
1.068337e+00
1.071041e+00
1.075609e+00
1.078005e+00
1.082363e+00
1.088447e+00
1.092446e+00
1.095840e+00
1.096375e+00
1.091185e+00
1.077458e+00
1.055124e+00
1.024188e+00
9.866543e-01
9.431232e-01
8.914976e-01
8.375241e-01
7.823940e-01
7.250897e-01
6.673519e-01
6.098592e-01
5.515941e-01
4.939084e-01
4.375821e-01
3.830765e-01
3.303738e-01
2.822375e-01
2.358716e-01
1.946584e-01
1.603283e-01
1.295291e-01
1.040079e-01
8.398830e-02
6.682996e-02
5.260799e-02
4.148466e-02
3.502801e-02
3.018274e-02
2.697215e-02
2.210240e-02
1.888256e-02
1.564024e-02
1.240212e-02
1.081344e-02
1.086827e-02
1.092259e-02
1.097991e-02
1.103316e-02
1.108683e-02
1.113776e-02
1.119060e-02
1.123929e-02
1.128800e-02
1.133762e-02
1.138686e-02
1.143584e-02
1.148324e-02
1.153086e-02
1.158035e-02
1.162687e-02
1.167384e-02
1.172066e-02
1.176688e-02
1.181573e-02
1.186121e-02
1.190805e-02
1.195424e-02
1.200023e-02
1.204670e-02
1.209307e-02
1.213968e-02
1.218523e-02
1.223166e-02
1.227691e-02
1.232378e-02
1.236915e-02
1.241464e-02
1.245997e-02
1.250590e-02
1.254728e-02
1.258856e-02
1.262895e-02
1.267073e-02
1.271142e-02
1.275389e-02
1.279466e-02
1.283518e-02
1.287497e-02
1.291698e-02
1.295746e-02
1.299828e-02
1.303849e-02
1.308052e-02
1.312023e-02
1.316108e-02
1.320168e-02
1.324221e-02
1.328316e-02
1.332373e-02
1.336430e-02
1.340467e-02
1.344517e-02
1.348496e-02
1.352444e-02
1.356551e-02
1.360674e-02
1.364696e-02
1.368751e-02
1.372635e-02
1.376701e-02
1.380911e-02
1.384955e-02
1.388824e-02
1.392898e-02
1.396919e-02
1.400837e-02
1.404913e-02
1.408883e-02
1.412944e-02
1.416951e-02
1.420994e-02
1.425019e-02
1.429013e-02
1.433057e-02
1.437047e-02
1.441076e-02
1.444991e-02
1.449049e-02
1.453047e-02
1.457057e-02
1.461092e-02
1.465121e-02
1.469049e-02
1.473104e-02
1.477068e-02
1.481044e-02
1.485107e-02
1.489122e-02
1.493124e-02
1.497046e-02
1.501024e-02
1.505075e-02
1.509072e-02
1.512997e-02
1.516991e-02
1.520984e-02
1.524984e-02
1.528974e-02
1.532982e-02
1.536961e-02
1.541002e-02
1.544968e-02
1.548953e-02
1.553124e-02
1.556994e-02
1.560930e-02
1.564880e-02
1.568895e-02
1.572869e-02
1.576865e-02
1.580797e-02
1.584793e-02
1.588794e-02
1.592746e-02
1.596760e-02
1.600748e-02
1.604732e-02
1.608697e-02
1.612608e-02
1.616659e-02
1.620602e-02
1.624611e-02
1.628589e-02
1.632566e-02
1.636515e-02
1.640454e-02
1.644486e-02
1.648470e-02
1.652460e-02
1.656420e-02
1.660400e-02
1.664384e-02
1.668355e-02
1.672329e-02
1.676306e-02
1.680271e-02
1.684243e-02
1.688198e-02
1.692193e-02
1.696167e-02
1.700141e-02
1.704112e-02
1.708078e-02
1.712015e-02
1.716025e-02
1.719994e-02
1.723965e-02
1.727941e-02
1.731908e-02
1.735879e-02
1.739780e-02
1.743822e-02
1.582690e-02
1.421326e-02
1.260207e-02
1.264174e-02
1.268126e-02
1.272105e-02
1.276076e-02
1.280051e-02
1.284020e-02
1.287977e-02
