0.000000e+00
5.042806e-05
2.007432e-03
3.964803e-03
5.922175e-03
5.972603e-03
6.023031e-03
6.073459e-03
6.123887e-03
6.174316e-03
6.224744e-03
6.275172e-03
6.325600e-03
6.376028e-03
6.435813e-03
6.467962e-03
6.518639e-03
6.570065e-03
6.621242e-03
6.666773e-03
6.700452e-03
6.744111e-03
6.783841e-03
6.831431e-03
6.985911e-03
7.386299e-03
7.867784e-03
8.212465e-03
8.544608e-03
8.661409e-03
8.122393e-03
7.538961e-03
7.378321e-03
7.379716e-03
7.424935e-03
7.472430e-03
7.490638e-03
7.369109e-03
8.774403e-03
8.856676e-03
8.382069e-03
7.424535e-03
-3.593619e-03
-3.763307e-02
-9.092470e-02
-1.092459e-01
-1.724702e-02
1.148978e-01
2.644577e-01
4.109990e-01
5.468356e-01
6.698288e-01
7.708909e-01
8.495040e-01
9.094864e-01
9.514128e-01
9.767828e-01
9.959837e-01
1.011991e+00
1.024786e+00
1.033537e+00
1.038758e+00
1.039821e+00
1.041338e+00
1.042948e+00
1.045066e+00
1.047579e+00
1.050192e+00
1.048469e+00
1.052396e+00
1.054916e+00
1.064473e+00
1.078011e+00
1.097651e+00
1.132593e+00
1.170247e+00
1.210272e+00
1.244087e+00
1.250836e+00
1.224206e+00
1.181009e+00
1.130041e+00
1.073025e+00
1.016517e+00
9.595923e-01
8.996050e-01
8.322318e-01
7.644232e-01
6.974050e-01
6.289902e-01
5.609775e-01
4.940047e-01
4.280913e-01
3.646142e-01
3.052258e-01
2.497425e-01
2.006595e-01
1.557122e-01
1.162434e-01
8.043926e-02
5.059089e-02
2.709552e-02
8.416658e-03
-5.070210e-03
-1.519010e-02
-2.203712e-02
-2.533165e-02
-2.688797e-02
-2.669731e-02
-2.647998e-02
-2.446319e-02
-2.057566e-02
-1.669737e-02
-1.280599e-02
-8.912590e-03
-6.948109e-03
-4.980198e-03
-1.098064e-03
2.785329e-03
4.745289e-03
4.798306e-03
4.851167e-03
4.903903e-03
4.956546e-03
5.011310e-03
5.060989e-03
5.114193e-03
5.165962e-03
5.218324e-03
5.270312e-03
5.322393e-03
5.374318e-03
5.426212e-03
5.478013e-03
5.529813e-03
5.581520e-03
5.633165e-03
5.684778e-03
5.736329e-03
5.787848e-03
5.839337e-03
5.890732e-03
5.942158e-03
5.995674e-03
6.044324e-03
6.096437e-03
6.147208e-03
6.198665e-03
6.249686e-03
6.300956e-03
6.352008e-03
6.403153e-03
6.454236e-03
6.505288e-03
6.556309e-03
6.607330e-03
6.658319e-03
6.709277e-03
6.760236e-03
6.811163e-03
6.862090e-03
6.912955e-03
6.963882e-03
7.014903e-03
7.065393e-03
7.116507e-03
7.167247e-03
7.217987e-03
7.268634e-03
7.319717e-03
7.370113e-03
7.421134e-03
7.471749e-03
7.522552e-03
7.573260e-03
7.623969e-03
7.674678e-03
7.725792e-03
7.775659e-03
7.827241e-03
7.877014e-03
7.928752e-03
7.978400e-03
8.029421e-03
8.080317e-03
8.130620e-03
8.181204e-03
8.232194e-03
8.282965e-03
8.333019e-03
8.384008e-03
8.433937e-03
8.484864e-03
8.535261e-03
8.585908e-03
8.636554e-03
8.687044e-03
8.738127e-03
8.788774e-03
8.839264e-03
8.888788e-03
8.940588e-03
8.990673e-03
9.041569e-03
9.091280e-03
9.142612e-03
9.193103e-03
9.242876e-03
9.294177e-03
9.343919e-03
9.395221e-03
9.445025e-03
9.496233e-03
9.546099e-03
9.597245e-03
9.647579e-03
9.698413e-03
9.748560e-03
9.798676e-03
9.849790e-03
9.900125e-03
9.950896e-03
1.000111e-02
1.005163e-02
1.010231e-02
1.015251e-02
1.020313e-02
1.025315e-02
1.030424e-02
1.035457e-02
1.040506e-02
1.045552e-02
1.050613e-02
1.055650e-02
1.060699e-02
1.065754e-02
1.070750e-02
1.075859e-02
1.080889e-02
1.085938e-02
1.090984e-02
1.096033e-02
1.101035e-02
1.106144e-02
1.111174e-02
1.116223e-02
1.121266e-02
1.126324e-02
1.131358e-02
1.136410e-02
1.141474e-02
1.146492e-02
1.151544e-02
1.156594e-02
1.161636e-02
1.166685e-02
1.171731e-02
1.176777e-02
1.181826e-02
1.186872e-02
1.191915e-02
1.196983e-02
1.202029e-02
1.207071e-02
1.212105e-02
1.217148e-02
1.222184e-02
1.227240e-02
1.232282e-02
1.237325e-02
1.242374e-02
1.247420e-02
1.252444e-02
1.257011e-02
1.261548e-02
1.266087e-02
1.270632e-02
1.275171e-02
1.279714e-02
1.284253e-02
1.288798e-02
1.293334e-02
1.297898e-02
1.302419e-02
1.306964e-02
1.311503e-02
1.316046e-02
1.320585e-02
1.325127e-02
1.329666e-02
1.334209e-02
1.338748e-02
1.343293e-02
1.347829e-02
1.352375e-02
1.356911e-02
1.361456e-02
1.365995e-02
1.370537e-02
1.375077e-02
