0.000000e+00
5.042806e-05
2.007432e-03
2.057860e-03
2.108288e-03
2.158716e-03
2.209144e-03
2.259572e-03
2.310000e-03
2.360428e-03
2.410856e-03
2.461284e-03
2.511712e-03
2.562140e-03
2.612568e-03
2.662996e-03
2.713424e-03
2.763852e-03
2.814280e-03
2.864709e-03
2.915137e-03
2.965565e-03
3.015993e-03
3.066421e-03
3.116849e-03
3.167277e-03
3.217705e-03
3.268133e-03
3.318561e-03
3.368989e-03
3.419417e-03
3.469845e-03
3.520273e-03
3.570701e-03
3.621129e-03
3.671557e-03
3.721985e-03
3.772414e-03
3.822842e-03
3.873270e-03
3.923698e-03
3.974126e-03
4.024554e-03
4.074982e-03
4.125410e-03
4.175838e-03
4.226266e-03
4.276694e-03
4.327122e-03
4.377550e-03
4.427978e-03
4.485986e-03
4.534478e-03
4.576951e-03
4.619143e-03
4.662208e-03
4.705399e-03
4.755515e-03
4.805724e-03
4.855903e-03
4.906206e-03
4.956478e-03
5.007686e-03
5.058457e-03
5.109197e-03
5.160031e-03
5.210646e-03
5.261324e-03
5.311845e-03
5.362429e-03
5.412826e-03
5.463192e-03
5.512591e-03
5.562177e-03
5.608550e-03
9.477544e-03
1.334517e-02
1.530509e-02
1.726667e-02
1.922912e-02
2.118465e-02
2.315194e-02
2.325588e-02
2.336066e-02
2.346441e-02
2.356806e-02
2.367128e-02
2.377444e-02
2.387806e-02
2.398287e-02
2.409012e-02
2.420236e-02
2.432152e-02
2.445336e-02
2.461319e-02
2.479747e-02
2.499325e-02
2.520056e-02
2.347011e-02
2.365272e-02
2.191550e-02
1.828082e-02
1.652817e-02
1.477882e-02
1.304336e-02
1.133354e-02
9.639228e-03
9.776311e-03
8.011729e-03
6.231151e-03
4.432786e-03
2.626691e-03
8.165041e-04
-1.013279e-03
2.785720e-03
4.618024e-03
6.393604e-03
8.116813e-03
7.945088e-03
7.800441e-03
7.686032e-03
7.606747e-03
7.563992e-03
7.545748e-03
9.459105e-03
1.138736e-02
1.332041e-02
1.334700e-02
1.337693e-02
1.341379e-02
1.345124e-02
1.159415e-02
1.164440e-02
1.169621e-02
1.174753e-02
1.179962e-02
1.185181e-02
1.190388e-02
1.196791e-02
1.014270e-02
8.315136e-03
8.354001e-03
6.551107e-03
6.580783e-03
2.932137e-03
1.753872e-03
7.106828e-04
-2.429147e-03
-5.702873e-03
-7.277725e-03
-1.055486e-02
-1.390439e-02
-1.705067e-02
-1.851808e-02
-2.154820e-02
-2.462676e-02
-2.744818e-02
-2.864518e-02
-3.133979e-02
-3.413349e-02
-3.841815e-02
-4.178916e-02
-4.658289e-02
-4.969941e-02
-5.248234e-02
-5.497754e-02
-5.874810e-02
-6.034609e-02
-6.169329e-02
-6.395257e-02
-6.043710e-02
-5.121469e-02
-3.277888e-02
2.160968e-03
4.767072e-02
1.108443e-01
1.884849e-01
2.796015e-01
3.790559e-01
4.762594e-01
5.742189e-01
6.720178e-01
7.627948e-01
8.423594e-01
9.056056e-01
9.534818e-01
9.842575e-01
1.008010e+00
1.023780e+00
1.035631e+00
1.043662e+00
1.047336e+00
1.051273e+00
1.050851e+00
1.050626e+00
1.050509e+00
1.050467e+00
1.050478e+00
1.050773e+00
1.051092e+00
1.051425e+00
1.051769e+00
1.052120e+00
1.052478e+00
1.052848e+00
1.053401e+00
1.053970e+00
1.054555e+00
1.055192e+00
1.055840e+00
1.056508e+00
1.057186e+00
1.057880e+00
1.058583e+00
1.059289e+00
1.060140e+00
1.061000e+00
1.061860e+00
1.062732e+00
1.058666e+00
1.059535e+00
1.060409e+00
1.061282e+00
1.062159e+00
1.063025e+00
1.058971e+00
1.059865e+00
1.060761e+00
1.061661e+00
1.062660e+00
1.058732e+00
1.059730e+00
1.060729e+00
1.061735e+00
1.062730e+00
1.058779e+00
1.059774e+00
1.060772e+00
1.061768e+00
1.062757e+00
1.058804e+00
1.059799e+00
1.060781e+00
1.061771e+00
1.062760e+00
1.058804e+00
1.059809e+00
1.060814e+00
1.061811e+00
1.062816e+00
1.058856e+00
1.059941e+00
1.061026e+00
1.062117e+00
1.063204e+00
1.059351e+00
1.060447e+00
1.061531e+00
1.062624e+00
1.058773e+00
1.059862e+00
1.060958e+00
1.062061e+00
1.063158e+00
1.059315e+00
1.060430e+00
1.061553e+00
1.062693e+00
1.058913e+00
1.060112e+00
1.061401e+00
1.062762e+00
1.059300e+00
1.060957e+00
1.061408e+00
1.062166e+00
1.063308e+00
1.060005e+00
1.062201e+00
1.064942e+00
1.063442e+00
1.062500e+00
1.066904e+00
1.067156e+00
1.068030e+00
1.069615e+00
1.071986e+00
1.075295e+00
1.075255e+00
1.076595e+00
1.079363e+00
1.083664e+00
1.089223e+00
1.092414e+00
1.096753e+00
1.102245e+00
1.103702e+00
1.105764e+00
1.104807e+00
1.100285e+00
1.092960e+00
1.080634e+00
1.062550e+00
1.039881e+00
1.012372e+00
9.803900e-01
9.428825e-01
8.993467e-01
8.510907e-01
7.988657e-01
7.418173e-01
6.831457e-01
6.242703e-01
5.660550e-01
5.098379e-01
4.562346e-01
4.049796e-01
3.573211e-01
3.145620e-01
2.745449e-01
2.407569e-01
2.106714e-01
1.830749e-01
1.616454e-01
1.415722e-01
1.229164e-01
1.090781e-01
9.681345e-02
8.459079e-02
7.398687e-02
6.508317e-02
5.788588e-02
5.067840e-02
4.522113e-02
3.976424e-02
3.429482e-02
3.063098e-02
2.696146e-02
2.328951e-02
2.146719e-02
1.963931e-02
1.781427e-02
1.598674e-02
1.415343e-02
1.232059e-02
1.238531e-02
1.245326e-02
1.251492e-02
1.257528e-02
1.262997e-02
1.268946e-02
1.274181e-02
1.279716e-02
1.096170e-02
1.101730e-02
1.107684e-02
1.113419e-02
1.119532e-02
1.125092e-02
1.130821e-02
1.136482e-02
1.142463e-02
1.147921e-02
1.153544e-02
1.159114e-02
1.165036e-02
1.170329e-02
1.175927e-02
1.181397e-02
1.186920e-02
1.192409e-02
1.198184e-02
1.203483e-02
1.208934e-02
1.214348e-02
1.219778e-02
1.225195e-02
1.230946e-02
1.236082e-02
1.241515e-02
1.246842e-02
1.252218e-02
1.257066e-02
1.261920e-02
1.266765e-02
1.082630e-02
1.087697e-02
1.093068e-02
1.098323e-02
1.103637e-02
1.108929e-02
1.114228e-02
1.119517e-02
1.124806e-02
1.130092e-02
1.135703e-02
1.140705e-02
1.146016e-02
1.151215e-02
1.156473e-02
1.161709e-02
1.166955e-02
1.172194e-02
1.177436e-02
1.182669e-02
1.187902e-02
1.193132e-02
1.198356e-02
1.203920e-02
1.208860e-02
1.214115e-02
1.219260e-02
1.224468e-02
1.229655e-02
1.234853e-02
1.240046e-02
1.245245e-02
1.250434e-02
1.255123e-02
1.259803e-02
1.264488e-02
1.269165e-02
1.084536e-02
1.089713e-02
1.094890e-02
1.100061e-02
1.105497e-02
1.110499e-02
1.115651e-02
1.120778e-02
1.125930e-02
1.131079e-02
1.136231e-02
1.141386e-02
1.146538e-02
1.151693e-02
1.156842e-02
1.161994e-02
1.167142e-02
1.172288e-02
1.177434e-02
1.182580e-02
1.187716e-02
1.192862e-02
1.197995e-02
1.203141e-02
1.208271e-02
1.213413e-02
1.218541e-02
1.223680e-02
1.228804e-02
1.234199e-02
1.239152e-02
1.244275e-02
1.249356e-02
1.254476e-02
1.259078e-02
1.263698e-02
1.268306e-02
1.083621e-02
1.088733e-02
1.093857e-02
1.098968e-02
1.104089e-02
1.109200e-02
1.114321e-02
1.119426e-02
1.124547e-02
1.129652e-02
1.134770e-02
1.139875e-02
1.144987e-02
1.150098e-02
1.155197e-02
1.160311e-02
1.165413e-02
1.170522e-02
1.175627e-02
1.180726e-02
1.185831e-02
1.190933e-02
1.196035e-02
1.201134e-02
1.206236e-02
1.211335e-02
1.216431e-02
1.221533e-02
1.226626e-02
1.231728e-02
1.237142e-02
1.241973e-02
1.247106e-02
1.252139e-02
1.256725e-02
1.261299e-02
1.265882e-02
1.081159e-02
1.086249e-02
1.091339e-02
1.096425e-02
1.101518e-02
1.106604e-02
1.111691e-02
1.116780e-02
1.121867e-02
1.126956e-02
1.132049e-02
1.137117e-02
1.142219e-02
1.147293e-02
1.152376e-02
1.157472e-02
1.162546e-02
1.167629e-02
1.172716e-02
1.177799e-02
1.182873e-02
1.187953e-02
1.193049e-02
1.198120e-02
1.203197e-02
1.208274e-02
1.213367e-02
1.218438e-02
1.223512e-02
1.228589e-02
1.233710e-02
1.238728e-02
1.243839e-02
1.248894e-02
1.253981e-02
1.258542e-02
1.263159e-02
1.267670e-02
1.082973e-02
1.088025e-02
1.093121e-02
1.098204e-02
1.103232e-02
1.108343e-02
1.113383e-02
1.118507e-02
1.123518e-02
1.128655e-02
1.133663e-02
1.138793e-02
1.143799e-02
1.148916e-02
1.153950e-02
1.159077e-02
1.164079e-02
1.169200e-02
1.174233e-02
1.179354e-02
1.184359e-02
1.189471e-02
1.194514e-02
1.199622e-02
1.204633e-02
1.209748e-02
1.215031e-02
1.219974e-02
1.224967e-02
1.230066e-02
1.235053e-02
1.240180e-02
1.245169e-02
1.250303e-02
1.254792e-02
1.259443e-02
1.263876e-02
1.268587e-02
1.083675e-02
1.088901e-02
1.093813e-02
1.099062e-02
1.103924e-02
1.109151e-02
1.114084e-02
1.119264e-02
1.124217e-02
1.129428e-02
1.134296e-02
1.139507e-02
1.144472e-02
1.149652e-02
1.154586e-02
1.159797e-02
1.164671e-02
1.169876e-02
1.174844e-02
1.180015e-02
1.184989e-02
1.190060e-02
1.195228e-02
1.200090e-02
1.205291e-02
1.210300e-02
1.215355e-02
1.220467e-02
1.225472e-02
1.230537e-02
1.235639e-02
1.240650e-02
1.245712e-02
1.250814e-02
1.255416e-02
1.259780e-02
1.264513e-02
1.268918e-02
1.084333e-02
1.089260e-02
1.094387e-02
1.099414e-02
1.104557e-02
1.109631e-02
1.114668e-02
1.119620e-02
1.124681e-02
1.129743e-02
1.134861e-02
1.139919e-02
1.145015e-02
1.150039e-02
1.154991e-02
1.160053e-02
1.165111e-02
1.170226e-02
1.175293e-02
1.180383e-02
1.185410e-02
1.190462e-02
1.195387e-02
1.200539e-02
1.205494e-02
1.210659e-02
1.215577e-02
1.220788e-02
1.225697e-02
1.230911e-02
1.235916e-02
1.241006e-02
1.245946e-02
1.251129e-02
1.255609e-02
1.260260e-02
1.264631e-02
1.269329e-02
1.084579e-02
1.089675e-02
1.094584e-02
1.099670e-02
1.104794e-02
1.109787e-02
1.114867e-02
1.119810e-02
1.124921e-02
1.130055e-02
1.135054e-02
1.140134e-02
1.145090e-02
1.150260e-02
1.155294e-02
1.160399e-02
1.165304e-02
1.170478e-02
1.175527e-02
1.180424e-02
1.185619e-02
1.190653e-02
1.195549e-02
1.200748e-02
1.205772e-02
1.210808e-02
1.215945e-02
1.220987e-02
1.225915e-02
1.231092e-02
1.236106e-02
1.241059e-02
1.246236e-02
1.251157e-02
1.255827e-02
1.260357e-02
1.264849e-02
1.269501e-02
1.084757e-02
1.089762e-02
1.094796e-02
1.099729e-02
1.104897e-02
1.109843e-02
1.114982e-02
1.120044e-02
1.125093e-02
1.130142e-02
1.135097e-02
1.140253e-02
1.145186e-02
1.150369e-02
1.155312e-02
1.160471e-02
1.165414e-02
1.170562e-02
1.175521e-02
1.180667e-02
1.185616e-02
1.190731e-02
1.195720e-02
1.200857e-02
1.205781e-02
1.210961e-02
1.215913e-02
1.221047e-02
1.225971e-02
1.231145e-02
1.236100e-02
1.241240e-02
1.246282e-02
1.251313e-02
1.255855e-02
1.260397e-02
1.264946e-02
1.269547e-02
1.084732e-02
1.089790e-02
1.094789e-02
1.099869e-02
1.104831e-02
1.109989e-02
1.115029e-02
1.120028e-02
1.125121e-02
1.130086e-02
1.135228e-02
1.140274e-02
1.145273e-02
1.150360e-02
1.155337e-02
1.160477e-02
1.165513e-02
1.170475e-02
1.175627e-02
1.180648e-02
1.185684e-02
1.190737e-02
1.195792e-02
1.200794e-02
1.205884e-02
1.210936e-02
1.215966e-02
1.221015e-02
1.226077e-02
1.231076e-02
1.236169e-02
1.241218e-02
1.246251e-02
1.251300e-02
1.255855e-02
1.260316e-02
1.264961e-02
1.269482e-02
1.084722e-02
1.089749e-02
1.094795e-02
1.099860e-02
1.104831e-02
1.109967e-02
1.115001e-02
1.120056e-02
1.125080e-02
1.130126e-02
1.135188e-02
1.140153e-02
1.145286e-02
1.150322e-02
1.155378e-02
1.160346e-02
1.165473e-02
1.170515e-02
1.175568e-02
1.180526e-02
1.185659e-02
1.190690e-02
1.195748e-02
1.200719e-02
1.205840e-02
1.210880e-02
1.215929e-02
1.220978e-02
1.225971e-02
1.231051e-02
1.236109e-02
1.241161e-02
1.246120e-02
1.251253e-02
1.255789e-02
1.260338e-02
1.264883e-02
1.269335e-02
1.084666e-02
1.089690e-02
1.094745e-02
1.099794e-02
1.104750e-02
1.109889e-02
1.114923e-02
1.119972e-02
1.125018e-02
1.130064e-02
1.135053e-02
1.140140e-02
1.145201e-02
1.150244e-02
1.155296e-02
1.160252e-02
1.165388e-02
1.170425e-02
1.175474e-02
1.180520e-02
1.185566e-02
1.190524e-02
1.195664e-02
1.200688e-02
1.205743e-02
1.210789e-02
1.215838e-02
1.220878e-02
1.225899e-02
1.230945e-02
1.236000e-02
1.241055e-02
1.246107e-02
1.251147e-02
1.255615e-02
1.260241e-02
1.264768e-02
1.269313e-02
1.084554e-02
1.089593e-02
1.094642e-02
1.099604e-02
1.104734e-02
1.109771e-02
1.114820e-02
1.119863e-02
1.124912e-02
1.129951e-02
1.135000e-02
1.139956e-02
1.145098e-02
1.150126e-02
1.155181e-02
1.160224e-02
1.165273e-02
1.170312e-02
1.175358e-02
1.180401e-02
1.185422e-02
1.190468e-02
1.195536e-02
1.200579e-02
1.205631e-02
1.210671e-02
1.215720e-02
1.220759e-02
1.225805e-02
1.230885e-02
1.235888e-02
1.240902e-02
1.245989e-02
1.251022e-02
1.255565e-02
1.260104e-02
1.264646e-02
1.269185e-02
1.084422e-02
1.089381e-02
1.094514e-02
1.099554e-02
1.104603e-02
1.109649e-02
1.114695e-02
1.119738e-02
1.124784e-02
1.129823e-02
1.134872e-02
1.139912e-02
1.144880e-02
1.150007e-02
1.155050e-02
1.160093e-02
1.165142e-02
1.170181e-02
1.175230e-02
1.180270e-02
1.185316e-02
1.190356e-02
1.195405e-02
1.200444e-02
1.205490e-02
1.210452e-02
1.215582e-02
1.220622e-02
1.225671e-02
1.230717e-02
1.235763e-02
1.240802e-02
1.245852e-02
1.250891e-02
1.255433e-02
1.259970e-02
1.264515e-02
1.269051e-02
1.084285e-02
1.089328e-02
1.094374e-02
1.099541e-02
1.104572e-02
1.109580e-02
1.114601e-02
1.119625e-02
1.124659e-02
1.129695e-02
1.134735e-02
1.139778e-02
1.144818e-02
1.149860e-02
1.154903e-02
1.159949e-02
1.164992e-02
1.170035e-02
1.175081e-02
1.180045e-02
1.185169e-02
1.190212e-02
1.195261e-02
1.200307e-02
1.205350e-02
1.210393e-02
1.215439e-02
1.220481e-02
1.225524e-02
1.230567e-02
1.235610e-02
1.240653e-02
1.245699e-02
1.250741e-02
1.255281e-02
1.259823e-02
1.264362e-02
1.268901e-02
1.084135e-02
1.089178e-02
1.094230e-02
1.099248e-02
1.104307e-02
1.109356e-02
1.114402e-02
1.119444e-02
1.124490e-02
1.129536e-02
1.134579e-02
1.139622e-02
1.144665e-02
1.149707e-02
1.154753e-02
1.159796e-02
1.164839e-02
1.169882e-02
1.174928e-02
1.179970e-02
1.185013e-02
1.190059e-02
1.195102e-02
1.200145e-02
1.205188e-02
1.210234e-02
1.215276e-02
1.220322e-02
1.225290e-02
1.230417e-02
1.235454e-02
1.240503e-02
1.245546e-02
1.250595e-02
1.255131e-02
1.259670e-02
1.264203e-02
1.268745e-02
1.083982e-02
1.089022e-02
1.094068e-02
1.099111e-02
1.104154e-02
1.109200e-02
1.114239e-02
1.119285e-02
1.124328e-02
1.129371e-02
1.134417e-02
1.139459e-02
1.144502e-02
1.149545e-02
1.154591e-02
1.159637e-02
1.164677e-02
1.169719e-02
1.174765e-02
1.179808e-02
1.184854e-02
1.189894e-02
1.194940e-02
1.199982e-02
1.205025e-02
1.210074e-02
1.215114e-02
1.220160e-02
1.225181e-02
1.230239e-02
1.235295e-02
1.240337e-02
1.245380e-02
1.250426e-02
1.254965e-02
1.259508e-02
1.264044e-02
1.268583e-02
1.083814e-02
1.088857e-02
1.093903e-02
1.098942e-02
1.103988e-02
1.109031e-02
1.114074e-02
1.119120e-02
1.124159e-02
1.129205e-02
1.134248e-02
1.139291e-02
1.144337e-02
1.149377e-02
1.154422e-02
1.159468e-02
1.164508e-02
1.169551e-02
1.174597e-02
1.179640e-02
1.184686e-02
1.189725e-02
1.194771e-02
1.199817e-02
1.204857e-02
1.209900e-02
1.214949e-02
1.219988e-02
1.225031e-02
1.230077e-02
1.235117e-02
1.240163e-02
1.245209e-02
1.250248e-02
1.254787e-02
1.259333e-02
1.263869e-02
1.268408e-02
1.083642e-02
1.088682e-02
1.093728e-02
1.098774e-02
1.103813e-02
1.108856e-02
1.113905e-02
1.118945e-02
1.123988e-02
1.129034e-02
1.134073e-02
1.139110e-02
1.144146e-02
1.149202e-02
1.154251e-02
1.159300e-02
1.164343e-02
1.169385e-02
1.174431e-02
1.179471e-02
1.184514e-02
1.189560e-02
1.194599e-02
1.199642e-02
1.204688e-02
1.209728e-02
1.214771e-02
1.219817e-02
1.224856e-02
1.229902e-02
1.234948e-02
1.239988e-02
1.245031e-02
1.250077e-02
1.254613e-02
1.259155e-02
1.263697e-02
1.268233e-02
1.083464e-02
1.088510e-02
1.093550e-02
1.098596e-02
1.103642e-02
1.108681e-02
1.113724e-02
1.118770e-02
1.123810e-02
1.128856e-02
1.133902e-02
1.138941e-02
1.143984e-02
1.149030e-02
1.154070e-02
1.159116e-02
1.164162e-02
1.169201e-02
1.174244e-02
1.179290e-02
1.184333e-02
1.189376e-02
1.194422e-02
1.199461e-02
1.204504e-02
1.209550e-02
1.214593e-02
1.219636e-02
1.224682e-02
1.229721e-02
1.234764e-02
1.239810e-02
1.244853e-02
1.249896e-02
1.254938e-02
1.259478e-02
1.264020e-02
1.268559e-02
1.083790e-02
1.088833e-02
1.093876e-02
1.098918e-02
1.103964e-02
1.109007e-02
1.114050e-02
1.119093e-02
1.124136e-02
1.129178e-02
1.134224e-02
1.139267e-02
1.144310e-02
1.149353e-02
1.154396e-02
1.159438e-02
1.164484e-02
1.169527e-02
1.174570e-02
1.179613e-02
1.184655e-02
1.189698e-02
1.194744e-02
1.199787e-02
1.204830e-02
1.209873e-02
1.214915e-02
1.219958e-02
1.225004e-02
1.230047e-02
1.235090e-02
1.240133e-02
1.245175e-02
1.250218e-02
1.254760e-02
1.259300e-02
1.263839e-02
1.268378e-02
1.083609e-02
1.088652e-02
1.093698e-02
1.098741e-02
1.103786e-02
1.108826e-02
1.113869e-02
1.118912e-02
1.123955e-02
1.129001e-02
1.134043e-02
1.139086e-02
1.144129e-02
1.149172e-02
1.154218e-02
1.159257e-02
1.164300e-02
1.169346e-02
1.174389e-02
