0.000000e+00
5.042806e-05
1.008561e-04
1.512842e-04
2.017122e-04
2.521403e-04
3.025683e-04
3.529964e-04
4.034245e-04
4.538525e-04
5.042806e-04
5.547086e-04
6.051367e-04
6.555647e-04
3.371705e-03
3.802072e-03
5.395624e-03
7.073745e-03
8.906927e-03
7.938337e-03
1.132087e-03
-9.893934e-03
-2.820307e-02
-5.307461e-02
-8.196594e-02
-1.108452e-01
-1.149063e-01
-8.122049e-02
-1.503767e-02
6.495383e-02
1.523765e-01
2.502396e-01
3.610736e-01
4.759921e-01
5.846760e-01
6.843575e-01
7.700172e-01
8.411570e-01
8.947304e-01
9.298134e-01
9.518312e-01
9.587810e-01
9.370234e-01
8.654541e-01
7.561343e-01
6.464368e-01
6.060802e-01
6.346963e-01
7.170825e-01
8.048514e-01
8.771389e-01
9.298220e-01
9.680661e-01
9.926239e-01
1.008953e+00
1.021495e+00
1.030061e+00
1.034680e+00
1.041182e+00
1.043394e+00
1.045967e+00
1.048514e+00
1.051445e+00
1.049536e+00
1.052462e+00
1.050903e+00
1.049343e+00
1.052960e+00
1.051894e+00
1.051629e+00
1.054483e+00
1.064603e+00
1.078771e+00
1.098777e+00
1.133959e+00
1.171363e+00
1.210418e+00
1.241144e+00
1.248156e+00
1.222879e+00
1.182281e+00
1.132456e+00
1.076998e+00
1.020554e+00
9.629912e-01
9.034261e-01
8.363383e-01
7.683269e-01
7.013238e-01
6.330068e-01
5.650014e-01
4.977686e-01
4.318602e-01
3.683866e-01
3.092804e-01
2.538004e-01
2.051152e-01
1.602898e-01
1.190690e-01
8.508903e-02
5.524323e-02
3.175049e-02
1.138037e-02
-3.991681e-03
-1.593929e-02
-2.258333e-02
-2.587627e-02
-2.743043e-02
-2.532930e-02
-2.332957e-02
-2.130076e-02
-1.742037e-02
-1.543121e-02
-1.153824e-02
-7.651214e-03
-5.685369e-03
-1.800230e-03
1.674607e-04
2.129222e-03
5.996650e-03
7.957804e-03
9.918802e-03
9.972675e-03
1.002640e-02
1.008224e-02
1.013283e-02
1.018711e-02
1.023979e-02
1.029306e-02
1.034590e-02
1.039884e-02
1.045161e-02
1.050470e-02
1.055656e-02
1.060955e-02
1.066183e-02
1.071404e-02
1.076605e-02
1.081880e-02
1.087026e-02
1.092277e-02
1.097456e-02
1.102667e-02
1.108070e-02
1.112980e-02
1.118248e-02
1.123371e-02
1.129040e-02
1.133551e-02
1.139041e-02
1.143965e-02
1.149193e-02
1.154392e-02
1.159475e-02
1.164599e-02
1.169815e-02
1.174977e-02
1.179981e-02
1.185168e-02
1.190232e-02
1.195513e-02
1.200417e-02
1.205766e-02
1.210703e-02
1.215849e-02
1.221034e-02
1.226063e-02
1.231216e-02
1.236286e-02
1.241469e-02
1.246383e-02
1.251667e-02
1.256225e-02
1.260677e-02
1.265431e-02
1.269993e-02
1.274447e-02
1.279225e-02
1.283571e-02
1.288385e-02
1.292745e-02
1.297557e-02
1.301916e-02
1.306645e-02
1.311141e-02
1.315787e-02
1.320330e-02
1.324976e-02
1.329521e-02
1.333921e-02
1.338692e-02
1.343153e-02
1.347668e-02
1.352329e-02
1.356873e-02
1.361406e-02
1.366014e-02
1.370619e-02
1.375191e-02
1.379668e-02
1.384225e-02
1.388896e-02
1.393412e-02
1.397958e-02
1.402488e-02
1.407118e-02
1.411674e-02
1.416154e-02
1.420792e-02
1.425188e-02
1.429928e-02
1.434388e-02
1.439017e-02
1.443500e-02
1.448122e-02
1.452589e-02
1.457277e-02
1.461771e-02
1.466285e-02
1.470892e-02
1.475434e-02
1.480013e-02
1.484536e-02
1.489090e-02
1.493665e-02
1.498183e-02
1.502780e-02
1.507251e-02
1.511872e-02
1.516397e-02
1.520953e-02
1.525501e-02
1.530059e-02
1.534598e-02
1.539149e-02
1.543706e-02
1.548204e-02
1.552775e-02
1.557353e-02
1.561898e-02
1.566446e-02
1.570991e-02
1.575530e-02
1.580112e-02
1.395330e-02
1.399898e-02
1.404453e-02
1.409030e-02
1.413575e-02
1.418151e-02
1.422723e-02
1.427265e-02
1.431829e-02
1.436402e-02
1.440952e-02
1.445525e-02
1.450083e-02
1.454647e-02
1.459209e-02
1.463773e-02
1.468328e-02
1.472920e-02
1.477467e-02
1.482040e-02
1.486580e-02
1.491146e-02
1.495696e-02
1.500269e-02
1.504824e-02
1.509385e-02
1.513947e-02
1.518511e-02
1.523048e-02
1.527637e-02
1.532189e-02
1.536750e-02
1.541311e-02
1.545872e-02
1.550431e-02
1.554992e-02
1.559553e-02
1.564111e-02
1.568692e-02
1.573234e-02
1.577795e-02
1.582356e-02
1.586915e-02
1.591476e-02
1.596034e-02
1.600595e-02
1.605154e-02
1.609715e-02
1.614271e-02
1.618834e-02
1.623396e-02
1.627948e-02
1.632515e-02
1.637071e-02
1.641629e-02
1.646184e-02
