0.000000e+00
5.042806e-05
2.007432e-03
2.057860e-03
2.108288e-03
2.158716e-03
2.209144e-03
2.259572e-03
2.310000e-03
2.360428e-03
2.410856e-03
2.461284e-03
2.511712e-03
2.562140e-03
2.612568e-03
2.662996e-03
2.713424e-03
2.763852e-03
2.814280e-03
2.864709e-03
2.915137e-03
2.965565e-03
3.015993e-03
3.066421e-03
3.116849e-03
3.167277e-03
3.217705e-03
3.268133e-03
3.318561e-03
3.368989e-03
3.419417e-03
3.469845e-03
3.520273e-03
3.570701e-03
3.621129e-03
3.671557e-03
3.721985e-03
3.772414e-03
3.822842e-03
3.873270e-03
3.923698e-03
3.974126e-03
4.024554e-03
4.074982e-03
4.125410e-03
4.175838e-03
4.226266e-03
4.276694e-03
4.327122e-03
4.377550e-03
4.427978e-03
4.478406e-03
4.528834e-03
4.579262e-03
4.629691e-03
4.680119e-03
4.730547e-03
4.780975e-03
4.831403e-03
4.881831e-03
4.932259e-03
4.982687e-03
5.033115e-03
5.083543e-03
5.133971e-03
5.184399e-03
5.234827e-03
5.285255e-03
5.335683e-03
5.386111e-03
5.436539e-03
5.486967e-03
5.537396e-03
5.587824e-03
5.638252e-03
5.688680e-03
5.739108e-03
5.789536e-03
5.839964e-03
5.890392e-03
5.940820e-03
5.991248e-03
6.041676e-03
6.092104e-03
6.142532e-03
6.192960e-03
6.243388e-03
6.293816e-03
6.344244e-03
6.394672e-03
6.445101e-03
6.495529e-03
6.545957e-03
6.596385e-03
6.646813e-03
6.697241e-03
6.747669e-03
6.798097e-03
6.848525e-03
6.898953e-03
6.949381e-03
7.003926e-03
7.054540e-03
7.101317e-03
7.146815e-03
7.191721e-03
7.236003e-03
7.280129e-03
7.324286e-03
7.368755e-03
7.413286e-03
7.457412e-03
7.502785e-03
7.552340e-03
7.602581e-03
7.652136e-03
7.702907e-03
7.753397e-03
7.803950e-03
7.854097e-03
7.904744e-03
7.955640e-03
8.006224e-03
8.056496e-03
8.107236e-03
8.158069e-03
8.208809e-03
8.259549e-03
8.305453e-03
8.351419e-03
8.397105e-03
8.443102e-03
8.488787e-03
8.534597e-03
8.580345e-03
8.626093e-03
8.671810e-03
8.717339e-03
8.763180e-03
8.808741e-03
8.854427e-03
8.900112e-03
8.945485e-03
8.991077e-03
9.035983e-03
9.081107e-03
9.125326e-03
9.175411e-03
1.303770e-02
1.499965e-02
1.696176e-02
1.892322e-02
2.088464e-02
2.284744e-02
2.480883e-02
2.491342e-02
2.501755e-02
2.511941e-02
2.521927e-02
2.531879e-02
2.541946e-02
2.551985e-02
2.562049e-02
2.572101e-02
2.582165e-02
2.591074e-02
2.601660e-02
2.611646e-02
2.621685e-02
2.631646e-02
2.641676e-02
2.651696e-02
2.661651e-02
2.671671e-02
2.681664e-02
2.691662e-02
2.701661e-02
2.711660e-02
2.721783e-02
2.731944e-02
2.742195e-02
2.752693e-02
2.763179e-02
2.773958e-02
2.784946e-02
2.796446e-02
2.808882e-02
2.821386e-02
2.833423e-02
2.845803e-02
2.859993e-02
2.874604e-02
2.889656e-02
2.903344e-02
2.538548e-02
2.359531e-02
2.180823e-02
2.191743e-02
2.012574e-02
1.833345e-02
1.843917e-02
1.475530e-02
1.296498e-02
1.117251e-02
9.411180e-03
7.644450e-03
5.873667e-03
5.955728e-03
4.195219e-03
2.445549e-03
2.541177e-03
7.904082e-04
8.972970e-04
9.825063e-04
1.079058e-03
1.141336e-03
1.210810e-03
1.267401e-03
1.327794e-03
1.375965e-03
1.421025e-03
1.467217e-03
1.509168e-03
1.545422e-03
-2.819504e-04
-2.412214e-04
-2.098509e-04
1.729535e-03
3.652058e-03
5.555454e-03
7.440630e-03
9.305616e-03
1.114384e-02
1.108308e-02
1.102649e-02
1.096211e-02
1.089594e-02
1.084147e-02
1.079474e-02
1.075440e-02
1.072508e-02
1.070480e-02
1.069500e-02
1.069570e-02
1.070660e-02
1.072905e-02
1.075172e-02
1.267584e-02
1.269530e-02
1.272060e-02
1.274340e-02
1.277656e-02
1.280923e-02
1.283948e-02
1.287493e-02
1.291247e-02
1.295155e-02
1.298904e-02
1.302827e-02
1.306798e-02
1.310208e-02
1.124440e-02
1.129586e-02
1.134621e-02
1.139736e-02
1.144921e-02
1.150058e-02
1.155024e-02
1.160177e-02
1.165270e-02
1.170377e-02
1.175495e-02
1.180605e-02
1.185720e-02
1.190820e-02
1.197192e-02
1.015459e-02
8.329857e-03
6.504682e-03
6.548888e-03
6.592341e-03
6.634914e-03
4.839184e-03
3.042196e-03
3.088957e-03
3.135246e-03
3.171109e-03
-4.157762e-04
-2.178124e-03
-3.958691e-03
-5.421819e-03
-6.708258e-03
-6.283653e-03
-7.677641e-03
-9.195851e-03
-1.078829e-02
-1.241490e-02
-1.395764e-02
-1.551352e-02
-1.536870e-02
-1.688882e-02
-2.017560e-02
-2.176174e-02
-2.496664e-02
-2.637287e-02
-2.777779e-02
-2.752562e-02
-2.884073e-02
-3.185220e-02
-3.322572e-02
-3.460032e-02
-3.573313e-02
-3.686486e-02
-3.799541e-02
-3.901071e-02
-4.002358e-02
-4.103112e-02
-4.371167e-02
-4.461169e-02
-4.698752e-02
-4.940812e-02
-5.034903e-02
-5.141444e-02
-5.287914e-02
-5.468063e-02
-5.367715e-02
-5.311138e-02
-5.450119e-02
-5.456547e-02
-5.489775e-02
-5.390426e-02
-5.147392e-02
-5.106941e-02
-4.910724e-02
-4.743116e-02
-4.783146e-02
-4.486247e-02
-4.370793e-02
-4.052621e-02
-3.629422e-02
-3.102223e-02
-2.321660e-02
-1.483638e-02
-1.013149e-03
1.544594e-02
3.561784e-02
5.930364e-02
8.938241e-02
1.233496e-01
1.633543e-01
2.082004e-01
2.568123e-01
3.103877e-01
3.706095e-01
4.332486e-01
4.968803e-01
5.661014e-01
6.324403e-01
7.005193e-01
7.670062e-01
8.293941e-01
8.824671e-01
9.269675e-01
9.593879e-01
9.838777e-01
1.002038e+00
1.013185e+00
1.021188e+00
1.029527e+00
1.034086e+00
1.039520e+00
1.040870e+00
1.042516e+00
1.044830e+00
1.047385e+00
1.050155e+00
1.048482e+00
1.051672e+00
1.050309e+00
1.049429e+00
1.053411e+00
1.052740e+00
1.052164e+00
1.051658e+00
1.051212e+00
1.050822e+00
1.050772e+00
1.050768e+00
1.050792e+00
1.050850e+00
1.050933e+00
1.051044e+00
1.051165e+00
1.051311e+00
1.051465e+00
1.051841e+00
1.052230e+00
1.052660e+00
1.053098e+00
1.053539e+00
1.053992e+00
1.054436e+00
1.054892e+00
1.055349e+00
1.055798e+00
1.056252e+00
1.056711e+00
1.057165e+00
1.057629e+00
1.058261e+00
1.058899e+00
1.059541e+00
1.060188e+00
1.060836e+00
1.061494e+00
1.062146e+00
1.062817e+00
1.058594e+00
1.059267e+00
1.059944e+00
1.060628e+00
1.061318e+00
1.062003e+00
1.062701e+00
1.058499e+00
1.059226e+00
1.059952e+00
1.060689e+00
1.061555e+00
1.062432e+00
1.063302e+00
1.059293e+00
1.060168e+00
1.061050e+00
1.061930e+00
1.062803e+00
1.058756e+00
1.059633e+00
1.060520e+00
1.059972e+00
1.059419e+00
1.060309e+00
1.061193e+00
1.060648e+00
1.061529e+00
1.062415e+00
1.063299e+00
1.057812e+00
1.058724e+00
1.058202e+00
1.057681e+00
1.057151e+00
1.058066e+00
1.058973e+00
1.058448e+00
1.059359e+00
1.060267e+00
1.061277e+00
1.062296e+00
1.063312e+00
1.059396e+00
1.060403e+00
1.061426e+00
1.061008e+00
1.062021e+00
1.063039e+00
1.059109e+00
1.060122e+00
1.061139e+00
1.062148e+00
1.063167e+00
1.059235e+00
1.060241e+00
1.061262e+00
1.062274e+00
1.063279e+00
1.059351e+00
1.060358e+00
1.061371e+00
1.062381e+00
1.063395e+00
1.059451e+00
1.060469e+00
1.061474e+00
1.062491e+00
1.063494e+00
1.059561e+00
1.060563e+00
1.061577e+00
1.062582e+00
1.058645e+00
1.059668e+00
1.060696e+00
1.061722e+00
1.062733e+00
1.058787e+00
1.059821e+00
1.060843e+00
1.061865e+00
1.062897e+00
1.059043e+00
1.060158e+00
1.061264e+00
1.062377e+00
1.063484e+00
1.059652e+00
1.060762e+00
1.061876e+00
1.062979e+00
1.059153e+00
1.060260e+00
1.061371e+00
1.062487e+00
1.063600e+00
1.059759e+00
1.060877e+00
1.061985e+00
1.061663e+00
1.062780e+00
1.057510e+00
1.057181e+00
1.058301e+00
1.057983e+00
1.059094e+00
1.058774e+00
1.059890e+00
1.059565e+00
1.060688e+00
1.060371e+00
1.061484e+00
1.061176e+00
1.062299e+00
1.061992e+00
1.063122e+00
1.057867e+00
1.059008e+00
1.058717e+00
1.059872e+00
1.059596e+00
1.060779e+00
1.060531e+00
1.060315e+00
1.060109e+00
1.059936e+00
1.059787e+00
1.059679e+00
1.059608e+00
1.059603e+00
1.059659e+00
1.059779e+00
1.059981e+00
1.060270e+00
1.060650e+00
1.061138e+00
1.061745e+00
1.062460e+00
1.063372e+00
1.059559e+00
1.060738e+00
1.062067e+00
1.063522e+00
1.060324e+00
1.062068e+00
1.063946e+00
1.061213e+00
1.063363e+00
1.060951e+00
1.063380e+00
1.061297e+00
1.064018e+00
1.062340e+00
1.065357e+00
1.064118e+00
1.063134e+00
1.062411e+00
1.066248e+00
1.066043e+00
1.066155e+00
1.066616e+00
1.067426e+00
1.068591e+00
1.070118e+00
1.072041e+00
1.074317e+00
1.076899e+00
1.076238e+00
1.075774e+00
1.075783e+00
1.075881e+00
1.076341e+00
1.076906e+00
1.076028e+00
1.075049e+00
1.074271e+00
1.074708e+00
1.073115e+00
1.069701e+00
1.064627e+00
1.055903e+00
1.046371e+00
1.034427e+00
1.019297e+00
1.001630e+00
9.808993e-01
9.581893e-01
9.317338e-01
9.022640e-01
8.700105e-01
8.354334e-01
7.977733e-01
7.585110e-01
7.173751e-01
6.724605e-01
6.256588e-01
5.776120e-01
5.279589e-01
4.773255e-01
4.265810e-01
3.772575e-01
3.297442e-01
2.850956e-01
2.438651e-01
2.080437e-01
1.761096e-01
1.478114e-01
1.219679e-01
1.014136e-01
8.175047e-02
6.485068e-02
5.106944e-02
4.028208e-02
3.087518e-02
2.303614e-02
1.850903e-02
1.210878e-02
9.147507e-03
6.136163e-03
4.784559e-03
1.570499e-03
1.989323e-03
2.351379e-03
2.662221e-03
2.951841e-03
3.221794e-03
1.582160e-03
1.799181e-03
3.907848e-03
6.004968e-03
6.192648e-03
6.370453e-03
6.538631e-03
6.697802e-03
8.755226e-03
1.080562e-02
1.092835e-02
1.104432e-02
1.115534e-02
1.125709e-02
1.136445e-02
1.145672e-02
1.155400e-02
1.164138e-02
1.172877e-02
1.181155e-02
1.189363e-02
1.197291e-02
1.204957e-02
1.212208e-02
1.219893e-02
1.227135e-02
1.234352e-02
1.241082e-02
1.248130e-02
1.254639e-02
1.260582e-02
1.266905e-02
1.272502e-02
1.278757e-02
1.284294e-02
1.289991e-02
1.295541e-02
1.301131e-02
1.307130e-02
1.312487e-02
1.128994e-02
1.134714e-02
1.140648e-02
1.146396e-02
1.152665e-02
1.158266e-02
1.163998e-02
1.170076e-02
1.175578e-02
1.181300e-02
1.186867e-02
1.192955e-02
1.198322e-02
1.203942e-02
1.209527e-02
1.215091e-02
1.221042e-02
1.226362e-02
1.231938e-02
1.237399e-02
1.242822e-02
1.248355e-02
1.254205e-02
1.259013e-02
1.263976e-02
1.268896e-02
1.273828e-02
1.089443e-02
1.095250e-02
1.100443e-02
1.105882e-02
1.111230e-02
1.116619e-02
1.121986e-02
1.127366e-02
1.132739e-02
1.138478e-02
1.143661e-02
1.149016e-02
1.154320e-02
1.159647e-02
1.164967e-02
1.170291e-02
1.175618e-02
1.181294e-02
1.186402e-02
1.191735e-02
1.196996e-02
1.202282e-02
1.207574e-02
1.212851e-02
1.218146e-02
1.223420e-02
1.228712e-02
1.234338e-02
1.239409e-02
1.244699e-02
1.249922e-02
1.255168e-02
1.259916e-02
1.264658e-02
1.269397e-02
1.084831e-02
1.090079e-02
1.095322e-02
1.100570e-02
1.106159e-02
1.111192e-02
1.116444e-02
1.121627e-02
1.126835e-02
1.132053e-02
1.137255e-02
1.142479e-02
1.147680e-02
1.152901e-02
1.158106e-02
1.163324e-02
1.168525e-02
1.173740e-02
1.178935e-02
1.184515e-02
1.189483e-02
1.194719e-02
1.199849e-02
1.205038e-02
1.210200e-02
1.215389e-02
1.220560e-02
1.225746e-02
1.230917e-02
1.236106e-02
1.241277e-02
1.246463e-02
1.251634e-02
1.256313e-02
1.260977e-02
1.265657e-02
1.270318e-02
1.085686e-02
1.091203e-02
1.096199e-02
1.101351e-02
1.106475e-02
1.111611e-02
1.116757e-02
1.121896e-02
1.127051e-02
1.132197e-02
1.137343e-02
1.142498e-02
1.147644e-02
1.152802e-02
1.157948e-02
1.163075e-02
1.168249e-02
1.173391e-02
1.178534e-02
1.183689e-02
1.188831e-02
1.193974e-02
1.199123e-02
1.204262e-02
1.209399e-02
1.214900e-02
1.219856e-02
1.224986e-02
1.230075e-02
1.235196e-02
1.240304e-02
1.245422e-02
1.250546e-02
1.255166e-02
1.259780e-02
1.264410e-02
1.269024e-02
1.084345e-02
1.089466e-02
1.094596e-02
1.099717e-02
1.104838e-02
1.109968e-02
1.115089e-02
1.120216e-02
1.125330e-02
1.130457e-02
1.135578e-02
1.140699e-02
1.145820e-02
1.150941e-02
1.156052e-02
1.161179e-02
1.166287e-02
1.171411e-02
1.176523e-02
1.181996e-02
1.186886e-02
1.192022e-02
1.197081e-02
1.202180e-02
1.207269e-02
1.212362e-02
1.217470e-02
1.222566e-02
1.227674e-02
1.232770e-02
1.237882e-02
1.242981e-02
1.248092e-02
1.253191e-02
1.257799e-02
1.262394e-02
1.266999e-02
1.082286e-02
1.087397e-02
1.092493e-02
1.097601e-02
1.102697e-02
1.107809e-02
1.112901e-02
1.118010e-02
1.123106e-02
1.128211e-02
1.133303e-02
1.138409e-02
1.143508e-02
1.148600e-02
1.153709e-02
1.158798e-02
1.163894e-02
1.169002e-02
1.174086e-02
1.179188e-02
1.184284e-02
1.189376e-02
1.194466e-02
1.199571e-02
1.204654e-02
1.209753e-02
1.215189e-02
1.220110e-02
1.225194e-02
1.230237e-02
1.235307e-02
1.240378e-02
1.245455e-02
1.250529e-02
1.255106e-02
1.259733e-02
1.264247e-02
1.268864e-02
1.084107e-02
1.089209e-02
1.094287e-02
1.099426e-02
1.104444e-02
1.109565e-02
1.114623e-02
1.119722e-02
1.124805e-02
1.129936e-02
1.134957e-02
1.140080e-02
1.145139e-02
1.150232e-02
1.155312e-02
1.160442e-02
1.165466e-02
1.170577e-02
1.175645e-02
1.180791e-02
1.185856e-02
1.190908e-02
1.196085e-02
1.201034e-02
1.206164e-02
1.211213e-02
1.216356e-02
1.221414e-02
1.226463e-02
1.231587e-02
1.236611e-02
1.241741e-02
1.246853e-02
1.251799e-02
1.256538e-02
1.260958e-02
1.265597e-02
1.270136e-02
1.085464e-02
1.090476e-02
1.095590e-02
1.100683e-02
1.105723e-02
1.110850e-02
1.115949e-02
1.120913e-02
1.126137e-02
1.131068e-02
1.136213e-02
1.141284e-02
1.146296e-02
1.151485e-02
1.156441e-02
1.161615e-02
1.166620e-02
1.171744e-02
1.176787e-02
1.181907e-02
1.186938e-02
1.192052e-02
1.197067e-02
1.202203e-02
1.207212e-02
1.212345e-02
1.217354e-02
1.222487e-02
1.227502e-02
1.232604e-02
1.237693e-02
1.242702e-02
1.247838e-02
1.252897e-02
1.257461e-02
1.262062e-02
1.266548e-02
1.081876e-02
1.086919e-02
1.092018e-02
1.097036e-02
1.102163e-02
1.107156e-02
1.112367e-02
1.117244e-02
1.122484e-02
1.127389e-02
1.132669e-02
1.137503e-02
1.142764e-02
1.147626e-02
1.152909e-02
1.157762e-02
1.163038e-02
1.167941e-02
1.173196e-02
1.178048e-02
1.183319e-02
1.188218e-02
1.193470e-02
1.198360e-02
1.203515e-02
1.208583e-02
1.213669e-02
1.218724e-02
1.223926e-02
1.228738e-02
1.234018e-02
1.238896e-02
1.244147e-02
1.249012e-02
1.254280e-02
1.258654e-02
1.263396e-02
1.267760e-02
1.083169e-02
1.088109e-02
1.093286e-02
1.098235e-02
1.103477e-02
1.108330e-02
1.113572e-02
1.118453e-02
1.123698e-02
1.128598e-02
1.133831e-02
1.138702e-02
1.143954e-02
1.148859e-02
1.154089e-02
1.158967e-02
1.164212e-02
1.169118e-02
1.174345e-02
1.179225e-02
1.184465e-02
1.189377e-02
1.194597e-02
1.199481e-02
1.204717e-02
1.209629e-02
1.214846e-02
1.219733e-02
1.224963e-02
1.229878e-02
1.235092e-02
1.239982e-02
1.245209e-02
1.250305e-02
1.254670e-02
1.259396e-02
1.263976e-02
1.268359e-02
1.083712e-02
1.088689e-02
1.093772e-02
1.098915e-02
1.104067e-02
1.109206e-02
1.114274e-02
1.119086e-02
1.124254e-02
1.129237e-02
1.134274e-02
1.139444e-02
1.144493e-02
1.149383e-02
1.154510e-02
1.159641e-02
1.164471e-02
1.169676e-02
1.174713e-02
1.179834e-02
1.184939e-02
1.189813e-02
1.195021e-02
1.200114e-02
1.205188e-02
1.210115e-02
1.215227e-02
1.220198e-02
1.225294e-02
1.230418e-02
1.235298e-02
1.240534e-02
1.245537e-02
1.250648e-02
1.255038e-02
1.259695e-02
1.264300e-02
1.268689e-02
1.084055e-02
1.089163e-02
1.094065e-02
1.099239e-02
1.104347e-02
1.109297e-02
1.114408e-02
1.119460e-02
1.124603e-02
1.129546e-02
1.134710e-02
1.139625e-02
1.144777e-02
1.149789e-02
1.154916e-02
1.159871e-02
1.165045e-02
1.169941e-02
1.175134e-02
1.180105e-02
1.185288e-02
1.190237e-02
1.195383e-02
1.200326e-02
1.205490e-02
1.210437e-02
1.215592e-02
1.220547e-02
1.225705e-02
1.230655e-02
1.235813e-02
1.240768e-02
1.245923e-02
1.250888e-02
1.255540e-02
1.259998e-02
1.264637e-02
1.269089e-02
1.084429e-02
1.089397e-02
1.094546e-02
1.099510e-02
1.104653e-02
1.109608e-02
1.114757e-02
1.119728e-02
1.124874e-02
1.129839e-02
1.134978e-02
1.139937e-02
1.145030e-02
1.150194e-02
1.155050e-02
1.160242e-02
1.165288e-02
1.170359e-02
1.175483e-02
1.180357e-02
1.185485e-02
1.190612e-02
1.195645e-02
1.200763e-02
1.205618e-02
1.210798e-02
1.215860e-02
1.220909e-02
1.226014e-02
1.230876e-02
1.236034e-02
1.241071e-02
1.246061e-02
1.251194e-02
1.255755e-02
1.260366e-02
1.264733e-02
1.269391e-02
1.084622e-02
1.089699e-02
1.094773e-02
1.099719e-02
1.104902e-02
1.109730e-02
1.114941e-02
1.119972e-02
1.125036e-02
1.130145e-02
1.135081e-02
1.140149e-02
1.145257e-02
1.150275e-02
1.155327e-02
1.160255e-02
1.165478e-02
1.170528e-02
1.175617e-02
1.180563e-02
1.185728e-02
1.190702e-02
1.195760e-02
1.200716e-02
1.205808e-02
1.210960e-02
1.215941e-02
1.221018e-02
1.225983e-02
1.231160e-02
1.236187e-02
1.241083e-02
1.246254e-02
1.251290e-02
1.255879e-02
1.260303e-02
1.264970e-02
1.269522e-02
1.084818e-02
1.089818e-02
1.094938e-02
1.099869e-02
1.105030e-02
1.110039e-02
1.114938e-02
1.120112e-02
1.125142e-02
1.130160e-02
1.135321e-02
1.140342e-02
1.145242e-02
1.150456e-02
1.155518e-02
1.160582e-02
1.165575e-02
1.170552e-02
1.175729e-02
1.180697e-02
1.185762e-02
1.190714e-02
1.195901e-02
1.200862e-02
1.206020e-02
1.211041e-02
1.215991e-02
1.221161e-02
1.226195e-02
1.231147e-02
1.236315e-02
1.241411e-02
1.246432e-02
1.251403e-02
1.255914e-02
1.260568e-02
1.265170e-02
1.269562e-02
1.084896e-02
1.089814e-02
1.094951e-02
1.099987e-02
1.104996e-02
1.110148e-02
1.115247e-02
1.120258e-02
1.125245e-02
1.130197e-02
1.135368e-02
1.140470e-02
1.145491e-02
1.150465e-02
1.155468e-02
1.160616e-02
1.165547e-02
1.170724e-02
1.175670e-02
1.180828e-02
1.185762e-02
1.190936e-02
1.195841e-02
1.201034e-02
1.205964e-02
1.211132e-02
1.216072e-02
1.221211e-02
1.226185e-02
1.231337e-02
1.236271e-02
1.241435e-02
1.246391e-02
1.251537e-02
1.255948e-02
1.260615e-02
1.265070e-02
1.269712e-02
1.084821e-02
1.089989e-02
1.094951e-02
1.100093e-02
1.105018e-02
1.110185e-02
1.115147e-02
1.120286e-02
1.125217e-02
1.130378e-02
1.135430e-02
1.140433e-02
1.145482e-02
1.150521e-02
1.155567e-02
1.160610e-02
1.165656e-02
1.170721e-02
1.175751e-02
1.180725e-02
1.185890e-02
1.190842e-02
1.196000e-02
1.201052e-02
1.206020e-02
1.211125e-02
1.216153e-02
1.221202e-02
1.226163e-02
1.231322e-02
1.236265e-02
1.241435e-02
1.246481e-02
1.251449e-02
1.256051e-02
1.260665e-02
1.265170e-02
1.269724e-02
1.084871e-02
1.089967e-02
1.094979e-02
1.100034e-02
1.104999e-02
1.110148e-02
1.115190e-02
1.120218e-02
1.125270e-02
1.130241e-02
1.135402e-02
1.140448e-02
1.145482e-02
1.150524e-02
1.155449e-02
1.160641e-02
1.165687e-02
1.170683e-02
1.175770e-02
1.180722e-02
1.185886e-02
1.190932e-02
1.195891e-02
1.201037e-02
1.206064e-02
1.211091e-02
1.216137e-02
1.221205e-02
1.226241e-02
1.231259e-02
1.236246e-02
1.241398e-02
1.246447e-02
1.251368e-02
1.256416e-02
1.260721e-02
1.265238e-02
1.269749e-02
1.084983e-02
1.090004e-02
1.095003e-02
1.100065e-02
1.105067e-02
1.110113e-02
1.115147e-02
1.120246e-02
1.125292e-02
1.130347e-02
1.135352e-02
1.140398e-02
1.145419e-02
1.150521e-02
1.155567e-02
1.160619e-02
1.165706e-02
1.170708e-02
1.175754e-02
1.180666e-02
1.185827e-02
1.190870e-02
1.195919e-02
1.200893e-02
1.205986e-02
1.211044e-02
1.216065e-02
1.221108e-02
1.226176e-02
1.231159e-02
1.236264e-02
1.241329e-02
1.246359e-02
1.251399e-02
1.255966e-02
1.260424e-02
1.265070e-02
1.269606e-02
1.084852e-02
1.089873e-02
1.094907e-02
1.099971e-02
1.104933e-02
1.110094e-02
1.115137e-02
1.120186e-02
1.125204e-02
1.130238e-02
1.135302e-02
1.140220e-02
1.145403e-02
1.150443e-02
1.155520e-02
1.160532e-02
1.165568e-02
1.170627e-02
1.175585e-02
1.180737e-02
1.185780e-02
1.190832e-02
1.195788e-02
1.200927e-02
1.205961e-02
1.211007e-02
1.216021e-02
1.221067e-02
1.226132e-02
1.231203e-02
1.236286e-02
1.241288e-02
1.246331e-02
1.251380e-02
1.255823e-02
1.260452e-02
1.264979e-02
1.269534e-02
1.084671e-02
1.089808e-02
1.094854e-02
1.099918e-02
1.104867e-02
1.110004e-02
1.115034e-02
1.120093e-02
1.125048e-02
1.130187e-02
1.135233e-02
1.140282e-02
1.145332e-02
1.150356e-02
1.155377e-02
1.160444e-02
1.165500e-02
1.170452e-02
1.175595e-02
1.180631e-02
1.185683e-02
1.190735e-02
1.195725e-02
1.200796e-02
1.205855e-02
1.210913e-02
1.215865e-02
1.221005e-02
1.226051e-02
1.231106e-02
1.236155e-02
1.241101e-02
1.246241e-02
1.251271e-02
1.255826e-02
1.260374e-02
1.264817e-02
1.269453e-02
1.084684e-02
1.089736e-02
1.094785e-02
1.099734e-02
1.104867e-02
1.109898e-02
1.114956e-02
1.120008e-02
1.124954e-02
1.130094e-02
1.135140e-02
1.140186e-02
1.145235e-02
1.150281e-02
1.155314e-02
1.160332e-02
1.165390e-02
1.170443e-02
1.175488e-02
1.180441e-02
1.185580e-02
1.190620e-02
1.195666e-02
1.200718e-02
1.205773e-02
1.210757e-02
1.215825e-02
1.220889e-02
1.225938e-02
1.230990e-02
1.235946e-02
1.241082e-02
1.246128e-02
1.251174e-02
1.255720e-02
1.260268e-02
1.264707e-02
1.269340e-02
1.084559e-02
1.089614e-02
1.094663e-02
1.099715e-02
1.104661e-02
1.109798e-02
1.114841e-02
1.119890e-02
1.124935e-02
1.129988e-02
1.134937e-02
1.140067e-02
1.145100e-02
1.150153e-02
1.155202e-02
1.160254e-02
1.165297e-02
1.170308e-02
1.175339e-02
1.180397e-02
1.185452e-02
1.190511e-02
1.195557e-02
1.200509e-02
1.205645e-02
1.210676e-02
1.215734e-02
1.220786e-02
1.225832e-02
1.230878e-02
1.235834e-02
1.240961e-02
1.246003e-02
1.251059e-02
1.255598e-02
1.260140e-02
1.264686e-02
1.269131e-02
1.084449e-02
1.089480e-02
1.094532e-02
1.099584e-02
1.104636e-02
1.109676e-02
1.114722e-02
1.119730e-02
1.124761e-02
1.129822e-02
1.134887e-02
1.139933e-02
1.144982e-02
1.150034e-02
1.154980e-02
1.160113e-02
1.165147e-02
1.170199e-02
1.175251e-02
1.180303e-02
1.185346e-02
1.190392e-02
1.195348e-02
1.200475e-02
1.205517e-02
1.210570e-02
1.215612e-02
1.220658e-02
1.225707e-02
1.230747e-02
1.235793e-02
1.240814e-02
1.245832e-02
1.250893e-02
1.255445e-02
1.260000e-02
1.264539e-02
1.269081e-02
1.084318e-02
1.089268e-02
1.094398e-02
1.099444e-02
1.104490e-02
1.109539e-02
1.114588e-02
1.119627e-02
1.124673e-02
1.129719e-02
1.134668e-02
1.139805e-02
1.144848e-02
1.149894e-02
1.154939e-02
1.159985e-02
1.165028e-02
1.170074e-02
1.175120e-02
1.180160e-02
1.185171e-02
1.190202e-02
1.195263e-02
1.200319e-02
1.205371e-02
1.210420e-02
1.215469e-02
1.220515e-02
1.225561e-02
1.230472e-02
1.235656e-02
1.240686e-02
1.245735e-02
1.250781e-02
1.255326e-02
1.259869e-02
1.264408e-02
1.268950e-02
1.084181e-02
1.089224e-02
1.094226e-02
1.099263e-02
1.104321e-02
1.109383e-02
1.114432e-02
1.119481e-02
1.124530e-02
1.129576e-02
1.134618e-02
1.139664e-02
1.144710e-02
1.149744e-02
1.154749e-02
1.159814e-02
1.164866e-02
1.169921e-02
1.174967e-02
1.180013e-02
1.185059e-02
1.190105e-02
1.195148e-02
1.200194e-02
1.205146e-02
1.210276e-02
1.215316e-02
1.220365e-02
1.225411e-02
1.230460e-02
1.235506e-02
1.240549e-02
1.245594e-02
1.250637e-02
1.255176e-02
1.259716e-02
1.264258e-02
1.268794e-02
1.084016e-02
1.089055e-02
1.094104e-02
1.099157e-02
1.104196e-02
1.109245e-02
1.114291e-02
1.119331e-02
1.124377e-02
1.129420e-02
1.134462e-02
1.139508e-02
1.144520e-02
1.149550e-02
1.154609e-02
1.159664e-02
1.164713e-02
1.169768e-02
1.174814e-02
1.179860e-02
1.184906e-02
1.189952e-02
1.194998e-02
1.200044e-02
1.205083e-02
1.210036e-02
1.215172e-02
1.220209e-02
1.225261e-02
1.230304e-02
1.235353e-02
1.240396e-02
1.245438e-02
1.250481e-02
1.255024e-02
1.259563e-02
1.264102e-02
1.268644e-02
1.083872e-02
1.088915e-02
1.093867e-02
1.099000e-02
1.104040e-02
1.109089e-02
1.114129e-02
1.119181e-02
1.124221e-02
1.129267e-02
1.134313e-02
1.139355e-02
1.144401e-02
1.149444e-02
1.154490e-02
1.159530e-02
1.164573e-02
1.169615e-02
1.174661e-02
1.179664e-02
1.184756e-02
1.189796e-02
1.194839e-02
1.199882e-02
1.204924e-02
1.209967e-02
1.215010e-02
1.220053e-02
1.225102e-02
1.230141e-02
1.235184e-02
1.240227e-02
1.245270e-02
1.250316e-02
1.254855e-02
1.259397e-02
1.263840e-02
1.268476e-02
1.083700e-02
1.088753e-02
1.093795e-02
1.098835e-02
1.103881e-02
1.108927e-02
1.113973e-02
1.119019e-02
1.124065e-02
1.129104e-02
1.134150e-02
1.139193e-02
1.144239e-02
1.149279e-02
1.154325e-02
1.159367e-02
1.164413e-02
1.169363e-02
1.174499e-02
1.179536e-02
1.184588e-02
1.189630e-02
1.194673e-02
1.199719e-02
1.204765e-02
1.209808e-02
1.214851e-02
1.219894e-02
1.224939e-02
1.229979e-02
1.235025e-02
1.240068e-02
1.245114e-02
1.250154e-02
1.254693e-02
1.259232e-02
1.263774e-02
1.268310e-02
1.083544e-02
1.088556e-02
1.093589e-02
1.098645e-02
1.103700e-02
1.108749e-02
1.113801e-02
1.118847e-02
1.123896e-02
1.128939e-02
1.133988e-02
1.139028e-02
1.144074e-02
1.149116e-02
1.154162e-02
1.159202e-02
1.164245e-02
1.169288e-02
1.174337e-02
1.179373e-02
1.184419e-02
1.189462e-02
1.194508e-02
1.199548e-02
1.204590e-02
1.209627e-02
1.214639e-02
1.219697e-02
1.224749e-02
1.229798e-02
1.234850e-02
1.239893e-02
1.244939e-02
1.249985e-02
1.255034e-02
1.259570e-02
1.264109e-02
1.268652e-02
1.083886e-02
1.088925e-02
1.093968e-02
1.099011e-02
1.104057e-02
1.109097e-02
1.114139e-02
1.119185e-02
1.124231e-02
1.129271e-02
1.134314e-02
1.139357e-02
1.144402e-02
1.149442e-02
1.154398e-02
1.159531e-02
1.164571e-02
1.169616e-02
1.174662e-02
1.179708e-02
1.184757e-02
1.189797e-02
1.194834e-02
1.199880e-02
1.204929e-02
1.209968e-02
1.215014e-02
1.220057e-02
1.225103e-02
1.230143e-02
1.235189e-02
1.240231e-02
1.245277e-02
1.250317e-02
1.254856e-02
1.259395e-02
1.263938e-02
1.268474e-02
1.083708e-02
1.088751e-02
1.093796e-02
1.098836e-02
1.103879e-02
1.108922e-02
1.113965e-02
1.119011e-02
1.123966e-02
1.129099e-02
1.134136e-02
1.139185e-02
1.144231e-02
1.149277e-02
1.154320e-02
1.159365e-02
1.164408e-02
1.169451e-02
1.174494e-02
1.179540e-02
1.184583e-02
1.189625e-02
1.194668e-02
1.199711e-02
1.204754e-02
1.209797e-02
1.214839e-02
1.219882e-02
1.224925e-02
1.229968e-02
1.235011e-02
1.240057e-02
1.245099e-02
1.250142e-02
1.254681e-02
1.259221e-02
1.263763e-02
1.268299e-02
1.083533e-02
1.088576e-02
1.093619e-02
1.098661e-02
1.103704e-02
1.108750e-02
1.113793e-02
1.118836e-02
1.123879e-02
1.128884e-02
1.133920e-02
1.138979e-02
1.144034e-02
1.149093e-02
1.154138e-02
1.159184e-02
1.164230e-02
1.169276e-02
1.174322e-02
1.179365e-02
1.184408e-02
1.189451e-02
1.194493e-02
1.199536e-02
1.204579e-02
1.209622e-02
1.214668e-02
1.219711e-02
1.224750e-02
1.229796e-02
1.234839e-02
1.239882e-02
1.244925e-02
1.249967e-02
1.255010e-02
1.259549e-02
1.264089e-02
1.268631e-02
1.083859e-02
1.088902e-02
1.093944e-02
1.098990e-02
1.104033e-02
1.109076e-02
1.114119e-02
1.119161e-02
1.124207e-02
1.129247e-02
1.134293e-02
1.139336e-02
1.144379e-02
1.149421e-02
1.154467e-02
1.159510e-02
1.164553e-02
1.169599e-02
1.174548e-02
1.179685e-02
1.184721e-02
1.189770e-02
1.194816e-02
1.199862e-02
1.204905e-02
1.209948e-02
1.214997e-02
1.220036e-02
1.225079e-02
1.230122e-02
1.235165e-02
1.240208e-02
1.245250e-02
1.250293e-02
1.254832e-02
1.259375e-02
1.263911e-02
1.268450e-02
1.083681e-02
1.088724e-02
1.093770e-02
1.098812e-02
1.103855e-02
1.108898e-02
1.113944e-02
1.118984e-02
1.124026e-02
1.129069e-02
1.134112e-02
1.139158e-02
1.144198e-02
1.149244e-02
1.154286e-02
1.159329e-02
1.164375e-02
1.169415e-02
1.174458e-02
1.179503e-02
1.184546e-02
1.189592e-02
1.194632e-02
1.199675e-02
1.204718e-02
1.209760e-02
1.214809e-02
1.219849e-02
1.224892e-02
1.229935e-02
1.234977e-02
1.240023e-02
1.245063e-02
1.250109e-02
1.254648e-02
1.259187e-02
1.263730e-02
1.268266e-02
1.083497e-02
1.088540e-02
1.093585e-02
1.098631e-02
1.103671e-02
1.108714e-02
1.113729e-02
1.118759e-02
1.123820e-02
1.128869e-02
1.133922e-02
1.138971e-02
1.144017e-02
1.149066e-02
1.154108e-02
1.159154e-02
1.164197e-02
1.169240e-02
1.174286e-02
1.179326e-02
1.184372e-02
1.189414e-02
1.194454e-02
1.199500e-02
1.204540e-02
1.209582e-02
1.214625e-02
1.219668e-02
1.224714e-02
1.229754e-02
1.234800e-02
1.239842e-02
1.244885e-02
1.249931e-02
1.254971e-02
1.259510e-02
1.264049e-02
1.268588e-02
1.083822e-02
1.088862e-02
1.093905e-02
1.098948e-02
1.103991e-02
1.109040e-02
1.114079e-02
1.119122e-02
1.124165e-02
1.129208e-02
1.134254e-02
1.139293e-02
1.144336e-02
1.149382e-02
1.154425e-02
1.159471e-02
1.164510e-02
1.169553e-02
1.174596e-02
1.179639e-02
1.184685e-02
1.189724e-02
1.194770e-02
1.199813e-02
1.204856e-02
1.209902e-02
1.214942e-02
1.219984e-02
1.225027e-02
1.230070e-02
1.235116e-02
1.240159e-02
1.245202e-02
1.250244e-02
1.254784e-02
1.259323e-02
1.263865e-02
1.268404e-02
1.083635e-02
1.088678e-02
1.093721e-02
1.098764e-02
1.103810e-02
1.108852e-02
1.113895e-02
1.118938e-02
1.123981e-02
1.129024e-02
1.134066e-02
1.139109e-02
1.144152e-02
1.149198e-02
1.154241e-02
1.159284e-02
1.164326e-02
1.169369e-02
1.174412e-02
1.179458e-02
1.184498e-02
1.189543e-02
1.194586e-02
1.199629e-02
1.204672e-02
1.209715e-02
1.214670e-02
1.219803e-02
1.224840e-02
1.229889e-02
1.234935e-02
1.239978e-02
1.245024e-02
1.250070e-02
1.254609e-02
1.259148e-02
1.263687e-02
1.268226e-02
1.083457e-02
1.088500e-02
1.093543e-02
1.098586e-02
1.103625e-02
1.108671e-02
1.113714e-02
1.118757e-02
1.123800e-02
1.128839e-02
1.133885e-02
1.138928e-02
1.143971e-02
1.149014e-02
1.154057e-02
1.159099e-02
1.164142e-02
1.169185e-02
1.174228e-02
1.179271e-02
1.184313e-02
1.189359e-02
1.194402e-02
1.199445e-02
1.204488e-02
1.209531e-02
1.214573e-02
1.219616e-02
1.224659e-02
1.229702e-02
1.234745e-02
1.239791e-02
1.244830e-02
1.249876e-02
1.254919e-02
1.259461e-02
1.263997e-02
1.268536e-02
1.083767e-02
1.088810e-02
1.093853e-02
1.098896e-02
1.103942e-02
1.108985e-02
1.114027e-02
1.119070e-02
1.124116e-02
1.129156e-02
1.134199e-02
1.139241e-02
1.144284e-02
1.149327e-02
1.154373e-02
1.159416e-02
1.164459e-02
1.169501e-02
1.174544e-02
1.179590e-02
1.184630e-02
1.189673e-02
1.194715e-02
1.199758e-02
1.204801e-02
1.209847e-02
1.214890e-02
1.219933e-02
1.224975e-02
1.230018e-02
1.235064e-02
1.240104e-02
1.245147e-02
1.250189e-02
1.254729e-02
1.259271e-02
1.263813e-02
1.268349e-02
1.083580e-02
1.088623e-02
1.093666e-02
1.098709e-02
1.103755e-02
1.108794e-02
1.113837e-02
1.118880e-02
1.123926e-02
1.128969e-02
1.134014e-02
1.139054e-02
1.144097e-02
1.149140e-02
1.154183e-02
1.159225e-02
1.164271e-02
1.169311e-02
1.174357e-02
1.179400e-02
1.184443e-02
1.189485e-02
1.194531e-02
1.199571e-02
1.204614e-02
1.209657e-02
1.214699e-02
1.219742e-02
1.224788e-02
1.229828e-02
1.234874e-02
1.239917e-02
1.244959e-02
1.250002e-02
1.254544e-02
1.259080e-02
1.263620e-02
1.268159e-02
1.083390e-02
1.088436e-02
1.093482e-02
1.098521e-02
1.103564e-02
1.108607e-02
1.113650e-02
1.118693e-02
1.123739e-02
1.128778e-02
1.133821e-02
1.138864e-02
1.143907e-02
1.148953e-02
1.153998e-02
1.159038e-02
1.164081e-02
1.169124e-02
1.174167e-02
1.179209e-02
1.184255e-02
1.189295e-02
1.194338e-02
1.199381e-02
1.204427e-02
1.209469e-02
1.214515e-02
1.219555e-02
1.224598e-02
1.229641e-02
1.234683e-02
1.239726e-02
1.244772e-02
1.249812e-02
1.254855e-02
1.259394e-02
1.263936e-02
1.268475e-02
1.083709e-02
1.088749e-02
1.093792e-02
1.098835e-02
1.103877e-02
1.108920e-02
1.113963e-02
1.119009e-02
1.124052e-02
1.129095e-02
1.134137e-02
1.139180e-02
1.144223e-02
1.149266e-02
1.154309e-02
1.159351e-02
1.164394e-02
1.169437e-02
1.174480e-02
1.179526e-02
1.184569e-02
1.189611e-02
1.194654e-02
1.199697e-02
1.204740e-02
1.209783e-02
1.214825e-02
1.219868e-02
1.224911e-02
1.229954e-02
1.234997e-02
1.240043e-02
1.245085e-02
1.250128e-02
1.254667e-02
1.259206e-02
1.263746e-02
1.268285e-02
1.083491e-02
1.088524e-02
1.093583e-02
1.098635e-02
1.103684e-02
1.108730e-02
1.113776e-02
1.118822e-02
1.123865e-02
1.128910e-02
1.133953e-02
1.138996e-02
1.144042e-02
1.149082e-02
1.154124e-02
1.159167e-02
1.164210e-02
1.169253e-02
1.174296e-02
1.179338e-02
1.184381e-02
1.189424e-02
1.194467e-02
1.199510e-02
1.204553e-02
1.209595e-02
1.214638e-02
1.219681e-02
1.224724e-02
1.229767e-02
1.234809e-02
1.239852e-02
1.244895e-02
1.249938e-02
1.254981e-02
1.259520e-02
1.264062e-02
1.268598e-02
1.083829e-02
1.088872e-02
1.093915e-02
1.098961e-02
1.104003e-02
1.109046e-02
1.114089e-02
1.119132e-02
1.124175e-02
1.129217e-02
1.134260e-02
1.139303e-02
1.144346e-02
1.149389e-02
1.154431e-02
1.159477e-02
1.164517e-02
1.169560e-02
1.174603e-02
1.179649e-02
1.184691e-02
1.189734e-02
1.194777e-02
1.199820e-02
1.204863e-02
1.209905e-02
1.214948e-02
1.219991e-02
1.225037e-02
1.230077e-02
1.235119e-02
1.240162e-02
1.245205e-02
1.250251e-02
1.254790e-02
1.259332e-02
1.263869e-02
1.268408e-02
1.083639e-02
1.088682e-02
1.093724e-02
1.098767e-02
1.103813e-02
1.108853e-02
1.113896e-02
1.118938e-02
1.123981e-02
1.129027e-02
1.134070e-02
1.139116e-02
1.144156e-02
1.149198e-02
1.154241e-02
1.159284e-02
1.164327e-02
1.169370e-02
1.174415e-02
1.179455e-02
1.184498e-02
1.189541e-02
1.194584e-02
