0.000000e+00
5.042806e-05
1.008561e-04
1.512842e-04
2.017122e-04
2.521403e-04
3.025683e-04
3.529964e-04
4.034245e-04
4.538525e-04
5.042806e-04
5.547086e-04
6.051367e-04
6.555647e-04
7.059928e-04
7.564208e-04
8.068489e-04
8.572770e-04
9.077050e-04
9.581331e-04
1.008561e-03
1.058989e-03
1.109417e-03
1.159845e-03
1.210273e-03
1.260701e-03
1.311129e-03
1.361558e-03
1.411986e-03
1.462414e-03
1.512842e-03
1.563270e-03
1.613698e-03
1.664126e-03
1.714554e-03
1.764982e-03
1.815410e-03
1.865838e-03
1.916266e-03
3.145881e-03
4.314794e-03
6.719771e-03
6.896415e-03
8.824536e-03
1.071333e-02
1.067294e-02
1.062301e-02
1.058701e-02
1.056260e-02
1.054706e-02
1.054203e-02
1.054731e-02
1.056030e-02
1.056562e-02
1.053468e-02
1.031477e-02
9.628871e-03
8.140390e-03
5.799879e-03
2.713903e-03
9.465857e-04
-3.298726e-03
-6.216740e-03
-7.964661e-03
-8.625849e-03
-1.031368e-02
-1.310833e-02
-1.697251e-02
-2.023981e-02
-2.663377e-02
-3.160587e-02
-3.656824e-02
-3.788592e-02
-3.618985e-02
-3.127525e-02
-1.967337e-02
-1.704634e-03
2.277465e-02
4.976756e-02
8.357375e-02
1.238290e-01
1.670098e-01
2.137501e-01
2.621522e-01
3.150773e-01
3.720090e-01
4.306652e-01
4.892425e-01
5.479610e-01
6.060575e-01
6.679830e-01
7.287700e-01
7.871377e-01
8.417790e-01
8.876455e-01
9.268400e-01
9.603217e-01
9.857949e-01
1.005412e+00
1.021372e+00
1.033164e+00
1.042746e+00
1.049697e+00
1.057261e+00
1.062308e+00
1.066106e+00
1.067844e+00
1.070178e+00
1.071139e+00
1.072861e+00
1.073176e+00
1.074151e+00
1.071428e+00
1.067425e+00
1.061427e+00
1.050894e+00
1.037575e+00
1.019436e+00
9.991951e-01
9.764929e-01
9.501951e-01
9.211283e-01
8.861532e-01
8.460467e-01
7.997718e-01
7.459343e-01
6.866502e-01
6.212844e-01
5.533382e-01
4.851496e-01
4.207009e-01
3.640095e-01
3.249786e-01
3.141150e-01
3.364160e-01
3.830751e-01
4.437746e-01
5.110031e-01
5.860675e-01
6.676272e-01
7.510287e-01
8.253083e-01
8.862221e-01
9.361508e-01
9.726190e-01
9.961688e-01
1.011993e+00
1.024687e+00
1.034649e+00
1.040619e+00
1.042471e+00
1.044782e+00
1.047148e+00
1.049921e+00
1.052694e+00
1.051007e+00
1.049389e+00
1.052597e+00
1.051292e+00
1.050062e+00
1.048845e+00
1.052672e+00
1.051710e+00
1.050793e+00
1.049885e+00
1.053797e+00
1.053073e+00
1.052356e+00
1.051670e+00
1.050978e+00
1.050292e+00
1.049602e+00
1.053943e+00
1.053389e+00
1.052839e+00
1.052294e+00
1.051759e+00
1.051217e+00
1.050676e+00
1.050128e+00
1.049704e+00
1.054161e+00
1.053710e+00
1.053284e+00
1.052852e+00
1.052411e+00
1.051974e+00
1.051535e+00
1.051101e+00
1.050658e+00
1.050304e+00
1.049964e+00
1.054506e+00
1.054153e+00
1.053800e+00
1.053467e+00
1.053127e+00
1.052793e+00
1.052459e+00
1.052128e+00
1.051808e+00
1.051500e+00
1.051210e+00
1.050953e+00
1.050839e+00
1.050828e+00
1.051001e+00
1.051440e+00
1.052310e+00
1.053776e+00
1.056001e+00
1.059138e+00
1.063256e+00
1.063557e+00
1.064879e+00
1.067289e+00
1.070794e+00
1.075622e+00
1.077666e+00
1.082013e+00
1.088651e+00
1.094014e+00
1.101514e+00
1.107200e+00
1.114851e+00
1.119154e+00
1.124741e+00
1.130608e+00
1.131601e+00
1.127848e+00
1.118585e+00
1.101749e+00
1.077158e+00
1.046909e+00
1.010639e+00
9.677797e-01
9.206128e-01
8.648365e-01
8.082013e-01
7.479366e-01
6.860623e-01
6.221961e-01
5.578030e-01
4.937409e-01
4.305003e-01
3.688344e-01
3.113060e-01
2.572365e-01
2.069553e-01
1.624087e-01
1.227240e-01
8.706176e-02
5.731735e-02
3.390978e-02
1.360463e-02
-3.468164e-03
-1.537144e-02
-2.218174e-02
-2.544993e-02
-2.513355e-02
-2.494202e-02
-2.470514e-02
-2.268314e-02
-1.877512e-02
-1.488848e-02
-1.097673e-02
-7.085675e-03
-5.103756e-03
-1.213550e-03
7.675232e-04
4.639530e-03
6.604132e-03
6.673500e-03
6.729210e-03
6.791111e-03
6.849554e-03
6.911705e-03
6.968452e-03
7.027070e-03
7.084779e-03
7.145066e-03
7.200841e-03
7.258046e-03
7.314757e-03
7.371473e-03
7.430493e-03
7.485125e-03
7.541187e-03
7.596848e-03
7.652629e-03
7.708172e-03
7.765986e-03
7.819688e-03
7.874763e-03
7.929494e-03
7.984382e-03
8.039088e-03
8.093731e-03
8.151639e-03
8.202941e-03
8.257974e-03
8.311417e-03
8.365718e-03
8.419561e-03
8.473555e-03
8.527368e-03
8.581206e-03
8.634925e-03
8.690765e-03
8.742774e-03
8.796093e-03
8.849307e-03
8.902311e-03
8.955877e-03
9.008875e-03
9.061981e-03
9.115258e-03
9.168214e-03
9.221113e-03
9.271134e-03
9.327127e-03
9.381221e-03
9.433092e-03
9.485534e-03
9.538528e-03
9.590851e-03
9.643489e-03
9.695812e-03
9.749215e-03
9.800623e-03
9.853654e-03
9.905770e-03
9.957968e-03
1.001079e-02
1.006259e-02
1.011583e-02
1.016705e-02
1.021956e-02
1.027228e-02
1.032676e-02
1.037619e-02
1.042952e-02
1.047988e-02
1.053249e-02
1.058413e-02
1.063690e-02
1.068782e-02
1.074022e-02
1.079187e-02
1.084449e-02
1.089543e-02
1.094879e-02
1.099785e-02
1.105234e-02
1.110168e-02
1.115592e-02
1.120522e-02
1.125932e-02
1.130885e-02
1.136308e-02
1.141181e-02
1.146630e-02
1.151514e-02
1.156909e-02
1.161870e-02
1.167261e-02
1.172156e-02
1.177930e-02
1.182419e-02
1.187939e-02
1.192775e-02
1.198214e-02
1.203008e-02
1.208416e-02
1.213373e-02
1.218723e-02
1.223683e-02
1.228871e-02
1.234158e-02
1.238944e-02
1.244359e-02
1.249390e-02
1.254526e-02
1.259227e-02
1.263768e-02
1.268397e-02
1.273038e-02
1.277815e-02
1.282455e-02
1.287008e-02
1.291426e-02
1.296092e-02
1.300682e-02
1.305461e-02
1.310127e-02
1.314673e-02
1.319083e-02
1.323743e-02
1.328340e-02
1.333113e-02
1.337528e-02
1.342254e-02
1.346788e-02
1.351567e-02
1.355980e-02
1.360751e-02
1.365176e-02
1.370005e-02
1.374425e-02
1.379145e-02
1.383781e-02
1.388181e-02
1.392963e-02
1.397488e-02
1.402119e-02
1.406495e-02
1.411367e-02
1.415893e-02
1.420339e-02
1.424932e-02
1.429579e-02
1.434271e-02
1.438946e-02
1.443236e-02
1.448114e-02
1.452484e-02
1.457193e-02
1.461836e-02
1.466272e-02
1.471011e-02
1.475585e-02
1.479962e-02
1.484807e-02
1.489345e-02
1.493746e-02
1.498516e-02
1.503113e-02
1.507457e-02
1.512305e-02
1.516807e-02
1.521253e-02
1.526007e-02
1.530564e-02
1.534963e-02
1.539772e-02
1.544373e-02
1.548880e-02
1.553367e-02
1.557946e-02
1.562534e-02
1.567079e-02
1.571732e-02
1.576487e-02
1.580818e-02
1.585475e-02
1.589958e-02
1.594666e-02
1.599116e-02
1.603875e-02
1.608248e-02
1.613008e-02
1.617364e-02
1.622121e-02
1.626551e-02
1.631293e-02
1.446354e-02
1.451097e-02
1.455574e-02
1.460292e-02
1.464760e-02
1.469476e-02
1.474301e-02
1.478616e-02
1.483190e-02
1.487737e-02
1.492305e-02
1.496911e-02
1.501314e-02
1.506072e-02
1.510621e-02
1.515299e-02
1.519880e-02
1.524297e-02
1.528931e-02
1.533513e-02
1.538080e-02
1.542733e-02
1.547358e-02
1.551823e-02
1.556338e-02
1.560835e-02
1.565583e-02
1.570222e-02
1.574545e-02
1.579348e-02
1.583842e-02
1.588407e-02
1.593019e-02
1.597689e-02
1.602148e-02
1.606853e-02
1.611329e-02
1.615798e-02
1.620578e-02
1.625022e-02
1.629701e-02
1.634158e-02
1.638818e-02
1.643292e-02
1.647856e-02
1.652585e-02
1.657034e-02
1.661707e-02
1.666047e-02
1.670896e-02
1.675457e-02
1.679880e-02
1.684432e-02
1.689158e-02
1.693724e-02
1.698204e-02
1.702732e-02
1.707342e-02
1.711972e-02
1.716470e-02
1.721155e-02
1.725674e-02
1.730262e-02
1.734767e-02
1.739446e-02
1.743862e-02
1.748473e-02
1.753159e-02
1.757702e-02
1.762170e-02
1.766724e-02
1.771460e-02
1.775989e-02
1.780510e-02
1.785028e-02
1.789689e-02
1.794223e-02
1.798830e-02
1.803373e-02
1.807843e-02
1.812528e-02
1.816962e-02
1.821679e-02
1.826177e-02
1.830785e-02
1.835352e-02
1.839911e-02
1.844512e-02
1.848971e-02
1.853610e-02
1.858186e-02
1.862759e-02
1.867311e-02
1.871897e-02
1.876294e-02
1.881040e-02
1.885595e-02
1.890160e-02
1.894721e-02
1.899350e-02
1.903844e-02
1.908412e-02
1.912805e-02
1.917566e-02
1.922108e-02
1.926674e-02
1.931170e-02
1.935828e-02
1.940382e-02
1.944947e-02
1.949490e-02
1.954059e-02
1.958578e-02
1.963196e-02
1.967690e-02
1.972342e-02
1.976894e-02
1.981371e-02
1.986039e-02
1.990572e-02
1.994929e-02
1.999748e-02
2.004272e-02
2.008744e-02
2.013418e-02
2.017976e-02
2.022453e-02
2.027105e-02
2.031657e-02
2.036185e-02
2.040789e-02
2.045338e-02
2.049879e-02
2.054388e-02
2.059049e-02
2.063601e-02
2.068156e-02
1.882753e-02
1.697350e-02
1.701924e-02
1.706423e-02
1.711066e-02
1.715620e-02
1.720049e-02
1.724699e-02
1.729311e-02
1.733865e-02
1.738438e-02
1.742927e-02
1.747576e-02
1.752110e-02
1.756681e-02
1.761242e-02
1.765791e-02
1.770337e-02
1.774914e-02
1.779487e-02
1.783965e-02
1.788495e-02
1.793295e-02
1.797829e-02
1.802353e-02
1.806817e-02
1.811438e-02
1.815995e-02
1.820542e-02
1.825103e-02
1.829653e-02
1.834182e-02
1.838769e-02
1.843339e-02
1.847895e-02
1.852468e-02
1.856939e-02
1.861603e-02
1.866137e-02
1.870707e-02
1.875121e-02
1.879858e-02
1.884382e-02
1.888923e-02
1.893507e-02
1.898080e-02
1.902630e-02
1.907200e-02
1.911756e-02
1.916233e-02
1.920873e-02
1.925440e-02
1.929989e-02
1.934553e-02
1.939109e-02
1.943667e-02
1.948222e-02
1.952737e-02
1.957338e-02
1.961912e-02
1.966473e-02
1.971034e-02
1.975584e-02
1.980157e-02
1.984704e-02
1.989189e-02
1.993901e-02
1.998379e-02
2.002934e-02
2.007507e-02
2.012054e-02
2.016623e-02
2.021179e-02
2.025743e-02
2.030293e-02
2.034865e-02
2.039412e-02
2.043945e-02
2.048544e-02
2.053099e-02
2.057648e-02
2.062221e-02
2.066768e-02
1.881361e-02
1.695974e-02
1.700541e-02
1.705081e-02
1.709657e-02
1.714204e-02
1.718783e-02
1.723333e-02
1.727900e-02
1.732452e-02
1.737016e-02
1.741566e-02
1.746127e-02
1.750685e-02
1.755174e-02
1.759821e-02
1.764372e-02
1.768925e-02
1.773486e-02
1.778041e-02
1.782602e-02
1.787155e-02
1.791716e-02
1.796334e-02
1.800821e-02
1.805383e-02
1.809946e-02
1.814496e-02
1.819060e-02
1.823612e-02
1.828167e-02
1.832731e-02
1.837296e-02
1.841863e-02
1.846406e-02
1.850974e-02
1.855541e-02
1.860088e-02
1.864651e-02
1.869213e-02
1.873765e-02
1.878329e-02
1.882881e-02
1.887443e-02
1.891995e-02
1.896562e-02
1.901115e-02
1.905599e-02
1.910243e-02
1.914799e-02
1.919354e-02
1.923913e-02
1.928465e-02
1.933032e-02
1.937584e-02
1.942143e-02
1.946695e-02
1.951259e-02
1.955814e-02
1.960373e-02
1.964925e-02
1.969492e-02
1.974044e-02
1.978603e-02
1.983164e-02
1.987717e-02
1.992277e-02
1.996836e-02
2.001388e-02
2.005955e-02
2.010508e-02
2.015075e-02
2.019549e-02
2.024201e-02
2.028744e-02
2.033300e-02
2.037863e-02
2.042416e-02
2.046974e-02
2.051536e-02
2.056093e-02
2.060652e-02
2.065204e-02
2.069759e-02
1.884347e-02
1.698969e-02
1.703524e-02
1.708082e-02
1.712635e-02
1.717193e-02
1.721748e-02
1.726313e-02
1.730865e-02
1.735426e-02
1.739978e-02
1.744543e-02
1.749098e-02
1.753656e-02
1.758209e-02
1.762767e-02
1.767328e-02
1.771892e-02
1.776439e-02
1.781000e-02
1.785552e-02
1.790117e-02
1.794677e-02
1.799230e-02
1.803782e-02
1.808344e-02
1.812902e-02
1.817475e-02
1.822003e-02
1.826571e-02
1.831133e-02
1.835697e-02
1.840252e-02
1.844807e-02
1.849363e-02
1.853918e-02
1.858479e-02
1.863023e-02
1.867590e-02
1.872154e-02
1.876715e-02
1.881270e-02
1.885831e-02
1.890384e-02
1.894939e-02
1.899500e-02
1.904050e-02
1.908608e-02
1.913164e-02
1.917719e-02
1.922280e-02
1.926833e-02
1.931388e-02
1.935949e-02
1.940499e-02
1.945063e-02
1.949624e-02
1.954173e-02
1.958732e-02
1.963293e-02
1.967842e-02
1.972407e-02
1.976968e-02
1.981517e-02
1.986073e-02
1.990637e-02
1.995186e-02
1.999747e-02
2.004308e-02
2.008861e-02
2.013420e-02
2.017977e-02
2.022527e-02
2.027088e-02
2.031652e-02
2.036202e-02
2.040757e-02
2.045321e-02
2.049871e-02
2.054432e-02
2.058993e-02
2.063546e-02
2.068101e-02
1.882694e-02
1.697301e-02
1.701859e-02
1.706423e-02
1.710973e-02
1.715528e-02
1.720092e-02
1.724639e-02
1.729197e-02
1.733758e-02
1.738314e-02
1.742872e-02
1.747433e-02
1.751983e-02
1.756538e-02
1.761102e-02
1.765661e-02
1.770213e-02
1.774774e-02
1.779324e-02
1.783882e-02
1.788446e-02
1.792993e-02
1.797554e-02
1.802115e-02
1.806667e-02
1.811226e-02
1.815784e-02
1.820333e-02
1.824889e-02
1.829453e-02
1.834011e-02
1.838489e-02
1.843137e-02
1.847680e-02
1.852239e-02
1.856800e-02
1.861349e-02
1.865910e-02
1.870468e-02
1.875021e-02
1.879576e-02
1.884134e-02
1.888687e-02
1.893242e-02
1.897803e-02
1.902362e-02
1.906914e-02
1.911469e-02
1.916025e-02
1.920583e-02
