0.000000e+00
5.042806e-05
1.008561e-04
1.512842e-04
2.017122e-04
2.521403e-04
3.025683e-04
3.529964e-04
4.034245e-04
4.538525e-04
5.042806e-04
5.547086e-04
6.051367e-04
6.555647e-04
7.059928e-04
7.564208e-04
8.068489e-04
8.572770e-04
9.077050e-04
9.581331e-04
1.008561e-03
1.058989e-03
1.109417e-03
1.159845e-03
1.210273e-03
1.260701e-03
1.311129e-03
1.361558e-03
1.411986e-03
1.462414e-03
1.512842e-03
1.563270e-03
1.613698e-03
1.664126e-03
1.714554e-03
1.764982e-03
1.815410e-03
1.865838e-03
1.916266e-03
1.966694e-03
2.017122e-03
2.067550e-03
2.117978e-03
2.168406e-03
2.218834e-03
2.269263e-03
2.319691e-03
2.370119e-03
2.420547e-03
2.470975e-03
2.521403e-03
3.451829e-03
4.524101e-03
7.039945e-03
7.352266e-03
9.406125e-03
1.136663e-02
1.138892e-02
1.139143e-02
1.137491e-02
1.134438e-02
1.132302e-02
1.131271e-02
1.129957e-02
1.129658e-02
1.130522e-02
1.131227e-02
1.133399e-02
1.134823e-02
1.137554e-02
1.138982e-02
1.138725e-02
1.130546e-02
1.106565e-02
1.047097e-02
9.390799e-03
7.849800e-03
5.828758e-03
3.426214e-03
2.618011e-03
-4.234986e-04
-1.870383e-03
-3.641908e-03
-3.926197e-03
-6.629583e-03
-7.908880e-03
-9.815530e-03
-1.034709e-02
-1.153784e-02
-1.328326e-02
-1.565227e-02
-1.857297e-02
-2.035885e-02
-2.212134e-02
-2.484443e-02
-2.460751e-02
-2.165137e-02
-1.551896e-02
-6.343321e-03
5.657554e-03
2.213054e-02
4.300762e-02
6.531595e-02
9.081085e-02
1.176012e-01
1.493195e-01
1.828025e-01
2.191586e-01
2.601126e-01
3.053435e-01
3.503538e-01
3.947386e-01
4.436934e-01
4.922685e-01
5.401599e-01
5.893077e-01
6.412367e-01
6.921160e-01
7.438947e-01
7.924441e-01
8.386391e-01
8.797968e-01
9.156810e-01
9.461758e-01
9.732880e-01
9.924288e-01
1.006593e+00
1.019849e+00
1.028922e+00
1.035088e+00
1.041645e+00
1.045452e+00
1.051012e+00
1.052375e+00
1.052593e+00
1.054791e+00
1.057262e+00
1.058517e+00
1.060002e+00
1.061588e+00
1.063283e+00
1.062569e+00
1.060708e+00
1.061079e+00
1.071281e+00
1.068449e+00
1.065710e+00
1.059705e+00
1.051855e+00
1.041379e+00
1.029021e+00
1.015288e+00
9.979444e-01
9.788465e-01
9.562292e-01
9.318655e-01
9.034236e-01
8.733833e-01
8.419951e-01
8.074857e-01
7.705429e-01
7.293717e-01
6.846100e-01
6.354747e-01
5.828366e-01
5.265881e-01
4.672245e-01
4.075403e-01
3.477997e-01
2.917668e-01
2.409668e-01
2.002444e-01
1.716162e-01
1.648292e-01
1.761072e-01
2.064499e-01
2.520989e-01
3.096295e-01
3.784139e-01
4.478936e-01
5.254910e-01
6.040429e-01
6.813299e-01
7.609083e-01
8.310652e-01
8.891898e-01
9.323506e-01
9.663950e-01
9.894371e-01
1.005620e+00
1.018575e+00
1.027861e+00
1.033297e+00
1.039455e+00
1.041153e+00
1.043357e+00
1.045710e+00
1.048458e+00
1.051255e+00
1.049633e+00
1.052814e+00
1.051472e+00
1.050176e+00
1.048881e+00
1.052411e+00
1.051348e+00
1.050348e+00
1.049348e+00
1.053192e+00
1.052223e+00
1.051453e+00
1.050715e+00
1.049997e+00
1.054111e+00
1.053399e+00
1.052839e+00
1.052278e+00
1.051721e+00
1.051204e+00
1.050674e+00
1.050148e+00
1.049632e+00
1.053977e+00
1.053566e+00
1.053143e+00
1.052731e+00
1.052312e+00
1.051913e+00
1.051518e+00
1.051117e+00
1.050714e+00
1.050307e+00
1.049897e+00
1.054385e+00
1.054052e+00
1.053723e+00
1.053393e+00
1.053066e+00
1.052751e+00
1.052433e+00
1.052112e+00
1.051796e+00
1.051466e+00
1.051143e+00
1.050820e+00
1.050505e+00
1.050174e+00
1.049848e+00
1.054475e+00
1.054213e+00
1.053949e+00
1.053683e+00
1.053416e+00
1.053161e+00
1.052902e+00
1.052654e+00
1.052408e+00
1.052150e+00
1.051901e+00
1.051654e+00
1.051401e+00
1.051156e+00
1.050917e+00
1.050678e+00
1.050434e+00
1.050207e+00
1.049988e+00
1.054730e+00
1.054602e+00
1.054508e+00
1.054505e+00
1.054574e+00
1.054765e+00
1.055121e+00
1.055718e+00
1.056619e+00
1.057910e+00
1.059662e+00
1.061930e+00
1.064735e+00
1.063305e+00
1.062432e+00
1.066904e+00
1.067223e+00
1.068162e+00
1.069820e+00
1.072216e+00
1.075558e+00
1.075530e+00
1.076892e+00
1.079684e+00
1.083994e+00
1.089477e+00
1.092668e+00
1.097011e+00
1.100793e+00
1.102108e+00
1.104618e+00
1.106391e+00
1.108363e+00
1.107727e+00
1.103214e+00
1.093741e+00
1.080496e+00
1.061832e+00
1.039174e+00
1.012056e+00
9.791798e-01
9.417094e-01
8.967747e-01
8.461702e-01
7.920749e-01
7.353251e-01
6.757626e-01
6.153129e-01
5.541137e-01
4.917011e-01
4.293654e-01
3.682802e-01
3.111655e-01
2.573630e-01
2.076418e-01
1.635119e-01
1.239665e-01
8.980046e-02
6.016125e-02
3.684114e-02
1.661889e-02
-3.104466e-04
-1.209817e-02
-1.881040e-02
-2.390179e-02
-2.537355e-02
-2.690689e-02
-2.661077e-02
-2.263718e-02
-1.870996e-02
-1.667742e-02
-1.275347e-02
-8.831199e-03
-6.838811e-03
-2.934204e-03
-9.407345e-04
4.868941e-03
8.750831e-03
1.072345e-02
1.079601e-02
1.085943e-02
1.092773e-02
1.098910e-02
1.105556e-02
1.111431e-02
1.117650e-02
1.124143e-02
1.129692e-02
1.135879e-02
1.141677e-02
1.147982e-02
1.153628e-02
1.159494e-02
1.165239e-02
1.171363e-02
1.176912e-02
1.182642e-02
1.188309e-02
1.194345e-02
1.199706e-02
1.205429e-02
1.210978e-02
1.216604e-02
1.222172e-02
1.228050e-02
1.233428e-02
1.238971e-02
1.244476e-02
1.249990e-02
1.255493e-02
1.260837e-02
1.265526e-02
1.270256e-02
1.275381e-02
1.280339e-02
1.285300e-02
1.290257e-02
1.295159e-02
1.300456e-02
1.305054e-02
1.310006e-02
1.314843e-02
1.319721e-02
1.324573e-02
1.329459e-02
1.334301e-02
1.339155e-02
1.343988e-02
1.349220e-02
1.353736e-02
1.358629e-02
1.363364e-02
1.368226e-02
1.372998e-02
1.377808e-02
1.382590e-02
1.387482e-02
1.392160e-02
1.397015e-02
1.401764e-02
1.406552e-02
1.411703e-02
1.416213e-02
1.420947e-02
1.425692e-02
1.430425e-02
1.435193e-02
1.439973e-02
1.444633e-02
1.449442e-02
1.454128e-02
1.458965e-02
1.463593e-02
1.468432e-02
1.473058e-02
1.477890e-02
1.482496e-02
1.487305e-02
1.491972e-02
1.496967e-02
1.501574e-02
1.506171e-02
1.510891e-02
1.515568e-02
1.520338e-02
1.524929e-02
1.529700e-02
1.534343e-02
1.539119e-02
1.543708e-02
1.548475e-02
1.553109e-02
1.557814e-02
1.562496e-02
1.567314e-02
1.571697e-02
1.576663e-02
1.581093e-02
1.586054e-02
1.590413e-02
1.595399e-02
1.599761e-02
1.604738e-02
1.609102e-02
1.614329e-02
1.618522e-02
1.623529e-02
1.627765e-02
1.632723e-02
1.637120e-02
1.641996e-02
1.646427e-02
1.651363e-02
1.466793e-02
1.471475e-02
1.475873e-02
1.480722e-02
1.485108e-02
1.490048e-02
1.494337e-02
1.499265e-02
1.503736e-02
1.508604e-02
1.513086e-02
1.517767e-02
1.522618e-02
1.526895e-02
1.531817e-02
1.536364e-02
1.541013e-02
1.545744e-02
1.550294e-02
1.554946e-02
1.559674e-02
1.564232e-02
1.568877e-02
1.573600e-02
1.578319e-02
1.582611e-02
1.587576e-02
1.591944e-02
1.596893e-02
1.601617e-02
1.606089e-02
1.610719e-02
1.615446e-02
1.620110e-02
1.624677e-02
1.629118e-02
1.633754e-02
1.638379e-02
1.643129e-02
1.647762e-02
1.652446e-02
1.657017e-02
1.661452e-02
1.666088e-02
1.670716e-02
1.675454e-02
1.680099e-02
1.684759e-02
1.689351e-02
1.693954e-02
1.698335e-02
1.703148e-02
1.707564e-02
1.712387e-02
1.716754e-02
1.721661e-02
1.726005e-02
1.730909e-02
1.735444e-02
1.740112e-02
1.744538e-02
1.749354e-02
1.753863e-02
1.758628e-02
1.762926e-02
1.767821e-02
1.772460e-02
1.777098e-02
1.781468e-02
1.786120e-02
1.790884e-02
1.795342e-02
1.800060e-02
1.804407e-02
1.809147e-02
1.813859e-02
1.818405e-02
1.823075e-02
1.827456e-02
1.832324e-02
1.836853e-02
1.841592e-02
1.845872e-02
1.850748e-02
1.855291e-02
1.859663e-02
1.864481e-02
1.869083e-02
1.873351e-02
1.878285e-02
1.882755e-02
1.887502e-02
1.891917e-02
1.896743e-02
1.901244e-02
1.905687e-02
1.910486e-02
1.915067e-02
1.919410e-02
1.924304e-02
1.929145e-02
1.933549e-02
1.937947e-02
1.942508e-02
1.947194e-02
1.951743e-02
1.956183e-02
1.961033e-02
1.965357e-02
1.970251e-02
1.974751e-02
1.979428e-02
1.983748e-02
1.988432e-02
1.993042e-02
1.997634e-02
2.002206e-02
2.006760e-02
2.011415e-02
2.015978e-02
2.020612e-02
2.025183e-02
2.029733e-02
2.034231e-02
2.038974e-02
2.043492e-02
2.048130e-02
2.052662e-02
2.057246e-02
2.061840e-02
2.066479e-02
2.070976e-02
2.075666e-02
2.080255e-02
2.084958e-02
2.089270e-02
1.904040e-02
1.718621e-02
1.722990e-02
1.727903e-02
1.732240e-02
1.736981e-02
1.741641e-02
1.746143e-02
1.750711e-02
1.755167e-02
1.760017e-02
1.764369e-02
1.769107e-02
1.773522e-02
1.778138e-02
1.782781e-02
1.787409e-02
1.791932e-02
1.796593e-02
1.801038e-02
1.805797e-02
1.810239e-02
1.814666e-02
1.819427e-02
1.824057e-02
1.828385e-02
1.833288e-02
1.837790e-02
1.842113e-02
1.846863e-02
1.851417e-02
1.855863e-02
1.860681e-02
1.865272e-02
1.869670e-02
1.874399e-02
1.878813e-02
1.883359e-02
1.887985e-02
1.892662e-02
1.897098e-02
1.901738e-02
1.906209e-02
1.910988e-02
1.915488e-02
1.920096e-02
1.924571e-02
1.929126e-02
1.933797e-02
1.938459e-02
1.942851e-02
1.947566e-02
1.952135e-02
1.956772e-02
1.961198e-02
1.965808e-02
1.970400e-02
1.974950e-02
1.979566e-02
1.983998e-02
1.988623e-02
1.993303e-02
1.997820e-02
2.002407e-02
2.006835e-02
2.011570e-02
2.016138e-02
2.020739e-02
2.025145e-02
2.029878e-02
2.034462e-02
2.038938e-02
2.043567e-02
2.048125e-02
2.052521e-02
2.057239e-02
2.061764e-02
2.066308e-02
2.070996e-02
2.075557e-02
2.080087e-02
2.084693e-02
2.089237e-02
1.903722e-02
1.718467e-02
1.722770e-02
1.727626e-02
1.732161e-02
1.736680e-02
1.741360e-02
1.746025e-02
1.750441e-02
1.755021e-02
1.759450e-02
1.764141e-02
1.768588e-02
1.773235e-02
1.777804e-02
1.782399e-02
1.786989e-02
1.791451e-02
1.795995e-02
1.800587e-02
1.805295e-02
1.809744e-02
1.814433e-02
1.818865e-02
1.823397e-02
1.828026e-02
1.832690e-02
1.837152e-02
1.841790e-02
1.846219e-02
1.850925e-02
1.855338e-02
1.860088e-02
1.864547e-02
1.869210e-02
1.873635e-02
1.878339e-02
1.882801e-02
1.887329e-02
1.892037e-02
1.896563e-02
1.901127e-02
1.905702e-02
1.910261e-02
1.914890e-02
1.919393e-02
1.923941e-02
1.928442e-02
1.933080e-02
1.937548e-02
1.942231e-02
1.946788e-02
1.951311e-02
1.955911e-02
1.960297e-02
1.965032e-02
1.969625e-02
1.974136e-02
1.978747e-02
1.983231e-02
1.987894e-02
1.992438e-02
1.996917e-02
2.001565e-02
2.006087e-02
2.010659e-02
2.015241e-02
2.019797e-02
2.024334e-02
2.028931e-02
2.033507e-02
2.038050e-02
2.042470e-02
2.047208e-02
2.051697e-02
2.056314e-02
2.060892e-02
2.065433e-02
2.070000e-02
2.074571e-02
2.079048e-02
2.083715e-02
2.088252e-02
1.902696e-02
1.717471e-02
1.722007e-02
1.726596e-02
1.731079e-02
1.735728e-02
1.740274e-02
1.744853e-02
1.749390e-02
1.753954e-02
1.758522e-02
1.763005e-02
1.767510e-02
1.772229e-02
1.776762e-02
1.781265e-02
1.785911e-02
1.790472e-02
1.795036e-02
1.799507e-02
1.804153e-02
1.808702e-02
1.813267e-02
1.817756e-02
1.822390e-02
1.826948e-02
1.831356e-02
1.836099e-02
1.840582e-02
1.845186e-02
1.849757e-02
1.854327e-02
1.858781e-02
1.863450e-02
1.867996e-02
1.872567e-02
1.877128e-02
1.881596e-02
1.886257e-02
1.890794e-02
1.895361e-02
1.899929e-02
1.904249e-02
1.909071e-02
1.913595e-02
1.918173e-02
1.922737e-02
1.927296e-02
1.931803e-02
1.936403e-02
1.940977e-02
1.945532e-02
1.950097e-02
1.954564e-02
1.959219e-02
1.963768e-02
1.968330e-02
1.972894e-02
1.977453e-02
1.981923e-02
1.986581e-02
1.990971e-02
1.995697e-02
2.000250e-02
2.004817e-02
2.009381e-02
2.013920e-02
2.018472e-02
2.023040e-02
2.027608e-02
2.032167e-02
2.036725e-02
2.041208e-02
2.045863e-02
2.050405e-02
2.054973e-02
2.059532e-02
2.064084e-02
2.068651e-02
2.073119e-02
2.077768e-02
2.082323e-02
2.086890e-02
1.901472e-02
1.716088e-02
1.720561e-02
1.725190e-02
1.729675e-02
1.734348e-02
1.738899e-02
1.743461e-02
1.748016e-02
1.752578e-02
1.757136e-02
1.761694e-02
1.766249e-02
1.770788e-02
1.775336e-02
1.779922e-02
1.784477e-02
1.789047e-02
1.793599e-02
1.798161e-02
1.802713e-02
1.807272e-02
1.811870e-02
1.816390e-02
1.820912e-02
1.825511e-02
1.830063e-02
1.834621e-02
1.839182e-02
1.843735e-02
1.848296e-02
1.852858e-02
1.857328e-02
1.861844e-02
1.866549e-02
1.871105e-02
1.875669e-02
1.880228e-02
1.884789e-02
1.889341e-02
1.893894e-02
1.898461e-02
1.903013e-02
1.907493e-02
1.912133e-02
1.916688e-02
1.921244e-02
1.925811e-02
1.930352e-02
1.934919e-02
1.939477e-02
1.944035e-02
1.948593e-02
1.953161e-02
1.957707e-02
1.962266e-02
1.966739e-02
1.971388e-02
1.975946e-02
1.980502e-02
1.985066e-02
1.989624e-02
1.994177e-02
1.998744e-02
2.003290e-02
2.007855e-02
2.012407e-02
2.016974e-02
2.021532e-02
2.026085e-02
2.030640e-02
2.035204e-02
2.039879e-02
2.044433e-02
2.048948e-02
2.053482e-02
2.058024e-02
2.062570e-02
2.067119e-02
2.071671e-02
2.076147e-02
2.080773e-02
2.085340e-02
2.089906e-02
1.904509e-02
1.719112e-02
1.723668e-02
1.728232e-02
1.732703e-02
1.737346e-02
1.741901e-02
1.746457e-02
1.751015e-02
1.755576e-02
1.760126e-02
1.764684e-02
1.769245e-02
1.773801e-02
1.778356e-02
1.782917e-02
1.787467e-02
1.792025e-02
1.796592e-02
1.801141e-02
1.805700e-02
1.810261e-02
1.814810e-02
1.819375e-02
1.823936e-02
1.828495e-02
1.833025e-02
1.837601e-02
1.842157e-02
1.846722e-02
1.851283e-02
1.855835e-02
1.860394e-02
1.864960e-02
1.869510e-02
1.874065e-02
1.878626e-02
1.883179e-02
1.887740e-02
1.892301e-02
1.896851e-02
1.901409e-02
1.905970e-02
1.910520e-02
1.915084e-02
1.919645e-02
1.924195e-02
1.928750e-02
1.933314e-02
1.937869e-02
1.942428e-02
1.946908e-02
1.951548e-02
1.956103e-02
1.960670e-02
1.965220e-02
1.969781e-02
1.974339e-02
1.978889e-02
1.983443e-02
1.988007e-02
1.992563e-02
1.997116e-02
2.001680e-02
2.006229e-02
2.010790e-02
2.015354e-02
2.019901e-02
2.024459e-02
2.029020e-02
2.033576e-02
2.038134e-02
2.042695e-02
2.047245e-02
2.051800e-02
2.056364e-02
2.060923e-02
2.065475e-02
2.070036e-02
2.074589e-02
2.079144e-02
2.083708e-02
2.088260e-02
1.902851e-02
1.717461e-02
1.532070e-02
1.536637e-02
1.541190e-02
1.545748e-02
1.550282e-02
1.554717e-02
1.559437e-02
1.563981e-02
1.568542e-02
1.573112e-02
1.577667e-02
1.582226e-02
1.586772e-02
1.591328e-02
1.595883e-02
1.600438e-02
1.604997e-02
1.609549e-02
1.614107e-02
1.618663e-02
1.623218e-02
1.627777e-02
1.632329e-02
1.636887e-02
1.641442e-02
1.646003e-02
1.650562e-02
1.655114e-02
1.659673e-02
1.664231e-02
1.668783e-02
1.673344e-02
1.677903e-02
1.682458e-02
1.687016e-02
1.691569e-02
1.696127e-02
1.700691e-02
1.705243e-02
1.709799e-02
1.714360e-02
1.718912e-02
1.723468e-02
1.728032e-02
1.732584e-02
1.737148e-02
1.741701e-02
1.746253e-02
1.750809e-02
1.755370e-02
1.759928e-02
1.764483e-02
1.769042e-02
1.773594e-02
1.778152e-02
1.782716e-02
1.787263e-02
1.791818e-02
1.796386e-02
1.800938e-02
1.805493e-02
1.810052e-02
1.814609e-02
1.819153e-02
1.823702e-02
1.828270e-02
1.832837e-02
1.837399e-02
1.841954e-02
1.846515e-02
1.851068e-02
1.855620e-02
1.860175e-02
1.864739e-02
1.869291e-02
1.873847e-02
1.878411e-02
1.882957e-02
1.887513e-02
1.892071e-02
1.896629e-02
1.901187e-02
1.905746e-02
1.910304e-02
1.914853e-02
1.919412e-02
1.923964e-02
1.928523e-02
1.933087e-02
1.937639e-02
1.942200e-02
1.946753e-02
1.951305e-02
1.955863e-02
1.960422e-02
1.964980e-02
1.969535e-02
1.974082e-02
1.978640e-02
1.983204e-02
1.987762e-02
1.992320e-02
1.996870e-02
2.001434e-02
2.005986e-02
2.010545e-02
2.015103e-02
2.019655e-02
2.024216e-02
2.028769e-02
2.033324e-02
2.037880e-02
2.042450e-02
2.046996e-02
2.051551e-02
2.056110e-02
2.060671e-02
2.065220e-02
2.069779e-02
2.074331e-02
2.078892e-02
2.083445e-02
2.088006e-02
1.902594e-02
1.717209e-02
1.531813e-02
1.536371e-02
1.540926e-02
1.545487e-02
1.550037e-02
1.554598e-02
1.559153e-02
1.563718e-02
1.568267e-02
1.572822e-02
1.577378e-02
1.581939e-02
1.586488e-02
1.591047e-02
1.595608e-02
1.600169e-02
1.604719e-02
1.609274e-02
1.613829e-02
1.618393e-02
1.622943e-02
1.627498e-02
1.632054e-02
1.636615e-02
1.641164e-02
1.645728e-02
1.650284e-02
1.654845e-02
1.659394e-02
1.663950e-02
1.668505e-02
1.673069e-02
1.677619e-02
1.682180e-02
1.686735e-02
1.691296e-02
1.695846e-02
1.700404e-02
1.704959e-02
1.709520e-02
1.714070e-02
1.718625e-02
1.723181e-02
1.727745e-02
1.732300e-02
1.736859e-02
1.741411e-02
1.745972e-02
1.750521e-02
1.755077e-02
1.759635e-02
1.764196e-02
1.768746e-02
1.773307e-02
1.777862e-02
1.782426e-02
1.786973e-02
1.791528e-02
1.796087e-02
1.800642e-02
