1.042164e-04
1.042164e-04
1.042164e-04
1.042164e-04
1.042164e-04
1.042164e-04
1.042164e-04
1.042164e-04
1.042164e-04
1.042164e-04
1.042164e-04
1.042164e-04
1.042164e-04
1.042164e-04
1.042164e-04
1.042164e-04
1.042164e-04
1.042164e-04
1.042164e-04
1.042164e-04
1.042164e-04
1.042164e-04
1.042164e-04
1.042164e-04
1.042164e-04
1.042164e-04
1.042164e-04
1.042164e-04
1.042164e-04
1.042164e-04
1.042164e-04
1.042164e-04
1.042164e-04
1.042164e-04
1.042164e-04
1.042164e-04
1.042164e-04
1.042164e-04
1.042164e-04
4.070751e-04
5.696081e-04
4.987005e-04
2.873105e-04
2.249558e-04
1.545134e-04
1.263280e-04
9.837111e-05
8.984514e-05
8.603125e-05
8.853329e-05
9.425035e-05
9.313118e-05
2.306224e-06
-3.944916e-04
-1.193397e-03
-2.176364e-03
-3.226694e-03
-4.430104e-03
-5.800755e-03
-6.988734e-03
-7.059035e-03
-3.057637e-03
1.137598e-02
4.338761e-02
9.693781e-02
1.793655e-01
3.012942e-01
4.543745e-01
6.404518e-01
8.274691e-01
9.514163e-01
1.002738e+00
1.025413e+00
1.035334e+00
1.040345e+00
1.043255e+00
1.045095e+00
1.046317e+00
1.047163e+00
1.047758e+00
1.048175e+00
1.048496e+00
1.048736e+00
1.048923e+00
1.049046e+00
1.049168e+00
1.049236e+00
1.049311e+00
1.049364e+00
1.049412e+00
1.049446e+00
1.049501e+00
1.049506e+00
1.049547e+00
1.049564e+00
1.049588e+00
1.049601e+00
1.049621e+00
1.049633e+00
1.049649e+00
1.049661e+00
1.049675e+00
1.049692e+00
1.049698e+00
1.049708e+00
1.049719e+00
1.049725e+00
1.049736e+00
1.049744e+00
1.049753e+00
1.049766e+00
1.050072e+00
1.050085e+00
1.049987e+00
1.049898e+00
1.049878e+00
1.049896e+00
1.049934e+00
1.050011e+00
1.050156e+00
1.050332e+00
1.050547e+00
1.050802e+00
1.051112e+00
1.051429e+00
1.051693e+00
1.051790e+00
1.051724e+00
1.051606e+00
1.051524e+00
1.051466e+00
1.051388e+00
1.051275e+00
1.051110e+00
1.050882e+00
1.050542e+00
1.050002e+00
1.049169e+00
1.047729e+00
1.045295e+00
1.041376e+00
1.037045e+00
1.032169e+00
1.030637e+00
1.034748e+00
1.040011e+00
1.043855e+00
1.046108e+00
1.047297e+00
1.047911e+00
1.048260e+00
1.048509e+00
1.048724e+00
1.048923e+00
1.049103e+00
1.049263e+00
1.049401e+00
1.049515e+00
1.049610e+00
1.049686e+00
1.049742e+00
1.049792e+00
1.049832e+00
1.049862e+00
1.049888e+00
1.049909e+00
1.049929e+00
1.049943e+00
1.049964e+00
1.049975e+00
1.049991e+00
1.050010e+00
1.050053e+00
1.050073e+00
1.050121e+00
1.050157e+00
1.050211e+00
1.050276e+00
1.050375e+00
1.050482e+00
1.050610e+00
1.050760e+00
1.050910e+00
1.051123e+00
1.051312e+00
1.051571e+00
1.051807e+00
1.052075e+00
1.052353e+00
1.052652e+00
1.052979e+00
1.053335e+00
1.053728e+00
1.054165e+00
1.054596e+00
1.054876e+00
1.054670e+00
1.053422e+00
1.050264e+00
1.044565e+00
1.034328e+00
1.017151e+00
9.891399e-01
9.441913e-01
8.773857e-01
7.905671e-01
6.864870e-01
5.662832e-01
4.319180e-01
2.903700e-01
1.726172e-01
1.023658e-01
6.130184e-02
3.889048e-02
2.524530e-02
1.663884e-02
1.107354e-02
7.426849e-03
5.023091e-03
3.433055e-03
2.400478e-03
1.702877e-03
1.264591e-03
9.527924e-04
7.453540e-04
5.818658e-04
4.702925e-04
3.975606e-04
3.449366e-04
3.001940e-04
2.547420e-04
2.373983e-04
2.139896e-04
2.044228e-04
1.880544e-04
1.823625e-04
1.805880e-04
1.671423e-04
1.626611e-04
1.546273e-04
1.520997e-04
1.475072e-04
1.458338e-04
1.409641e-04
1.370894e-04
1.369276e-04
1.348540e-04
1.329178e-04
1.315398e-04
1.292796e-04
1.309196e-04
1.247701e-04
1.172592e-04
1.221985e-04
1.209530e-04
1.205643e-04
1.219882e-04
1.211039e-04
1.202831e-04
1.223553e-04
1.173180e-04
1.187774e-04
1.172516e-04
1.212717e-04
1.141288e-04
1.168499e-04
1.149046e-04
1.152994e-04
1.173868e-04
1.129499e-04
1.146297e-04
1.133721e-04
1.136343e-04
1.131757e-04
1.157163e-04
1.111619e-04
1.129605e-04
1.091658e-04
1.116855e-04
1.112296e-04
1.113647e-04
1.111894e-04
1.116802e-04
1.109847e-04
1.107895e-04
1.105063e-04
1.104414e-04
1.102955e-04
1.102049e-04
1.100729e-04
1.099543e-04
1.124482e-04
1.081268e-04
1.099376e-04
1.088522e-04
1.107455e-04
1.081589e-04
1.092245e-04
1.085849e-04
1.088212e-04
1.085222e-04
1.086483e-04
1.085517e-04
1.085075e-04
1.089370e-04
1.083665e-04
1.081951e-04
1.079959e-04
1.079875e-04
1.079164e-04
1.078922e-04
1.078419e-04
1.077993e-04
1.077467e-04
1.076942e-04
1.076383e-04
1.075077e-04
1.075207e-04
1.074620e-04
1.074091e-04
1.066381e-04
1.097982e-04
1.055522e-04
1.074859e-04
1.064039e-04
1.070032e-04
1.067351e-04
1.068546e-04
1.068391e-04
1.068408e-04
1.067759e-04
1.068110e-04
1.067546e-04
1.066969e-04
1.065839e-04
1.067822e-04
1.065710e-04
1.065909e-04
1.064217e-04
1.067671e-04
1.062772e-04
1.065433e-04
1.063429e-04
1.062717e-04
1.064553e-04
1.062720e-04
1.061830e-04
1.063718e-04
1.065445e-04
1.064602e-04
1.058061e-04
1.061173e-04
1.057695e-04
1.061871e-04
1.056915e-04
1.061319e-04
1.057626e-04
1.061741e-04
1.059540e-04
1.060516e-04
1.056838e-04
1.057966e-04
1.057253e-04
1.057531e-04
1.057403e-04
1.057400e-04
1.057291e-04
1.060349e-04
1.052520e-04
1.061031e-04
1.052775e-04
1.061903e-04
1.050866e-04
1.061827e-04
1.050514e-04
1.060014e-04
1.051833e-04
1.059997e-04
1.050776e-04
1.060579e-04
1.048767e-04
1.058924e-04
1.050030e-04
1.059874e-04
1.048816e-04
1.057596e-04
1.050823e-04
1.057727e-04
1.051080e-04
1.053082e-04
1.058449e-04
1.047022e-04
1.055754e-04
1.052298e-04
1.051856e-04
1.058649e-04
1.052041e-04
1.050515e-04
1.048526e-04
1.053684e-04
1.056330e-04
1.049732e-04
1.047883e-04
1.046914e-04
1.051021e-04
1.054857e-04
1.054060e-04
1.048795e-04
1.052032e-04
1.045800e-04
1.050216e-04
1.054266e-04
1.044998e-04
1.055121e-04
1.044979e-04
1.060028e-04
1.043194e-04
1.054410e-04
1.049325e-04
1.051700e-04
1.046719e-04
1.053937e-04
1.048918e-04
1.046905e-04
1.050163e-04
1.053322e-04
1.049195e-04
1.043561e-04
1.052043e-04
1.051912e-04
1.042982e-04
1.054682e-04
1.036778e-04
1.058012e-04
1.043675e-04
1.050591e-04
1.044365e-04
1.053384e-04
1.041583e-04
1.061209e-04
1.034609e-04
1.060371e-04
1.039527e-04
1.051248e-04
1.043786e-04
1.058896e-04
1.034487e-04
1.061572e-04
1.039521e-04
1.050520e-04
1.042828e-04
1.059619e-04
1.033078e-04
1.056462e-04
1.043422e-04
1.049791e-04
1.046163e-04
1.048202e-04
1.056316e-04
1.033800e-04
1.050079e-04
1.046044e-04
1.041381e-04
1.054249e-04
1.047881e-04
1.045072e-04
1.043995e-04
1.056121e-04
1.054371e-04
1.045404e-04
1.042661e-04
1.042087e-04
1.042350e-04
1.053751e-04
1.052993e-04
1.045522e-04
1.040762e-04
1.041905e-04
1.043323e-04
1.053336e-04
1.040390e-04
1.048633e-04
1.044194e-04
1.054231e-04
1.038172e-04
1.053513e-04
1.037609e-04
1.055694e-04
1.039871e-04
1.043204e-04
1.050555e-04
1.042537e-04
1.051083e-04
1.045614e-04
1.045678e-04
1.037631e-04
1.053556e-04
1.047350e-04
1.041165e-04
1.047498e-04
1.039780e-04
1.049093e-04
1.048556e-04
1.036114e-04
1.053014e-04
1.046028e-04
1.049183e-04
1.036500e-04
1.045108e-04
1.053444e-04
1.033748e-04
1.051272e-04
1.048871e-04
1.031936e-04
1.054305e-04
1.046517e-04
1.041283e-04
1.048809e-04
1.041484e-04
1.051737e-04
1.044218e-04
1.044230e-04
1.039393e-04
1.048372e-04
1.049475e-04
1.037316e-04
1.046440e-04
1.038977e-04
1.048425e-04
1.045793e-04
1.045934e-04
1.049842e-04
1.040876e-04
1.052373e-04
1.031407e-04
1.048513e-04
1.037628e-04
1.048081e-04
1.040173e-04
1.045513e-04
1.040521e-04
1.048737e-04
1.036892e-04
1.049649e-04
1.039918e-04
1.048844e-04
1.036856e-04
1.050106e-04
1.040998e-04
1.048381e-04
1.043279e-04
1.046554e-04
1.045369e-04
1.043702e-04
1.045434e-04
1.049530e-04
1.042287e-04
1.043709e-04
1.043226e-04
1.045227e-04
1.035940e-04
1.047505e-04
1.045315e-04
1.044779e-04
1.044322e-04
1.034575e-04
1.049499e-04
1.045694e-04
1.037837e-04
1.049917e-04
1.044321e-04
1.037548e-04
1.049606e-04
1.044473e-04
1.037679e-04
1.048798e-04
1.044567e-04
1.038014e-04
1.047053e-04
1.041869e-04
1.046623e-04
1.044877e-04
1.044266e-04
1.044325e-04
1.047884e-04
1.042178e-04
1.042976e-04
1.043329e-04
1.044227e-04
1.042807e-04
1.043624e-04
1.036434e-04
1.047617e-04
1.044964e-04
1.044441e-04
1.037249e-04
1.048228e-04
1.040421e-04
1.046670e-04
1.037355e-04
1.046886e-04
1.045423e-04
1.044867e-04
1.043835e-04
1.043256e-04
1.043468e-04
1.044547e-04
1.043603e-04
1.038198e-04
1.045459e-04
1.045552e-04
1.044086e-04
1.043621e-04
1.037064e-04
1.047661e-04
1.044237e-04
1.044278e-04
1.043457e-04
1.037076e-04
1.045871e-04
1.041884e-04
1.045360e-04
1.044428e-04
1.042867e-04
1.047305e-04
1.042216e-04
1.044267e-04
1.042310e-04
1.042540e-04
1.043417e-04
1.045470e-04
1.041930e-04
1.043424e-04
1.043129e-04
1.043216e-04
1.039932e-04
1.037896e-04
1.046456e-04
1.045881e-04
1.044097e-04
1.043782e-04
1.043747e-04
1.043373e-04
1.036413e-04
1.046442e-04
1.044251e-04
1.043960e-04
1.043817e-04
1.043384e-04
1.043001e-04
1.043532e-04
1.036130e-04
1.045776e-04
1.044295e-04
1.040539e-04
1.045501e-04
1.044201e-04
1.043552e-04
1.043856e-04
1.043045e-04
1.036503e-04
1.046281e-04
1.044390e-04
1.043744e-04
1.043901e-04
1.043138e-04
1.043098e-04
1.043260e-04
1.043007e-04
1.042739e-04
1.036464e-04
1.045673e-04
1.045159e-04
1.043580e-04
1.043386e-04
1.043179e-04
1.043094e-04
1.043233e-04
1.042327e-04
1.043376e-04
1.044099e-04
1.042244e-04
1.046027e-04
1.041615e-04
1.043090e-04
1.042863e-04
1.043279e-04
1.042710e-04
1.042756e-04
1.042741e-04
1.043149e-04
1.042631e-04
1.042728e-04
1.042751e-04
1.043183e-04
1.042675e-04
1.047407e-04
1.040858e-04
1.042458e-04
1.042617e-04
1.043133e-04
1.042552e-04
1.043071e-04
1.042589e-04
1.043066e-04
1.042592e-04
1.043074e-04
1.042938e-04
1.042960e-04
1.042555e-04
1.043042e-04
1.042596e-04
1.043084e-04
1.045836e-04
1.041803e-04
1.041969e-04
1.042640e-04
1.042353e-04
1.042948e-04
1.042561e-04
1.044797e-04
1.041803e-04
1.042833e-04
1.042593e-04
1.043076e-04
1.042655e-04
1.043020e-04
1.042619e-04
1.042992e-04
1.042606e-04
1.042987e-04
1.042608e-04
1.042990e-04
1.042614e-04
1.042993e-04
1.045801e-04
1.041703e-04
1.041947e-04
1.042522e-04
1.043840e-04
1.042223e-04
1.042381e-04
1.042877e-04
1.042568e-04
1.042964e-04
1.042599e-04
1.042965e-04
1.042597e-04
1.042958e-04
1.042593e-04
1.042954e-04
1.042591e-04
1.042950e-04
1.042589e-04
1.042947e-04
1.042835e-04
1.042809e-04
1.042645e-04
1.042877e-04
1.042678e-04
1.042870e-04
1.042652e-04
1.043031e-04
1.042555e-04
1.042851e-04
1.042526e-04
1.042896e-04
1.045711e-04
1.041612e-04
1.042062e-04
1.042350e-04
1.042296e-04
1.042609e-04
1.042560e-04
1.042994e-04
1.042552e-04
1.042851e-04
1.042536e-04
1.042895e-04
1.042732e-04
1.042809e-04
1.042561e-04
1.042780e-04
1.042604e-04
1.042975e-04
1.042524e-04
1.042809e-04
1.042501e-04
1.042852e-04
1.042698e-04
1.042775e-04
1.042536e-04
1.042541e-04
1.042562e-04
1.042834e-04
1.042517e-04
1.042693e-04
1.042511e-04
1.042744e-04
1.042710e-04
1.042673e-04
1.042555e-04
1.042653e-04
1.042602e-04
1.042846e-04
1.042529e-04
1.042690e-04
1.042510e-04
1.042734e-04
1.042700e-04
1.042661e-04
1.042545e-04
1.042640e-04
1.042589e-04
1.042827e-04
1.042517e-04
1.042673e-04
1.042497e-04
1.042716e-04
1.043746e-04
1.042135e-04
1.042515e-04
1.042663e-04
1.042991e-04
1.042679e-04
1.042516e-04
1.046137e-04
1.041151e-04
1.042493e-04
1.042346e-04
1.042642e-04
1.042400e-04
1.042545e-04
1.042282e-04
1.042501e-04
1.042513e-04
1.042493e-04
1.042744e-04
1.042562e-04
1.042440e-04
1.042384e-04
1.042715e-04
1.042754e-04
1.042451e-04
1.042639e-04
1.042377e-04
1.042587e-04
1.042936e-04
1.042431e-04
1.042502e-04
1.042553e-04
1.042559e-04
1.042790e-04
1.042600e-04
1.042471e-04
1.042410e-04
1.042723e-04
1.042754e-04
1.042455e-04
1.042634e-04
1.042377e-04
1.042577e-04
1.042913e-04
1.042423e-04
1.042490e-04
1.042539e-04
1.042543e-04
1.042766e-04
1.042582e-04
1.042457e-04
1.042398e-04
1.042701e-04
1.042731e-04
1.042442e-04
1.042615e-04
1.042365e-04
1.042559e-04
1.042885e-04
1.042410e-04
1.042475e-04
1.042522e-04
1.042519e-04
1.042745e-04
1.042565e-04
1.042446e-04
1.042386e-04
1.042675e-04
1.042710e-04
1.042429e-04
1.042599e-04
1.042356e-04
1.042537e-04
1.042860e-04
1.042399e-04
1.042463e-04
1.042847e-04
1.042372e-04
1.042445e-04
1.042495e-04
1.042504e-04
1.042715e-04
1.042542e-04
1.042425e-04
