1.042164e-04
1.042164e-04
1.042164e-04
1.042164e-04
1.042164e-04
1.042164e-04
1.042164e-04
1.042164e-04
1.042164e-04
1.042164e-04
1.042164e-04
1.042164e-04
1.042164e-04
1.042164e-04
1.042164e-04
1.042164e-04
1.042164e-04
1.042164e-04
1.042164e-04
1.042164e-04
1.042164e-04
1.042164e-04
1.042164e-04
1.042164e-04
1.042164e-04
1.042164e-04
1.042164e-04
1.042164e-04
1.042164e-04
1.042164e-04
1.042164e-04
1.042164e-04
1.042164e-04
1.042164e-04
1.042164e-04
1.042164e-04
1.042164e-04
1.042164e-04
1.042164e-04
1.042164e-04
1.042164e-04
1.042164e-04
1.042164e-04
1.042164e-04
1.042164e-04
1.042164e-04
1.042164e-04
1.042164e-04
1.042164e-04
1.042164e-04
1.042164e-04
1.042164e-04
1.042164e-04
1.042164e-04
1.042164e-04
1.042164e-04
1.042164e-04
1.042164e-04
1.042164e-04
1.042164e-04
1.042164e-04
1.042164e-04
1.042164e-04
1.042164e-04
1.042164e-04
1.042164e-04
1.042164e-04
1.042164e-04
1.042164e-04
1.042164e-04
1.042164e-04
1.042164e-04
1.042164e-04
1.042164e-04
1.042164e-04
1.042164e-04
1.042164e-04
1.042164e-04
1.042164e-04
1.042164e-04
1.042164e-04
1.042164e-04
1.042164e-04
1.042164e-04
1.042164e-04
1.042164e-04
1.042164e-04
1.042164e-04
1.042164e-04
1.042164e-04
1.042164e-04
1.042164e-04
1.042164e-04
1.042164e-04
1.042164e-04
1.042164e-04
1.042164e-04
1.042164e-04
1.042164e-04
1.042164e-04
1.042164e-04
2.512460e-04
4.098203e-04
4.786389e-04
5.256594e-04
5.264012e-04
5.016236e-04
4.723403e-04
4.338441e-04
3.971452e-04
3.667129e-04
3.204863e-04
2.910755e-04
2.430806e-04
2.331121e-04
1.940927e-04
1.896376e-04
1.727195e-04
1.382635e-04
1.348638e-04
1.208108e-04
1.166263e-04
1.080082e-04
9.621084e-05
9.533051e-05
9.356690e-05
9.358481e-05
9.445419e-05
9.749913e-05
9.972424e-05
1.019384e-04
1.058408e-04
1.063234e-04
1.087020e-04
1.047798e-04
9.739541e-05
7.721419e-05
7.520006e-06
-8.939313e-05
-2.406042e-04
-4.831053e-04
-7.810304e-04
-1.063920e-03
-1.392775e-03
-1.793119e-03
-2.144191e-03
-2.533525e-03
-2.929800e-03
-3.337275e-03
-3.775627e-03
-4.230702e-03
-4.708392e-03
-5.223096e-03
-5.731102e-03
-6.243879e-03
-6.719526e-03
-7.113318e-03
-7.356626e-03
-7.360513e-03
-6.989303e-03
-5.953377e-03
-4.098312e-03
-9.152532e-04
4.086166e-03
1.130405e-02
2.105435e-02
3.360632e-02
4.911987e-02
6.769018e-02
8.955406e-02
1.150941e-01
1.450545e-01
1.803191e-01
2.214412e-01
2.683054e-01
3.203754e-01
3.770134e-01
4.378265e-01
5.030628e-01
5.732272e-01
6.471477e-01
7.216763e-01
7.924773e-01
8.545864e-01
9.049929e-01
9.434380e-01
9.713955e-01
9.912184e-01
1.005217e+00
1.015207e+00
1.022476e+00
1.027840e+00
1.031873e+00
1.034949e+00
1.037336e+00
1.039213e+00
1.040712e+00
1.041913e+00
1.042902e+00
1.043753e+00
1.044461e+00
1.045075e+00
1.045601e+00
1.046054e+00
1.046455e+00
1.046791e+00
1.047093e+00
1.047361e+00
1.047592e+00
1.047781e+00
1.047978e+00
1.048116e+00
1.048264e+00
1.048381e+00
1.048503e+00
1.048594e+00
1.048674e+00
1.048771e+00
1.048818e+00
1.048911e+00
1.048963e+00
1.049009e+00
1.049068e+00
1.049093e+00
1.049138e+00
1.049184e+00
1.049207e+00
1.049233e+00
1.049260e+00
1.049296e+00
1.049314e+00
1.049336e+00
1.049357e+00
1.049395e+00
1.049391e+00
1.049417e+00
1.049426e+00
1.049440e+00
1.049453e+00
1.049467e+00
1.049497e+00
1.049494e+00
1.049505e+00
1.049514e+00
1.049525e+00
1.049533e+00
1.049544e+00
1.049551e+00
1.049564e+00
1.049568e+00
1.049596e+00
1.049589e+00
1.049592e+00
1.049600e+00
1.049604e+00
1.049613e+00
1.049616e+00
1.049622e+00
1.049629e+00
1.049634e+00
1.049640e+00
1.049645e+00
1.049652e+00
1.049653e+00
1.049662e+00
1.049664e+00
1.049670e+00
1.049674e+00
1.049672e+00
1.049678e+00
1.049686e+00
1.049691e+00
1.049695e+00
1.049698e+00
1.049705e+00
1.049707e+00
1.049709e+00
1.049716e+00
1.049715e+00
1.049726e+00
1.049724e+00
1.049732e+00
1.049731e+00
1.049737e+00
1.049740e+00
1.049745e+00
1.049743e+00
1.049754e+00
1.049752e+00
1.049765e+00
1.049923e+00
1.050101e+00
1.050141e+00
1.050140e+00
1.050099e+00
1.050018e+00
1.049999e+00
1.049919e+00
1.049925e+00
1.049893e+00
1.049880e+00
1.049856e+00
1.049849e+00
1.049845e+00
1.049856e+00
1.049857e+00
1.049873e+00
1.049879e+00
1.049904e+00
1.049920e+00
1.049950e+00
1.049978e+00
1.050013e+00
1.050079e+00
1.050103e+00
1.050165e+00
1.050205e+00
1.050279e+00
1.050351e+00
1.050422e+00
1.050531e+00
1.050607e+00
1.050695e+00
1.050816e+00
1.050923e+00
1.051033e+00
1.051146e+00
1.051251e+00
1.051341e+00
1.051404e+00
1.051454e+00
1.051471e+00
1.051464e+00
1.051411e+00
1.051372e+00
1.051350e+00
1.051257e+00
1.051224e+00
1.051191e+00
1.051139e+00
1.051101e+00
1.051055e+00
1.051005e+00
1.050950e+00
1.050883e+00
1.050805e+00
1.050715e+00
1.050615e+00
1.050506e+00
1.050393e+00
1.050279e+00
1.050168e+00
1.050060e+00
1.049960e+00
1.049865e+00
1.049754e+00
1.049634e+00
1.049493e+00
1.049331e+00
1.049137e+00
1.048911e+00
1.048630e+00
1.048297e+00
1.047880e+00
1.047388e+00
1.046775e+00
1.046057e+00
1.045157e+00
1.044095e+00
1.042841e+00
1.041550e+00
1.040279e+00
1.039334e+00
1.038527e+00
1.038136e+00
1.037807e+00
1.037549e+00
1.037355e+00
1.037466e+00
1.038081e+00
1.039117e+00
1.040391e+00
1.041771e+00
1.043107e+00
1.044333e+00
1.045417e+00
1.046338e+00
1.047097e+00
1.047706e+00
1.048175e+00
1.048522e+00
1.048771e+00
1.048944e+00
1.049051e+00
1.049119e+00
1.049157e+00
1.049175e+00
1.049183e+00
1.049188e+00
1.049194e+00
1.049204e+00
1.049212e+00
1.049235e+00
1.049261e+00
1.049277e+00
1.049313e+00
1.049343e+00
1.049365e+00
1.049402e+00
1.049433e+00
1.049466e+00
1.049500e+00
1.049530e+00
1.049562e+00
1.049591e+00
1.049619e+00
1.049646e+00
1.049671e+00
1.049694e+00
1.049716e+00
1.049736e+00
1.049755e+00
1.049773e+00
1.049789e+00
1.049804e+00
1.049819e+00
1.049831e+00
1.049846e+00
1.049852e+00
1.049870e+00
1.049875e+00
1.049883e+00
1.049895e+00
1.049907e+00
1.049897e+00
1.049915e+00
1.049924e+00
1.049924e+00
1.049933e+00
1.049943e+00
1.049948e+00
1.049947e+00
1.049956e+00
1.049966e+00
1.049968e+00
1.049969e+00
1.049978e+00
1.049985e+00
1.049991e+00
1.049999e+00
1.050006e+00
1.050018e+00
1.050037e+00
1.050037e+00
1.050052e+00
1.050063e+00
1.050072e+00
1.050078e+00
1.050102e+00
1.050099e+00
1.050129e+00
1.050147e+00
1.050159e+00
1.050176e+00
1.050210e+00
1.050215e+00
1.050250e+00
1.050267e+00
1.050322e+00
1.050329e+00
1.050375e+00
1.050402e+00
1.050445e+00
1.050510e+00
1.050530e+00
1.050591e+00
1.050632e+00
1.050692e+00
1.050744e+00
1.050834e+00
1.050869e+00
1.050944e+00
1.051032e+00
1.051085e+00
1.051159e+00
1.051268e+00
1.051346e+00
1.051419e+00
1.051531e+00
1.051619e+00
1.051719e+00
1.051806e+00
1.051892e+00
1.051979e+00
1.052130e+00
1.052175e+00
1.052293e+00
1.052414e+00
1.052528e+00
1.052653e+00
1.052769e+00
1.052895e+00
1.053022e+00
1.053154e+00
1.053287e+00
1.053430e+00
1.053607e+00
1.053702e+00
1.053898e+00
1.054038e+00
1.054217e+00
1.054369e+00
1.054546e+00
1.054687e+00
1.054826e+00
1.054918e+00
1.054936e+00
1.054893e+00
1.054696e+00
1.054357e+00
1.053838e+00
1.053058e+00
1.051998e+00
1.050632e+00
1.049009e+00
1.046960e+00
1.044297e+00
1.041000e+00
1.036942e+00
1.032010e+00
1.026065e+00
1.018890e+00
1.010268e+00
9.999464e-01
9.876076e-01
9.728757e-01
9.553477e-01
9.347023e-01
9.108737e-01
8.839802e-01
8.541898e-01
8.216819e-01
7.866235e-01
7.491360e-01
7.092903e-01
6.671303e-01
6.226804e-01
5.759914e-01
5.271986e-01
4.765191e-01
4.242359e-01
3.707779e-01
3.169156e-01
2.647012e-01
2.173229e-01
1.770735e-01
1.441590e-01
1.177235e-01
9.663363e-02
7.975806e-02
6.617836e-02
5.518628e-02
4.622854e-02
3.887942e-02
3.282284e-02
2.779364e-02
2.359572e-02
2.008866e-02
1.712862e-02
1.462926e-02
1.251835e-02
1.072632e-02
9.200851e-03
7.931805e-03
6.854642e-03
5.900933e-03
5.102863e-03
4.413183e-03
3.832473e-03
3.333526e-03
2.901735e-03
2.536653e-03
2.219878e-03
1.949041e-03
1.716237e-03
1.533063e-03
1.325419e-03
1.208672e-03
1.055688e-03
9.543099e-04
8.711333e-04
7.650561e-04
6.993937e-04
6.502337e-04
5.669893e-04
5.517345e-04
5.061845e-04
4.448231e-04
4.215731e-04
4.047315e-04
3.778959e-04
3.584452e-04
3.395384e-04
3.227261e-04
3.072740e-04
2.932622e-04
2.804912e-04
2.581337e-04
2.373089e-04
2.339611e-04
2.243635e-04
2.219928e-04
2.177690e-04
2.088514e-04
2.063896e-04
2.032710e-04
1.954461e-04
1.976657e-04
1.873900e-04
1.885464e-04
1.796858e-04
1.811902e-04
1.528222e-04
1.682482e-04
1.632579e-04
1.621152e-04
1.619326e-04
1.594671e-04
1.611410e-04
1.548387e-04
1.558233e-04
1.562654e-04
1.511113e-04
1.516100e-04
1.521228e-04
1.470808e-04
1.474749e-04
1.453756e-04
1.461319e-04
1.438502e-04
1.430671e-04
1.445990e-04
1.376625e-04
1.383635e-04
1.367253e-04
1.364428e-04
1.356673e-04
1.348131e-04
1.341353e-04
1.337464e-04
1.365275e-04
1.317708e-04
1.332467e-04
1.315371e-04
1.313922e-04
1.336728e-04
1.307970e-04
1.253940e-04
1.238893e-04
1.243213e-04
1.243171e-04
1.270189e-04
1.228992e-04
1.246482e-04
1.235645e-04
1.238058e-04
1.234726e-04
1.233553e-04
1.255289e-04
1.239052e-04
1.236102e-04
1.227015e-04
1.227433e-04
1.221893e-04
1.220038e-04
1.250563e-04
1.209878e-04
1.219868e-04
1.209793e-04
1.207663e-04
1.203947e-04
1.200852e-04
1.202766e-04
1.194772e-04
1.228291e-04
1.180169e-04
1.197392e-04
1.183077e-04
1.188853e-04
1.178734e-04
1.181294e-04
1.176661e-04
1.176331e-04
1.176421e-04
1.178076e-04
1.189706e-04
1.180858e-04
1.176946e-04
1.173591e-04
1.167735e-04
1.164908e-04
1.165961e-04
1.156844e-04
1.159711e-04
1.154765e-04
1.157873e-04
1.152796e-04
1.182819e-04
1.139822e-04
1.154514e-04
1.144607e-04
1.147515e-04
1.138036e-04
1.145538e-04
1.134992e-04
1.140316e-04
1.135622e-04
1.139610e-04
1.132616e-04
1.137699e-04
1.134382e-04
1.134038e-04
1.166669e-04
1.123804e-04
1.134663e-04
1.130460e-04
1.124007e-04
1.126443e-04
1.124336e-04
1.120739e-04
1.125750e-04
1.118114e-04
1.123814e-04
1.118259e-04
1.122692e-04
1.099342e-04
1.101682e-04
1.099528e-04
1.107612e-04
1.103303e-04
1.109739e-04
1.121284e-04
1.117433e-04
1.112910e-04
1.112752e-04
1.107381e-04
1.110373e-04
1.104385e-04
1.108443e-04
1.106756e-04
1.104191e-04
1.106425e-04
1.106300e-04
1.104543e-04
1.108112e-04
1.102073e-04
1.105810e-04
1.104157e-04
1.105567e-04
1.101697e-04
1.105145e-04
1.099938e-04
1.107087e-04
1.095241e-04
1.139111e-04
1.084983e-04
1.116366e-04
1.086908e-04
1.105397e-04
1.085600e-04
1.103348e-04
1.084492e-04
1.101420e-04
1.085797e-04
1.101991e-04
1.083717e-04
1.100428e-04
1.085221e-04
1.101071e-04
1.085527e-04
1.093947e-04
1.089472e-04
1.095544e-04
1.089994e-04
1.099285e-04
1.082269e-04
1.097240e-04
1.082640e-04
1.096733e-04
1.081483e-04
1.095609e-04
1.081137e-04
1.095001e-04
1.080165e-04
1.091873e-04
1.081550e-04
1.105962e-04
1.086109e-04
1.099247e-04
1.078590e-04
1.092274e-04
1.086826e-04
1.096937e-04
1.077525e-04
1.089908e-04
1.073228e-04
1.087298e-04
1.073248e-04
1.086947e-04
1.071783e-04
1.086146e-04
1.072938e-04
1.086558e-04
1.071905e-04
1.085952e-04
1.073033e-04
1.086303e-04
1.071902e-04
1.085563e-04
1.072836e-04
1.085749e-04
1.071573e-04
1.084881e-04
1.072352e-04
1.084945e-04
1.071010e-04
1.084005e-04
1.080374e-04
1.071213e-04
1.080888e-04
1.071786e-04
1.083847e-04
1.080811e-04
1.070813e-04
1.074321e-04
1.080324e-04
1.064785e-04
1.079157e-04
1.076214e-04
1.083771e-04
1.091341e-04
1.084173e-04
1.069055e-04
1.077324e-04
1.068178e-04
1.076607e-04
1.057861e-04
1.074412e-04
1.069242e-04
1.063908e-04
1.064768e-04
1.080022e-04
1.054069e-04
1.076403e-04
1.061001e-04
1.073809e-04
1.062807e-04
1.082269e-04
1.067169e-04
1.065636e-04
1.071221e-04
1.064007e-04
1.069687e-04
1.070361e-04
1.065661e-04
1.072163e-04
1.068194e-04
1.071481e-04
1.073171e-04
1.067284e-04
1.069378e-04
1.066679e-04
1.071807e-04
1.067034e-04
1.073015e-04
1.063108e-04
1.079004e-04
1.056263e-04
1.075087e-04
1.055880e-04
1.077418e-04
1.059842e-04
1.070931e-04
1.061979e-04
1.068732e-04
1.060855e-04
1.075074e-04
1.053365e-04
1.078181e-04
1.048921e-04
1.073141e-04
1.055808e-04
1.073909e-04
1.050184e-04
1.073777e-04
1.058665e-04
1.068385e-04
1.059288e-04
1.073861e-04
1.053044e-04
1.076439e-04
1.049260e-04
1.071731e-04
1.059277e-04
1.058450e-04
1.067999e-04
1.062650e-04
1.063911e-04
1.063308e-04
1.061993e-04
1.064053e-04
1.065753e-04
1.057804e-04
1.068318e-04
1.064388e-04
1.063965e-04
1.058815e-04
1.066544e-04
1.064268e-04
1.063497e-04
1.056515e-04
1.063487e-04
1.060815e-04
1.060481e-04
1.062675e-04
1.061063e-04
1.067035e-04
1.061296e-04
1.062559e-04
1.069735e-04
1.046715e-04
1.063067e-04
1.055735e-04
1.060643e-04
1.061713e-04
1.059361e-04
1.061663e-04
1.060790e-04
1.056179e-04
1.066340e-04
1.052156e-04
1.073040e-04
1.050981e-04
1.070630e-04
1.051944e-04
1.070451e-04
1.044298e-04
1.067552e-04
1.045792e-04
1.079289e-04
1.035621e-04
1.076273e-04
1.039443e-04
1.077157e-04
1.040265e-04
1.063698e-04
1.049986e-04
1.070686e-04
1.051534e-04
1.074430e-04
1.045460e-04
1.066092e-04
1.048646e-04
1.068108e-04
1.045854e-04
1.069684e-04
1.048402e-04
1.071951e-04
1.044111e-04
1.063001e-04
1.042033e-04
1.068705e-04
1.046161e-04
1.066464e-04
1.041786e-04
1.074232e-04
1.042024e-04
1.062259e-04
1.044203e-04
1.071593e-04
1.045920e-04
1.063602e-04
1.042951e-04
1.069085e-04
1.035528e-04
1.070596e-04
1.043200e-04
1.061050e-04
1.045839e-04
1.068932e-04
1.032356e-04
1.070783e-04
1.041392e-04
1.064580e-04
1.044434e-04
1.069717e-04
1.035939e-04
1.070638e-04
1.062211e-04
1.085248e-04
1.050302e-04
1.071689e-04
1.037031e-04
1.069054e-04
1.062868e-04
1.041032e-04
1.064464e-04
1.050101e-04
1.041447e-04
1.050419e-04
1.042514e-04
1.050136e-04
1.061802e-04
1.027376e-04
1.064170e-04
1.057036e-04
1.030482e-04
1.060137e-04
1.054549e-04
1.059468e-04
1.069372e-04
1.054197e-04
1.047961e-04
1.056367e-04
1.060131e-04
1.038094e-04
1.052401e-04
1.050842e-04
1.062974e-04
1.053298e-04
1.043132e-04
1.065681e-04
1.059771e-04
1.054171e-04
1.036558e-04
1.050773e-04
1.042499e-04
1.051191e-04
1.056419e-04
1.041015e-04
1.053449e-04
1.055078e-04
1.069190e-04
1.041628e-04
1.053424e-04
1.062429e-04
1.041611e-04
1.050931e-04
1.065511e-04
1.044326e-04
1.055078e-04
1.060870e-04
1.045980e-04
1.052697e-04
1.042204e-04
1.067458e-04
1.038619e-04
1.065991e-04
1.039444e-04
1.061953e-04
1.045038e-04
1.066633e-04
1.039677e-04
1.066600e-04
1.037276e-04
1.067436e-04
1.043414e-04
1.066867e-04
1.041806e-04
1.066305e-04
1.042871e-04
1.063832e-04
1.043349e-04
1.059437e-04
1.040089e-04
1.059214e-04
1.038253e-04
1.055814e-04
1.037237e-04
1.056581e-04
1.035595e-04
1.054075e-04
1.036488e-04
1.055473e-04
1.036207e-04
1.053277e-04
1.036069e-04
1.058083e-04
1.037584e-04
1.056289e-04
1.035971e-04
1.054923e-04
1.036724e-04
1.053080e-04
1.034714e-04
1.053757e-04
1.032364e-04
1.057316e-04
1.040029e-04
1.048729e-04
1.054713e-04
1.033790e-04
1.056117e-04
1.054695e-04
1.054578e-04
1.054113e-04
1.038953e-04
1.055023e-04
1.038822e-04
1.052084e-04
1.038936e-04
1.047797e-04
1.042414e-04
1.056074e-04
1.039774e-04
1.055150e-04
1.037246e-04
1.058713e-04
1.055880e-04
1.052624e-04
1.053427e-04
1.029149e-04
1.058777e-04
1.048004e-04
1.049134e-04
1.055703e-04
1.033129e-04
1.056040e-04
1.043144e-04
1.050385e-04
1.051164e-04
1.027995e-04
1.047117e-04
1.044702e-04
1.050591e-04
1.026782e-04
1.056864e-04
1.046258e-04
1.039002e-04
1.052379e-04
1.038319e-04
1.040920e-04
1.057178e-04
1.051434e-04
1.049357e-04
1.042379e-04
1.048776e-04
1.051162e-04
1.054686e-04
1.056083e-04
1.036579e-04
1.050965e-04
1.059080e-04
1.047285e-04
1.057438e-04
1.042511e-04
1.052980e-04
1.048226e-04
1.037682e-04
1.050655e-04
1.056476e-04
1.057681e-04
1.048549e-04
1.052508e-04
1.033116e-04
1.052198e-04
1.049057e-04
1.049201e-04
1.042610e-04
1.033521e-04
1.041325e-04
1.033469e-04
1.051550e-04
1.041703e-04
1.046655e-04
1.028036e-04
1.053554e-04
1.050448e-04
1.031618e-04
1.053760e-04
1.042872e-04
1.042326e-04
1.050978e-04
1.050679e-04
1.031964e-04
1.049757e-04
1.048030e-04
1.045859e-04
1.055114e-04
1.058963e-04
1.046740e-04
1.049073e-04
1.034957e-04
1.048383e-04
1.049461e-04
1.036524e-04
1.045458e-04
1.041856e-04
1.057251e-04
1.057667e-04
1.045569e-04
1.047968e-04
1.040335e-04
1.053447e-04
1.040064e-04
1.045120e-04
1.055614e-04
1.059195e-04
1.047728e-04
1.048933e-04
1.040209e-04
1.053575e-04
1.045074e-04
1.055262e-04
1.055093e-04
1.049285e-04
1.045121e-04
1.039906e-04
1.048756e-04
1.038053e-04
1.053985e-04
1.053785e-04
1.046726e-04
1.042952e-04
1.046380e-04
1.047453e-04
1.035547e-04
1.050674e-04
1.035368e-04
1.051897e-04
1.034557e-04
1.054840e-04
1.041592e-04
1.049871e-04
1.046766e-04
1.055462e-04
1.047314e-04
1.059864e-04
1.045224e-04
1.056206e-04
1.045325e-04
1.058987e-04
1.038722e-04
1.058846e-04
1.046830e-04
1.059717e-04
1.044613e-04
1.052072e-04
1.047951e-04
1.059559e-04
1.044846e-04
1.057627e-04
1.039467e-04
1.061965e-04
1.044817e-04
1.057495e-04
1.055662e-04
1.051573e-04
1.049377e-04
1.050012e-04
1.045531e-04
1.047217e-04
1.048504e-04
1.040416e-04
1.076194e-04
1.032102e-04
1.048339e-04
1.045124e-04
1.042750e-04
1.037385e-04
1.038737e-04
1.036156e-04
1.027370e-04
1.041120e-04
1.037671e-04
1.051130e-04
1.048717e-04
1.048663e-04
1.044820e-04
1.033979e-04
1.048415e-04
1.046288e-04
1.047446e-04
1.043957e-04
1.029541e-04
1.051739e-04
1.048496e-04
1.048639e-04
1.045801e-04
1.035726e-04
1.046061e-04
1.049708e-04
1.049967e-04
1.045816e-04
1.036602e-04
1.051566e-04
1.041895e-04
1.051997e-04
1.046026e-04
1.038669e-04
1.052610e-04
1.048560e-04
1.042914e-04
1.046253e-04
1.038333e-04
1.051957e-04
1.048258e-04
1.039732e-04
1.052813e-04
1.051925e-04
1.033472e-04
1.053769e-04
1.049983e-04
1.040926e-04
1.054616e-04
1.047519e-04
1.043660e-04
1.055392e-04
1.052911e-04
1.041886e-04
1.055138e-04
1.053011e-04
1.032779e-04
1.059920e-04
1.052731e-04
1.042133e-04
1.055343e-04
1.052931e-04
1.043019e-04
1.049440e-04
1.054196e-04
1.043023e-04
1.055270e-04
1.053222e-04
1.038345e-04
1.057077e-04
1.052427e-04
1.041693e-04
1.051567e-04
1.050957e-04
1.041003e-04
1.053499e-04
1.051788e-04
1.051003e-04
1.049684e-04
1.042033e-04
1.045248e-04
1.044658e-04
1.040935e-04
1.043551e-04
1.042676e-04
1.042053e-04
1.043873e-04
1.031545e-04
1.047965e-04
1.046980e-04
1.046739e-04
1.042029e-04
1.045435e-04
1.046321e-04
1.037324e-04
1.048706e-04
1.047948e-04
1.047516e-04
1.045982e-04
1.043298e-04
1.045117e-04
1.036582e-04
1.047904e-04
1.049700e-04
1.048384e-04
1.038879e-04
1.051865e-04
1.050022e-04
1.049697e-04
1.038751e-04
1.051746e-04
1.049549e-04
1.048913e-04
1.038242e-04
1.048932e-04
1.048224e-04
1.048198e-04
1.040783e-04
1.050209e-04
1.048119e-04
1.046466e-04
1.038986e-04
1.049540e-04
1.046856e-04
1.047371e-04
1.037549e-04
1.050935e-04
1.049566e-04
1.045821e-04
1.049331e-04
1.043595e-04
1.045544e-04
1.046115e-04
1.044674e-04
1.047378e-04
1.040455e-04
1.043228e-04
1.044202e-04
1.049610e-04
1.043310e-04
1.044075e-04
1.043858e-04
1.044136e-04
1.041959e-04
1.039628e-04
1.041090e-04
1.042281e-04
1.033129e-04
1.047774e-04
1.045587e-04
1.046952e-04
1.046096e-04
1.046558e-04
1.039155e-04
1.037064e-04
1.045109e-04
1.044248e-04
1.040340e-04
1.042745e-04
1.043893e-04
1.044504e-04
1.043241e-04
1.039406e-04
1.042023e-04
1.043155e-04
1.035055e-04
1.047583e-04
1.045098e-04
1.045951e-04
1.046444e-04
1.046006e-04
1.045046e-04
1.041649e-04
1.042938e-04
1.043626e-04
1.044244e-04
1.045465e-04
1.038259e-04
1.041282e-04
1.040506e-04
1.042628e-04
1.033595e-04
1.047987e-04
1.044677e-04
1.045187e-04
1.045399e-04
1.045498e-04
1.045728e-04
1.041091e-04
1.042859e-04
1.043478e-04
1.039988e-04
1.036657e-04
1.049451e-04
1.045179e-04
1.045661e-04
1.045946e-04
1.046512e-04
1.050034e-04
1.043456e-04
1.044393e-04
1.043672e-04
1.043639e-04
1.043966e-04
1.043441e-04
1.034395e-04
1.043140e-04
1.043047e-04
1.043841e-04
1.044765e-04
1.035114e-04
1.048429e-04
1.047561e-04
1.046761e-04
1.046530e-04
1.046662e-04
1.045722e-04
1.041118e-04
1.042839e-04
1.044179e-04
1.044435e-04
1.046151e-04
1.041666e-04
1.043346e-04
1.039647e-04
1.041690e-04
1.042908e-04
1.043984e-04
1.043619e-04
1.043926e-04
1.039012e-04
1.041282e-04
1.043103e-04
1.045056e-04
1.043922e-04
1.044284e-04
1.035783e-04
1.043073e-04
1.048194e-04
1.047737e-04
1.047086e-04
1.046503e-04
1.046465e-04
1.045635e-04
1.040934e-04
1.042585e-04
1.043791e-04
1.044426e-04
1.044862e-04
1.044494e-04
1.044549e-04
1.044163e-04
1.040280e-04
1.042092e-04
1.044062e-04
1.038237e-04
1.045312e-04
1.045186e-04
1.044862e-04
1.040149e-04
1.041978e-04
1.043425e-04
1.044161e-04
1.044356e-04
1.044392e-04
1.044480e-04
1.045006e-04
1.044390e-04
1.039983e-04
1.042082e-04
1.042645e-04
1.042966e-04
1.043709e-04
1.043353e-04
1.043660e-04
1.036713e-04
1.046829e-04
1.042652e-04
1.043939e-04
1.043699e-04
1.043970e-04
1.044441e-04
1.044101e-04
1.043886e-04
1.043250e-04
1.039760e-04
1.041760e-04
1.042329e-04
1.043416e-04
1.043507e-04
1.043777e-04
1.043914e-04
1.043541e-04
1.034221e-04
1.048114e-04
1.042707e-04
1.043815e-04
1.039756e-04
1.046802e-04
1.046039e-04
1.045912e-04
1.045628e-04
1.045680e-04
1.045270e-04
1.040597e-04
1.042527e-04
1.043205e-04
1.043127e-04
1.043581e-04
1.043740e-04
1.043949e-04
1.043913e-04
1.043837e-04
1.039458e-04
1.041902e-04
1.042698e-04
1.043275e-04
1.043846e-04
1.043798e-04
1.043608e-04
1.043973e-04
1.043958e-04
1.043764e-04
1.032541e-04
1.045961e-04
1.044704e-04
1.045336e-04
1.045687e-04
1.045573e-04
1.045454e-04
1.045104e-04
1.044932e-04
1.044623e-04
1.044341e-04
1.044076e-04
1.039756e-04
1.041668e-04
1.042583e-04
1.043422e-04
1.043969e-04
1.043626e-04
1.043827e-04
1.043916e-04
1.044056e-04
1.043983e-04
1.043885e-04
1.034879e-04
1.047431e-04
1.045791e-04
1.046012e-04
1.040629e-04
1.046944e-04
1.045831e-04
1.045603e-04
1.045480e-04
1.045267e-04
1.044721e-04
1.044666e-04
1.044371e-04
1.035179e-04
1.048326e-04
1.043397e-04
1.044737e-04
1.044263e-04
1.044383e-04
1.044630e-04
1.044600e-04
1.044650e-04
1.044444e-04
1.044321e-04
1.044284e-04
1.044049e-04
1.035093e-04
1.047126e-04
1.045701e-04
1.045556e-04
1.045240e-04
1.045269e-04
1.044969e-04
1.044931e-04
1.044226e-04
1.044155e-04
1.043949e-04
1.043758e-04
1.043276e-04
1.041509e-04
1.042698e-04
1.047104e-04
1.041614e-04
1.042099e-04
1.042813e-04
1.040903e-04
1.041744e-04
1.042399e-04
1.042191e-04
1.042419e-04
1.042225e-04
1.042397e-04
1.042822e-04
1.042933e-04
1.043303e-04
1.043016e-04
1.034091e-04
1.046314e-04
1.044784e-04
1.045222e-04
1.045252e-04
1.045606e-04
1.044817e-04
1.044698e-04
1.044408e-04
1.044148e-04
1.044138e-04
1.043999e-04
1.044100e-04
1.043523e-04
1.043456e-04
1.043461e-04
1.043330e-04
1.045973e-04
1.037843e-04
1.040598e-04
1.041027e-04
1.041719e-04
1.042940e-04
1.039999e-04
1.041617e-04
1.042231e-04
1.043372e-04
1.042879e-04
1.043092e-04
1.043146e-04
1.043642e-04
1.042975e-04
1.043053e-04
1.043039e-04
1.042996e-04
1.043339e-04
1.039215e-04
1.041247e-04
1.041613e-04
1.042221e-04
1.042744e-04
1.043310e-04
1.042973e-04
1.043248e-04
1.043036e-04
1.043376e-04
1.042925e-04
1.042968e-04
1.042951e-04
1.043351e-04
1.042862e-04
1.042894e-04
1.043047e-04
1.043129e-04
1.042717e-04
1.033762e-04
1.046288e-04
1.045297e-04
1.044938e-04
1.044768e-04
1.044590e-04
1.044861e-04
1.044026e-04
1.043948e-04
1.043794e-04
1.043967e-04
1.043406e-04
1.043455e-04
1.043338e-04
1.043571e-04
1.043226e-04
1.043006e-04
1.038494e-04
1.045081e-04
1.043996e-04
1.043841e-04
1.043514e-04
1.034968e-04
1.046722e-04
1.045232e-04
1.045335e-04
1.045584e-04
1.045169e-04
1.045206e-04
1.044954e-04
1.044716e-04
1.044055e-04
1.043887e-04
1.043698e-04
1.043995e-04
1.043213e-04
1.043185e-04
1.043113e-04
1.043353e-04
1.043042e-04
1.042828e-04
1.042843e-04
1.043137e-04
1.042717e-04
1.042929e-04
1.042719e-04
1.043058e-04
1.042662e-04
1.033915e-04
1.046339e-04
1.045145e-04
1.044740e-04
1.044619e-04
1.044457e-04
1.044731e-04
1.043929e-04
1.043854e-04
1.043710e-04
1.043873e-04
1.043502e-04
1.043230e-04
1.043183e-04
1.043416e-04
1.042956e-04
1.043121e-04
1.042878e-04
1.043178e-04
1.042761e-04
1.042808e-04
1.042973e-04
1.043048e-04
1.042677e-04
1.042742e-04
1.042143e-04
1.043276e-04
1.042654e-04
1.042806e-04
1.033936e-04
1.046363e-04
1.045177e-04
1.045180e-04
1.044946e-04
1.044724e-04
1.044571e-04
1.044587e-04
1.039605e-04
1.045697e-04
1.044859e-04
1.044874e-04
1.044724e-04
1.044264e-04
1.044038e-04
1.044035e-04
1.043794e-04
1.043764e-04
1.043367e-04
1.043467e-04
1.043300e-04
1.043192e-04
1.043229e-04
1.043135e-04
1.043041e-04
1.042980e-04
1.042910e-04
1.043214e-04
1.042908e-04
1.042890e-04
1.042843e-04
1.043014e-04
1.043087e-04
1.042840e-04
1.042823e-04
1.042999e-04
1.045400e-04
1.037590e-04
1.039550e-04
1.040948e-04
1.041675e-04
1.042197e-04
1.042786e-04
1.042836e-04
1.042936e-04
1.042978e-04
1.043006e-04
1.043283e-04
1.042990e-04
1.042961e-04
1.042654e-04
1.042849e-04
1.042852e-04
1.042903e-04
1.042930e-04
1.043078e-04
1.042987e-04
1.042938e-04
1.042878e-04
1.043118e-04
1.042995e-04
1.042935e-04
1.042865e-04
1.043013e-04
1.043022e-04
1.042944e-04
1.042876e-04
1.043024e-04
1.042933e-04
1.042990e-04
1.042903e-04
1.043046e-04
1.042959e-04
1.042911e-04
1.043285e-04
1.042790e-04
1.042817e-04
1.042809e-04
1.042995e-04
1.038550e-04
1.040949e-04
1.041663e-04
1.042242e-04
1.042581e-04
1.043083e-04
1.043181e-04
1.043270e-04
1.043511e-04
1.043024e-04
1.043123e-04
1.043034e-04
1.042973e-04
1.042891e-04
1.043033e-04
1.043023e-04
1.042931e-04
1.043176e-04
1.042695e-04
1.042711e-04
1.042794e-04
1.042755e-04
1.042708e-04
1.042890e-04
1.042795e-04
1.042882e-04
1.043128e-04
1.042674e-04
1.042714e-04
1.042708e-04
1.042804e-04
1.042743e-04
1.042924e-04
1.042841e-04
1.042825e-04
1.043194e-04
1.042725e-04
1.042760e-04
1.042665e-04
1.040736e-04
1.041477e-04
1.042131e-04
1.042415e-04
1.042637e-04
1.043063e-04
1.042799e-04
1.042880e-04
1.042882e-04
1.042875e-04
1.043165e-04
1.042706e-04
1.042843e-04
1.042802e-04
1.045252e-04
1.037635e-04
1.039607e-04
1.040426e-04
1.041302e-04
1.041874e-04
1.042227e-04
1.042664e-04
1.042995e-04
1.042862e-04
1.043149e-04
1.042715e-04
1.042733e-04
1.042893e-04
1.042628e-04
1.042943e-04
1.042498e-04
1.042540e-04
1.042551e-04
1.042548e-04
1.042954e-04
1.042494e-04
1.042535e-04
1.042547e-04
1.042712e-04
1.042802e-04
1.042411e-04
1.042484e-04
1.042521e-04
1.042545e-04
1.043025e-04
1.042396e-04
1.042495e-04
1.042538e-04
1.042561e-04
1.042885e-04
1.042636e-04
1.042479e-04
1.042546e-04
1.042568e-04
1.042893e-04
1.042491e-04
1.042715e-04
1.042529e-04
1.042572e-04
1.042894e-04
1.042495e-04
1.042564e-04
1.042760e-04
1.042549e-04
1.042890e-04
1.042492e-04
1.042561e-04
1.042603e-04
1.042770e-04
1.042860e-04
1.042485e-04
1.042554e-04
1.042596e-04
1.042611e-04
1.043075e-04
1.042455e-04
1.042544e-04
1.042586e-04
1.042602e-04
1.042914e-04
1.042669e-04
1.042511e-04
1.042574e-04
1.042591e-04
1.042902e-04
1.042509e-04
1.042723e-04
1.042540e-04
1.042578e-04
1.042833e-04
1.038379e-04
1.040770e-04
1.041643e-04
1.042008e-04
1.042690e-04
1.042518e-04
1.042706e-04
1.043068e-04
1.042942e-04
1.043040e-04
1.042637e-04
1.042665e-04
1.042675e-04
1.042642e-04
1.043062e-04
1.042427e-04
1.042489e-04
1.042500e-04
1.042511e-04
1.042522e-04
1.042644e-04
1.042640e-04
1.042604e-04
1.042592e-04
1.042586e-04
1.042548e-04
1.042896e-04
1.042617e-04
1.042620e-04
1.042612e-04
1.042574e-04
1.042773e-04
1.042854e-04
1.042620e-04
1.042631e-04
1.042592e-04
1.042791e-04
1.042725e-04
1.042849e-04
1.042621e-04
1.042600e-04
1.042798e-04
1.042731e-04
1.042708e-04
1.042695e-04
1.042656e-04
1.042929e-04
1.042822e-04
1.042779e-04
1.042747e-04
1.042833e-04
1.042800e-04
1.042746e-04
1.042721e-04
1.042703e-04
1.042654e-04
1.042842e-04
1.042777e-04
1.042832e-04
1.042777e-04
1.042711e-04
1.042881e-04
1.042799e-04
1.042758e-04
1.042827e-04
1.042736e-04
1.042899e-04
1.042811e-04
1.042771e-04
1.042737e-04
1.042776e-04
1.042915e-04
1.042823e-04
1.042779e-04
1.042747e-04
1.042683e-04
1.042951e-04
1.042838e-04
1.042789e-04
1.042754e-04
1.042693e-04
1.042857e-04
1.042873e-04
1.042804e-04
1.042764e-04
1.042699e-04
1.042866e-04
1.042780e-04
1.042839e-04
1.042778e-04
1.042709e-04
1.042870e-04
1.042788e-04
1.042754e-04
1.042807e-04
1.043054e-04
1.042588e-04
1.042617e-04
1.042617e-04
1.042615e-04
1.042713e-04
1.042647e-04
1.042826e-04
1.042752e-04
1.042732e-04
1.042688e-04
1.043066e-04
1.042585e-04
1.042612e-04
1.042609e-04
1.042612e-04
1.042611e-04
1.042672e-04
1.042829e-04
1.042751e-04
1.042728e-04
1.042688e-04
1.042963e-04
1.042612e-04
1.042618e-04
1.042612e-04
1.042611e-04
1.042613e-04
1.042575e-04
1.042855e-04
1.045283e-04
1.037441e-04
1.040074e-04
1.041166e-04
1.041399e-04
1.041986e-04
1.042261e-04
1.042533e-04
1.042731e-04
1.043026e-04
1.042743e-04
1.042555e-04
1.042575e-04
1.042574e-04
1.042573e-04
1.042856e-04
1.042411e-04
1.042440e-04
1.042540e-04
1.042511e-04
1.042500e-04
1.042790e-04
1.042360e-04
1.042563e-04
1.042362e-04
1.042408e-04
1.042428e-04
1.042743e-04
1.042332e-04
1.042397e-04
1.042578e-04
1.042380e-04
1.042429e-04
1.042748e-04
1.042343e-04
1.042410e-04
1.042440e-04
1.042619e-04
1.042420e-04
1.042756e-04
1.042354e-04
1.042421e-04
1.042451e-04
1.042478e-04
1.042653e-04
1.042739e-04
1.042358e-04
1.042424e-04
1.042453e-04
1.042481e-04
1.042504e-04
1.042961e-04
1.038105e-04
1.044167e-04
1.043576e-04
1.043581e-04
1.043501e-04
1.043696e-04
1.043330e-04
1.043068e-04
1.043019e-04
1.042949e-04
1.042888e-04
1.043117e-04
1.042652e-04
1.042806e-04
1.042563e-04
1.042571e-04
1.042563e-04
1.042840e-04
1.042422e-04
1.042465e-04
1.042623e-04
1.042416e-04
1.042452e-04
1.042749e-04
1.042352e-04
1.042410e-04
1.042434e-04
1.042604e-04
1.042407e-04
1.042727e-04
1.042338e-04
1.042401e-04
1.042429e-04
1.042455e-04
1.042624e-04
1.042705e-04
1.042337e-04
1.042401e-04
1.042430e-04
1.042464e-04
1.042475e-04
1.042639e-04
1.042404e-04
1.042640e-04
1.042587e-04
1.042575e-04
1.042568e-04
1.042841e-04
1.042577e-04
1.042410e-04
1.042449e-04
1.042473e-04
1.042485e-04
1.042500e-04
1.042478e-04
1.042686e-04
1.042618e-04
1.042706e-04
1.042640e-04
1.042615e-04
1.042561e-04
1.042746e-04
1.042815e-04
1.042575e-04
1.042568e-04
1.042559e-04
1.042512e-04
1.042716e-04
1.042647e-04
1.042630e-04
1.042605e-04
1.042675e-04
1.042596e-04
1.042770e-04
1.042686e-04
1.042656e-04
1.042619e-04
1.042594e-04
1.042642e-04
1.042791e-04
1.042702e-04
1.042667e-04
1.042626e-04
1.042606e-04
1.042549e-04
1.042829e-04
1.042719e-04
1.042679e-04
1.042634e-04
1.042611e-04
1.042560e-04
1.042734e-04
1.042755e-04
1.042694e-04
1.042645e-04
1.042618e-04
1.042564e-04
1.042742e-04
1.042660e-04
1.042730e-04
1.042660e-04
1.042628e-04
1.042570e-04
1.042745e-04
1.042668e-04
1.042635e-04
1.042695e-04
1.042642e-04
1.042581e-04
1.042750e-04
1.042671e-04
1.042642e-04
1.042601e-04
1.042677e-04
1.042595e-04
1.042759e-04
1.042676e-04
1.042645e-04
1.042608e-04
1.042583e-04
1.042629e-04
1.042772e-04
1.042685e-04
1.042650e-04
1.042611e-04
1.042591e-04
1.042536e-04
1.042805e-04
1.042699e-04
1.042652e-04
1.042619e-04
1.042597e-04
1.042877e-04
1.042428e-04
1.042562e-04
1.042536e-04
1.042534e-04
1.042525e-04
1.042525e-04
1.042492e-04
1.042674e-04
1.042702e-04
1.042642e-04
1.042610e-04
1.042589e-04
1.042865e-04
1.042427e-04
1.042458e-04
1.042561e-04
1.042535e-04
1.042523e-04
1.042527e-04
1.042820e-04
1.042392e-04
1.042593e-04
1.042389e-04
1.042432e-04
1.042449e-04
1.042466e-04
1.042772e-04
1.042355e-04
1.042412e-04
1.042584e-04
1.042380e-04
1.042423e-04
1.042443e-04
1.042751e-04
1.042339e-04
1.042398e-04
1.042420e-04
1.042590e-04
1.042388e-04
1.042429e-04
1.042736e-04
1.042327e-04
1.042387e-04
1.042410e-04
1.042430e-04
1.042599e-04
1.042395e-04
1.042721e-04
1.042315e-04
1.042376e-04
1.042401e-04
1.042422e-04
1.042441e-04
1.042607e-04
1.042688e-04
1.042304e-04
1.042365e-04
1.042391e-04
1.042413e-04
1.042434e-04
1.042451e-04
1.042897e-04
1.042274e-04
1.042355e-04
1.042381e-04
1.042404e-04
1.042425e-04
1.042443e-04
1.042741e-04
1.042485e-04
1.042325e-04
1.042370e-04
1.042394e-04
1.042416e-04
1.042435e-04
1.042732e-04
1.042332e-04
1.042535e-04
1.042341e-04
1.042384e-04
1.042407e-04
