1.042164e-04
1.042164e-04
1.042164e-04
1.042164e-04
1.042164e-04
1.042164e-04
1.042164e-04
1.042164e-04
1.042164e-04
1.042164e-04
1.042164e-04
1.042164e-04
1.042164e-04
1.042164e-04
1.042164e-04
1.042164e-04
1.042164e-04
1.042164e-04
1.042164e-04
1.042164e-04
1.042164e-04
1.042164e-04
1.042164e-04
1.042164e-04
1.042164e-04
1.042164e-04
1.042164e-04
1.042164e-04
1.042164e-04
1.042164e-04
1.042164e-04
1.042164e-04
1.042164e-04
1.042164e-04
1.042164e-04
1.042164e-04
1.042164e-04
1.042164e-04
1.042164e-04
1.042164e-04
1.042164e-04
1.042164e-04
3.914734e-04
5.679090e-04
5.128307e-04
3.850519e-04
3.047600e-04
2.165954e-04
1.415510e-04
1.173008e-04
9.827253e-05
9.010026e-05
8.726613e-05
9.325815e-05
9.673279e-05
9.368488e-05
-2.443190e-05
-4.300326e-04
-1.187969e-03
-2.097236e-03
-3.086719e-03
-4.186605e-03
-5.447608e-03
-6.696735e-03
-7.326511e-03
-5.606915e-03
2.270590e-03
2.289476e-02
6.079803e-02
1.191587e-01
2.066793e-01
3.291285e-01
4.776744e-01
6.553086e-01
8.298310e-01
9.477952e-01
9.992959e-01
1.023053e+00
1.033653e+00
1.039181e+00
1.042404e+00
1.044450e+00
1.045807e+00
1.046764e+00
1.047432e+00
1.047914e+00
1.048286e+00
1.048560e+00
1.048781e+00
1.048929e+00
1.049074e+00
1.049149e+00
1.049241e+00
1.049300e+00
1.049358e+00
1.049410e+00
1.049437e+00
1.049475e+00
1.049499e+00
1.049544e+00
1.049545e+00
1.049579e+00
1.049587e+00
1.049610e+00
1.049629e+00
1.049639e+00
1.049651e+00
1.049663e+00
1.049674e+00
1.049686e+00
1.049695e+00
1.049705e+00
1.049714e+00
1.049723e+00
1.049747e+00
1.049741e+00
1.049767e+00
1.050089e+00
1.050143e+00
1.049978e+00
1.049903e+00
1.049869e+00
1.049842e+00
1.049861e+00
1.049897e+00
1.049964e+00
1.050060e+00
1.050181e+00
1.050354e+00
1.050558e+00
1.050795e+00
1.051041e+00
1.051254e+00
1.051317e+00
1.051230e+00
1.051091e+00
1.050966e+00
1.050838e+00
1.050658e+00
1.050391e+00
1.050046e+00
1.049727e+00
1.049425e+00
1.049118e+00
1.048729e+00
1.048152e+00
1.047239e+00
1.045777e+00
1.043484e+00
1.040936e+00
1.039444e+00
1.039190e+00
1.039907e+00
1.042107e+00
1.044950e+00
1.047232e+00
1.048686e+00
1.049413e+00
1.049655e+00
1.049652e+00
1.049570e+00
1.049500e+00
1.049472e+00
1.049482e+00
1.049521e+00
1.049574e+00
1.049631e+00
1.049683e+00
1.049736e+00
1.049776e+00
1.049811e+00
1.049845e+00
1.049868e+00
1.049891e+00
1.049910e+00
1.049926e+00
1.049943e+00
1.049955e+00
1.049971e+00
1.049981e+00
1.049997e+00
1.050035e+00
1.050042e+00
1.050076e+00
1.050109e+00
1.050157e+00
1.050204e+00
1.050259e+00
1.050332e+00
1.050440e+00
1.050531e+00
1.050680e+00
1.050808e+00
1.050963e+00
1.051184e+00
1.051368e+00
1.051614e+00
1.051838e+00
1.052093e+00
1.052355e+00
1.052638e+00
1.052943e+00
1.053270e+00
1.053640e+00
1.054039e+00
1.054450e+00
1.054801e+00
1.054869e+00
1.054282e+00
1.052445e+00
1.048737e+00
1.042266e+00
1.031332e+00
1.013665e+00
9.857879e-01
9.423968e-01
8.796211e-01
7.990660e-01
7.031062e-01
5.927876e-01
4.693130e-01
3.367733e-01
2.126034e-01
1.288444e-01
7.812466e-02
5.013713e-02
3.299090e-02
2.209094e-02
1.496374e-02
1.021699e-02
7.021322e-03
4.852539e-03
3.425158e-03
2.430778e-03
1.758607e-03
1.321851e-03
1.009112e-03
7.778249e-04
6.444856e-04
4.851770e-04
4.373834e-04
3.442727e-04
3.294196e-04
2.777794e-04
2.401450e-04
2.274100e-04
2.109820e-04
1.987759e-04
1.902027e-04
1.810379e-04
1.736888e-04
1.669817e-04
1.613879e-04
1.580437e-04
1.499368e-04
1.427811e-04
1.398415e-04
1.377280e-04
1.371615e-04
1.344153e-04
1.345061e-04
1.321985e-04
1.319661e-04
1.297706e-04
1.316532e-04
1.256395e-04
1.270383e-04
1.256514e-04
1.246659e-04
1.235460e-04
1.231871e-04
1.217230e-04
1.211183e-04
1.227488e-04
1.168332e-04
1.181581e-04
1.187178e-04
1.187849e-04
1.155983e-04
1.168515e-04
1.157904e-04
1.159454e-04
1.162422e-04
1.154291e-04
1.150321e-04
1.145859e-04
1.143603e-04
1.140678e-04
1.144687e-04
1.135087e-04
1.132288e-04
1.128141e-04
1.126691e-04
1.124357e-04
1.122747e-04
1.126857e-04
1.118607e-04
1.116260e-04
1.112870e-04
1.111907e-04
1.110158e-04
1.109046e-04
1.107656e-04
1.081558e-04
1.103369e-04
1.094283e-04
1.096016e-04
1.109751e-04
1.087369e-04
1.096852e-04
1.091466e-04
1.093627e-04
1.092134e-04
1.092264e-04
1.091416e-04
1.127938e-04
1.075842e-04
1.094333e-04
1.083037e-04
1.087053e-04
1.084294e-04
1.084965e-04
1.083952e-04
1.083704e-04
1.083005e-04
1.082471e-04
1.081810e-04
1.081185e-04
1.080527e-04
1.079884e-04
1.079237e-04
1.104946e-04
1.061792e-04
1.080446e-04
1.070100e-04
1.074699e-04
1.072490e-04
1.073588e-04
1.072970e-04
1.073062e-04
1.073027e-04
1.071777e-04
1.072566e-04
1.071497e-04
1.071106e-04
1.071058e-04
1.070466e-04
1.069708e-04
1.069805e-04
1.069241e-04
1.068511e-04
1.067238e-04
1.069319e-04
1.066292e-04
1.094046e-04
1.049956e-04
1.072297e-04
1.057784e-04
1.065416e-04
1.061910e-04
1.062619e-04
1.064618e-04
1.063156e-04
1.062432e-04
1.064697e-04
1.063843e-04
1.067284e-04
1.060276e-04
1.061535e-04
1.063058e-04
1.059642e-04
1.060925e-04
1.062639e-04
1.059438e-04
1.060518e-04
1.062137e-04
1.058956e-04
1.059947e-04
1.059382e-04
1.061701e-04
1.057999e-04
1.059259e-04
1.058483e-04
1.058856e-04
1.058407e-04
1.058384e-04
1.061377e-04
1.053261e-04
1.061968e-04
1.052502e-04
1.062831e-04
1.051683e-04
1.067435e-04
1.051040e-04
1.060951e-04
1.048713e-04
1.058494e-04
1.050619e-04
1.059064e-04
1.050189e-04
1.060611e-04
1.049056e-04
1.059318e-04
1.050409e-04
1.060325e-04
1.049074e-04
1.058055e-04
1.051188e-04
1.058226e-04
1.052186e-04
1.052335e-04
1.059877e-04
1.046347e-04
1.057112e-04
1.052186e-04
1.052670e-04
1.054730e-04
1.052529e-04
1.052237e-04
1.051122e-04
1.055568e-04
1.058365e-04
1.051350e-04
1.048954e-04
1.047567e-04
1.052339e-04
1.055183e-04
1.054935e-04
1.049134e-04
1.052561e-04
1.046308e-04
1.051126e-04
1.054504e-04
1.047073e-04
1.058101e-04
1.042516e-04
1.059260e-04
1.041934e-04
1.059281e-04
1.042989e-04
1.059077e-04
1.042048e-04
1.060009e-04
1.041193e-04
1.053266e-04
1.048881e-04
1.053890e-04
1.046333e-04
1.056211e-04
1.047726e-04
1.046253e-04
1.051051e-04
1.054634e-04
1.037690e-04
1.057029e-04
1.043415e-04
1.051457e-04
1.046645e-04
1.056964e-04
1.043694e-04
1.053635e-04
1.042978e-04
1.055657e-04
1.046618e-04
1.059628e-04
1.042685e-04
1.056662e-04
1.035004e-04
1.059051e-04
1.040872e-04
1.052521e-04
1.040619e-04
1.057221e-04
1.034638e-04
1.060966e-04
1.039927e-04
1.049042e-04
1.045009e-04
1.056344e-04
1.038257e-04
1.049941e-04
1.059581e-04
1.033856e-04
1.053426e-04
1.040536e-04
1.047485e-04
1.053831e-04
1.046243e-04
1.045650e-04
1.039955e-04
1.058615e-04
1.055401e-04
1.045784e-04
1.040371e-04
1.042489e-04
1.043192e-04
1.053961e-04
1.053823e-04
1.045519e-04
1.040958e-04
1.041974e-04
1.043658e-04
1.052896e-04
1.040477e-04
1.054813e-04
1.039440e-04
1.054817e-04
1.038397e-04
1.051305e-04
1.044602e-04
1.053587e-04
1.037162e-04
1.053745e-04
1.038365e-04
1.045840e-04
1.049777e-04
1.040312e-04
1.051137e-04
1.051587e-04
1.050302e-04
1.030113e-04
1.051011e-04
1.047793e-04
1.041636e-04
1.046675e-04
1.050132e-04
1.034567e-04
1.055504e-04
1.045021e-04
1.046485e-04
1.037076e-04
1.053299e-04
1.036063e-04
1.048734e-04
1.042268e-04
1.048163e-04
1.052086e-04
1.035810e-04
1.049608e-04
1.051460e-04
1.035641e-04
1.048024e-04
1.050538e-04
1.036372e-04
1.051456e-04
1.049200e-04
1.035902e-04
1.050671e-04
1.044202e-04
1.033820e-04
1.051735e-04
1.049045e-04
1.040107e-04
1.045842e-04
1.037631e-04
1.048164e-04
1.050779e-04
1.045642e-04
1.045655e-04
1.034494e-04
1.049413e-04
1.048004e-04
1.043609e-04
1.042916e-04
1.045993e-04
1.047273e-04
1.043099e-04
1.048493e-04
1.039386e-04
1.048775e-04
1.042669e-04
1.048808e-04
1.041107e-04
1.047899e-04
1.042615e-04
1.047478e-04
1.042600e-04
1.046476e-04
1.038560e-04
1.051483e-04
1.041638e-04
1.043600e-04
1.042894e-04
1.043447e-04
1.048153e-04
1.042190e-04
1.036462e-04
1.049460e-04
1.044425e-04
1.043680e-04
1.045005e-04
1.037586e-04
1.049775e-04
1.044651e-04
1.047063e-04
1.039406e-04
1.045575e-04
1.043644e-04
1.043802e-04
1.038849e-04
1.046987e-04
1.045773e-04
1.033990e-04
1.051543e-04
1.044989e-04
1.037740e-04
1.048979e-04
1.045392e-04
1.038147e-04
1.045262e-04
1.046685e-04
1.038171e-04
1.048329e-04
1.045503e-04
1.044976e-04
1.043985e-04
1.044143e-04
1.040455e-04
1.036888e-04
1.048105e-04
1.046401e-04
1.045185e-04
1.037470e-04
1.048540e-04
1.044794e-04
1.044351e-04
1.047886e-04
1.042156e-04
1.043393e-04
1.043611e-04
1.043047e-04
1.043766e-04
1.043706e-04
1.043056e-04
1.046316e-04
1.042232e-04
1.045978e-04
1.041741e-04
1.039798e-04
1.047480e-04
1.043502e-04
1.043460e-04
1.042306e-04
1.045850e-04
1.042221e-04
1.042825e-04
1.042961e-04
1.039983e-04
1.037653e-04
1.048423e-04
1.045550e-04
1.044113e-04
1.043967e-04
1.044002e-04
1.046186e-04
1.041762e-04
1.043335e-04
1.043069e-04
1.043177e-04
1.036607e-04
1.045840e-04
1.044413e-04
1.044530e-04
1.043888e-04
1.043720e-04
1.036955e-04
1.046097e-04
1.044478e-04
1.044576e-04
1.043677e-04
1.043510e-04
1.043239e-04
1.036162e-04
1.047620e-04
1.044070e-04
1.043803e-04
1.044451e-04
1.043485e-04
1.044605e-04
1.036145e-04
1.045824e-04
1.044345e-04
1.044452e-04
1.043591e-04
1.043415e-04
1.043484e-04
1.043151e-04
1.036175e-04
1.043935e-04
1.045268e-04
1.044505e-04
1.043908e-04
1.043627e-04
1.043948e-04
1.043130e-04
1.042840e-04
1.042416e-04
1.042844e-04
1.043833e-04
1.043521e-04
1.043492e-04
1.043265e-04
1.043159e-04
1.043277e-04
1.043001e-04
1.043110e-04
1.046993e-04
1.040864e-04
1.042455e-04
1.042589e-04
1.043305e-04
1.042788e-04
1.043237e-04
1.042704e-04
1.042435e-04
1.042947e-04
1.043314e-04
1.046170e-04
1.041511e-04
1.042154e-04
1.042755e-04
1.042440e-04
1.043059e-04
1.042626e-04
1.043187e-04
1.042714e-04
1.043239e-04
1.042746e-04
1.043251e-04
1.043963e-04
1.035765e-04
1.045467e-04
1.044739e-04
1.043825e-04
1.043960e-04
1.043126e-04
1.043403e-04
1.042786e-04
1.043180e-04
1.042656e-04
1.042436e-04
1.042875e-04
1.043238e-04
1.042752e-04
1.043086e-04
1.042689e-04
1.036379e-04
1.045434e-04
1.044549e-04
1.043724e-04
1.043795e-04
1.043093e-04
1.043305e-04
1.042799e-04
1.043111e-04
1.042684e-04
1.043046e-04
1.042650e-04
1.043032e-04
1.042647e-04
1.043035e-04
1.042653e-04
1.043040e-04
1.042658e-04
1.041444e-04
1.044422e-04
1.036068e-04
1.045754e-04
1.044634e-04
1.043816e-04
1.043801e-04
1.043067e-04
1.043228e-04
1.042715e-04
1.043002e-04
1.042585e-04
1.042930e-04
1.042738e-04
1.042841e-04
1.042574e-04
1.042836e-04
1.042640e-04
1.042206e-04
1.042907e-04
1.043207e-04
1.042707e-04
1.042999e-04
1.042626e-04
1.042993e-04
1.042613e-04
1.042970e-04
1.042779e-04
1.042875e-04
1.036024e-04
1.045813e-04
1.044027e-04
1.043803e-04
1.043258e-04
1.043277e-04
1.042791e-04
1.043044e-04
1.042802e-04
1.042845e-04
1.042568e-04
1.042794e-04
1.042601e-04
1.042989e-04
1.042526e-04
1.042832e-04
1.042515e-04
1.042888e-04
1.042720e-04
1.042814e-04
1.042564e-04
1.042577e-04
1.042581e-04
1.042890e-04
1.042563e-04
1.042753e-04
1.042562e-04
1.042806e-04
1.042762e-04
1.042699e-04
1.042632e-04
1.042748e-04
1.042677e-04
1.042922e-04
1.042585e-04
1.042751e-04
1.042558e-04
1.042791e-04
1.042744e-04
1.042714e-04
1.042589e-04
1.042697e-04
1.042635e-04
1.046919e-04
1.040713e-04
1.042328e-04
1.042373e-04
1.042602e-04
1.042640e-04
1.042617e-04
1.042494e-04
1.042595e-04
1.042534e-04
1.042783e-04
1.042827e-04
1.042496e-04
1.042502e-04
1.042498e-04
1.042796e-04
1.042493e-04
1.042673e-04
1.043025e-04
1.042490e-04
1.042559e-04
1.042435e-04
1.042709e-04
1.042672e-04
1.042654e-04
1.042884e-04
1.042667e-04
1.042530e-04
1.042468e-04
1.042794e-04
1.042838e-04
1.042507e-04
1.042688e-04
1.042427e-04
1.042639e-04
1.042997e-04
1.042469e-04
1.042536e-04
1.042591e-04
1.042601e-04
1.042844e-04
1.042632e-04
1.042501e-04
1.042444e-04
1.042763e-04
1.042805e-04
1.041817e-04
1.042911e-04
1.042547e-04
1.042739e-04
1.043043e-04
1.042508e-04
1.042550e-04
1.042587e-04
1.042585e-04
1.042813e-04
1.042607e-04
1.042477e-04
1.042422e-04
1.042731e-04
1.042771e-04
1.042464e-04
1.042637e-04
1.042393e-04
1.042592e-04
1.042929e-04
1.042435e-04
1.042499e-04
1.042552e-04
1.042561e-04
1.042788e-04
1.042592e-04
1.042468e-04
1.042415e-04
1.042715e-04
1.042753e-04
1.042455e-04
1.042622e-04
1.039621e-04
1.043884e-04
1.043586e-04
1.042900e-04
1.042770e-04
1.042694e-04
1.042607e-04
1.042782e-04
1.042564e-04
1.042427e-04
1.042717e-04
1.042510e-04
1.042404e-04
1.042360e-04
1.042660e-04
1.042701e-04
1.042418e-04
1.042584e-04
1.042699e-04
1.042398e-04
1.042574e-04
1.042697e-04
1.036285e-04
1.045128e-04
1.044060e-04
1.043349e-04
1.043073e-04
1.043067e-04
1.042636e-04
1.042560e-04
1.042695e-04
1.042432e-04
1.042439e-04
1.042637e-04
1.042405e-04
1.042435e-04
1.042646e-04
1.042417e-04
1.042449e-04
1.042661e-04
1.042430e-04
1.042460e-04
1.042670e-04
1.042437e-04
1.042466e-04
1.042673e-04
