1.042164e-04
1.042164e-04
1.042164e-04
1.042164e-04
1.042164e-04
1.042164e-04
1.042164e-04
1.042164e-04
1.042164e-04
1.042164e-04
1.042164e-04
1.042164e-04
1.042164e-04
1.042164e-04
6.440831e-04
2.464752e-04
9.761133e-05
9.766930e-05
-3.534678e-04
-3.145464e-03
-6.841307e-03
1.188781e-02
1.838850e-01
6.488194e-01
1.008344e+00
1.040334e+00
1.046208e+00
1.048134e+00
1.048913e+00
1.049246e+00
1.049404e+00
1.049515e+00
1.049578e+00
1.049640e+00
1.049670e+00
1.049706e+00
1.049742e+00
1.049764e+00
1.050114e+00
1.049928e+00
1.050213e+00
1.050899e+00
1.051771e+00
1.051721e+00
1.051619e+00
1.051237e+00
1.049298e+00
1.040655e+00
1.026559e+00
1.043338e+00
1.047521e+00
1.048550e+00
1.049187e+00
1.049588e+00
1.049781e+00
1.049883e+00
1.049944e+00
1.049997e+00
1.050080e+00
1.050227e+00
1.050498e+00
1.050956e+00
1.051598e+00
1.052389e+00
1.053371e+00
1.054558e+00
1.052181e+00
1.028981e+00
9.194890e-01
6.426035e-01
2.401398e-01
5.303050e-02
1.464869e-02
4.775850e-03
1.518575e-03
6.129702e-04
3.488925e-04
2.573585e-04
1.987263e-04
1.700053e-04
1.519750e-04
1.399109e-04
1.340219e-04
1.204498e-04
1.246406e-04
1.222219e-04
1.203332e-04
1.212336e-04
1.162686e-04
1.151551e-04
1.153984e-04
1.121429e-04
1.132739e-04
1.127020e-04
1.105327e-04
1.112548e-04
1.117832e-04
1.090096e-04
1.099671e-04
1.091204e-04
1.106061e-04
1.075311e-04
1.087702e-04
1.079615e-04
1.076355e-04
1.076857e-04
1.068189e-04
1.075659e-04
1.070743e-04
1.071111e-04
1.069250e-04
1.068294e-04
1.066968e-04
1.065891e-04
1.058305e-04
1.065399e-04
1.061282e-04
1.062083e-04
1.060798e-04
1.060137e-04
1.059331e-04
1.058785e-04
1.058099e-04
1.057483e-04
1.056866e-04
1.056290e-04
1.055734e-04
1.068488e-04
1.044270e-04
1.056840e-04
1.051659e-04
1.053865e-04
1.052501e-04
1.052651e-04
1.048449e-04
1.052402e-04
1.051324e-04
1.050693e-04
1.050842e-04
1.050528e-04
1.050112e-04
1.049067e-04
1.050356e-04
1.048057e-04
1.049288e-04
1.048308e-04
1.048468e-04
1.048085e-04
1.047970e-04
1.047742e-04
1.047577e-04
1.048894e-04
1.046024e-04
1.049635e-04
1.045859e-04
1.046405e-04
1.048029e-04
1.046370e-04
1.045586e-04
1.049015e-04
1.040578e-04
1.047927e-04
1.043977e-04
1.044407e-04
1.047268e-04
1.044695e-04
1.045928e-04
1.043849e-04
1.043779e-04
1.045348e-04
1.043435e-04
1.044863e-04
1.045382e-04
1.048657e-04
1.039740e-04
1.050582e-04
1.043745e-04
1.040810e-04
1.048435e-04
1.045080e-04
1.040219e-04
1.047909e-04
1.041407e-04
1.043392e-04
1.039383e-04
1.050237e-04
1.040476e-04
1.048416e-04
1.042694e-04
1.045145e-04
1.044905e-04
1.042167e-04
1.048576e-04
1.044323e-04
1.037422e-04
1.049189e-04
1.042932e-04
1.049267e-04
1.038401e-04
1.045840e-04
1.044015e-04
1.040414e-04
1.046043e-04
1.044563e-04
1.041080e-04
1.045547e-04
1.043056e-04
1.046638e-04
1.042505e-04
1.045324e-04
1.042950e-04
1.044751e-04
1.042576e-04
1.039944e-04
1.044132e-04
1.043379e-04
1.046093e-04
1.042496e-04
1.043010e-04
1.044413e-04
1.042839e-04
1.043104e-04
1.040359e-04
1.044082e-04
1.043012e-04
1.042987e-04
1.039678e-04
1.045522e-04
1.042498e-04
1.043145e-04
1.042876e-04
1.045782e-04
1.040666e-04
1.043506e-04
1.042782e-04
1.043016e-04
1.039869e-04
1.045033e-04
1.042549e-04
1.042967e-04
1.042605e-04
1.042876e-04
1.042750e-04
1.039890e-04
1.043388e-04
1.042901e-04
1.042640e-04
1.042829e-04
1.042709e-04
1.042731e-04
1.042680e-04
1.043560e-04
1.042699e-04
1.039550e-04
1.045304e-04
1.042613e-04
1.042597e-04
1.042625e-04
1.042851e-04
1.042459e-04
1.041980e-04
1.042899e-04
1.042722e-04
1.042630e-04
1.042835e-04
1.042452e-04
1.042776e-04
1.042680e-04
1.042590e-04
1.042617e-04
1.039996e-04
1.043073e-04
1.042746e-04
1.042568e-04
1.042770e-04
1.042400e-04
1.042823e-04
1.042388e-04
1.042810e-04
1.042397e-04
1.042805e-04
1.042392e-04
1.042795e-04
1.042387e-04
1.042785e-04
1.042383e-04
1.042774e-04
1.042378e-04
1.042764e-04
1.042373e-04
1.042755e-04
1.042369e-04
1.042745e-04
1.042364e-04
1.042736e-04
1.042360e-04
1.042727e-04
1.042356e-04
1.042718e-04
1.042405e-04
