0.000000e+00
4.555511e-05
3.964163e-03
4.018264e-03
7.957078e-03
8.002634e-03
8.048189e-03
8.093744e-03
8.139299e-03
8.184854e-03
8.230409e-03
8.275964e-03
8.321519e-03
8.367074e-03
8.430332e-03
8.436592e-03
8.489305e-03
8.539478e-03
8.557479e-03
8.492204e-03
8.513361e-03
9.836544e-03
1.724843e-02
2.337791e-02
1.282607e-02
6.368827e-03
9.296640e-03
9.115183e-03
9.064876e-03
9.066366e-03
9.078940e-03
9.109061e-03
9.137104e-03
9.170458e-03
9.202196e-03
9.237628e-03
9.271288e-03
9.309104e-03
1.309422e-02
1.014160e-02
1.375188e-02
9.844361e-03
1.336396e-02
-2.200977e-03
-2.737846e-02
-7.712177e-02
-1.516358e-01
-2.098974e-01
-1.377749e-01
1.424580e-02
2.067158e-01
4.191889e-01
6.265982e-01
8.027452e-01
9.240284e-01
9.956089e-01
1.028013e+00
1.041371e+00
1.048770e+00
1.057416e+00
1.061605e+00
1.069705e+00
1.076749e+00
1.084098e+00
1.100503e+00
1.118789e+00
1.152704e+00
1.187928e+00
1.221007e+00
1.245461e+00
1.257220e+00
1.247031e+00
1.183024e+00
1.088944e+00
9.862142e-01
8.855607e-01
7.756367e-01
6.673862e-01
5.617328e-01
4.575138e-01
3.622890e-01
2.771181e-01
2.075562e-01
1.516503e-01
1.117186e-01
8.219965e-02
5.976692e-02
4.468040e-02
3.705205e-02
2.942723e-02
2.564088e-02
2.184847e-02
1.805609e-02
1.812930e-02
1.818870e-02
1.825470e-02
1.832162e-02
1.837526e-02
1.843627e-02
1.849268e-02
1.855561e-02
1.860349e-02
1.866036e-02
1.871254e-02
1.876587e-02
1.881775e-02
1.887070e-02
1.892066e-02
1.897039e-02
1.902034e-02
1.906961e-02
1.911857e-02
1.916699e-02
1.921518e-02
1.926422e-02
1.931096e-02
1.935754e-02
1.940458e-02
1.945108e-02
1.949743e-02
1.954355e-02
1.958944e-02
1.963518e-02
1.968068e-02
1.972596e-02
1.977108e-02
1.981605e-02
1.986639e-02
1.990430e-02
1.995095e-02
1.999408e-02
2.003882e-02
2.008271e-02
2.012684e-02
2.017065e-02
2.021455e-02
2.025813e-02
2.030180e-02
2.034523e-02
2.038866e-02
2.043202e-02
2.047522e-02
2.051843e-02
2.056148e-02
2.060453e-02
2.064750e-02
2.069040e-02
2.073322e-02
2.077596e-02
2.081870e-02
2.086137e-02
2.090396e-02
2.094655e-02
2.098906e-02
2.103149e-02
2.107393e-02
2.111629e-02
2.115865e-02
2.120093e-02
2.124367e-02
2.128611e-02
2.132839e-02
2.136967e-02
2.141180e-02
2.145347e-02
2.149652e-02
2.153719e-02
2.158009e-02
2.162160e-02
2.166388e-02
2.170563e-02
2.174760e-02
2.178950e-02
2.183232e-02
2.187215e-02
2.191673e-02
2.195594e-02
2.199861e-02
2.204112e-02
2.208195e-02
2.212346e-02
2.216620e-02
2.220710e-02
2.224862e-02
2.229006e-02
2.233349e-02
2.237378e-02
2.241637e-02
2.245665e-02
2.249916e-02
2.253999e-02
2.258235e-02
2.262448e-02
2.266568e-02
2.270436e-02
2.274940e-02
2.278961e-02
2.283213e-02
2.287134e-02
2.291500e-02
2.295621e-02
2.299580e-02
2.303947e-02
2.308068e-02
2.312142e-02
1.929843e-02
1.934885e-02
1.939910e-02
1.944867e-02
1.949846e-02
1.954880e-02
1.959897e-02
1.964839e-02
1.969710e-02
1.974905e-02
1.981659e-02
1.986732e-02
1.606160e-02
1.610304e-02
1.614432e-02
1.618591e-02
1.622720e-02
1.626733e-02
1.631023e-02
1.635120e-02
1.639256e-02
1.643270e-02
1.647582e-02
1.651657e-02
1.655801e-02
1.659922e-02
1.664111e-02
1.668186e-02
1.672330e-02
1.676458e-02
1.680595e-02
1.684616e-02
1.688913e-02
1.692980e-02
1.697124e-02
1.701244e-02
1.705380e-02
1.709501e-02
1.713538e-02
1.717789e-02
1.721910e-02
1.726030e-02
1.730166e-02
1.734287e-02
1.738423e-02
1.742544e-02
1.746680e-02
1.750809e-02
1.754822e-02
1.759127e-02
1.763202e-02
1.767322e-02
1.771458e-02
1.775579e-02
1.779700e-02
1.783836e-02
1.787965e-02
1.792085e-02
1.796221e-02
1.800342e-02
1.804471e-02
1.808599e-02
1.812727e-02
1.816848e-02
1.820984e-02
1.825005e-02
1.829257e-02
1.833370e-02
1.837490e-02
1.841619e-02
1.845732e-02
1.849868e-02
1.853989e-02
1.858117e-02
1.862238e-02
1.866374e-02
1.870487e-02
1.874623e-02
1.878744e-02
1.882872e-02
1.886993e-02
1.891129e-02
1.895242e-02
1.899379e-02
1.903499e-02
1.907628e-02
1.911748e-02
1.915877e-02
1.919998e-02
1.924126e-02
1.928247e-02
1.932383e-02
1.936496e-02
1.940632e-02
1.944745e-02
