0.000000e+00
4.555511e-05
3.964163e-03
4.009718e-03
4.055273e-03
4.100828e-03
4.146383e-03
4.191938e-03
4.237493e-03
4.283048e-03
4.328604e-03
4.374159e-03
4.419714e-03
4.465269e-03
4.510824e-03
4.556379e-03
4.601934e-03
4.647489e-03
4.693044e-03
4.738600e-03
4.784155e-03
4.829710e-03
4.875265e-03
4.920820e-03
4.966375e-03
5.011930e-03
5.057485e-03
5.103040e-03
5.148596e-03
5.194151e-03
5.239706e-03
5.285261e-03
5.330816e-03
5.376371e-03
5.421926e-03
5.467481e-03
5.513036e-03
5.558592e-03
5.604147e-03
5.675177e-03
5.707606e-03
5.735339e-03
5.765381e-03
5.811244e-03
5.856184e-03
5.903432e-03
5.950065e-03
5.996928e-03
6.043330e-03
6.083147e-03
6.122579e-03
6.161396e-03
6.193516e-03
1.008996e-02
1.397808e-02
1.397977e-02
1.401432e-02
1.403417e-02
1.406871e-02
1.411519e-02
1.422606e-02
1.462072e-02
1.551690e-02
1.326973e-02
1.561694e-02
1.562223e-02
2.127393e-02
2.564734e-02
3.268531e-02
3.986245e-02
4.752443e-02
5.987506e-02
6.952570e-02
7.873218e-02
9.266355e-02
9.960359e-02
1.046390e-01
1.098069e-01
1.128723e-01
1.159418e-01
1.168478e-01
1.252834e-01
1.262208e-01
1.271598e-01
1.334498e-01
1.321992e-01
1.384916e-01
1.372423e-01
1.413373e-01
1.378900e-01
1.419835e-01
1.460991e-01
1.426345e-01
1.467514e-01
1.508637e-01
1.474030e-01
1.492993e-01
1.511978e-01
1.530936e-01
1.549905e-01
1.568868e-01
1.587840e-01
1.531086e-01
1.550056e-01
1.569026e-01
1.588003e-01
1.584766e-01
1.581537e-01
1.578291e-01
1.575045e-01
1.571803e-01
1.586366e-01
1.599881e-01
1.603208e-01
1.602348e-01
1.599387e-01
1.703279e-01
1.699345e-01
1.695427e-01
1.686911e-01
1.678704e-01
1.670741e-01
1.663055e-01
1.763069e-01
1.754952e-01
1.725014e-01
1.681574e-01
1.723618e-01
1.725667e-01
1.689093e-01
1.612183e-01
1.490188e-01
1.481389e-01
1.398713e-01
1.238618e-01
1.226487e-01
8.786218e-02
7.161188e-02
3.524688e-02
-1.260392e-02
-3.062187e-02
-2.208240e-02
2.981217e-02
1.264169e-01
2.460850e-01
3.807918e-01
5.211868e-01
6.606053e-01
7.915085e-01
8.925813e-01
9.597228e-01
1.000997e+00
1.020367e+00
1.035094e+00
1.044463e+00
1.048227e+00
1.052634e+00
1.050867e+00
1.049485e+00
1.055144e+00
1.054270e+00
1.053577e+00
1.053026e+00
1.052581e+00
1.052220e+00
1.051936e+00
1.051719e+00
1.051556e+00
1.051448e+00
1.051401e+00
1.051411e+00
1.051488e+00
1.051671e+00
1.051933e+00
1.052331e+00
1.052874e+00
1.053603e+00
1.054553e+00
1.055780e+00
1.057353e+00
1.059338e+00
1.061803e+00
1.064813e+00
1.061688e+00
1.065965e+00
1.064285e+00
1.063430e+00
1.063449e+00
1.064372e+00
1.066280e+00
1.069248e+00
1.073412e+00
1.078953e+00
1.079994e+00
1.083281e+00
1.089079e+00
1.091748e+00
1.097324e+00
1.105106e+00
1.109361e+00
1.112589e+00
1.109032e+00
1.111015e+00
1.110047e+00
1.104693e+00
1.093821e+00
1.075668e+00
1.052522e+00
1.020323e+00
9.827356e-01
9.411765e-01
8.931725e-01
8.407742e-01
7.811545e-01
7.140937e-01
6.375733e-01
5.606168e-01
4.802166e-01
4.016563e-01
3.262108e-01
2.581134e-01
1.989375e-01
1.507477e-01
1.105895e-01
8.249381e-02
6.094401e-02
4.630029e-02
3.534587e-02
2.801556e-02
2.064848e-02
1.701219e-02
1.335606e-02
9.671756e-03
9.844843e-03
9.985143e-03
1.012506e-02
1.025189e-02
1.037148e-02
1.048531e-02
1.058512e-02
1.069556e-02
1.079314e-02
1.089173e-02
1.097423e-02
1.105834e-02
1.114546e-02
1.123496e-02
1.131123e-02
1.139573e-02
1.146737e-02
1.155133e-02
1.161521e-02
1.168785e-02
1.176312e-02
1.182799e-02
1.189540e-02
1.196751e-02
1.202908e-02
1.209349e-02
1.216506e-02
1.222062e-02
1.228441e-02
1.234436e-02
1.241393e-02
1.246626e-02
1.252797e-02
1.258068e-02
8.788965e-03
8.855147e-03
8.905397e-03
8.964190e-03
9.019289e-03
9.076004e-03
9.131719e-03
9.195746e-03
9.243687e-03
9.300248e-03
9.353038e-03
9.408137e-03
9.461773e-03
9.515795e-03
9.569431e-03
9.628532e-03
9.677782e-03
9.730494e-03
9.782515e-03
9.834920e-03
9.887094e-03
9.939191e-03
9.991134e-03
1.004300e-02
1.010256e-02
1.014681e-02
1.019968e-02
1.024908e-02
1.030056e-02
1.035073e-02
1.040183e-02
1.045224e-02
1.050295e-02
1.055327e-02
1.060360e-02
1.065377e-02
1.070395e-02
1.075928e-02
1.080545e-02
1.085485e-02
1.090387e-02
1.095335e-02
1.100268e-02
1.105208e-02
1.110141e-02
1.115066e-02
1.119983e-02
1.124892e-02
1.129802e-02
1.134704e-02
1.139590e-02
1.144477e-02
1.149355e-02
1.154227e-02
1.159867e-02
1.164015e-02
1.169017e-02
1.173688e-02
1.178559e-02
1.183361e-02
1.188193e-02
1.193010e-02
1.197835e-02
1.202652e-02
1.207462e-02
1.212271e-02
1.217073e-02
1.221875e-02
1.226677e-02
1.231463e-02
1.236250e-02
1.241036e-02
1.245823e-02
1.250586e-02
1.254910e-02
1.259219e-02
8.789005e-03
8.836639e-03
8.884195e-03
8.931751e-03
8.979307e-03
9.031866e-03
9.075805e-03
9.122746e-03
9.169609e-03
9.216704e-03
9.263952e-03
9.311123e-03
9.358449e-03
9.405543e-03
9.452868e-03
9.499963e-03
9.547211e-03
9.594306e-03
9.641477e-03
9.688571e-03
9.735666e-03
9.782760e-03
9.829778e-03
9.876795e-03
9.923813e-03
9.970676e-03
1.001777e-02
1.006456e-02
1.011165e-02
1.015828e-02
1.020538e-02
1.025201e-02
1.029911e-02
1.034574e-02
1.039268e-02
1.043931e-02
1.048625e-02
1.053281e-02
1.057967e-02
1.062623e-02
1.067309e-02
1.071957e-02
1.076643e-02
1.081291e-02
1.085970e-02
1.090618e-02
1.095289e-02
1.099952e-02
1.104607e-02
1.109240e-02
1.113926e-02
1.118559e-02
1.123715e-02
1.128024e-02
1.132625e-02
1.137204e-02
1.141821e-02
1.146500e-02
1.151102e-02
1.155749e-02
1.160351e-02
1.165053e-02
1.169670e-02
1.174302e-02
1.178912e-02
1.183667e-02
1.188161e-02
1.192871e-02
1.197472e-02
1.202066e-02
1.206784e-02
1.211331e-02
1.216102e-02
1.220581e-02
1.225260e-02
1.229946e-02
1.234455e-02
1.239126e-02
1.243828e-02
1.248330e-02
1.253001e-02
1.257148e-02
8.767834e-03
8.812696e-03
8.859406e-03
8.905423e-03
8.952517e-03
8.997380e-03
9.045629e-03
9.088105e-03
9.137816e-03
9.180832e-03
9.230081e-03
9.273173e-03
9.322346e-03
9.365592e-03
9.415072e-03
9.457241e-03
9.507183e-03
9.549583e-03
9.598678e-03
9.642232e-03
9.691482e-03
9.733958e-03
9.784054e-03
9.825376e-03
9.875395e-03
9.918411e-03
9.968045e-03
1.000952e-02
1.005916e-02
1.010271e-02
1.015142e-02
1.019520e-02
1.024184e-02
1.028978e-02
1.033110e-02
1.038081e-02
1.042552e-02
1.047138e-02
1.051840e-02
1.056334e-02
1.060928e-02
1.065545e-02
1.070347e-02
1.074979e-02
1.079473e-02
1.083798e-02
1.088453e-02
1.093017e-02
1.097818e-02
1.102489e-02
1.106983e-02
1.111308e-02
1.115956e-02
1.120534e-02
1.125336e-02
1.129669e-02
1.134409e-02
1.138903e-02
1.143720e-02
1.148045e-02
1.152877e-02
1.157202e-02
1.162111e-02
1.166444e-02
1.171184e-02
1.175824e-02
1.180156e-02
1.184966e-02
1.189460e-02
1.194092e-02
1.198401e-02
1.203311e-02
1.207836e-02
1.212207e-02
1.217016e-02
1.221395e-02
1.226235e-02
1.230844e-02
1.235053e-02
1.240017e-02
1.244518e-02
1.249128e-02
1.253437e-02
1.257830e-02
8.773276e-03
8.815137e-03
8.864771e-03
8.910172e-03
8.952187e-03
9.001821e-03
9.046991e-03
9.091777e-03
9.139641e-03
9.183965e-03
9.230520e-03
9.276075e-03
9.320784e-03
9.365800e-03
9.414126e-03
9.460451e-03
9.502773e-03
9.550791e-03
9.594576e-03
9.642363e-03
9.688842e-03
9.733551e-03
9.779337e-03
9.827432e-03
9.873449e-03
9.914232e-03
9.963019e-03
1.000603e-02
1.005421e-02
1.009761e-02
1.014493e-02
1.018926e-02
1.023704e-02
1.027983e-02
1.032869e-02
1.037201e-02
1.041988e-02
1.046266e-02
1.051153e-02
1.055493e-02
1.060287e-02
1.064735e-02
1.069390e-02
1.073946e-02
1.078501e-02
1.083049e-02
1.087751e-02
1.092175e-02
1.096777e-02
1.101248e-02
1.105911e-02
1.110274e-02
1.115099e-02
1.119639e-02
1.124118e-02
1.128766e-02
1.133160e-02
1.137938e-02
1.142494e-02
1.146849e-02
1.151674e-02
1.156184e-02
1.160554e-02
1.165379e-02
1.169889e-02
1.174267e-02
1.179053e-02
1.183578e-02
1.187987e-02
1.192751e-02
1.197299e-02
1.201862e-02
1.206325e-02
1.210973e-02
1.215551e-02
1.220207e-02
1.224670e-02
1.229241e-02
1.233804e-02
1.238275e-02
1.242923e-02
1.247494e-02
1.251857e-02
1.256227e-02
8.756629e-03
8.802338e-03
8.846123e-03
8.893987e-03
8.939080e-03
8.984943e-03
9.028651e-03
9.076438e-03
9.121916e-03
9.167625e-03
9.213104e-03
9.257812e-03
9.304214e-03
9.350077e-03
9.395632e-03
9.439417e-03
9.487127e-03
9.532836e-03
9.578314e-03
9.623869e-03
9.667731e-03
9.715441e-03
9.760688e-03
9.806474e-03
9.852030e-03
9.895891e-03
9.943448e-03
9.989157e-03
1.003463e-02
1.008019e-02
1.012590e-02
1.017230e-02
1.021686e-02
1.026264e-02
1.030789e-02
1.035367e-02
1.039946e-02
1.044494e-02
1.049042e-02
1.053636e-02
1.058199e-02
1.062762e-02
1.067325e-02
1.071688e-02
1.076467e-02
1.081038e-02
1.085578e-02
1.090141e-02
1.094705e-02
1.099245e-02
1.103631e-02
1.108417e-02
1.112950e-02
1.117513e-02
1.122076e-02
1.126632e-02
1.131187e-02
1.135758e-02
1.140113e-02
1.144884e-02
1.149432e-02
1.154003e-02
1.158574e-02
1.163122e-02
1.167677e-02
1.172233e-02
1.176788e-02
1.181167e-02
1.185961e-02
1.190486e-02
1.195049e-02
1.199620e-02
1.204168e-02
1.208723e-02
1.213294e-02
1.217842e-02
1.222397e-02
1.226776e-02
1.231539e-02
1.236110e-02
1.240650e-02
1.245206e-02
1.249769e-02
1.254324e-02
1.258441e-02
8.778764e-03
8.824627e-03
8.870182e-03
8.915737e-03
8.961292e-03
9.006771e-03
9.052634e-03
9.098266e-03
9.143898e-03
9.189453e-03
9.235008e-03
9.280563e-03
9.326272e-03
9.371750e-03
9.417305e-03
9.462937e-03
9.508569e-03
9.554048e-03
9.600141e-03
9.645004e-03
9.690867e-03
9.736576e-03
9.782208e-03
9.827686e-03
9.873395e-03
9.918873e-03
9.964505e-03
1.000998e-02
1.005569e-02
1.010125e-02
1.014688e-02
1.019236e-02
1.023799e-02
1.028355e-02
1.032918e-02
1.037558e-02
1.042021e-02
1.046584e-02
1.051147e-02
1.055695e-02
1.060266e-02
1.064822e-02
1.069393e-02
1.073940e-02
1.078504e-02
1.083059e-02
1.087622e-02
1.092178e-02
1.096741e-02
1.101297e-02
1.105860e-02
1.110415e-02
1.114978e-02
1.119534e-02
1.124097e-02
1.128645e-02
1.133216e-02
1.137856e-02
1.142319e-02
1.146875e-02
1.151438e-02
1.156001e-02
1.160549e-02
1.165112e-02
1.169683e-02
1.174231e-02
1.178802e-02
1.183350e-02
1.187921e-02
1.192468e-02
1.197032e-02
1.201587e-02
1.206150e-02
1.210698e-02
1.215269e-02
1.219817e-02
1.224380e-02
1.228928e-02
1.233499e-02
1.238054e-02
1.242617e-02
1.247173e-02
1.251736e-02
1.255829e-02
8.753035e-03
8.798590e-03
8.844222e-03
8.889701e-03
8.935410e-03
8.981734e-03
9.026366e-03
9.071998e-03
9.117630e-03
9.163108e-03
9.208817e-03
9.254295e-03
9.300004e-03
9.345483e-03
9.391192e-03
9.436670e-03
9.482302e-03
9.527857e-03
9.573489e-03
9.618967e-03
9.664676e-03
9.710154e-03
9.755786e-03
9.801342e-03
9.846974e-03
9.892452e-03
9.938084e-03
9.983639e-03
1.002927e-02
1.007475e-02
1.012038e-02
1.016594e-02
1.021157e-02
1.025712e-02
1.030268e-02
1.034823e-02
1.039387e-02
1.043942e-02
1.048498e-02
1.053061e-02
1.057616e-02
1.062172e-02
1.066735e-02
1.071291e-02
1.075846e-02
1.080402e-02
1.084965e-02
1.089520e-02
1.094076e-02
1.098631e-02
1.103195e-02
1.107750e-02
1.112306e-02
1.116861e-02
1.121424e-02
1.125980e-02
1.130535e-02
1.135099e-02
1.139654e-02
1.144210e-02
1.148773e-02
1.153336e-02
1.157884e-02
1.162439e-02
1.167026e-02
1.171527e-02
1.176129e-02
1.180684e-02
1.185248e-02
1.189795e-02
1.194351e-02
1.198906e-02
1.203462e-02
1.208017e-02
1.212573e-02
1.217136e-02
1.221684e-02
1.226247e-02
1.230803e-02
1.235358e-02
1.239921e-02
1.244469e-02
1.249032e-02
1.253588e-02
1.257689e-02
8.771630e-03
8.817108e-03
8.862740e-03
8.908295e-03
8.953850e-03
8.999483e-03
9.045038e-03
9.090593e-03
9.136148e-03
9.181780e-03
9.227335e-03
9.272890e-03
9.318445e-03
9.364000e-03
9.409632e-03
9.455265e-03
9.500743e-03
9.546298e-03
9.591853e-03
9.637485e-03
9.683117e-03
9.728595e-03
9.774150e-03
9.819705e-03
9.865338e-03
9.910970e-03
9.956448e-03
1.000200e-02
1.004756e-02
1.009319e-02
1.013882e-02
1.018430e-02
1.022986e-02
1.027541e-02
1.032104e-02
1.036660e-02
1.041215e-02
1.045771e-02
1.050326e-02
1.054890e-02
1.059445e-02
1.064001e-02
1.068556e-02
1.073112e-02
1.077667e-02
1.082230e-02
1.086786e-02
1.091341e-02
1.095905e-02
1.100452e-02
1.105008e-02
1.109571e-02
1.114127e-02
1.118690e-02
1.123238e-02
1.127793e-02
