0.000000e+00
4.555511e-05
9.111023e-05
1.366653e-04
1.822205e-04
2.277756e-04
2.733307e-04
3.188858e-04
3.644409e-04
4.099960e-04
4.555511e-04
5.011062e-04
5.466614e-04
5.922165e-04
6.377716e-04
6.833267e-04
7.288818e-04
7.744369e-04
8.199920e-04
8.655471e-04
9.111023e-04
9.566574e-04
1.002212e-03
1.047768e-03
1.093323e-03
1.138878e-03
1.184433e-03
1.229988e-03
1.275543e-03
1.321098e-03
1.366653e-03
1.412208e-03
1.457764e-03
1.503319e-03
1.548874e-03
1.594429e-03
1.639984e-03
1.685539e-03
1.731094e-03
1.776649e-03
1.822205e-03
1.867760e-03
1.913315e-03
1.958870e-03
2.004425e-03
2.049980e-03
2.095535e-03
2.141090e-03
2.186645e-03
2.232201e-03
2.277756e-03
2.323311e-03
2.368866e-03
2.414421e-03
2.459976e-03
2.505531e-03
2.551086e-03
2.596641e-03
2.642197e-03
2.687752e-03
2.733307e-03
2.778862e-03
2.824417e-03
2.869972e-03
2.915527e-03
2.961082e-03
3.006637e-03
3.052193e-03
3.097748e-03
3.143303e-03
3.188858e-03
3.234413e-03
3.279968e-03
3.325523e-03
3.371078e-03
3.416633e-03
3.462189e-03
3.507744e-03
3.553299e-03
3.598854e-03
3.644409e-03
3.689964e-03
3.735519e-03
3.781074e-03
3.826629e-03
3.872185e-03
3.917740e-03
3.963295e-03
4.008850e-03
4.054405e-03
4.099960e-03
4.145515e-03
4.191070e-03
4.236625e-03
4.282181e-03
4.327736e-03
4.373291e-03
4.418846e-03
4.464401e-03
4.509956e-03
4.555511e-03
4.943395e-03
5.530351e-03
6.018360e-03
6.411093e-03
6.706743e-03
6.928940e-03
7.102808e-03
7.235612e-03
7.334627e-03
7.419482e-03
7.490102e-03
7.544785e-03
7.596991e-03
7.641682e-03
7.680436e-03
7.715723e-03
7.749574e-03
7.780153e-03
7.814313e-03
7.845352e-03
7.882472e-03
7.916114e-03
7.948697e-03
7.990663e-03
8.027456e-03
8.067375e-03
8.110596e-03
8.156344e-03
8.205614e-03
8.256496e-03
8.312939e-03
8.363944e-03
8.419108e-03
8.458632e-03
8.477373e-03
8.449435e-03
8.304308e-03
8.044484e-03
7.576708e-03
6.844368e-03
5.840627e-03
4.616764e-03
3.111492e-03
1.367715e-03
-6.250320e-04
1.045140e-03
2.417961e-03
3.562242e-03
4.458802e-03
4.964628e-03
5.262277e-03
5.089734e-03
4.749847e-03
3.989197e-03
3.051937e-03
1.706141e-03
1.289807e-04
-1.853599e-03
-3.284851e-03
-1.281029e-03
-2.100408e-03
-4.947934e-04
3.677825e-03
1.182570e-02
2.100234e-02
3.347519e-02
4.699878e-02
6.585797e-02
8.506747e-02
1.113960e-01
1.410171e-01
1.745219e-01
2.121055e-01
2.608527e-01
3.104210e-01
3.640457e-01
4.204401e-01
4.791413e-01
5.395497e-01
6.036238e-01
6.723086e-01
7.423400e-01
8.077714e-01
8.684791e-01
9.190201e-01
9.567922e-01
9.829651e-01
1.001407e+00
1.011798e+00
1.024005e+00
1.032229e+00
1.036155e+00
1.040998e+00
1.040986e+00
1.041658e+00
1.042872e+00
1.044834e+00
1.047272e+00
1.050164e+00
1.047066e+00
1.050807e+00
1.048423e+00
1.052633e+00
1.050678e+00
1.048868e+00
1.053821e+00
1.052477e+00
1.051234e+00
1.050072e+00
1.049013e+00
1.054544e+00
1.053611e+00
1.052841e+00
1.052120e+00
1.051455e+00
1.050829e+00
1.050240e+00
1.049658e+00
1.055654e+00
1.055133e+00
1.054638e+00
1.054152e+00
1.053754e+00
1.053377e+00
1.053004e+00
1.052659e+00
1.052310e+00
1.051984e+00
1.051658e+00
1.051321e+00
1.051011e+00
1.050706e+00
1.050405e+00
1.050086e+00
1.049801e+00
1.056049e+00
1.055807e+00
1.055569e+00
1.055335e+00
1.055103e+00
1.054876e+00
1.054636e+00
1.054407e+00
1.054190e+00
1.053969e+00
1.053755e+00
1.053541e+00
1.053334e+00
1.053116e+00
1.052910e+00
1.052686e+00
1.052468e+00
1.052258e+00
1.052041e+00
1.051837e+00
1.051657e+00
1.051487e+00
1.051318e+00
1.051158e+00
1.050996e+00
1.050832e+00
1.050679e+00
1.050507e+00
1.050353e+00
1.050194e+00
1.050033e+00
1.049873e+00
1.056348e+00
1.056176e+00
1.056023e+00
1.055869e+00
1.055707e+00
1.055551e+00
1.055398e+00
1.055241e+00
1.055083e+00
1.054937e+00
1.054774e+00
1.054634e+00
1.054475e+00
1.054329e+00
1.054173e+00
1.054027e+00
1.053906e+00
1.053793e+00
1.053666e+00
1.053561e+00
1.053440e+00
1.053323e+00
1.053677e+00
1.054324e+00
1.054824e+00
1.055173e+00
1.055393e+00
1.055503e+00
1.055574e+00
1.055575e+00
1.055567e+00
1.055522e+00
1.055462e+00
1.055438e+00
1.055404e+00
1.055365e+00
1.055352e+00
1.055333e+00
1.055344e+00
1.055349e+00
1.055401e+00
1.055472e+00
1.055570e+00
1.055718e+00
1.055906e+00
1.056142e+00
1.056430e+00
1.056787e+00
1.057201e+00
1.057699e+00
1.058274e+00
1.058938e+00
1.059703e+00
1.060562e+00
1.061531e+00
1.062616e+00
1.057213e+00
1.058519e+00
1.059934e+00
1.061444e+00
1.063009e+00
1.058069e+00
1.059641e+00
1.061136e+00
1.062565e+00
1.057362e+00
1.058522e+00
1.059581e+00
1.060442e+00
1.061247e+00
1.061976e+00
1.062593e+00
1.056930e+00
1.057318e+00
1.057608e+00
1.057769e+00
1.057790e+00
1.057610e+00
1.057242e+00
1.056620e+00
1.055800e+00
1.054712e+00
1.053444e+00
1.051955e+00
1.050299e+00
1.048551e+00
1.051741e+00
1.049700e+00
1.052400e+00
1.050086e+00
1.047445e+00
1.048993e+00
1.050142e+00
1.046265e+00
1.045893e+00
1.043785e+00
1.040438e+00
1.035726e+00
1.031558e+00
1.024858e+00
1.019433e+00
1.011651e+00
1.005683e+00
9.976609e-01
9.928856e-01
9.869477e-01
9.828446e-01
9.801706e-01
9.779548e-01
9.764766e-01
9.770573e-01
9.815646e-01
9.928628e-01
1.008477e+00
1.022622e+00
1.035585e+00
1.041605e+00
1.045415e+00
1.049907e+00
1.054816e+00
1.054382e+00
1.054213e+00
1.054220e+00
1.054212e+00
1.054189e+00
1.054017e+00
1.053779e+00
1.053410e+00
1.052978e+00
1.052490e+00
1.051909e+00
1.051299e+00
1.050673e+00
1.050039e+00
1.049409e+00
1.055315e+00
1.054671e+00
1.054078e+00
1.053493e+00
1.052920e+00
1.052386e+00
1.051883e+00
1.051410e+00
1.050969e+00
1.050556e+00
1.050170e+00
1.049811e+00
1.056174e+00
1.055864e+00
1.055576e+00
1.055310e+00
1.055063e+00
1.054835e+00
1.054624e+00
1.054430e+00
1.054250e+00
1.054084e+00
1.053933e+00
1.053790e+00
1.053663e+00
1.053535e+00
1.053435e+00
1.053331e+00
1.053233e+00
1.053152e+00
1.053090e+00
1.052993e+00
1.052942e+00
1.052885e+00
1.052827e+00
1.052795e+00
1.052769e+00
1.052732e+00
1.052700e+00
1.052687e+00
1.052677e+00
1.052671e+00
1.052667e+00
1.052673e+00
1.052696e+00
1.052719e+00
1.052757e+00
1.052797e+00
1.052858e+00
1.052922e+00
1.052990e+00
1.053087e+00
1.053189e+00
1.053304e+00
1.053428e+00
1.053593e+00
1.053740e+00
1.053941e+00
1.054151e+00
1.054380e+00
1.054637e+00
1.054931e+00
1.055240e+00
1.055592e+00
1.055975e+00
1.056408e+00
1.056863e+00
1.057377e+00
1.057937e+00
1.058544e+00
1.059213e+00
1.059931e+00
1.060721e+00
1.061577e+00
1.062499e+00
1.063495e+00
1.057804e+00
1.058951e+00
1.060198e+00
1.061526e+00
1.062939e+00
1.057768e+00
1.059381e+00
1.061089e+00
1.062889e+00
1.058187e+00
1.060198e+00
1.062322e+00
1.064549e+00
1.060361e+00
1.062812e+00
1.058850e+00
1.061520e+00
1.064334e+00
1.060803e+00
1.063860e+00
1.060679e+00
1.063993e+00
1.061156e+00
1.064759e+00
1.062308e+00
1.066218e+00
1.064176e+00
1.062338e+00
1.066794e+00
1.065400e+00
1.064325e+00
1.063578e+00
1.063107e+00
1.063002e+00
1.063251e+00
1.060835e+00
1.067276e+00
1.068453e+00
1.069930e+00
1.071878e+00
1.074080e+00
1.073488e+00
1.075668e+00
1.073291e+00
1.072918e+00
1.072567e+00
1.074680e+00
1.071311e+00
1.069632e+00
1.068436e+00
1.064291e+00
1.058642e+00
1.055403e+00
1.049768e+00
1.044150e+00
1.037367e+00
1.029213e+00
1.018253e+00
1.003391e+00
9.876837e-01
9.685497e-01
9.467710e-01
9.218737e-01
8.935593e-01
8.628782e-01
8.287671e-01
7.930029e-01
7.527472e-01
7.119037e-01
6.702817e-01
6.278505e-01
5.813502e-01
5.353830e-01
4.878824e-01
4.375490e-01
3.837791e-01
3.318521e-01
2.814362e-01
2.320524e-01
1.883565e-01
1.510665e-01
1.206725e-01
9.549248e-02
7.639228e-02
6.388695e-02
5.452403e-02
4.454446e-02
3.775788e-02
3.425199e-02
3.025709e-02
2.574268e-02
2.467675e-02
2.329427e-02
2.154779e-02
1.959279e-02
1.734441e-02
1.491981e-02
1.226848e-02
1.335865e-02
1.432100e-02
1.517173e-02
1.593237e-02
1.273757e-02
1.332268e-02
1.388580e-02
1.047785e-02
1.091664e-02
1.130641e-02
1.167665e-02
1.199957e-02
1.229940e-02
1.258172e-02
1.282609e-02
1.306343e-02
1.327993e-02
1.347854e-02
1.367623e-02
1.384144e-02
1.401980e-02
1.416676e-02
1.433008e-02
1.446215e-02
1.459849e-02
1.473066e-02
1.485491e-02
1.497475e-02
1.508952e-02
1.520002e-02
1.530500e-02
1.541003e-02
1.164506e-02
1.174692e-02
1.186122e-02
1.196822e-02
1.206175e-02
1.216937e-02
1.226902e-02
1.235765e-02
1.246601e-02
1.254641e-02
1.264262e-02
1.271782e-02
1.281058e-02
1.288200e-02
1.296558e-02
1.304216e-02
1.312062e-02
1.320728e-02
1.327911e-02
1.336463e-02
1.343244e-02
1.350760e-02
1.358928e-02
1.365562e-02
1.372812e-02
1.380718e-02
1.387176e-02
1.394250e-02
1.401029e-02
1.408886e-02
1.415202e-02
1.422006e-02
1.429524e-02
1.435608e-02
1.442330e-02
1.448804e-02
1.455344e-02
1.461864e-02
1.468330e-02
1.474819e-02
1.481248e-02
1.488670e-02
1.494419e-02
1.500909e-02
1.507052e-02
1.513361e-02
1.520481e-02
1.526654e-02
1.532545e-02
1.538620e-02
1.544694e-02
1.550772e-02
1.557792e-02
1.563255e-02
1.569385e-02
1.575286e-02
1.581250e-02
1.587212e-02
1.593146e-02
1.600038e-02
1.605482e-02
1.611410e-02
1.617174e-02
1.623053e-02
1.628852e-02
1.634698e-02
1.641422e-02
1.646751e-02
1.652537e-02
1.658240e-02
1.663949e-02
1.669696e-02
1.675410e-02
1.681225e-02
1.686836e-02
1.693550e-02
1.698614e-02
1.704439e-02
1.709933e-02
1.715678e-02
1.721181e-02
1.726877e-02
1.732443e-02
1.738102e-02
1.743701e-02
1.749387e-02
1.755807e-02
1.760999e-02
1.766527e-02
1.772100e-02
1.777562e-02
1.783059e-02
1.788679e-02
1.794045e-02
1.799610e-02
1.805094e-02
1.810681e-02
1.816170e-02
1.822544e-02
1.827524e-02
1.833022e-02
1.838431e-02
1.843910e-02
1.849175e-02
1.854794e-02
1.860058e-02
1.865547e-02
1.870959e-02
1.876464e-02
1.881805e-02
1.887268e-02
1.892728e-02
1.898092e-02
1.904488e-02
1.909338e-02
1.914693e-02
1.920098e-02
1.925314e-02
1.930694e-02
1.936079e-02
1.941315e-02
1.946848e-02
1.952025e-02
1.957531e-02
1.962772e-02
1.968207e-02
1.973462e-02
1.978914e-02
1.984172e-02
1.989603e-02
1.994841e-02
2.000273e-02
2.006380e-02
2.011360e-02
2.016562e-02
2.021853e-02
2.027017e-02
2.032369e-02
2.037536e-02
2.042870e-02
2.048150e-02
2.053369e-02
2.058703e-02
2.063999e-02
2.069232e-02
2.074595e-02
2.081585e-02
2.086956e-02
2.094031e-02
2.099356e-02
2.106373e-02
2.111736e-02
2.118724e-02
2.124185e-02
2.130997e-02
2.137391e-02
2.143671e-02
2.149323e-02
2.155895e-02
2.161430e-02
2.168128e-02
2.173681e-02
2.180384e-02
2.185937e-02
2.192716e-02
2.198247e-02
2.204958e-02
1.823240e-02
1.827343e-02
1.831994e-02
1.836075e-02
1.840571e-02
1.844914e-02
1.849313e-02
1.853638e-02
1.858186e-02
1.862170e-02
1.866832e-02
1.870893e-02
1.875517e-02
1.879561e-02
1.884202e-02
1.888251e-02
1.892862e-02
1.896907e-02
1.901473e-02
1.905615e-02
1.910982e-02
1.914683e-02
1.919244e-02
1.923156e-02
1.927687e-02
1.932141e-02
1.936518e-02
1.940444e-02
1.944954e-02
1.948927e-02
1.953479e-02
1.957526e-02
1.962061e-02
1.966079e-02
1.970635e-02
1.974704e-02
1.979239e-02
1.983274e-02
1.987830e-02
1.991895e-02
1.996430e-02
2.000462e-02
2.005014e-02
2.009087e-02
2.013606e-02
2.017634e-02
2.022174e-02
2.026252e-02
2.030759e-02
2.034791e-02
2.039319e-02
2.043647e-02
2.047653e-02
2.052134e-02
2.056240e-02
2.060758e-02
2.065084e-02
2.069116e-02
2.073445e-02
2.077829e-02
2.081756e-02
2.086317e-02
2.090622e-02
2.095406e-02
2.099628e-02
2.103833e-02
2.107686e-02
2.112086e-02
2.116151e-02
2.120567e-02
2.124546e-02
2.129046e-02
2.133337e-02
2.137401e-02
2.141700e-02
2.146190e-02
2.149958e-02
2.154549e-02
2.158572e-02
2.163035e-02
2.167147e-02
2.171699e-02
2.175797e-02
2.179887e-02
2.184271e-02
2.188377e-02
2.192729e-02
2.196950e-02
2.201184e-02
2.205423e-02
2.209699e-02
2.213994e-02
2.218283e-02
2.222340e-02
2.226684e-02
2.230822e-02
2.235199e-02
2.239384e-02
2.243777e-02
2.247777e-02
2.252435e-02
2.256186e-02
2.260696e-02
2.264622e-02
2.269244e-02
2.273270e-02
2.277602e-02
2.281723e-02
2.286031e-02
2.290150e-02
2.294662e-02
2.298425e-02
2.303177e-02
2.306855e-02
2.311409e-02
2.315411e-02
2.319963e-02
2.323790e-02
2.328314e-02
2.332416e-02
2.336741e-02
2.340845e-02
2.345361e-02
2.349140e-02
2.353856e-02
1.971119e-02
1.976537e-02
1.595983e-02
1.600090e-02
1.604569e-02
1.608637e-02
1.612886e-02
1.617125e-02
1.621247e-02
1.625569e-02
1.629776e-02
1.633933e-02
1.638238e-02
1.642433e-02
1.646602e-02
1.650758e-02
1.655078e-02
1.659264e-02
1.663440e-02
1.667592e-02
1.671912e-02
1.676082e-02
1.680210e-02
1.684538e-02
1.688684e-02
1.693072e-02
1.697101e-02
1.701396e-02
1.705710e-02
1.709442e-02
1.714003e-02
1.718007e-02
1.722375e-02
1.726500e-02
1.730800e-02
1.734821e-02
1.739218e-02
1.743131e-02
1.747670e-02
1.751502e-02
1.756237e-02
1.759934e-02
1.764544e-02
1.768452e-02
1.772965e-02
1.776721e-02
1.781183e-02
1.785131e-02
1.789894e-02
1.793302e-02
1.798162e-02
1.801783e-02
1.806631e-02
1.810103e-02
1.814720e-02
1.818788e-02
1.823239e-02
1.827147e-02
1.831811e-02
1.835411e-02
1.839987e-02
1.843909e-02
1.848353e-02
1.852202e-02
1.856850e-02
1.860675e-02
1.865251e-02
1.868935e-02
1.873490e-02
1.877264e-02
1.881956e-02
1.885715e-02
1.890255e-02
1.893993e-02
1.898799e-02
1.902387e-02
1.906917e-02
1.910834e-02
1.915410e-02
1.919267e-02
1.923722e-02
1.927576e-02
1.932148e-02
1.935763e-02
1.940597e-02
1.944295e-02
1.948703e-02
1.952692e-02
1.957258e-02
1.960770e-02
1.965558e-02
1.969324e-02
1.973899e-02
1.977782e-02
1.982331e-02
1.985914e-02
1.990756e-02
1.995255e-02
1.999617e-02
2.003159e-02
2.007675e-02
2.011208e-02
2.015895e-02
2.020207e-02
2.023822e-02
2.028410e-02
2.032404e-02
2.036338e-02
2.040703e-02
2.044520e-02
2.048906e-02
2.053298e-02
2.056765e-02
2.061583e-02
2.065831e-02
2.069280e-02
2.074028e-02
2.078397e-02
2.082515e-02
2.086816e-02
2.090842e-02
2.094741e-02
2.099171e-02
2.103282e-02
2.107013e-02
2.111381e-02
2.115582e-02
2.119921e-02
2.124101e-02
2.127993e-02
2.132598e-02
2.136792e-02
2.140904e-02
2.144587e-02
2.149077e-02
2.152871e-02
2.157299e-02
2.161483e-02
2.165363e-02
2.169774e-02
2.174014e-02
2.178379e-02
2.182062e-02
2.186410e-02
2.190759e-02
2.194521e-02
2.198878e-02
2.203286e-02
2.207084e-02
2.211505e-02
2.215719e-02
2.219662e-02
2.223928e-02
2.227918e-02
2.232477e-02
2.236172e-02
2.240803e-02
2.244479e-02
2.249045e-02
2.252942e-02
2.257438e-02
2.261172e-02
2.265812e-02
2.269420e-02
2.274071e-02
2.277884e-02
2.282514e-02
2.286212e-02
2.290779e-02
2.294608e-02
2.299092e-02
2.302976e-02
2.307303e-02
2.311241e-02
2.315644e-02
2.319537e-02
2.323912e-02
2.327868e-02
2.332254e-02
2.336141e-02
2.340523e-02
2.344488e-02
2.348897e-02
2.352823e-02
1.970700e-02
1.975550e-02
1.982744e-02
1.987487e-02
1.607268e-02
1.611070e-02
1.615526e-02
1.619382e-02
1.623800e-02
1.627641e-02
1.632115e-02
1.635919e-02
1.640469e-02
1.644403e-02
1.648655e-02
1.653030e-02
1.656564e-02
1.661251e-02
1.665384e-02
1.669490e-02
1.673836e-02
1.677636e-02
1.682123e-02
1.685861e-02
1.690275e-02
1.694154e-02
1.698465e-02
1.702479e-02
1.706950e-02
1.710682e-02
1.715217e-02
1.718946e-02
1.723582e-02
1.727723e-02
1.731792e-02
1.736119e-02
1.739718e-02
1.744319e-02
1.748406e-02
1.752559e-02
1.756942e-02
1.760600e-02
1.765015e-02
1.769073e-02
1.773371e-02
1.777614e-02
1.781263e-02
1.785606e-02
1.789841e-02
1.794108e-02
1.797740e-02
1.802355e-02
1.806466e-02
1.810352e-02
1.814760e-02
1.818696e-02
1.822798e-02
1.827351e-02
1.831337e-02
1.835406e-02
1.839492e-02
1.843708e-02
1.847943e-02
1.852126e-02
1.856297e-02
1.860103e-02
1.864479e-02
1.868881e-02
1.872718e-02
1.877066e-02
1.880998e-02
1.885316e-02
1.889526e-02
1.893394e-02
1.897787e-02
1.902021e-02
1.906303e-02
1.910342e-02
1.914507e-02
1.918290e-02
1.922773e-02
1.926807e-02
1.931069e-02
1.935139e-02
1.938883e-02
1.943289e-02
1.947232e-02
1.951607e-02
1.955690e-02
1.959902e-02
1.963664e-02
1.968295e-02
1.972385e-02
1.976150e-02
1.980538e-02
1.984659e-02
1.988799e-02
1.993129e-02
1.997261e-02
2.001028e-02
2.005354e-02
2.009626e-02
2.013736e-02
2.018101e-02
2.022423e-02
2.026341e-02
2.030415e-02
2.034324e-02
2.038680e-02
2.042824e-02
2.046738e-02
2.051024e-02
2.055062e-02
2.059506e-02
2.063759e-02
2.067648e-02
2.071749e-02
2.075765e-02
2.080171e-02
2.083934e-02
2.088219e-02
2.092583e-02
2.096875e-02
2.100772e-02
2.104887e-02
2.108888e-02
2.113302e-02
2.117263e-02
2.121574e-02
2.125815e-02
2.129878e-02
2.133865e-02
2.137885e-02
2.142216e-02
2.146112e-02
2.150531e-02
2.154725e-02
2.158792e-02
2.162777e-02
2.167057e-02
2.171178e-02
2.175099e-02
2.179504e-02
2.183325e-02
2.187755e-02
2.191530e-02
2.196070e-02
2.199931e-02
2.204181e-02
2.208273e-02
2.212590e-02
2.216563e-02
2.220970e-02
2.224787e-02
2.229196e-02
2.233108e-02
2.237515e-02
2.241236e-02
2.245792e-02
2.249694e-02
2.254085e-02
2.257949e-02
2.262210e-02
2.266263e-02
2.270633e-02
2.274505e-02
2.278912e-02
2.282631e-02
2.287220e-02
2.291045e-02
2.295448e-02
2.299605e-02
2.303586e-02
2.307774e-02
2.311864e-02
2.316020e-02
2.320206e-02
2.324400e-02
2.328309e-02
2.333497e-02
2.336847e-02
2.341242e-02
2.345295e-02
2.349236e-02
2.353298e-02
1.970925e-02
1.975953e-02
1.595183e-02
1.599522e-02
1.603560e-02
1.607958e-02
1.612083e-02
1.616154e-02
1.620276e-02
1.624123e-02
1.628551e-02
1.632693e-02
1.636784e-02
1.640918e-02
1.644704e-02
1.649249e-02
1.653385e-02
1.657471e-02
1.661624e-02
1.665526e-02
1.669810e-02
1.674075e-02
1.678165e-02
1.682282e-02
1.686215e-02
1.690637e-02
1.694575e-02
1.698865e-02
1.702963e-02
1.706924e-02
1.711318e-02
1.715440e-02
1.719347e-02
1.723634e-02
1.727574e-02
1.731969e-02
1.736086e-02
1.740039e-02
1.744421e-02
1.748545e-02
1.752276e-02
1.756792e-02
1.760910e-02
1.764848e-02
1.769249e-02
1.773243e-02
1.777270e-02
1.781635e-02
1.785757e-02
1.789644e-02
1.794045e-02
1.798170e-02
1.801807e-02
1.806485e-02
1.810513e-02
1.814424e-02
1.818825e-02
1.822946e-02
1.826856e-02
1.831090e-02
1.835347e-02
1.839241e-02
1.843623e-02
1.847745e-02
1.851532e-02
1.856041e-02
1.860135e-02
1.863965e-02
1.868343e-02
1.872493e-02
1.876404e-02
1.880808e-02
1.884930e-02
1.889069e-02
1.893060e-02
1.897161e-02
1.901368e-02
1.905391e-02
1.909559e-02
1.913757e-02
1.917779e-02
1.921980e-02
1.926116e-02
1.930005e-02
1.934466e-02
1.938604e-02
1.942749e-02
1.946679e-02
1.950953e-02
1.955128e-02
1.959003e-02
1.963396e-02
1.967535e-02
1.971676e-02
1.975671e-02
1.979847e-02
1.984033e-02
1.987954e-02
1.992300e-02
1.996493e-02
2.000613e-02
2.004511e-02
2.008902e-02
2.013015e-02
2.017166e-02
2.021029e-02
2.025415e-02
2.029524e-02
2.033657e-02
2.037497e-02
2.041871e-02
2.046006e-02
2.050158e-02
2.054111e-02
2.058421e-02
2.062530e-02
2.066634e-02
2.070541e-02
2.074883e-02
2.079019e-02
2.083179e-02
2.087078e-02
2.091477e-02
2.095594e-02
2.099649e-02
2.103783e-02
2.107881e-02
2.112067e-02
2.116223e-02
2.120297e-02
2.124453e-02
2.128518e-02
2.132705e-02
2.136865e-02
2.141144e-02
2.145158e-02
2.149306e-02
2.153431e-02
2.157551e-02
2.161534e-02
2.165685e-02
2.169847e-02
2.173999e-02
2.177894e-02
2.182297e-02
2.186390e-02
2.190572e-02
2.194697e-02
2.198738e-02
2.202812e-02
2.206871e-02
2.211153e-02
2.215210e-02
2.219341e-02
2.223531e-02
2.227691e-02
2.231843e-02
2.235829e-02
2.239985e-02
2.244167e-02
2.248338e-02
2.252255e-02
2.256588e-02
2.260715e-02
2.264876e-02
2.269033e-02
2.273166e-02
2.277198e-02
2.281316e-02
2.285482e-02
2.289635e-02
2.293787e-02
2.297835e-02
2.301918e-02
2.306077e-02
2.310220e-02
2.314400e-02
2.318303e-02
2.322683e-02
2.326785e-02
2.330937e-02
2.335085e-02
2.339221e-02
2.343285e-02
2.347390e-02
2.351553e-02
1.969254e-02
1.974154e-02
1.980853e-02
1.986072e-02
1.605504e-02
1.609660e-02
1.613808e-02
1.617963e-02
1.622187e-02
1.626196e-02
1.630344e-02
1.634462e-02
1.638587e-02
1.642715e-02
1.646828e-02
1.650623e-02
1.654997e-02
1.659117e-02
1.663277e-02
1.667433e-02
1.671328e-02
1.675714e-02
1.679839e-02
1.683970e-02
1.688103e-02
1.692247e-02
1.696368e-02
1.700297e-02
1.704525e-02
1.708680e-02
1.712828e-02
1.716978e-02
1.721048e-02
1.725130e-02
1.729255e-02
1.733431e-02
1.737591e-02
1.741751e-02
1.745876e-02
1.750016e-02
1.753929e-02
1.758162e-02
1.762329e-02
1.766515e-02
1.770632e-02
1.774772e-02
1.778681e-02
1.782910e-02
1.787154e-02
1.791297e-02
1.795423e-02
1.799551e-02
1.803691e-02
1.807805e-02
1.811745e-02
1.815966e-02
1.820117e-02
1.824265e-02
1.828413e-02
1.832545e-02
1.836674e-02
1.840718e-02
1.844823e-02
1.848990e-02
1.853169e-02
1.857154e-02
1.861425e-02
1.865561e-02
1.869687e-02
1.873623e-02
1.877848e-02
1.882004e-02
1.886159e-02
1.890298e-02
1.894435e-02
1.898571e-02
1.902711e-02
1.906755e-02
1.910861e-02
1.915028e-02
1.919172e-02
1.923312e-02
1.927456e-02
1.931576e-02
1.935709e-02
1.939662e-02
1.943943e-02
1.948014e-02
1.952181e-02
1.956305e-02
1.960449e-02
1.964585e-02
1.968710e-02
1.972834e-02
1.976863e-02
1.980976e-02
1.985151e-02
1.989291e-02
1.993450e-02
1.997583e-02
2.001715e-02
2.005847e-02
2.009960e-02
2.013851e-02
2.018199e-02
2.022258e-02
2.026421e-02
2.030449e-02
2.034721e-02
2.038841e-02
2.042977e-02
2.047110e-02
2.051239e-02
2.055283e-02
2.059389e-02
2.063548e-02
2.067700e-02
2.071824e-02
2.075964e-02
2.080092e-02
2.084237e-02
2.088354e-02
2.092486e-02
2.096423e-02
2.100655e-02
2.104795e-02
2.108950e-02
2.113094e-02
2.117212e-02
2.121343e-02
2.125480e-02
2.129605e-02
2.133698e-02
2.137568e-02
2.141945e-02
2.146063e-02
2.150215e-02
2.154372e-02
2.158500e-02
2.162625e-02
2.166750e-02
2.170883e-02
2.175004e-02
2.179124e-02
2.183245e-02
2.187178e-02
2.191402e-02
2.195554e-02
2.199702e-02
2.203850e-02
2.207966e-02
2.212102e-02
2.216231e-02
2.220363e-02
2.224488e-02
2.228608e-02
2.232514e-02
2.236874e-02
2.240975e-02
2.245119e-02
2.249113e-02
2.253372e-02
2.257484e-02
2.261621e-02
2.265746e-02
2.269871e-02
2.273992e-02
2.278113e-02
2.282238e-02
2.286136e-02
2.290476e-02
2.294531e-02
2.298702e-02
2.302826e-02
2.306966e-02
2.311106e-02
2.315235e-02
2.319367e-02
2.323488e-02
2.327621e-02
2.331742e-02
2.335862e-02
2.339756e-02
2.344108e-02
2.348221e-02
2.352350e-02
1.970027e-02
1.975031e-02
1.594505e-02
1.598634e-02
1.602747e-02
1.606872e-02
1.610992e-02
1.615121e-02
1.619191e-02
1.623307e-02
1.627457e-02
1.631702e-02
1.635725e-02
1.639857e-02
1.643967e-02
1.648072e-02
1.652209e-02
1.656345e-02
1.660466e-02
1.664587e-02
1.668704e-02
1.672833e-02
1.676961e-02
1.681090e-02
1.685218e-02
1.689339e-02
1.693233e-02
1.697573e-02
1.701686e-02
1.705834e-02
1.709973e-02
1.714109e-02
1.718227e-02
1.722355e-02
1.726476e-02
1.730597e-02
1.734725e-02
1.738846e-02
1.742974e-02
1.747087e-02
1.751212e-02
1.755333e-02
1.759462e-02
1.763567e-02
1.767588e-02
1.771767e-02
1.775895e-02
1.780039e-02
1.784161e-02
1.788256e-02
1.792413e-02
1.796554e-02
1.800704e-02
1.804829e-02
1.808954e-02
1.813075e-02
1.817219e-02
1.821328e-02
1.825453e-02
1.829574e-02
1.833703e-02
1.837747e-02
1.841852e-02
1.846019e-02
1.850155e-02
1.854295e-02
1.858431e-02
1.862567e-02
1.866688e-02
1.870821e-02
1.874937e-02
1.879073e-02
1.883187e-02
1.887307e-02
1.891428e-02
1.895561e-02
1.899674e-02
1.903802e-02
1.907927e-02
1.912051e-02
1.916165e-02
1.920051e-02
1.924418e-02
1.928531e-02
1.932660e-02
1.936788e-02
1.940916e-02
1.945049e-02
1.949158e-02
1.953286e-02
1.957411e-02
1.961540e-02
1.965653e-02
1.969781e-02
1.973902e-02
1.978035e-02
1.982152e-02
1.986269e-02
1.990263e-02
1.994525e-02
1.998627e-02
2.002748e-02
2.006869e-02
2.010779e-02
2.015119e-02
2.019232e-02
2.023372e-02
2.027516e-02
2.031645e-02
2.035773e-02
2.039898e-02
2.044022e-02
2.048143e-02
2.052264e-02
2.056385e-02
2.060517e-02
2.064626e-02
2.068747e-02
2.072868e-02
2.076996e-02
2.081113e-02
2.085230e-02
2.089351e-02
2.093479e-02
2.097592e-02
2.101729e-02
2.105846e-02
2.109974e-02
2.114087e-02
2.117981e-02
2.122345e-02
2.126449e-02
2.130582e-02
2.134710e-02
2.138839e-02
2.142972e-02
2.147088e-02
2.151209e-02
2.155330e-02
2.159458e-02
2.163575e-02
2.167700e-02
2.171825e-02
2.175953e-02
2.180066e-02
2.184191e-02
2.188308e-02
2.192440e-02
2.196553e-02
2.200674e-02
2.204807e-02
2.208931e-02
2.213044e-02
2.217165e-02
2.221270e-02
2.225415e-02
2.229531e-02
2.233652e-02
2.237546e-02
2.241913e-02
2.246019e-02
2.250155e-02
2.254283e-02
2.258412e-02
2.262540e-02
2.266665e-02
2.270663e-02
2.274914e-02
2.279027e-02
2.283156e-02
2.287285e-02
2.291402e-02
2.295527e-02
2.299647e-02
2.303768e-02
2.307897e-02
2.312014e-02
2.316142e-02
2.320255e-02
2.324376e-02
2.328509e-02
2.332625e-02
2.336746e-02
2.340867e-02
2.344988e-02
2.349120e-02
2.353237e-02
1.970907e-02
1.975903e-02
1.982703e-02
1.987703e-02
1.607166e-02
1.611294e-02
1.615415e-02
1.619524e-02
1.623545e-02
1.627708e-02
1.631864e-02
1.636000e-02
1.640136e-02
1.644276e-02
1.648400e-02
1.652529e-02
1.656650e-02
1.660778e-02
1.664911e-02
1.669027e-02
1.673152e-02
1.677260e-02
1.681385e-02
1.685510e-02
1.689635e-02
1.693756e-02
1.697889e-02
1.702002e-02
1.706123e-02
1.710251e-02
1.714376e-02
1.718497e-02
1.722617e-02
1.726738e-02
1.730859e-02
1.734980e-02
1.739101e-02
1.743229e-02
1.747350e-02
1.751475e-02
1.755595e-02
1.759716e-02
1.763845e-02
1.767965e-02
1.772086e-02
1.776215e-02
1.780328e-02
1.784448e-02
1.788569e-02
1.792625e-02
1.796723e-02
1.800890e-02
1.805026e-02
1.809170e-02
1.813306e-02
1.817438e-02
1.821567e-02
1.825695e-02
1.829824e-02
1.833937e-02
1.838065e-02
1.842186e-02
1.846307e-02
1.850427e-02
1.854552e-02
1.858673e-02
1.862794e-02
1.866922e-02
1.871036e-02
1.875156e-02
1.879277e-02
1.883398e-02
1.887519e-02
1.891647e-02
1.895772e-02
1.899893e-02
1.904021e-02
1.908134e-02
1.912255e-02
1.916376e-02
1.920501e-02
1.924617e-02
1.928750e-02
1.932871e-02
1.936992e-02
1.941120e-02
1.945233e-02
1.949354e-02
1.953444e-02
1.957553e-02
1.961694e-02
1.965828e-02
1.969957e-02
1.974086e-02
1.978219e-02
1.982340e-02
1.986469e-02
1.990589e-02
1.994710e-02
1.998843e-02
2.002956e-02
2.007077e-02
2.011198e-02
2.015311e-02
2.019335e-02
2.023491e-02
2.027638e-02
2.031778e-02
2.035918e-02
2.040046e-02
2.044182e-02
2.048315e-02
2.052436e-02
2.056564e-02
2.060677e-02
2.064806e-02
2.068931e-02
2.073047e-02
2.077176e-02
2.081289e-02
2.085410e-02
2.089530e-02
2.093651e-02
2.097784e-02
2.101893e-02
2.106013e-02
2.110134e-02
2.114259e-02
2.118383e-02
2.122501e-02
2.126621e-02
2.130742e-02
2.134871e-02
2.139003e-02
2.143112e-02
2.147233e-02
2.151354e-02
2.155474e-02
2.159603e-02
2.163720e-02
2.167837e-02
2.171969e-02
2.176090e-02
2.180219e-02
2.184332e-02
2.188457e-02
2.192573e-02
2.196694e-02
2.200822e-02
2.204935e-02
2.209068e-02
2.213193e-02
2.217310e-02
2.221438e-02
2.225551e-02
2.229672e-02
2.233800e-02
2.237925e-02
2.242049e-02
2.246163e-02
2.250288e-02
2.254408e-02
2.258529e-02
2.262662e-02
2.266771e-02
2.270899e-02
2.275020e-02
2.279141e-02
2.283269e-02
2.287386e-02
2.291503e-02
2.295636e-02
2.299756e-02
2.303885e-02
2.307998e-02
2.312123e-02
2.316239e-02
2.320360e-02
2.324412e-02
2.328509e-02
2.332676e-02
2.336824e-02
2.340956e-02
2.345097e-02
2.349217e-02
2.353346e-02
1.971031e-02
1.976032e-02
1.595501e-02
1.599614e-02
1.603735e-02
1.607856e-02
1.611977e-02
1.616109e-02
1.620218e-02
1.624343e-02
1.628464e-02
1.632585e-02
1.636706e-02
1.640838e-02
1.644955e-02
1.649075e-02
1.653196e-02
1.657317e-02
1.661438e-02
1.665567e-02
1.669684e-02
1.673804e-02
1.677925e-02
1.682046e-02
1.686167e-02
1.690292e-02
1.694408e-02
1.698529e-02
1.702657e-02
1.706778e-02
1.710903e-02
1.715028e-02
1.719145e-02
1.723265e-02
1.727386e-02
1.731507e-02
1.735628e-02
1.739748e-02
1.743881e-02
1.748002e-02
1.752123e-02
1.756243e-02
1.760364e-02
1.764489e-02
1.768613e-02
1.772734e-02
1.776855e-02
1.780976e-02
1.785096e-02
1.789217e-02
1.793342e-02
1.797463e-02
1.801584e-02
1.805712e-02
1.809833e-02
1.813954e-02
1.818074e-02
1.822195e-02
1.826316e-02
1.830437e-02
1.834557e-02
1.838678e-02
1.842803e-02
1.846932e-02
1.851052e-02
1.855173e-02
1.859294e-02
1.863415e-02
1.867535e-02
1.871664e-02
1.875784e-02
1.879905e-02
1.884026e-02
1.888147e-02
1.892272e-02
1.896393e-02
1.900513e-02
1.904634e-02
1.908762e-02
1.912883e-02
1.917004e-02
1.921125e-02
1.925246e-02
1.929366e-02
1.933487e-02
1.937608e-02
1.941733e-02
1.945854e-02
1.949982e-02
1.954095e-02
1.958224e-02
1.962344e-02
1.966465e-02
1.970586e-02
1.974707e-02
1.978835e-02
1.982948e-02
1.987077e-02
1.991197e-02
1.995330e-02
1.999443e-02
2.003564e-02
2.007685e-02
2.011805e-02
2.015926e-02
2.020047e-02
2.024175e-02
2.028296e-02
2.032417e-02
2.036538e-02
2.040666e-02
2.044783e-02
2.048904e-02
2.053025e-02
2.057146e-02
2.061266e-02
2.065395e-02
2.069516e-02
2.073621e-02
2.077650e-02
2.081824e-02
2.085968e-02
2.090096e-02
2.094237e-02
2.098365e-02
2.102501e-02
2.106622e-02
2.110750e-02
2.114868e-02
2.118992e-02
2.123113e-02
2.127233e-02
2.131354e-02
2.135483e-02
2.139596e-02
2.143716e-02
2.147841e-02
2.151958e-02
2.156079e-02
2.160211e-02
2.164317e-02
2.168450e-02
2.172566e-02
2.176687e-02
2.180808e-02
2.184936e-02
2.189049e-02
2.193170e-02
2.197295e-02
2.201411e-02
2.205532e-02
2.209661e-02
2.213774e-02
2.217894e-02
2.222015e-02
2.226140e-02
2.230257e-02
2.234389e-02
2.238502e-02
2.242631e-02
2.246752e-02
2.250872e-02
2.254997e-02
2.259122e-02
2.263235e-02
2.267355e-02
2.271476e-02
2.275597e-02
2.279718e-02
2.283850e-02
2.287849e-02
2.292096e-02
2.296208e-02
2.300333e-02
2.304458e-02
2.308591e-02
2.312708e-02
2.316825e-02
2.320950e-02
2.325071e-02
2.329191e-02
2.333323e-02
2.337429e-02
2.341561e-02
2.345678e-02
2.349799e-02
2.353919e-02
1.971597e-02
1.976586e-02
1.983386e-02
1.988386e-02
1.607848e-02
1.611977e-02
1.616105e-02
1.620218e-02
1.624339e-02
1.628460e-02
1.632585e-02
1.636701e-02
1.640830e-02
1.644943e-02
1.649063e-02
1.653184e-02
1.657305e-02
1.661438e-02
1.665562e-02
1.669675e-02
1.673796e-02
1.677916e-02
1.682037e-02
1.686158e-02
1.690283e-02
1.694399e-02
1.698528e-02
1.702649e-02
1.706774e-02
1.710894e-02
1.715023e-02
1.719140e-02
1.723257e-02
1.727377e-02
1.731498e-02
1.735619e-02
1.739740e-02
1.743861e-02
1.747989e-02
1.752110e-02
1.756235e-02
1.760355e-02
1.764476e-02
1.768597e-02
1.772718e-02
1.776843e-02
1.780959e-02
1.785080e-02
1.789201e-02
1.793329e-02
1.797450e-02
1.801571e-02
1.805691e-02
1.809812e-02
1.813937e-02
1.818054e-02
1.822175e-02
1.826295e-02
1.830416e-02
1.834537e-02
1.838662e-02
1.842790e-02
1.846911e-02
1.851032e-02
1.855153e-02
1.859273e-02
1.863394e-02
1.867515e-02
1.871636e-02
1.875756e-02
1.879877e-02
1.883998e-02
1.888119e-02
1.892247e-02
1.896372e-02
1.900493e-02
1.904614e-02
1.908734e-02
1.912855e-02
1.916976e-02
1.921097e-02
1.925217e-02
1.929338e-02
1.933459e-02
1.937580e-02
1.941700e-02
1.945829e-02
1.949950e-02
1.954070e-02
1.958195e-02
1.962316e-02
1.966437e-02
1.970558e-02
1.974678e-02
1.978799e-02
1.982920e-02
1.987041e-02
1.991161e-02
1.995290e-02
1.999411e-02
2.003531e-02
2.007652e-02
2.011773e-02
2.015898e-02
2.020014e-02
2.024135e-02
2.028256e-02
2.032377e-02
2.036497e-02
2.040622e-02
2.044751e-02
2.048872e-02
2.052992e-02
2.057113e-02
2.061234e-02
2.065362e-02
2.069475e-02
2.073596e-02
2.077717e-02
2.081838e-02
2.085958e-02
2.090079e-02
2.094200e-02
2.098333e-02
2.102453e-02
2.106574e-02
2.110695e-02
2.114816e-02
2.118944e-02
2.123057e-02
2.127178e-02
2.131299e-02
2.135419e-02
2.139540e-02
2.143661e-02
2.147789e-02
2.151903e-02
2.156028e-02
2.160144e-02
2.164265e-02
2.168386e-02
2.172506e-02
2.176642e-02
2.180748e-02
2.184876e-02
2.189001e-02
2.193118e-02
2.197243e-02
2.201364e-02
2.205492e-02
2.209605e-02
2.213726e-02
2.217847e-02
2.221972e-02
2.226088e-02
2.230209e-02
2.234337e-02
2.238450e-02
2.242579e-02
2.246700e-02
2.250820e-02
2.254945e-02
2.259062e-02
2.263195e-02
2.267308e-02
2.271428e-02
2.275549e-02
2.279670e-02
2.283791e-02
2.287916e-02
2.292040e-02
2.296153e-02
2.300281e-02
2.304402e-02
2.308523e-02
2.312644e-02
2.316764e-02
2.320897e-02
2.325006e-02
2.329127e-02
2.333247e-02
2.337368e-02
2.341489e-02
2.345614e-02
2.349742e-02
2.353860e-02
1.971526e-02
1.976529e-02
1.595996e-02
1.600116e-02
1.604237e-02
1.608366e-02
1.612479e-02
1.616604e-02
1.620720e-02
1.624841e-02
1.628962e-02
