0.000000e+00
4.555511e-05
3.964163e-03
4.018264e-03
7.957078e-03
8.002634e-03
8.048189e-03
8.093744e-03
8.139299e-03
8.184854e-03
8.230409e-03
8.275964e-03
8.321519e-03
8.367074e-03
8.412630e-03
8.458185e-03
8.503740e-03
8.549295e-03
8.594850e-03
8.640405e-03
8.685960e-03
8.731515e-03
8.777071e-03
8.822626e-03
8.868181e-03
8.913736e-03
8.959291e-03
9.004846e-03
9.050401e-03
9.095956e-03
9.141511e-03
9.187067e-03
9.232622e-03
9.278177e-03
9.323732e-03
9.369287e-03
9.414842e-03
9.460397e-03
9.505952e-03
9.551507e-03
9.597063e-03
9.642618e-03
9.688173e-03
9.733728e-03
9.779283e-03
9.824838e-03
9.870393e-03
9.915948e-03
9.961503e-03
1.000706e-02
1.005261e-02
1.009817e-02
1.014372e-02
1.018928e-02
1.023483e-02
1.028039e-02
1.032594e-02
1.037150e-02
1.041705e-02
1.046261e-02
1.050816e-02
1.055372e-02
1.059928e-02
1.064483e-02
1.069039e-02
1.073594e-02
1.078150e-02
1.082705e-02
1.087261e-02
1.091816e-02
1.096372e-02
1.100927e-02
1.105483e-02
1.110038e-02
1.114594e-02
1.119149e-02
1.123705e-02
1.128260e-02
1.132816e-02
1.137371e-02
1.141927e-02
1.146482e-02
1.151038e-02
1.155593e-02
1.160149e-02
1.164704e-02
1.169260e-02
1.173815e-02
1.178371e-02
1.182926e-02
1.187482e-02
1.192037e-02
1.196593e-02
1.201148e-02
1.205704e-02
1.210259e-02
1.214815e-02
1.219370e-02
1.223926e-02
1.228481e-02
1.233037e-02
1.238947e-02
1.244014e-02
1.247927e-02
1.251639e-02
1.254623e-02
8.730488e-03
1.265870e-02
1.269876e-02
1.274045e-02
8.928253e-03
1.286476e-02
1.291385e-02
1.296190e-02
9.158484e-03
1.309730e-02
9.292423e-03
1.323170e-02
1.328017e-02
1.333175e-02
9.526255e-03
1.346622e-02
1.351577e-02
1.356619e-02
9.761704e-03
1.369459e-02
1.373889e-02
1.378350e-02
9.972915e-03
1.390565e-02
1.009483e-02
1.402765e-02
1.407133e-02
1.411563e-02
1.030389e-02
1.423563e-02
1.427747e-02
1.431501e-02
1.050491e-02
1.443581e-02
1.449320e-02
1.453026e-02
1.071492e-02
1.464399e-02
1.470576e-02
1.473530e-02
1.092581e-02
1.485588e-02
1.491757e-02
1.495993e-02
1.502078e-02
1.506314e-02
1.123303e-02
1.127496e-02
1.131721e-02
1.136290e-02
1.141375e-02
1.147388e-02
1.154759e-02
1.164119e-02
1.180349e-02
1.199041e-02
1.222562e-02
1.261466e-02
1.306353e-02
1.364372e-02
1.430550e-02
1.509830e-02
1.594721e-02
1.694232e-02
1.804372e-02
1.938838e-02
2.098777e-02
2.279606e-02
2.464113e-02
2.255865e-02
2.030325e-02
2.160812e-02
2.259329e-02
2.326322e-02
2.352831e-02
2.353809e-02
2.314886e-02
2.221789e-02
2.074666e-02
1.888591e-02
1.678641e-02
1.478317e-02
1.297990e-02
1.139801e-02
1.014335e-02
1.299133e-02
8.339348e-03
1.161756e-02
1.503339e-02
1.469169e-02
1.443872e-02
1.423072e-02
1.408198e-02
1.397868e-02
1.388336e-02
1.383693e-02
1.379611e-02
1.376465e-02
1.376320e-02
1.374325e-02
1.372914e-02
1.374588e-02
1.375994e-02
1.376087e-02
1.378398e-02
1.379957e-02
1.381186e-02
1.383889e-02
1.386683e-02
1.389002e-02
1.391789e-02
1.394791e-02
1.395752e-02
1.399590e-02
1.402485e-02
1.405548e-02
1.408688e-02
1.411544e-02
1.414784e-02
1.417871e-02
1.421042e-02
1.424151e-02
1.427376e-02
1.430577e-02
1.431929e-02
1.435936e-02
1.439437e-02
1.443092e-02
1.446240e-02
1.449817e-02
1.453172e-02
1.456573e-02
1.459951e-02
1.463368e-02
1.466915e-02
1.470109e-02
1.473510e-02
1.476903e-02
1.480320e-02
1.483713e-02
1.487137e-02
1.490784e-02
1.493985e-02
1.497387e-02
1.500980e-02
1.504181e-02
1.507621e-02
1.511052e-02
1.514477e-02
1.517954e-02
1.521371e-02
1.524826e-02
1.528281e-02
1.531743e-02
1.535213e-02
1.538653e-02
1.542146e-02
1.545555e-02
1.549079e-02
1.552518e-02
1.555996e-02
1.559458e-02
1.562875e-02
1.566407e-02
1.569907e-02
1.573378e-02
1.576863e-02
1.580318e-02
1.583658e-02
1.587120e-02
1.590636e-02
1.594191e-02
1.597638e-02
1.601231e-02
1.604663e-02
1.608218e-02
1.611657e-02
1.615196e-02
1.618682e-02
1.622206e-02
1.625638e-02
1.629223e-02
1.632662e-02
1.636394e-02
1.697091e-02
1.795452e-02
1.877104e-02
1.942315e-02
1.990909e-02
2.026270e-02
2.054102e-02
2.073786e-02
2.089159e-02
2.099746e-02
2.107301e-02
2.113817e-02
2.117917e-02
2.121024e-02
2.123261e-02
2.124767e-02
2.126019e-02
2.126001e-02
2.127446e-02
2.128405e-02
2.128311e-02
2.130263e-02
2.131607e-02
2.132867e-02
2.134958e-02
2.138396e-02
2.140802e-02
2.144609e-02
2.148116e-02
2.152385e-02
2.157100e-02
2.161846e-02
2.167061e-02
2.172454e-02
2.177454e-02
2.181684e-02
2.183967e-02
2.182357e-02
2.171488e-02
2.146705e-02
2.103762e-02
2.035314e-02
1.938060e-02
1.800863e-02
1.636066e-02
1.438477e-02
1.204507e-02
9.428888e-03
1.041728e-02
7.209305e-03
3.700555e-03
-9.384610e-05
-3.141010e-04
-8.558988e-04
-1.869807e-03
-3.214721e-03
-5.071943e-03
-7.313575e-03
-1.013322e-02
-9.345666e-03
-1.294416e-02
-1.331840e-02
-1.372799e-02
-1.528861e-02
-1.639031e-02
-1.833173e-02
-1.617250e-02
-1.700036e-02
-1.434722e-02
-1.246938e-02
-7.998865e-03
-2.085824e-03
6.141122e-03
1.567464e-02
3.098990e-02
4.837220e-02
7.002416e-02
9.463508e-02
1.216636e-01
1.621686e-01
2.052947e-01
2.552108e-01
3.134588e-01
3.773374e-01
4.408207e-01
5.102891e-01
5.793476e-01
6.527437e-01
7.268140e-01
7.994530e-01
8.681985e-01
9.235519e-01
9.622131e-01
9.921751e-01
1.008769e+00
1.021406e+00
1.029732e+00
1.033387e+00
1.037901e+00
1.037305e+00
1.043426e+00
1.044122e+00
1.045440e+00
1.047200e+00
1.049456e+00
1.052098e+00
1.048725e+00
1.052100e+00
1.049326e+00
1.053332e+00
1.051056e+00
1.048993e+00
1.053713e+00
1.052035e+00
1.050482e+00
1.049100e+00
1.054422e+00
1.053268e+00
1.052219e+00
1.051264e+00
1.050393e+00
1.049599e+00
1.055553e+00
1.054891e+00
1.054285e+00
1.053731e+00
1.053224e+00
1.052760e+00
1.052334e+00
1.051944e+00
1.051586e+00
1.051256e+00
1.050954e+00
1.050676e+00
1.050421e+00
1.050186e+00
1.049975e+00
1.056520e+00
1.056335e+00
1.056171e+00
1.056015e+00
1.055866e+00
1.055738e+00
1.055631e+00
1.055493e+00
1.055402e+00
1.055309e+00
1.055221e+00
1.055151e+00
1.055093e+00
1.055025e+00
1.054970e+00
1.054927e+00
1.054890e+00
1.054863e+00
1.054840e+00
1.054825e+00
1.054822e+00
1.054828e+00
1.054841e+00
1.054866e+00
1.054905e+00
1.054955e+00
1.055003e+00
1.055086e+00
1.055168e+00
1.055273e+00
1.055383e+00
1.055531e+00
1.055668e+00
1.055856e+00
1.056049e+00
1.056269e+00
1.056515e+00
1.056793e+00
1.057095e+00
1.057436e+00
1.057810e+00
1.058228e+00
1.058678e+00
1.059181e+00
1.059727e+00
1.060329e+00
1.060988e+00
1.061699e+00
1.062480e+00
1.063323e+00
1.057469e+00
1.058458e+00
1.059529e+00
1.060670e+00
1.061903e+00
1.063225e+00
1.057949e+00
1.059455e+00
1.061061e+00
1.062757e+00
1.057872e+00
1.059779e+00
1.061784e+00
1.063900e+00
1.059515e+00
1.061848e+00
1.064297e+00
1.060327e+00
1.062995e+00
1.059341e+00
1.062265e+00
1.065316e+00
1.062125e+00
1.065436e+00
1.062594e+00
1.059891e+00
1.063651e+00
1.061346e+00
1.065435e+00
1.063586e+00
1.061989e+00
1.066639e+00
1.065561e+00
1.064808e+00
1.064332e+00
1.064221e+00
1.064466e+00
1.062043e+00
1.068479e+00
1.069651e+00
1.071123e+00
1.073036e+00
1.075237e+00
1.069425e+00
1.071944e+00
1.074611e+00
1.074244e+00
1.073898e+00
1.075879e+00
1.071042e+00
1.067426e+00
1.065512e+00
1.061414e+00
1.058958e+00
1.055797e+00
1.050253e+00
1.042598e+00
1.035947e+00
1.027952e+00
1.017177e+00
1.005324e+00
9.900557e-01
9.698221e-01
9.494735e-01
9.218208e-01
8.932956e-01
8.620425e-01
8.277314e-01
7.917311e-01
7.516402e-01
7.106346e-01
6.689306e-01
6.264619e-01
5.799509e-01
5.340154e-01
4.865810e-01
4.362877e-01
3.855241e-01
3.313199e-01
2.797607e-01
2.304813e-01
1.868447e-01
1.495801e-01
1.191675e-01
9.388382e-02
7.465167e-02
6.201936e-02
5.245953e-02
4.228592e-02
3.533232e-02
3.169440e-02
2.757657e-02
2.295683e-02
2.180824e-02
2.034905e-02
1.853803e-02
1.652623e-02
1.422954e-02
1.563151e-02
1.299007e-02
1.402674e-02
1.498968e-02
1.191578e-02
1.265775e-02
1.331750e-02
1.389854e-02
1.441828e-02
1.488714e-02
1.531163e-02
1.569043e-02
1.215638e-02
1.248579e-02
1.278886e-02
1.307017e-02
1.332037e-02
1.356189e-02
1.378363e-02
1.398843e-02
1.418631e-02
1.436066e-02
1.454533e-02
1.082694e-02
1.099208e-02
1.112728e-02
1.126624e-02
1.140137e-02
1.152859e-02
1.165143e-02
1.176929e-02
1.188292e-02
1.199141e-02
1.209974e-02
1.220225e-02
1.229408e-02
1.239842e-02
1.249540e-02
1.257940e-02
1.267234e-02
1.275783e-02
1.283212e-02
1.292145e-02
1.299006e-02
1.307663e-02
1.314286e-02
1.322621e-02
1.328883e-02
1.336250e-02
1.342965e-02
1.349872e-02
1.357570e-02
1.363824e-02
1.371399e-02
1.377270e-02
1.383808e-02
1.391038e-02
1.396724e-02
1.403032e-02
1.409970e-02
1.415518e-02
1.421619e-02
1.427475e-02
1.434359e-02
1.439761e-02
1.445601e-02
1.452186e-02
1.457335e-02
1.463121e-02
1.468639e-02
1.474256e-02
1.479820e-02
1.485353e-02
1.490870e-02
1.496363e-02
1.502804e-02
1.507644e-02
1.513153e-02
1.518370e-02
1.523702e-02
1.529896e-02
1.534628e-02
1.539868e-02
1.545001e-02
1.550187e-02
1.555334e-02
1.561428e-02
1.565976e-02
1.571185e-02
1.576125e-02
1.581180e-02
1.586189e-02
1.591206e-02
1.597123e-02
1.601663e-02
1.606633e-02
1.226846e-02
1.233105e-02
1.239300e-02
1.245544e-02
1.252647e-02
1.257866e-02
1.263660e-02
1.269270e-02
1.274941e-02
1.280620e-02
1.286275e-02
1.291962e-02
1.297594e-02
1.304202e-02
1.309250e-02
1.314998e-02
1.320445e-02
1.326063e-02
1.331588e-02
1.337190e-02
1.342722e-02
1.348317e-02
1.353857e-02
1.359429e-02
1.365861e-02
1.370973e-02
1.376466e-02
1.381900e-02
1.387332e-02
1.392812e-02
1.398259e-02
1.403731e-02
1.409194e-02
1.414666e-02
1.420121e-02
1.425586e-02
1.431934e-02
1.436838e-02
1.442331e-02
1.447642e-02
1.453020e-02
1.458400e-02
1.463786e-02
1.469174e-02
1.474552e-02
1.479947e-02
1.485326e-02
1.490713e-02
1.496084e-02
1.501471e-02
1.506827e-02
1.513112e-02
1.517890e-02
1.523339e-02
1.528533e-02
1.533859e-02
1.539137e-02
1.544464e-02
1.549742e-02
1.555083e-02
1.560362e-02
1.565711e-02
1.570981e-02
1.576323e-02
1.581578e-02
1.586920e-02
1.592190e-02
1.597524e-02
1.602787e-02
1.608113e-02
1.614245e-02
1.619119e-02
1.624351e-02
1.629531e-02
1.634725e-02
1.639967e-02
1.645168e-02
1.650425e-02
1.655642e-02
1.660899e-02
1.666123e-02
1.671380e-02
1.676597e-02
1.681862e-02
1.687071e-02
1.692335e-02
1.697544e-02
1.702802e-02
1.708003e-02
1.713260e-02
1.718454e-02
1.723711e-02
1.728889e-02
1.735029e-02
1.739645e-02
1.744979e-02
1.749980e-02
1.755222e-02
1.760308e-02
1.765542e-02
1.770659e-02
1.775893e-02
1.781017e-02
1.786259e-02
1.791383e-02
1.796625e-02
1.801749e-02
1.806991e-02
1.812115e-02
1.817342e-02
1.822482e-02
1.827693e-02
1.832840e-02
1.838051e-02
1.843175e-02
1.848394e-02
1.853511e-02
1.858730e-02
1.863846e-02
1.869065e-02
1.874174e-02
1.879385e-02
1.884494e-02
1.889697e-02
1.894814e-02
1.900869e-02
1.905540e-02
1.910705e-02
1.915706e-02
1.920840e-02
1.925895e-02
1.931037e-02
1.936108e-02
1.941273e-02
1.946343e-02
1.951516e-02
1.956602e-02
1.961775e-02
1.968705e-02
1.973878e-02
1.980809e-02
1.985982e-02
1.992913e-02
1.998085e-02
2.005008e-02
2.010181e-02
2.017104e-02
2.022277e-02
2.029200e-02
2.034365e-02
2.041281e-02
2.046446e-02
1.666035e-02
1.670317e-02
1.674553e-02
1.678835e-02
1.683086e-02
1.687330e-02
1.691619e-02
1.695832e-02
1.700137e-02
1.704358e-02
1.708601e-02
1.712875e-02
1.717119e-02
1.721340e-02
1.725637e-02
1.729857e-02
1.734853e-02
1.738859e-02
1.742979e-02
1.747108e-02
1.751321e-02
1.755480e-02
1.759700e-02
1.763883e-02
1.768149e-02
1.772347e-02
1.776560e-02
1.780795e-02
1.785162e-02
1.789206e-02
1.793534e-02
1.797693e-02
1.801952e-02
1.806157e-02
1.810531e-02
1.814590e-02
1.818880e-02
1.823078e-02
1.827298e-02
1.831526e-02
1.835862e-02
1.839952e-02
1.844242e-02
1.848416e-02
1.852652e-02
1.856873e-02
1.861193e-02
1.865291e-02
1.869565e-02
1.873755e-02
1.878113e-02
1.882303e-02
1.886439e-02
1.890898e-02
1.894788e-02
1.899124e-02
1.903237e-02
1.907634e-02
1.911770e-02
1.915937e-02
1.920211e-02
1.924332e-02
1.928629e-02
1.932942e-02
1.936833e-02
1.941406e-02
1.945266e-02
1.949617e-02
1.953738e-02
1.958120e-02
1.962125e-02
1.966445e-02
1.970666e-02
1.974825e-02
1.979099e-02
1.983420e-02
1.987318e-02
1.991868e-02
1.995744e-02
2.000087e-02
2.004292e-02
2.008336e-02
2.012810e-02
2.016747e-02
2.021136e-02
2.025218e-02
2.029493e-02
2.033636e-02
2.037941e-02
2.042039e-02
2.046344e-02
2.050411e-02
2.054716e-02
2.058783e-02
2.063111e-02
2.067178e-02
2.071491e-02
2.075558e-02
2.079886e-02
2.083937e-02
2.088196e-02
2.092440e-02
2.096484e-02
2.100804e-02
2.104994e-02
2.109153e-02
2.113451e-02
2.117433e-02
2.121769e-02
2.125943e-02
2.130102e-02
2.134384e-02
2.138490e-02
2.142672e-02
2.146869e-02
2.150944e-02
2.155287e-02
2.159285e-02
2.163821e-02
2.167535e-02
2.172124e-02
2.175937e-02
2.180595e-02
2.184194e-02
2.188898e-02
2.192651e-02
2.197316e-02
2.200915e-02
2.205635e-02
2.209379e-02
2.214045e-02
2.217759e-02
2.222171e-02
2.226346e-02
2.230597e-02
2.234718e-02
2.239245e-02
2.242791e-02
2.247502e-02
2.251216e-02
2.255851e-02
2.259527e-02
2.264208e-02
2.267907e-02
2.272542e-02
2.276217e-02
2.280883e-02
2.284597e-02
2.289132e-02
2.292984e-02
2.297473e-02
2.301325e-02
2.305945e-02
2.309567e-02
2.314233e-02
2.317954e-02
2.322543e-02
2.326311e-02
2.330923e-02
2.334637e-02
2.339226e-02
2.342994e-02
2.347629e-02
2.351335e-02
1.969458e-02
1.974139e-02
1.594083e-02
1.597781e-02
1.602378e-02
1.606161e-02
1.610758e-02
1.614487e-02
1.619053e-02
1.622836e-02
1.627440e-02
1.631922e-02
1.636242e-02
1.639864e-02
1.644376e-02
1.648036e-02
1.652541e-02
1.656777e-02
1.660429e-02
1.664987e-02
1.669177e-02
1.672937e-02
1.677319e-02
1.681263e-02
1.685484e-02
1.689889e-02
1.693487e-02
1.698122e-02
1.702397e-02
1.705972e-02
1.710538e-02
1.714567e-02
1.718711e-02
1.723177e-02
1.727305e-02
1.731081e-02
1.735447e-02
1.739775e-02
1.743374e-02
1.747917e-02
1.752007e-02
1.756350e-02
1.760594e-02
1.764346e-02
1.768866e-02
1.773102e-02
1.777299e-02
1.781106e-02
1.785426e-02
1.789347e-02
1.793614e-02
1.797942e-02
1.801648e-02
1.806237e-02
1.810273e-02
1.814571e-02
1.818300e-02
1.822712e-02
1.827002e-02
1.830747e-02
1.835205e-02
1.839495e-02
1.843255e-02
1.847705e-02
1.851987e-02
1.855870e-02
1.860175e-02
1.864288e-02
1.868685e-02
1.872537e-02
1.876973e-02
1.880764e-02
1.885168e-02
1.889197e-02
1.893540e-02
1.897423e-02
1.901889e-02
1.905642e-02
1.910131e-02
1.914067e-02
1.918557e-02
1.922416e-02
1.926813e-02
1.930681e-02
1.935101e-02
1.938976e-02
1.943389e-02
1.947271e-02
1.951699e-02
1.955597e-02
1.960010e-02
1.963923e-02
1.968305e-02
1.972188e-02
1.976600e-02
1.980514e-02
1.984919e-02
1.988832e-02
1.993206e-02
1.997104e-02
2.001509e-02
2.005423e-02
2.009820e-02
2.013741e-02
2.018107e-02
2.022005e-02
2.026402e-02
2.030316e-02
2.034705e-02
2.038619e-02
2.043008e-02
2.046930e-02
2.051173e-02
2.055578e-02
2.059230e-02
2.063735e-02
2.067863e-02
2.072046e-02
2.076358e-02
2.080064e-02
2.084577e-02
2.088298e-02
2.092780e-02
2.096617e-02
2.101067e-02
2.104912e-02
2.109370e-02
2.113199e-02
2.117658e-02
2.121502e-02
2.125968e-02
2.130105e-02
2.134271e-02
2.138530e-02
2.142244e-02
2.146680e-02
2.150762e-02
2.155013e-02
2.159265e-02
2.162948e-02
2.167376e-02
2.171443e-02
2.175702e-02
2.179945e-02
2.183636e-02
2.188056e-02
2.192146e-02
2.196405e-02
2.200211e-02
2.204601e-02
2.208729e-02
2.212742e-02
2.216994e-02
2.220938e-02
2.225158e-02
2.229563e-02
2.233553e-02
2.237759e-02
2.241695e-02
2.245916e-02
2.250320e-02
2.254295e-02
2.258500e-02
2.262429e-02
2.266658e-02
2.271055e-02
2.275007e-02
2.279227e-02
2.283164e-02
2.287584e-02
2.291666e-02
2.295534e-02
2.300046e-02
2.304144e-02
2.308425e-02
2.312469e-02
2.316621e-02
2.320404e-02
2.324870e-02
2.328922e-02
2.333234e-02
2.337278e-02
2.341061e-02
2.345459e-02
2.349372e-02
1.967288e-02
1.972284e-02
1.979138e-02
1.983881e-02
1.603701e-02
1.607783e-02
1.611543e-02
1.615986e-02
1.620100e-02
1.624205e-02
1.628587e-02
1.632684e-02
1.636421e-02
1.640849e-02
1.644978e-02
1.649083e-02
1.653426e-02
1.657685e-02
1.661722e-02
1.665720e-02
1.669633e-02
1.674023e-02
1.678166e-02
1.682072e-02
1.686477e-02
1.690375e-02
1.694811e-02
1.699046e-02
1.703067e-02
1.707019e-02
1.711048e-02
1.715437e-02
1.719405e-02
1.723464e-02
1.727853e-02
1.732120e-02
1.736149e-02
1.740124e-02
1.744129e-02
1.748534e-02
1.752432e-02
1.756806e-02
1.761034e-02
1.765094e-02
1.769076e-02
1.773113e-02
1.777487e-02
1.781362e-02
1.785759e-02
1.789987e-02
1.794054e-02
1.798014e-02
1.802273e-02
1.806432e-02
1.810361e-02
1.814719e-02
1.818541e-02
1.822992e-02
1.826767e-02
1.831264e-02
1.835108e-02
1.839528e-02
1.843403e-02
1.847754e-02
1.851706e-02
1.856096e-02
1.859956e-02
1.864360e-02
1.868251e-02
1.872633e-02
1.876477e-02
1.880897e-02
1.884803e-02
1.889177e-02
1.893037e-02
1.897434e-02
1.901355e-02
1.905721e-02
1.909589e-02
1.913978e-02
1.917884e-02
1.922266e-02
1.926133e-02
1.930515e-02
1.934659e-02
1.938772e-02
1.942824e-02
1.946914e-02
1.951065e-02
1.955247e-02
1.959437e-02
1.963358e-02
1.968577e-02
1.971922e-02
1.976296e-02
1.980340e-02
1.984315e-02
1.988382e-02
1.992434e-02
1.996570e-02
2.000437e-02
2.004896e-02
2.008802e-02
2.013191e-02
2.017312e-02
2.021379e-02
2.025492e-02
2.029390e-02
2.033818e-02
2.037939e-02
2.042013e-02
2.046134e-02
2.050048e-02
2.054453e-02
2.058589e-02
2.062671e-02
2.066815e-02
2.070713e-02
2.075133e-02
2.079261e-02
2.083352e-02
2.087465e-02
2.091394e-02
2.095798e-02
2.099919e-02
2.104009e-02
2.108138e-02
2.112089e-02
2.116471e-02
2.120584e-02
2.124636e-02
2.128787e-02
2.132732e-02
2.137113e-02
2.141226e-02
2.145171e-02
2.149552e-02
2.153681e-02
2.157471e-02
2.161953e-02
2.166058e-02
2.169980e-02
2.174377e-02
2.178490e-02
2.182380e-02
2.186754e-02
2.190867e-02
2.194750e-02
2.199147e-02
2.203268e-02
2.207028e-02
2.211579e-02
2.215615e-02
2.219513e-02
2.223910e-02
2.228031e-02
2.231937e-02
2.236311e-02
2.240432e-02
2.244330e-02
2.248704e-02
2.252817e-02
2.256600e-02
2.261104e-02
2.265195e-02
2.269093e-02
2.273474e-02
2.277595e-02
2.281493e-02
2.285867e-02
2.289981e-02
2.294124e-02
2.298153e-02
2.302258e-02
2.306441e-02
2.310446e-02
2.314605e-02
2.318795e-02
2.322808e-02
2.327006e-02
2.331188e-02
2.335094e-02
2.339522e-02
2.343642e-02
2.347779e-02
2.351700e-02
1.969523e-02
1.974566e-02
1.593824e-02
1.598221e-02
1.602334e-02
1.606463e-02
1.610445e-02
1.614612e-02
1.618794e-02
1.622715e-02
1.627113e-02
1.631233e-02
1.635362e-02
1.639260e-02
1.643642e-02
1.647755e-02
1.651906e-02
1.655774e-02
1.660163e-02
1.664268e-02
1.668397e-02
1.672280e-02
1.676654e-02
1.680767e-02
1.684911e-02
1.688855e-02
1.693152e-02
1.697258e-02
1.701417e-02
1.705315e-02
1.709666e-02
1.713771e-02
1.717915e-02
1.721806e-02
1.726187e-02
1.730300e-02
1.734360e-02
1.738480e-02
1.742578e-02
1.746760e-02
1.750912e-02
1.755071e-02
1.759176e-02
1.763228e-02
1.767403e-02
1.771554e-02
1.775821e-02
1.779834e-02
1.783978e-02
1.788098e-02
1.792219e-02
1.796325e-02
1.800361e-02
1.804528e-02
1.808672e-02
1.812562e-02
1.816944e-02
1.821049e-02
1.825231e-02
1.829352e-02
1.833388e-02
1.837463e-02
1.841645e-02
1.845812e-02
1.849887e-02
1.854000e-02
1.858182e-02
1.862334e-02
1.866485e-02
1.870468e-02
1.874619e-02
1.878801e-02
1.882968e-02
1.886889e-02
1.891256e-02
1.895392e-02
1.899535e-02
1.903679e-02
1.907800e-02
1.911836e-02
1.915949e-02
1.920116e-02
1.924260e-02
1.928404e-02
1.932448e-02
1.936530e-02
1.940728e-02
1.944879e-02
1.949038e-02
1.952929e-02
1.957295e-02
1.961393e-02
1.965537e-02
1.969680e-02
1.973817e-02
1.977876e-02
1.981981e-02
1.986141e-02
1.990292e-02
1.994436e-02
1.998342e-02
2.002685e-02
2.006767e-02
2.010919e-02
2.015063e-02
2.019214e-02
2.023442e-02
2.027456e-02
2.031599e-02
2.035712e-02
2.039833e-02
2.043962e-02
2.048075e-02
2.051988e-02
2.056239e-02
2.060368e-02
2.064519e-02
2.068671e-02
2.072561e-02
2.076943e-02
2.081064e-02
2.085200e-02
2.089328e-02
2.093472e-02
2.097593e-02
2.101522e-02
2.105750e-02
2.109901e-02
2.114053e-02
2.118212e-02
2.122333e-02
2.126384e-02
2.130498e-02
2.134664e-02
2.138808e-02
2.142967e-02
2.147088e-02
2.151224e-02
2.155138e-02
2.159366e-02
2.163533e-02
2.167715e-02
2.171836e-02
2.175972e-02
2.179885e-02
2.184229e-02
2.188349e-02
2.192501e-02
2.196614e-02
2.200742e-02
2.204878e-02
2.208992e-02
2.212928e-02
2.217149e-02
2.221300e-02
2.225444e-02
2.229595e-02
2.233724e-02
2.237852e-02
2.241896e-02
2.246002e-02
2.250168e-02
2.254343e-02
2.258456e-02
2.262600e-02
2.266744e-02
2.270857e-02
2.274793e-02
2.279014e-02
2.283165e-02
2.287317e-02
2.291468e-02
2.295597e-02
2.299733e-02
2.303869e-02
2.307913e-02
2.312018e-02
2.316185e-02
2.320321e-02
2.324465e-02
2.328609e-02
2.332729e-02
2.336858e-02
2.340756e-02
2.345092e-02
2.349159e-02
1.966875e-02
1.971879e-02
1.978702e-02
1.983713e-02
1.603180e-02
1.607308e-02
1.611337e-02
1.615450e-02
1.619617e-02
1.623760e-02
1.627920e-02
1.632048e-02
1.636176e-02
1.640313e-02
1.644426e-02
1.648316e-02
1.652652e-02
1.656719e-02
1.660878e-02
1.665029e-02
1.669173e-02
1.673302e-02
1.677430e-02
1.681558e-02
1.685679e-02
1.689723e-02
1.693829e-02
1.697988e-02
1.702132e-02
1.706268e-02
1.710404e-02
1.714532e-02
1.718668e-02
1.722789e-02
1.726918e-02
1.730854e-02
1.735082e-02
1.739226e-02
1.743378e-02
1.747521e-02
1.751634e-02
1.755771e-02
1.759907e-02
1.764027e-02
1.768164e-02
1.772046e-02
1.776397e-02
1.780503e-02
1.784647e-02
1.788790e-02
1.792919e-02
1.797040e-02
1.801160e-02
1.805289e-02
1.809409e-02
1.813530e-02
1.817651e-02
1.821580e-02
1.825808e-02
1.829960e-02
1.834103e-02
1.838247e-02
1.842368e-02
1.846504e-02
1.850632e-02
1.854761e-02
1.858889e-02
1.863010e-02
1.866916e-02
1.871267e-02
1.875372e-02
1.879516e-02
1.883629e-02
1.887765e-02
1.891886e-02
1.896015e-02
1.900135e-02
1.904256e-02
1.908377e-02
1.912498e-02
1.916618e-02
1.920516e-02
1.924852e-02
1.928911e-02
1.933078e-02
1.937214e-02
1.941351e-02
1.945487e-02
1.949615e-02
1.953744e-02
1.957864e-02
1.961993e-02
1.966113e-02
1.970234e-02
1.974132e-02
1.978476e-02
1.982589e-02
1.986717e-02
1.990846e-02
1.994974e-02
1.999103e-02
2.003231e-02
2.007344e-02
2.011465e-02
2.015586e-02
2.019714e-02
2.023835e-02
2.027956e-02
2.032084e-02
2.036312e-02
2.040318e-02
2.044446e-02
2.048552e-02
2.052657e-02
2.056786e-02
2.060922e-02
2.065042e-02
2.069163e-02
2.073276e-02
2.077405e-02
2.081533e-02
2.085662e-02
2.089790e-02
2.093911e-02
2.097809e-02
2.102145e-02
2.106258e-02
2.110401e-02
2.114545e-02
2.118681e-02
2.122794e-02
2.126923e-02
2.131044e-02
2.135164e-02
2.139293e-02
2.143414e-02
2.147542e-02
2.151655e-02
2.155776e-02
2.159897e-02
2.164025e-02
2.168130e-02
2.172151e-02
2.176326e-02
2.180454e-02
2.184598e-02
2.188742e-02
2.192870e-02
2.197006e-02
2.201135e-02
2.205263e-02
2.209384e-02
2.213505e-02
2.217626e-02
2.221762e-02
2.225875e-02
2.229996e-02
2.234116e-02
2.238245e-02
2.242289e-02
2.246394e-02
2.250561e-02
2.254697e-02
2.258833e-02
2.262969e-02
2.267105e-02
2.271226e-02
2.275355e-02
2.279475e-02
2.283611e-02
2.287725e-02
2.291845e-02
2.295966e-02
2.300094e-02
2.304208e-02
2.308336e-02
2.312457e-02
2.316585e-02
2.320698e-02
2.324589e-02
2.328947e-02
2.333061e-02
2.337189e-02
2.341317e-02
2.345446e-02
2.349574e-02
2.353687e-02
1.971365e-02
1.976361e-02
1.595835e-02
1.599948e-02
1.604077e-02
1.608198e-02
1.612326e-02
1.616439e-02
1.620560e-02
1.624673e-02
1.628817e-02
1.632922e-02
1.637035e-02
1.641156e-02
1.645062e-02
1.649397e-02
1.653511e-02
1.657647e-02
1.661790e-02
1.665919e-02
1.670047e-02
1.674168e-02
1.678297e-02
1.682417e-02
1.686538e-02
1.690659e-02
1.694787e-02
1.698900e-02
1.703021e-02
1.707142e-02
1.711270e-02
1.715383e-02
1.719504e-02
1.723625e-02
1.727753e-02
1.731866e-02
1.735995e-02
1.740116e-02
1.744244e-02
1.748357e-02
1.752255e-02
1.756606e-02
1.760719e-02
1.764848e-02
1.768976e-02
1.773105e-02
1.777233e-02
1.781354e-02
1.785475e-02
1.789595e-02
1.793724e-02
1.797837e-02
1.801965e-02
1.806086e-02
1.810215e-02
1.814328e-02
1.818448e-02
1.822569e-02
1.826698e-02
1.830811e-02
1.834931e-02
1.839060e-02
1.843188e-02
1.847301e-02
1.851422e-02
1.855528e-02
1.859664e-02
1.863784e-02
1.867905e-02
1.871803e-02
1.876162e-02
1.880267e-02
1.884404e-02
1.888532e-02
1.892660e-02
1.896789e-02
1.900910e-02
1.905030e-02
1.909159e-02
1.913280e-02
1.917400e-02
1.921521e-02
1.925642e-02
1.929763e-02
1.933883e-02
1.938004e-02
1.942125e-02
1.946246e-02
1.950374e-02
1.954487e-02
1.958608e-02
1.962736e-02
1.966857e-02
1.970978e-02
1.975099e-02
1.979219e-02
1.983348e-02
1.987469e-02
1.991589e-02
1.995710e-02
1.999831e-02
2.003952e-02
2.008072e-02
2.012201e-02
2.016322e-02
2.020427e-02
2.024448e-02
2.028615e-02
2.032766e-02
2.036902e-02
2.041038e-02
2.045175e-02
2.049303e-02
2.053431e-02
2.057552e-02
2.061681e-02
2.065809e-02
2.069930e-02
2.074051e-02
2.078171e-02
2.082292e-02
2.086413e-02
2.090534e-02
2.094654e-02
2.098783e-02
2.102896e-02
2.107017e-02
2.111145e-02
2.115266e-02
2.119387e-02
2.123507e-02
2.127628e-02
2.131749e-02
2.135870e-02
2.139990e-02
2.144119e-02
2.148240e-02
2.152360e-02
2.156481e-02
2.160602e-02
2.164730e-02
2.168851e-02
2.172972e-02
2.177100e-02
2.181213e-02
2.185334e-02
2.189455e-02
2.193507e-02
2.197604e-02
2.201771e-02
2.205907e-02
2.210051e-02
2.214187e-02
2.218316e-02
2.222444e-02
2.226572e-02
2.230701e-02
2.234814e-02
2.238942e-02
2.243063e-02
2.247184e-02
2.251305e-02
2.255425e-02
2.259546e-02
2.263667e-02
2.267795e-02
2.271908e-02
2.276029e-02
2.280150e-02
2.284271e-02
2.288391e-02
2.292520e-02
2.296641e-02
2.300761e-02
2.304890e-02
2.309003e-02
2.313124e-02
2.317244e-02
2.321365e-02
2.325486e-02
2.329614e-02
2.333735e-02
2.337856e-02
2.341984e-02
2.346097e-02
2.350218e-02
1.967896e-02
1.972884e-02
1.979692e-02
1.984688e-02
1.604155e-02
1.608275e-02
1.612404e-02
1.616517e-02
1.620645e-02
1.624766e-02
1.628887e-02
1.633015e-02
1.637128e-02
1.641249e-02
1.645370e-02
1.649483e-02
1.653512e-02
1.657663e-02
1.661815e-02
1.665951e-02
1.670094e-02
1.674223e-02
1.678359e-02
1.682487e-02
1.686608e-02
1.690737e-02
1.694850e-02
1.698978e-02
1.703099e-02
1.707220e-02
1.711348e-02
1.715461e-02
1.719582e-02
1.723703e-02
1.727823e-02
1.731952e-02
1.736065e-02
1.740186e-02
1.744306e-02
1.748427e-02
1.752556e-02
1.756669e-02
1.760790e-02
1.764910e-02
1.769039e-02
1.773167e-02
1.777280e-02
1.781401e-02
1.785522e-02
1.789643e-02
1.793771e-02
1.797884e-02
1.802005e-02
1.806133e-02
1.810254e-02
1.814382e-02
1.818495e-02
1.822616e-02
1.826737e-02
1.830858e-02
1.834986e-02
1.839099e-02
1.843228e-02
1.847348e-02
1.851469e-02
1.855598e-02
1.859711e-02
1.863832e-02
1.867960e-02
1.872081e-02
1.876209e-02
1.880322e-02
1.884443e-02
1.888564e-02
1.892685e-02
1.896813e-02
1.900926e-02
1.905054e-02
1.909175e-02
1.913296e-02
1.917424e-02
1.921537e-02
1.925658e-02
1.929787e-02
1.933907e-02
1.938036e-02
1.942149e-02
1.946270e-02
1.950390e-02
1.954511e-02
1.958563e-02
1.962661e-02
1.966827e-02
1.970971e-02
1.975107e-02
1.979243e-02
1.983364e-02
1.987493e-02
1.991629e-02
1.995750e-02
1.999878e-02
2.003991e-02
2.008112e-02
2.012233e-02
2.016353e-02
2.020482e-02
2.024595e-02
2.028716e-02
2.032836e-02
2.036957e-02
2.041078e-02
2.045206e-02
2.049327e-02
2.053448e-02
2.057569e-02
2.061689e-02
2.065810e-02
2.069931e-02
2.074052e-02
2.078172e-02
2.082293e-02
2.086414e-02
2.090535e-02
2.094655e-02
2.098776e-02
2.102897e-02
2.107025e-02
2.111146e-02
2.115267e-02
2.119388e-02
2.123508e-02
2.127629e-02
2.131750e-02
2.135871e-02
2.139991e-02
2.144112e-02
2.148241e-02
2.152361e-02
2.156482e-02
2.160603e-02
2.164724e-02
2.168844e-02
2.172973e-02
2.177094e-02
2.181214e-02
2.185335e-02
2.189456e-02
2.193577e-02
2.197697e-02
2.201818e-02
2.205939e-02
2.210067e-02
2.214188e-02
2.218309e-02
2.222430e-02
2.226550e-02
2.230671e-02
2.234792e-02
2.238913e-02
2.243033e-02
2.247154e-02
2.251283e-02
2.255403e-02
2.259524e-02
2.263645e-02
2.267766e-02
2.271886e-02
2.276015e-02
2.280136e-02
2.284256e-02
2.288377e-02
2.292498e-02
2.296619e-02
2.300739e-02
2.304860e-02
2.308981e-02
2.313109e-02
2.317230e-02
2.321351e-02
2.325472e-02
2.329592e-02
2.333713e-02
2.337834e-02
2.341955e-02
2.346075e-02
2.350196e-02
2.354325e-02
1.971987e-02
1.976991e-02
1.596457e-02
1.600578e-02
1.604699e-02
1.608819e-02
1.612948e-02
1.617061e-02
1.621189e-02
1.625310e-02
1.629439e-02
1.633552e-02
1.637672e-02
1.641793e-02
1.645914e-02
1.650035e-02
1.654155e-02
1.658284e-02
1.662405e-02
1.666525e-02
1.670646e-02
1.674775e-02
1.678888e-02
1.683008e-02
1.687129e-02
1.691250e-02
1.695371e-02
1.699499e-02
1.703620e-02
1.707725e-02
1.711754e-02
1.715928e-02
1.720072e-02
1.724201e-02
1.728337e-02
1.732465e-02
1.736601e-02
1.740722e-02
1.744851e-02
1.748964e-02
1.753092e-02
1.757213e-02
1.761334e-02
1.765454e-02
1.769583e-02
1.773696e-02
1.777817e-02
1.781937e-02
1.786058e-02
1.790179e-02
1.794307e-02
1.798413e-02
1.802541e-02
1.806662e-02
1.810783e-02
1.814903e-02
1.819032e-02
1.823145e-02
1.827266e-02
1.831386e-02
1.835507e-02
1.839628e-02
1.843756e-02
1.847870e-02
1.851990e-02
1.856111e-02
1.860232e-02
1.864353e-02
1.868481e-02
1.872594e-02
1.876723e-02
1.880843e-02
1.884964e-02
1.889085e-02
1.893213e-02
1.897326e-02
1.901447e-02
1.905568e-02
1.909689e-02
1.913809e-02
1.917938e-02
1.922051e-02
1.926179e-02
1.930300e-02
1.934421e-02
1.938542e-02
1.942670e-02
1.946783e-02
1.950904e-02
1.955025e-02
1.959145e-02
1.963266e-02
1.967402e-02
1.971508e-02
1.975636e-02
1.979757e-02
1.983878e-02
1.987998e-02
1.992127e-02
1.996240e-02
2.000361e-02
2.004481e-02
2.008602e-02
2.012731e-02
2.016859e-02
2.020972e-02
2.025093e-02
2.029214e-02
2.033334e-02
2.037455e-02
2.041584e-02
2.045697e-02
2.049817e-02
2.053938e-02
2.058059e-02
2.062187e-02
2.066316e-02
2.070429e-02
2.074550e-02
2.078670e-02
2.082791e-02
2.086912e-02
2.091033e-02
2.095153e-02
2.099282e-02
2.103403e-02
2.107523e-02
2.111644e-02
2.115773e-02
2.119886e-02
2.124006e-02
2.128127e-02
2.132248e-02
2.136369e-02
2.140489e-02
2.144610e-02
2.148739e-02
2.152859e-02
2.156980e-02
2.161101e-02
2.165222e-02
2.169342e-02
2.173463e-02
2.177584e-02
2.181705e-02
2.185825e-02
2.189946e-02
2.194075e-02
2.198195e-02
2.202316e-02
2.206437e-02
2.210558e-02
2.214678e-02
2.218799e-02
2.222920e-02
2.227041e-02
2.231162e-02
2.235282e-02
2.239403e-02
2.243531e-02
2.247652e-02
2.251773e-02
2.255894e-02
2.260015e-02
2.264135e-02
2.268256e-02
2.272377e-02
2.276498e-02
2.280618e-02
2.284739e-02
2.288860e-02
2.292988e-02
2.297109e-02
2.301230e-02
2.305351e-02
2.309471e-02
2.313592e-02
2.317713e-02
2.321834e-02
2.325954e-02
2.330075e-02
2.334196e-02
2.338317e-02
2.342437e-02
2.346566e-02
2.350687e-02
1.968357e-02
1.973353e-02
1.978308e-02
1.983304e-02
1.602770e-02
1.606891e-02
1.611012e-02
1.615133e-02
1.619253e-02
1.623374e-02
1.627503e-02
1.631623e-02
1.635744e-02
1.639865e-02
1.643986e-02
1.648106e-02
1.652227e-02
1.656348e-02
1.660469e-02
1.664589e-02
1.668710e-02
1.672831e-02
1.676959e-02
1.681080e-02
1.685201e-02
1.689322e-02
1.693442e-02
1.697571e-02
1.701684e-02
1.705805e-02
1.709925e-02
1.714046e-02
1.718167e-02
1.722288e-02
1.726408e-02
1.730537e-02
1.734658e-02
1.738778e-02
1.742899e-02
1.747020e-02
1.751148e-02
1.755261e-02
1.759382e-02
1.763503e-02
1.767624e-02
1.771744e-02
1.775865e-02
1.779994e-02
1.784107e-02
1.788228e-02
1.792348e-02
1.796469e-02
1.800590e-02
1.804711e-02
1.808847e-02
1.812952e-02
1.817080e-02
1.821201e-02
1.825322e-02
1.829443e-02
1.833564e-02
1.837692e-02
1.841805e-02
1.845926e-02
1.850047e-02
1.854167e-02
1.858288e-02
1.862409e-02
1.866537e-02
1.870650e-02
1.874779e-02
1.878900e-02
1.883020e-02
1.887141e-02
1.891262e-02
1.895390e-02
1.899503e-02
1.903624e-02
1.907745e-02
1.911866e-02
1.915986e-02
1.920107e-02
1.924236e-02
1.928349e-02
1.932477e-02
1.936598e-02
1.940719e-02
1.944839e-02
1.948960e-02
1.953089e-02
1.957202e-02
1.961322e-02
1.965443e-02
1.969564e-02
1.973685e-02
1.977805e-02
1.981934e-02
1.986047e-02
1.990168e-02
1.994296e-02
1.998417e-02
2.002538e-02
2.006658e-02
2.010787e-02
2.014900e-02
2.019021e-02
2.023141e-02
2.027262e-02
2.031383e-02
