0.000000e+00
4.555511e-05
9.111023e-05
1.366653e-04
1.822205e-04
2.277756e-04
2.733307e-04
3.188858e-04
3.644409e-04
4.099960e-04
4.555511e-04
5.011062e-04
5.466614e-04
5.922165e-04
6.377716e-04
6.833267e-04
7.288818e-04
7.744369e-04
8.199920e-04
8.655471e-04
9.111023e-04
9.566574e-04
1.002212e-03
1.047768e-03
1.093323e-03
1.138878e-03
1.184433e-03
1.229988e-03
1.275543e-03
1.321098e-03
1.366653e-03
1.412208e-03
1.457764e-03
1.503319e-03
1.548874e-03
1.594429e-03
1.639984e-03
1.685539e-03
1.731094e-03
1.776649e-03
1.822205e-03
1.867760e-03
2.875022e-03
3.886974e-03
4.369056e-03
4.582270e-03
4.672489e-03
4.714099e-03
4.725251e-03
4.750499e-03
4.775096e-03
4.819228e-03
4.878572e-03
4.960351e-03
5.035966e-03
5.078429e-03
4.726077e-03
3.264739e-03
2.406718e-04
-4.368168e-03
-6.660597e-03
-1.077620e-02
-1.309005e-02
-1.372718e-02
-2.040244e-02
-2.972433e-02
-3.203575e-02
-2.872196e-02
-1.543167e-02
1.583818e-02
5.516639e-02
1.109328e-01
1.768837e-01
2.541374e-01
3.433700e-01
4.318645e-01
5.276894e-01
6.328873e-01
7.446469e-01
8.444236e-01
9.208538e-01
9.734747e-01
1.005968e+00
1.023465e+00
1.036614e+00
1.044772e+00
1.047770e+00
1.051507e+00
1.049037e+00
1.053606e+00
1.051828e+00
1.050441e+00
1.049133e+00
1.054346e+00
1.053324e+00
1.052365e+00
1.051417e+00
1.050490e+00
1.049769e+00
1.055565e+00
1.054852e+00
1.054160e+00
1.053460e+00
1.052894e+00
1.052332e+00
1.051795e+00
1.051260e+00
1.050729e+00
1.050202e+00
1.049678e+00
1.055865e+00
1.055444e+00
1.055027e+00
1.054614e+00
1.054223e+00
1.053836e+00
1.053443e+00
1.054423e+00
1.055391e+00
1.055642e+00
1.055577e+00
1.055383e+00
1.055160e+00
1.055012e+00
1.054977e+00
1.055159e+00
1.055638e+00
1.056467e+00
1.057731e+00
1.059553e+00
1.061989e+00
1.065061e+00
1.062004e+00
1.065352e+00
1.061533e+00
1.063450e+00
1.058464e+00
1.059100e+00
1.058840e+00
1.057359e+00
1.054406e+00
1.050033e+00
1.044806e+00
1.043971e+00
1.042335e+00
1.039687e+00
1.035197e+00
1.028311e+00
1.015413e+00
1.000075e+00
9.838123e-01
9.715938e-01
9.630360e-01
9.587154e-01
9.613817e-01
9.691056e-01
9.857270e-01
1.010765e+00
1.032822e+00
1.045437e+00
1.051381e+00
1.050567e+00
1.049552e+00
1.054961e+00
1.053912e+00
1.052975e+00
1.052160e+00
1.051454e+00
1.050872e+00
1.050378e+00
1.049968e+00
1.056340e+00
1.056066e+00
1.055846e+00
1.055673e+00
1.055541e+00
1.055452e+00
1.055397e+00
1.055382e+00
1.055410e+00
1.055486e+00
1.055638e+00
1.055839e+00
1.056131e+00
1.056532e+00
1.057060e+00
1.057738e+00
1.058607e+00
1.059704e+00
1.061080e+00
1.062785e+00
1.058137e+00
1.060687e+00
1.063755e+00
1.060703e+00
1.064932e+00
1.063184e+00
1.062105e+00
1.068341e+00
1.068861e+00
1.070264e+00
1.072519e+00
1.075907e+00
1.074254e+00
1.080270e+00
1.082037e+00
1.085819e+00
1.091885e+00
1.094862e+00
1.096894e+00
1.103882e+00
1.103911e+00
1.105568e+00
1.104534e+00
1.103934e+00
1.099427e+00
1.094212e+00
1.081103e+00
1.063111e+00
1.036565e+00
1.001830e+00
9.628876e-01
9.192994e-01
8.701491e-01
8.136320e-01
7.488359e-01
6.728654e-01
5.898266e-01
5.016026e-01
4.122301e-01
3.258607e-01
2.507781e-01
1.888237e-01
1.403690e-01
1.012182e-01
7.587730e-02
5.753874e-02
4.654986e-02
3.924667e-02
3.185919e-02
2.831138e-02
2.474504e-02
2.113482e-02
2.135573e-02
2.154947e-02
2.172958e-02
2.189021e-02
2.203434e-02
2.217479e-02
2.230524e-02
2.242656e-02
2.254111e-02
2.264940e-02
2.275736e-02
2.284490e-02
2.294669e-02
2.304110e-02
2.312058e-02
2.321190e-02
2.328688e-02
2.337319e-02
2.344422e-02
2.352561e-02
2.359351e-02
2.367455e-02
2.373521e-02
2.380565e-02
2.387730e-02
2.393963e-02
2.400390e-02
2.407329e-02
2.413207e-02
2.419377e-02
2.426265e-02
2.431527e-02
2.437640e-02
2.443796e-02
2.450056e-02
2.455131e-02
2.460889e-02
2.466358e-02
2.087429e-02
2.094383e-02
1.714831e-02
1.720230e-02
1.725552e-02
1.730890e-02
1.736185e-02
1.742075e-02
1.746898e-02
1.752074e-02
1.757168e-02
1.762294e-02
1.767385e-02
1.772467e-02
1.778103e-02
1.782744e-02
1.787715e-02
1.792621e-02
1.797565e-02
1.802486e-02
1.807395e-02
1.812288e-02
1.817147e-02
1.822605e-02
1.827045e-02
1.831843e-02
1.837002e-02
1.841368e-02
1.846213e-02
1.850863e-02
1.855614e-02
1.860320e-02
1.865036e-02
1.869732e-02
1.875231e-02
1.879173e-02
1.883989e-02
1.888461e-02
1.893143e-02
1.897723e-02
1.902349e-02
1.906949e-02
1.911556e-02
1.916148e-02
1.920728e-02
1.925300e-02
1.929873e-02
1.934430e-02
1.938979e-02
1.943517e-02
1.948853e-02
1.952645e-02
1.957318e-02
1.961643e-02
1.966177e-02
1.970629e-02
1.975128e-02
1.979596e-02
1.984076e-02
1.988556e-02
1.992990e-02
1.997476e-02
2.001915e-02
2.006363e-02
2.010816e-02
2.015245e-02
2.019673e-02
2.024111e-02
2.028528e-02
2.032941e-02
2.037341e-02
2.041780e-02
2.046165e-02
2.051354e-02
2.055004e-02
2.059621e-02
2.063742e-02
2.068197e-02
2.072501e-02
2.076866e-02
2.081267e-02
2.085605e-02
2.089951e-02
2.094352e-02
2.098916e-02
2.103202e-02
2.107419e-02
2.111757e-02
2.116130e-02
2.120377e-02
2.124750e-02
2.129119e-02
2.133371e-02
2.137732e-02
2.142087e-02
2.146339e-02
2.150689e-02
2.154992e-02
2.159363e-02
2.163591e-02
2.167934e-02
2.172225e-02
2.176534e-02
2.180830e-02
2.185131e-02
2.189520e-02
2.193594e-02
2.198098e-02
2.202205e-02
2.206693e-02
2.210746e-02
2.215792e-02
2.219478e-02
2.223947e-02
2.227924e-02
2.232368e-02
2.236454e-02
2.240905e-02
2.244960e-02
2.249457e-02
2.253445e-02
2.257938e-02
2.262011e-02
2.266487e-02
2.270476e-02
2.274939e-02
2.279050e-02
2.283460e-02
2.287587e-02
2.291828e-02
2.296234e-02
2.300179e-02
2.304648e-02
2.308822e-02
2.313052e-02
2.317337e-02
2.321532e-02
2.325762e-02
2.329994e-02
2.334323e-02
2.338636e-02
2.342765e-02
2.346859e-02
2.351072e-02
2.355364e-02
2.359653e-02
2.363917e-02
2.368050e-02
2.372252e-02
2.376370e-02
2.380662e-02
2.384956e-02
2.389046e-02
2.393471e-02
2.397399e-02
2.401885e-02
2.405811e-02
2.410324e-02
2.414286e-02
2.418737e-02
2.422688e-02
2.427177e-02
2.431071e-02
2.435447e-02
2.439668e-02
2.443870e-02
2.448013e-02
2.452361e-02
2.456484e-02
2.460549e-02
2.078366e-02
2.083605e-02
1.702676e-02
1.707339e-02
1.711236e-02
1.715595e-02
1.719659e-02
1.724142e-02
1.728035e-02
1.732427e-02
1.736414e-02
1.740806e-02
1.745236e-02
1.749432e-02
1.753269e-02
1.757696e-02
1.761407e-02
1.766104e-02
1.769888e-02
1.774315e-02
1.778195e-02
1.782761e-02
1.786469e-02
1.791194e-02
1.794896e-02
1.799285e-02
1.803391e-02
1.807814e-02
1.811616e-02
1.816038e-02
1.820438e-02
1.824070e-02
1.828562e-02
1.832537e-02
1.836847e-02
1.841165e-02
1.845192e-02
1.849321e-02
1.853403e-02
1.857920e-02
1.862159e-02
1.866184e-02
1.870047e-02
1.874289e-02
1.878449e-02
1.882804e-02
1.887070e-02
1.891109e-02
1.895035e-02
1.899249e-02
1.903405e-02
1.907775e-02
1.911690e-02
1.916124e-02
1.919991e-02
1.924459e-02
1.928323e-02
1.932737e-02
1.936842e-02
1.941137e-02
1.945018e-02
1.949383e-02
1.953332e-02
1.957585e-02
1.961932e-02
1.965749e-02
1.970233e-02
1.974409e-02
1.978592e-02
1.982271e-02
1.986730e-02
1.990929e-02
1.994882e-02
1.999180e-02
2.003435e-02
2.007254e-02
2.011735e-02
2.015829e-02
2.019955e-02
2.023933e-02
2.028442e-02
2.032123e-02
2.036598e-02
2.040643e-02
2.044905e-02
2.049127e-02
2.052954e-02
2.057366e-02
2.061563e-02
2.065406e-02
2.069767e-02
2.074012e-02
2.077870e-02
2.082318e-02
2.086388e-02
2.090318e-02
2.094766e-02
2.098738e-02
2.102771e-02
2.107230e-02
2.111405e-02
2.115344e-02
2.119495e-02
2.123499e-02
2.127890e-02
2.132118e-02
2.136193e-02
2.140265e-02
2.144167e-02
2.148564e-02
2.152790e-02
2.156846e-02
2.160882e-02
2.165130e-02
2.169266e-02
2.173396e-02
2.177594e-02
2.181591e-02
2.185865e-02
2.189968e-02
2.194145e-02
2.198222e-02
2.202405e-02
2.206537e-02
2.210698e-02
2.214830e-02
2.219002e-02
2.223008e-02
2.227406e-02
2.231384e-02
2.235563e-02
2.239584e-02
2.243806e-02
2.247949e-02
2.252065e-02
2.256034e-02
2.260443e-02
2.264507e-02
2.268549e-02
2.272793e-02
2.276746e-02
2.281142e-02
2.285201e-02
2.289341e-02
2.293364e-02
2.297646e-02
2.301655e-02
2.305869e-02
2.309870e-02
2.314202e-02
2.318327e-02
2.322141e-02
2.326643e-02
2.330689e-02
2.334650e-02
2.339049e-02
2.343127e-02
2.347079e-02
2.351325e-02
2.355537e-02
2.359465e-02
2.363844e-02
2.367937e-02
2.372073e-02
2.376103e-02
2.380319e-02
2.384350e-02
2.388364e-02
2.392764e-02
2.396881e-02
2.401006e-02
2.404942e-02
2.409297e-02
2.413380e-02
2.417524e-02
2.421652e-02
2.425757e-02
2.429917e-02
2.434058e-02
2.438106e-02
2.442323e-02
2.446452e-02
2.450577e-02
2.454705e-02
2.458822e-02
2.076606e-02
2.081688e-02
1.700971e-02
1.705247e-02
1.709316e-02
1.713434e-02
1.717524e-02
1.721664e-02
1.725773e-02
1.729924e-02
1.734060e-02
1.738091e-02
1.742139e-02
1.746486e-02
1.750604e-02
1.754724e-02
1.758861e-02
1.762993e-02
1.767107e-02
1.771211e-02
1.775371e-02
1.779495e-02
1.783628e-02
1.787568e-02
1.791877e-02
1.796011e-02
1.800162e-02
1.804283e-02
1.808416e-02
1.812356e-02
1.816692e-02
1.820801e-02
1.824945e-02
1.829054e-02
1.833187e-02
1.837303e-02
1.841233e-02
1.845584e-02
1.849671e-02
1.853830e-02
1.857978e-02
1.862091e-02
1.866219e-02
1.870155e-02
1.874497e-02
1.878610e-02
1.882754e-02
1.886863e-02
1.890988e-02
1.895124e-02
1.899242e-02
1.903174e-02
1.907468e-02
1.911642e-02
1.915760e-02
1.919884e-02
1.924013e-02
1.928153e-02
1.932262e-02
1.936383e-02
1.940394e-02
1.944614e-02
1.948773e-02
1.952906e-02
1.957043e-02
1.961167e-02
1.965292e-02
1.969416e-02
1.973541e-02
1.977666e-02
1.981821e-02
1.985861e-02
1.990032e-02
1.994168e-02
1.998309e-02
2.002425e-02
2.006562e-02
2.010671e-02
2.014787e-02
2.018920e-02
2.023057e-02
2.027270e-02
2.031287e-02
2.035419e-02
2.039556e-02
2.043665e-02
2.047805e-02
2.051926e-02
2.056059e-02
2.060175e-02
2.064320e-02
2.068429e-02
2.072569e-02
2.076686e-02
2.080618e-02
2.084966e-02
2.089096e-02
2.093216e-02
2.097349e-02
2.101458e-02
2.105598e-02
2.109707e-02
2.113840e-02
2.117953e-02
2.122070e-02
2.126202e-02
2.130342e-02
2.134451e-02
2.138592e-02
2.142705e-02
2.146649e-02
2.150981e-02
2.155102e-02
2.159223e-02
2.163355e-02
2.167468e-02
2.171605e-02
2.175722e-02
2.179850e-02
2.183963e-02
2.188096e-02
2.192217e-02
2.196345e-02
2.200458e-02
2.204599e-02
2.208712e-02
2.212852e-02
2.216965e-02
2.221051e-02
2.225210e-02
2.229146e-02
2.233499e-02
2.237612e-02
2.241737e-02
2.245874e-02
2.249987e-02
2.254115e-02
2.258228e-02
2.262357e-02
2.266470e-02
2.270606e-02
2.274723e-02
2.278847e-02
2.282968e-02
2.287101e-02
2.291214e-02
2.295327e-02
2.299467e-02
2.303600e-02
2.307716e-02
2.311845e-02
2.315966e-02
2.320098e-02
2.324211e-02
2.328348e-02
2.332465e-02
2.336593e-02
2.340526e-02
2.344873e-02
2.348975e-02
2.353108e-02
2.357224e-02
2.361353e-02
2.365466e-02
2.369599e-02
2.373716e-02
2.377840e-02
2.381953e-02
2.386094e-02
2.390207e-02
2.394339e-02
2.398448e-02
2.402589e-02
2.406702e-02
2.410830e-02
2.414955e-02
2.419079e-02
2.423197e-02
2.427325e-02
2.431446e-02
2.435578e-02
2.439695e-02
2.443820e-02
2.447941e-02
2.452069e-02
2.456190e-02
2.073860e-02
2.078868e-02
1.698334e-02
1.702459e-02
1.706592e-02
1.710709e-02
1.714829e-02
1.718950e-02
1.723083e-02
1.727208e-02
1.731332e-02
1.735453e-02
1.739573e-02
1.743698e-02
1.747870e-02
1.751917e-02
1.756076e-02
1.760197e-02
1.764330e-02
1.768455e-02
1.772579e-02
1.776699e-02
1.780820e-02
1.784945e-02
1.789070e-02
1.793194e-02
1.797308e-02
1.801428e-02
1.805561e-02
1.809682e-02
1.813802e-02
1.817931e-02
1.822064e-02
1.826172e-02
1.830297e-02
1.834418e-02
1.838547e-02
1.842672e-02
1.846788e-02
1.850921e-02
1.855046e-02
1.859162e-02
1.863283e-02
1.867416e-02
1.871540e-02
1.875657e-02
1.879782e-02
1.883899e-02
1.888027e-02
1.892160e-02
1.896269e-02
1.900394e-02
1.904526e-02
1.908643e-02
1.912771e-02
1.916889e-02
1.921013e-02
1.925138e-02
1.929263e-02
1.933387e-02
1.937485e-02
1.941633e-02
1.945749e-02
1.949882e-02
1.954015e-02
1.958124e-02
1.962244e-02
1.966369e-02
1.970494e-02
1.974626e-02
1.978744e-02
1.982860e-02
1.986981e-02
1.991114e-02
1.995238e-02
1.999355e-02
2.003476e-02
2.007597e-02
2.011725e-02
2.015858e-02
2.019966e-02
2.024087e-02
2.028212e-02
2.032341e-02
2.036469e-02
2.040586e-02
2.044703e-02
2.048824e-02
2.052956e-02
2.057085e-02
2.061198e-02
2.065323e-02
2.069363e-02
2.073589e-02
2.077713e-02
2.081822e-02
2.085943e-02
2.090064e-02
2.094188e-02
2.098316e-02
2.102434e-02
2.106550e-02
2.110679e-02
2.114796e-02
2.118920e-02
2.123041e-02
2.127166e-02
2.131290e-02
2.135403e-02
2.139536e-02
2.143664e-02
2.147777e-02
2.151902e-02
2.156026e-02
2.159971e-02
2.164295e-02
2.168404e-02
2.172529e-02
2.176650e-02
2.180778e-02
2.184891e-02
2.189012e-02
2.193141e-02
2.197258e-02
2.201379e-02
2.205507e-02
2.209620e-02
2.213741e-02
2.217869e-02
2.221982e-02
2.226103e-02
2.230236e-02
2.234349e-02
2.238477e-02
2.242606e-02
2.246719e-02
2.250840e-02
2.254968e-02
