0.000000e+00
4.555511e-05
9.111023e-05
1.366653e-04
1.822205e-04
2.277756e-04
2.733307e-04
3.188858e-04
3.644409e-04
4.099960e-04
4.555511e-04
5.011062e-04
5.466614e-04
5.922165e-04
2.976176e-03
3.474832e-03
3.396251e-03
3.481909e-03
1.925528e-03
-1.280978e-02
-4.105446e-02
-8.357345e-02
-1.144432e-01
-4.432529e-02
4.572906e-02
1.972497e-01
3.763514e-01
5.487598e-01
7.052538e-01
8.313966e-01
9.219600e-01
9.799447e-01
1.010220e+00
1.030224e+00
1.038725e+00
1.041523e+00
1.045538e+00
1.049733e+00
1.057491e+00
1.057070e+00
1.057693e+00
1.063314e+00
1.069898e+00
1.076084e+00
1.071155e+00
1.065843e+00
1.046226e+00
1.018167e+00
9.629487e-01
9.210672e-01
9.105439e-01
9.190860e-01
9.574880e-01
1.001362e+00
1.022801e+00
1.041849e+00
1.048198e+00
1.055038e+00
1.055805e+00
1.057791e+00
1.062053e+00
1.070216e+00
1.077312e+00
1.084704e+00
1.101150e+00
1.119476e+00
1.153408e+00
1.188452e+00
1.219257e+00
1.239828e+00
1.251550e+00
1.241161e+00
1.178700e+00
1.085070e+00
9.873863e-01
8.883582e-01
7.804798e-01
6.704367e-01
5.630588e-01
4.605441e-01
3.653264e-01
2.781671e-01
2.086116e-01
1.560555e-01
1.129420e-01
8.344384e-02
6.465120e-02
4.584993e-02
3.442048e-02
2.679999e-02
2.301767e-02
1.923199e-02
1.544283e-02
1.551919e-02
1.558190e-02
1.565100e-02
1.572089e-02
1.577729e-02
1.584106e-02
1.590001e-02
1.596545e-02
1.601562e-02
1.607478e-02
1.612909e-02
1.618518e-02
1.623859e-02
1.629311e-02
1.634502e-02
1.639640e-02
1.644806e-02
1.649890e-02
1.654938e-02
1.659929e-02
1.664889e-02
1.669928e-02
1.674714e-02
1.679476e-02
1.684285e-02
1.689031e-02
1.693757e-02
1.698461e-02
1.703132e-02
1.707785e-02
1.712414e-02
1.717016e-02
1.721594e-02
1.726160e-02
1.731262e-02
1.735103e-02
1.739831e-02
1.744196e-02
1.748723e-02
1.368526e-02
1.373878e-02
1.379221e-02
1.384512e-02
1.389764e-02
1.395019e-02
1.400286e-02
1.405547e-02
1.410760e-02
1.415985e-02
1.421229e-02
1.426409e-02
1.431625e-02
1.436823e-02
1.441999e-02
1.447194e-02
1.452345e-02
1.457529e-02
1.462668e-02
1.467892e-02
1.472913e-02
1.478218e-02
1.483191e-02
1.488391e-02
1.493529e-02
1.498623e-02
1.503703e-02
1.508937e-02
1.514062e-02
1.519102e-02
1.524128e-02
1.529195e-02
1.534331e-02
1.539380e-02
1.544472e-02
1.549513e-02
1.554571e-02
1.559730e-02
1.564705e-02
1.569837e-02
1.574866e-02
1.580078e-02
1.584806e-02
1.590272e-02
1.595027e-02
1.600080e-02
1.605305e-02
1.610254e-02
1.615160e-02
1.620437e-02
1.625260e-02
1.630401e-02
1.635299e-02
1.640637e-02
1.645406e-02
1.650647e-02
1.655493e-02
1.660628e-02
1.665566e-02
1.670617e-02
1.675762e-02
1.680745e-02
1.685447e-02
1.690852e-02
1.695711e-02
1.700872e-02
1.705606e-02
1.710860e-02
1.715760e-02
1.720701e-02
1.725877e-02
1.730882e-02
1.735736e-02
1.740848e-02
1.745841e-02
1.750914e-02
1.755835e-02
1.760859e-02
1.765869e-02
1.770931e-02
1.775836e-02
1.780752e-02
1.785857e-02
1.790887e-02
1.795907e-02
1.800873e-02
1.805851e-02
1.810863e-02
1.815861e-02
1.820874e-02
1.825721e-02
1.830907e-02
1.835835e-02
1.840851e-02
1.845698e-02
1.850895e-02
1.855803e-02
1.860831e-02
1.865790e-02
1.870860e-02
1.875718e-02
1.880818e-02
1.885768e-02
1.890784e-02
1.895639e-02
1.900816e-02
1.905721e-02
1.910745e-02
1.915700e-02
1.920720e-02
1.925679e-02
1.930591e-02
1.935681e-02
1.940681e-02
1.945636e-02
1.950656e-02
1.955616e-02
1.960627e-02
1.580098e-02
1.584263e-02
1.588358e-02
1.592380e-02
1.596693e-02
1.600768e-02
1.604897e-02
1.609029e-02
1.613158e-02
1.617279e-02
1.621390e-02
1.625556e-02
1.629677e-02
1.633813e-02
1.637938e-02
1.642067e-02
1.646199e-02
1.650328e-02
1.654453e-02
1.658589e-02
1.662614e-02
1.666865e-02
1.670987e-02
1.675103e-02
1.679240e-02
1.683349e-02
1.687494e-02
1.691610e-02
1.695747e-02
1.699864e-02
1.704008e-02
1.708117e-02
1.712262e-02
1.716378e-02
1.720515e-02
1.724632e-02
1.728776e-02
1.732885e-02
1.737030e-02
1.741146e-02
1.745283e-02
1.749400e-02
1.753532e-02
1.757653e-02
1.761786e-02
1.765907e-02
1.770047e-02
1.774160e-02
1.778300e-02
1.782413e-02
