0.000000e+00
4.555511e-05
9.111023e-05
1.366653e-04
1.822205e-04
2.277756e-04
2.733307e-04
3.188858e-04
3.644409e-04
4.099960e-04
4.555511e-04
5.011062e-04
5.466614e-04
5.922165e-04
6.377716e-04
6.833267e-04
7.288818e-04
7.744369e-04
8.199920e-04
8.655471e-04
9.111023e-04
9.566574e-04
1.002212e-03
1.047768e-03
1.093323e-03
1.138878e-03
1.184433e-03
1.229988e-03
1.275543e-03
1.321098e-03
1.366653e-03
1.412208e-03
1.457764e-03
1.503319e-03
1.548874e-03
1.594429e-03
1.639984e-03
1.685539e-03
1.731094e-03
2.799922e-03
3.825588e-03
4.284548e-03
4.470049e-03
4.544258e-03
4.572215e-03
4.591413e-03
4.606997e-03
4.644355e-03
4.697178e-03
4.770665e-03
4.857413e-03
4.912537e-03
4.620397e-03
3.170928e-03
-6.028723e-05
-1.139952e-03
-4.056779e-03
-5.175804e-03
-8.778290e-03
-1.482921e-02
-1.997372e-02
-2.762652e-02
-3.320265e-02
-2.353734e-02
-2.040529e-03
3.624507e-02
8.938173e-02
1.537712e-01
2.330627e-01
3.211675e-01
4.112329e-01
5.088485e-01
6.162741e-01
7.327409e-01
8.381700e-01
9.165108e-01
9.695484e-01
1.002428e+00
1.020576e+00
1.033957e+00
1.042333e+00
1.045406e+00
1.048885e+00
1.052983e+00
1.051105e+00
1.049382e+00
1.054532e+00
1.053202e+00
1.051953e+00
1.050734e+00
1.049786e+00
1.055364e+00
1.054430e+00
1.053690e+00
1.052947e+00
1.052242e+00
1.051538e+00
1.050840e+00
1.050144e+00
1.049605e+00
1.055663e+00
1.055108e+00
1.054577e+00
1.054050e+00
1.053526e+00
1.053012e+00
1.052589e+00
1.052177e+00
1.051789e+00
1.051407e+00
1.051046e+00
1.052115e+00
1.053090e+00
1.053306e+00
1.053263e+00
1.053141e+00
1.053093e+00
1.053180e+00
1.053528e+00
1.054234e+00
1.055454e+00
1.057285e+00
1.059920e+00
1.063402e+00
1.061171e+00
1.066097e+00
1.064472e+00
1.062161e+00
1.065461e+00
1.062049e+00
1.064181e+00
1.059776e+00
1.060171e+00
1.059310e+00
1.056938e+00
1.053591e+00
1.048789e+00
1.045264e+00
1.038420e+00
1.024542e+00
1.003535e+00
9.772932e-01
9.528363e-01
9.375761e-01
9.278989e-01
9.279446e-01
9.397798e-01
9.665941e-01
9.961613e-01
1.021782e+00
1.036390e+00
1.045598e+00
1.049028e+00
1.052911e+00
1.050688e+00
1.048858e+00
1.053992e+00
1.052783e+00
1.051823e+00
1.051058e+00
1.050431e+00
1.049941e+00
1.056298e+00
1.055985e+00
1.055737e+00
1.055548e+00
1.055414e+00
1.055320e+00
1.055284e+00
1.055289e+00
1.055347e+00
1.055471e+00
1.055699e+00
1.055999e+00
1.056436e+00
1.057009e+00
1.057766e+00
1.058746e+00
1.060002e+00
1.061596e+00
1.063608e+00
1.059320e+00
1.062353e+00
1.065989e+00
1.063612e+00
1.061949e+00
1.067711e+00
1.067755e+00
1.068693e+00
1.070616e+00
1.073601e+00
1.077792e+00
1.077109e+00
1.078172e+00
1.081518e+00
1.084407e+00
1.092788e+00
1.098318e+00
1.106088e+00
1.107835e+00
1.110092e+00
1.114088e+00
1.109069e+00
1.107683e+00
1.100732e+00
1.086638e+00
1.068428e+00
1.043473e+00
1.010167e+00
9.699067e-01
9.263086e-01
8.743969e-01
8.164158e-01
7.455368e-01
6.644967e-01
5.762391e-01
4.865746e-01
3.947163e-01
3.108536e-01
2.367170e-01
1.768142e-01
1.311738e-01
9.884074e-02
7.321123e-02
5.475509e-02
3.986304e-02
3.252744e-02
2.521083e-02
2.168458e-02
1.815795e-02
1.457102e-02
1.476981e-02
1.494432e-02
1.512378e-02
1.527107e-02
1.541771e-02
1.555148e-02
1.567737e-02
1.579805e-02
1.590413e-02
1.602129e-02
1.612514e-02
1.623036e-02
1.632306e-02
1.640999e-02
1.650384e-02
1.659881e-02
1.668114e-02
1.677172e-02
1.684925e-02
1.693947e-02
1.700898e-02
1.708774e-02
1.716894e-02
1.723986e-02
1.731300e-02
1.739114e-02
1.745834e-02
1.752868e-02
1.760593e-02
1.766722e-02
1.773670e-02
1.780242e-02
1.788172e-02
1.793589e-02
1.800384e-02
1.806589e-02
1.813058e-02
1.820230e-02
1.825769e-02
1.832225e-02
1.838253e-02
1.844489e-02
1.850583e-02
1.857548e-02
1.862843e-02
1.869068e-02
1.874848e-02
1.880923e-02
1.886788e-02
1.892743e-02
1.898612e-02
1.905065e-02
1.910491e-02
1.916307e-02
1.922005e-02
1.927786e-02
1.933500e-02
1.939242e-02
1.944933e-02
1.950652e-02
1.957105e-02
1.962043e-02
1.967830e-02
1.973291e-02
1.979346e-02
1.984505e-02
1.992007e-02
1.997487e-02
2.004891e-02
2.010422e-02
2.017780e-02
2.023309e-02
2.030647e-02
2.036690e-02
2.043623e-02
2.049075e-02
2.056293e-02
2.061753e-02
2.069002e-02
2.074450e-02
2.081695e-02
2.087127e-02
2.094352e-02
2.099765e-02
2.106987e-02
2.112388e-02
1.732248e-02
1.736763e-02
1.741265e-02
1.745760e-02
1.751031e-02
1.754783e-02
1.759430e-02
1.763691e-02
1.768212e-02
1.772616e-02
1.777068e-02
1.781514e-02
1.785950e-02
1.790378e-02
1.794816e-02
1.799233e-02
1.803646e-02
1.808050e-02
1.812493e-02
1.816874e-02
1.821276e-02
1.825657e-02
1.830122e-02
1.834420e-02
1.838853e-02
1.843194e-02
1.847568e-02
1.851972e-02
1.856314e-02
1.860664e-02
1.865060e-02
1.869884e-02
1.873949e-02
1.878157e-02
1.882515e-02
1.886776e-02
1.891176e-02
1.895412e-02
1.899811e-02
1.904072e-02
1.908472e-02
1.912984e-02
1.917163e-02
1.921412e-02
1.925715e-02
1.930006e-02
1.934310e-02
1.938614e-02
1.942910e-02
1.947211e-02
1.951596e-02
1.955682e-02
1.960181e-02
1.964293e-02
1.968784e-02
1.972834e-02
1.977342e-02
1.981404e-02
1.985874e-02
1.989992e-02
1.994446e-02
1.998517e-02
2.003018e-02
2.007013e-02
2.011507e-02
2.015583e-02
2.020063e-02
2.024060e-02
2.028523e-02
2.032634e-02
2.037052e-02
2.041163e-02
2.045458e-02
2.049818e-02
2.053813e-02
2.058232e-02
2.062441e-02
2.066659e-02
2.071451e-02
2.075296e-02
2.079489e-02
2.083662e-02
2.087976e-02
2.092266e-02
2.096403e-02
2.100489e-02
2.104707e-02
2.108982e-02
2.113295e-02
2.117557e-02
2.121701e-02
2.125894e-02
2.130000e-02
2.134287e-02
2.138594e-02
2.142635e-02
2.147014e-02
2.151102e-02
2.155565e-02
2.159490e-02
2.163891e-02
2.168014e-02
2.172267e-02
2.176397e-02
2.180770e-02
2.184888e-02
2.188992e-02
2.193291e-02
2.197555e-02
2.201657e-02
2.205757e-02
2.210107e-02
2.214377e-02
2.218310e-02
2.222852e-02
2.226568e-02
2.231264e-02
2.235157e-02
2.239464e-02
2.243551e-02
2.247876e-02
2.251868e-02
2.256453e-02
2.260113e-02
2.264824e-02
2.268587e-02
2.272980e-02
2.277054e-02
2.281561e-02
2.285209e-02
2.289986e-02
2.293659e-02
2.298102e-02
2.302127e-02
2.306663e-02
2.310249e-02
2.314947e-02
2.318847e-02
2.323172e-02
2.327286e-02
2.331544e-02
2.335864e-02
2.339503e-02
2.344005e-02
2.348168e-02
2.352197e-02
1.970174e-02
1.975143e-02
1.594605e-02
1.598736e-02
1.603162e-02
1.607368e-02
1.611428e-02
1.615365e-02
1.619556e-02
1.623705e-02
1.628080e-02
1.632329e-02
1.636397e-02
1.640300e-02
1.644513e-02
1.648669e-02
1.653053e-02
1.656959e-02
1.661268e-02
1.665404e-02
1.669731e-02
1.673630e-02
1.677989e-02
1.681913e-02
1.686408e-02
1.690302e-02
1.694535e-02
1.698872e-02
1.702749e-02
1.707131e-02
1.711190e-02
1.715307e-02
1.719314e-02
1.723771e-02
1.727869e-02
1.731802e-02
1.736197e-02
1.740095e-02
1.744546e-02
1.748640e-02
1.752530e-02
1.757066e-02
1.761031e-02
1.765333e-02
1.769178e-02
1.773506e-02
1.777793e-02
1.781524e-02
1.786065e-02
1.790119e-02
1.793921e-02
1.798482e-02
1.802560e-02
1.806604e-02
1.810968e-02
1.814868e-02
1.819233e-02
1.823320e-02
1.827373e-02
1.831436e-02
1.835833e-02
1.840048e-02
1.843855e-02
1.848170e-02
1.852161e-02
1.856521e-02
1.860637e-02
1.864787e-02
1.868944e-02
1.873310e-02
1.877489e-02
1.881079e-02
1.885577e-02
1.889445e-02
1.893831e-02
1.897741e-02
1.902029e-02
1.906053e-02
1.910400e-02
1.914245e-02
1.918653e-02
1.922602e-02
1.926962e-02
1.930811e-02
1.935266e-02
1.939167e-02
1.943526e-02
1.947552e-02
1.951785e-02
1.955906e-02
1.959929e-02
1.964170e-02
1.968415e-02
1.972414e-02
1.976589e-02
1.980617e-02
1.984849e-02
1.988774e-02
1.993180e-02
1.997290e-02
2.001342e-02
2.005551e-02
2.009413e-02
2.013888e-02
2.017983e-02
2.021913e-02
2.026315e-02
2.030373e-02
2.034322e-02
2.038711e-02
2.042778e-02
2.046739e-02
2.051107e-02
2.055193e-02
2.059168e-02
2.063504e-02
2.067515e-02
2.071763e-02
2.075787e-02
2.080000e-02
2.084148e-02
2.088377e-02
2.092397e-02
2.096537e-02
2.100670e-02
2.104702e-02
2.108911e-02
2.113064e-02
2.116993e-02
2.121391e-02
2.125485e-02
2.129617e-02
2.133561e-02
2.137925e-02
2.141889e-02
2.146164e-02
2.150083e-02
2.154444e-02
2.158565e-02
2.162697e-02
2.166810e-02
2.170838e-02
2.175052e-02
2.179212e-02
2.183328e-02
2.187277e-02
2.191604e-02
2.195757e-02
2.199874e-02
2.203995e-02
2.207947e-02
2.212287e-02
2.216377e-02
2.220525e-02
2.224646e-02
2.228602e-02
2.232922e-02
2.236961e-02
2.241188e-02
2.245305e-02
2.249403e-02
2.253655e-02
2.257676e-02
2.261824e-02
2.265909e-02
2.270053e-02
2.274197e-02
2.278306e-02
2.282423e-02
2.286591e-02
2.290719e-02
2.294852e-02
2.298878e-02
2.302930e-02
2.307261e-02
2.311401e-02
2.315507e-02
2.319639e-02
2.323764e-02
2.327878e-02
2.331821e-02
2.336180e-02
2.340274e-02
2.344411e-02
2.348535e-02
2.352660e-02
1.970330e-02
1.975346e-02
1.981942e-02
1.987161e-02
1.606620e-02
1.610663e-02
1.614909e-02
1.619018e-02
1.623139e-02
1.627268e-02
1.631384e-02
1.635329e-02
1.639687e-02
1.643782e-02
1.647906e-02
1.652050e-02
1.656159e-02
1.660284e-02
1.664420e-02
1.668538e-02
1.672654e-02
1.676603e-02
1.680935e-02
1.685075e-02
1.689176e-02
1.693301e-02
1.697426e-02
1.701555e-02
1.705687e-02
1.709785e-02
1.713933e-02
1.718049e-02
1.722166e-02
1.726312e-02
1.730421e-02
1.734581e-02
1.738705e-02
1.742837e-02
1.746954e-02
1.751079e-02
1.755195e-02
1.759340e-02
1.763449e-02
1.767574e-02
1.771698e-02
1.775835e-02
1.779944e-02
1.784127e-02
1.788170e-02
1.792330e-02
1.796462e-02
1.800595e-02
1.804708e-02
1.808848e-02
1.812957e-02
1.817094e-02
1.821203e-02
1.825343e-02
1.829464e-02
1.833596e-02
1.837705e-02
1.841842e-02
1.845959e-02
1.850091e-02
1.854297e-02
1.858329e-02
1.862454e-02
1.866586e-02
1.870699e-02
1.874840e-02
1.878956e-02
1.883109e-02
1.887193e-02
1.891342e-02
1.895467e-02
1.899600e-02
1.903721e-02
1.907849e-02
1.911970e-02
1.916098e-02
1.920219e-02
1.924348e-02
1.928468e-02
1.932601e-02
1.936714e-02
1.940850e-02
1.945055e-02
1.949088e-02
1.953209e-02
1.957338e-02
1.961470e-02
1.965583e-02
1.969712e-02
1.973848e-02
1.977961e-02
1.982101e-02
1.986214e-02
1.990350e-02
1.994468e-02
1.998596e-02
2.002717e-02
2.006850e-02
2.010963e-02
2.015099e-02
2.019212e-02
2.023345e-02
2.027462e-02
2.031594e-02
2.035715e-02
2.039843e-02
2.043968e-02
2.048096e-02
2.052210e-02
2.056342e-02
2.060459e-02
2.064591e-02
2.068705e-02
2.072845e-02
2.077042e-02
2.081071e-02
2.085204e-02
2.089328e-02
2.093441e-02
2.097577e-02
2.101694e-02
2.105835e-02
2.109948e-02
2.114084e-02
2.118197e-02
2.122330e-02
2.126450e-02
2.130579e-02
2.134692e-02
2.138828e-02
2.142945e-02
2.147074e-02
2.151195e-02
2.155323e-02
2.159436e-02
2.163569e-02
2.167690e-02
2.171818e-02
2.175931e-02
2.180060e-02
2.184185e-02
2.188317e-02
2.192434e-02
2.196555e-02
2.200675e-02
2.204808e-02
2.208933e-02
2.213049e-02
2.217178e-02
2.221299e-02
2.225424e-02
2.229556e-02
2.233673e-02
2.237794e-02
2.241914e-02
2.246047e-02
2.250172e-02
2.254289e-02
2.258409e-02
2.262538e-02
2.266663e-02
2.270788e-02
2.274904e-02
2.279033e-02
2.283153e-02
2.287278e-02
2.291403e-02
2.295515e-02
2.299653e-02
2.303785e-02
2.307918e-02
2.312031e-02
2.316148e-02
2.320299e-02
2.324370e-02
2.328533e-02
2.332654e-02
2.336782e-02
2.340895e-02
2.345020e-02
2.349137e-02
2.353257e-02
1.970932e-02
1.975928e-02
1.595402e-02
1.599519e-02
1.603643e-02
1.607764e-02
1.611889e-02
1.616018e-02
1.620131e-02
1.624263e-02
1.628380e-02
1.632501e-02
1.636633e-02
1.640746e-02
1.644875e-02
1.649000e-02
1.653116e-02
1.657245e-02
1.661370e-02
1.665486e-02
1.669611e-02
1.673744e-02
1.677861e-02
1.681981e-02
1.686106e-02
1.690223e-02
1.694356e-02
1.698488e-02
1.702597e-02
1.706718e-02
1.710843e-02
1.714967e-02
1.719100e-02
1.723217e-02
1.727334e-02
1.731454e-02
1.735587e-02
1.739711e-02
1.743828e-02
1.747949e-02
1.752070e-02
1.756198e-02
1.760331e-02
1.764440e-02
1.768561e-02
1.772686e-02
1.776814e-02
1.780935e-02
1.785060e-02
1.789176e-02
1.793297e-02
1.797430e-02
1.801546e-02
1.805671e-02
1.809796e-02
1.813913e-02
1.818034e-02
1.822166e-02
1.826283e-02
1.830404e-02
1.834536e-02
1.838649e-02
1.842770e-02
1.846903e-02
1.851019e-02
1.855148e-02
1.859265e-02
1.863382e-02
