0.000000e+00
4.555511e-05
3.964163e-03
4.018264e-03
7.957078e-03
8.002634e-03
8.048189e-03
8.093744e-03
8.139299e-03
8.184854e-03
8.230409e-03
8.275964e-03
8.321519e-03
8.367074e-03
8.412630e-03
8.458185e-03
8.503740e-03
8.549295e-03
8.594850e-03
8.640405e-03
8.685960e-03
8.731515e-03
8.777071e-03
8.822626e-03
8.868181e-03
8.913736e-03
8.959291e-03
9.004846e-03
9.050401e-03
9.095956e-03
9.141511e-03
9.187067e-03
9.232622e-03
9.278177e-03
9.323732e-03
9.369287e-03
9.414842e-03
9.460397e-03
9.505952e-03
9.551507e-03
9.597063e-03
9.642618e-03
9.712956e-03
9.747387e-03
9.774967e-03
9.807164e-03
9.849564e-03
9.894426e-03
9.939289e-03
9.987307e-03
1.003379e-02
1.008049e-02
1.012674e-02
1.017338e-02
1.021304e-02
1.025216e-02
1.028313e-02
1.030552e-02
1.032190e-02
1.032020e-02
1.035098e-02
1.036883e-02
1.040007e-02
1.043354e-02
1.050688e-02
1.077032e-02
1.134390e-02
1.248040e-02
1.428496e-02
1.291306e-02
1.672168e-02
2.116731e-02
2.453900e-02
2.192908e-02
2.107935e-02
1.325137e-02
8.244681e-03
8.394442e-03
6.290155e-03
5.157712e-03
4.555793e-03
4.277359e-03
4.122841e-03
4.032203e-03
3.983281e-03
3.969532e-03
3.977719e-03
3.980286e-03
4.002865e-03
4.020287e-03
4.047638e-03
4.064137e-03
4.099646e-03
4.127612e-03
4.161813e-03
4.194320e-03
4.227598e-03
4.262799e-03
4.297230e-03
4.334818e-03
4.368249e-03
4.406757e-03
4.441879e-03
4.478695e-03
4.516664e-03
4.555558e-03
4.593220e-03
4.631421e-03
4.669082e-03
4.707052e-03
4.744791e-03
4.782761e-03
4.820654e-03
4.858701e-03
4.895439e-03
4.934333e-03
4.974150e-03
6.662183e-03
8.376311e-03
9.171470e-03
9.503912e-03
9.607536e-03
9.614106e-03
9.576497e-03
9.540275e-03
9.524833e-03
9.514624e-03
9.536510e-03
9.581486e-03
9.650706e-03
9.724467e-03
9.733115e-03
9.317222e-03
7.666185e-03
4.036210e-03
-1.618687e-03
-5.247901e-03
-1.083791e-02
-1.866565e-02
-2.527310e-02
-3.113017e-02
-4.009565e-02
-4.892469e-02
-5.639633e-02
-6.128383e-02
-6.222331e-02
-5.461160e-02
-3.169123e-02
8.051941e-03
5.910747e-02
1.307405e-01
2.172762e-01
3.205336e-01
4.396493e-01
5.665560e-01
6.935595e-01
8.120056e-01
9.062262e-01
9.674239e-01
1.001633e+00
1.020087e+00
1.034070e+00
1.042970e+00
1.046251e+00
1.050314e+00
1.048262e+00
1.053315e+00
1.052014e+00
1.050978e+00
1.050134e+00
1.049455e+00
1.055657e+00
1.055210e+00
1.054845e+00
1.054549e+00
1.054313e+00
1.054134e+00
1.054001e+00
1.053918e+00
1.053887e+00
1.053909e+00
1.054011e+00
1.054168e+00
1.054419e+00
1.054783e+00
1.055274e+00
1.055924e+00
1.056768e+00
1.057836e+00
1.059184e+00
1.060870e+00
1.062957e+00
1.058725e+00
1.061768e+00
1.065380e+00
1.062909e+00
1.061149e+00
1.066655e+00
1.066352e+00
1.066858e+00
1.068244e+00
1.070488e+00
1.073865e+00
1.078452e+00
1.078254e+00
1.080010e+00
1.083775e+00
1.089855e+00
1.092825e+00
1.094861e+00
1.101865e+00
1.102092e+00
1.103833e+00
1.102967e+00
1.102633e+00
1.097198e+00
1.089685e+00
1.076909e+00
1.057365e+00
1.030646e+00
9.964074e-01
9.577498e-01
9.141564e-01
8.624990e-01
8.046916e-01
7.385038e-01
6.619042e-01
5.786760e-01
4.905059e-01
4.015921e-01
3.150937e-01
2.421363e-01
1.828769e-01
1.343615e-01
9.858354e-02
7.683810e-02
5.853142e-02
4.373105e-02
3.261048e-02
2.523411e-02
2.169918e-02
1.813080e-02
1.838784e-02
1.862935e-02
1.883036e-02
1.903425e-02
1.920087e-02
1.936929e-02
1.564299e-02
1.577086e-02
1.588959e-02
1.600164e-02
1.610747e-02
1.621292e-02
1.629834e-02
1.639780e-02
1.648568e-02
1.656664e-02
1.665529e-02
1.672904e-02
1.681323e-02
1.688253e-02
1.696196e-02
1.702803e-02
1.710708e-02
1.716617e-02
1.723463e-02
1.730462e-02
1.736517e-02
1.742779e-02
1.749548e-02
1.755265e-02
1.761274e-02
1.767996e-02
1.773123e-02
1.779070e-02
1.784657e-02
1.791134e-02
1.796022e-02
1.801709e-02
1.807042e-02
1.812514e-02
1.818461e-02
1.823434e-02
1.828706e-02
1.833902e-02
1.839112e-02
1.844285e-02
1.850055e-02
1.854760e-02
1.859817e-02
1.864797e-02
1.869808e-02
1.874789e-02
1.879761e-02
1.885287e-02
1.889822e-02
1.894687e-02
1.899491e-02
1.904333e-02
1.909153e-02
1.913964e-02
1.918760e-02
1.923526e-02
1.928882e-02
1.933233e-02
1.937937e-02
1.942588e-02
1.947238e-02
1.951935e-02
1.956585e-02
1.961243e-02
1.965886e-02
1.970521e-02
1.975140e-02
1.980550e-02
1.984433e-02
1.989160e-02
1.993565e-02
1.998162e-02
2.002674e-02
2.007225e-02
2.011752e-02
2.016287e-02
2.020807e-02
2.025319e-02
2.029824e-02
2.034329e-02
2.038818e-02
2.043299e-02
2.047773e-02
2.053037e-02
2.056782e-02
2.061379e-02
2.065653e-02
2.070119e-02
2.074516e-02
2.078952e-02
1.696913e-02
1.702209e-02
1.707456e-02
1.712736e-02
1.717976e-02
1.723249e-02
1.728481e-02
1.733745e-02
1.738962e-02
1.744219e-02
1.749428e-02
1.754678e-02
1.759879e-02
1.765121e-02
1.770314e-02
1.775541e-02
1.781512e-02
1.786024e-02
1.791349e-02
1.796383e-02
1.801584e-02
1.806742e-02
1.811912e-02
1.817108e-02
1.822255e-02
1.827451e-02
1.832606e-02
1.837787e-02
1.842942e-02
1.848114e-02
1.853262e-02
1.858442e-02
1.863567e-02
1.868747e-02
1.873879e-02
1.879036e-02
1.884168e-02
1.889326e-02
1.894442e-02
1.899600e-02
1.904716e-02
1.909874e-02
1.914975e-02
1.920125e-02
1.925234e-02
1.930376e-02
1.935477e-02
1.940619e-02
1.945720e-02
1.950839e-02
1.955948e-02
1.961067e-02
1.968013e-02
1.973124e-02
1.980609e-02
1.985345e-02
1.992260e-02
1.997287e-02
1.616876e-02
1.621082e-02
1.625333e-02
1.629546e-02
1.633805e-02
1.638017e-02
1.642269e-02
1.646482e-02
1.650733e-02
1.654938e-02
1.659189e-02
1.663402e-02
1.667638e-02
1.671866e-02
1.676048e-02
1.680323e-02
1.684497e-02
1.688741e-02
1.692961e-02
1.697166e-02
1.701379e-02
1.705607e-02
1.709813e-02
1.714010e-02
1.718208e-02
1.722474e-02
1.726641e-02
1.730854e-02
1.735028e-02
1.739295e-02
1.743470e-02
1.747675e-02
1.751842e-02
1.756162e-02
1.760221e-02
1.764495e-02
1.768662e-02
1.772875e-02
1.777126e-02
1.781186e-02
1.785498e-02
1.789581e-02
1.793924e-02
1.797937e-02
1.802265e-02
1.806348e-02
1.810683e-02
1.814697e-02
1.819009e-02
1.823107e-02
1.827420e-02
1.831456e-02
1.835753e-02
1.839851e-02
1.844141e-02
1.848200e-02
1.852589e-02
1.856396e-02
1.860961e-02
1.864791e-02
1.869310e-02
1.873163e-02
1.877675e-02
1.881535e-02
1.886062e-02
1.889845e-02
1.894411e-02
1.898731e-02
1.902944e-02
1.906658e-02
1.911101e-02
1.914961e-02
1.919450e-02
1.923264e-02
1.927822e-02
1.931529e-02
1.936095e-02
1.939939e-02
1.944490e-02
1.948196e-02
1.952708e-02
1.956652e-02
1.961088e-02
1.965009e-02
1.969253e-02
1.973619e-02
1.977302e-02
1.981845e-02
1.985866e-02
1.990041e-02
1.994299e-02
1.998351e-02
2.002510e-02
2.006715e-02
2.011059e-02
2.015272e-02
2.019331e-02
2.023245e-02
2.027419e-02
2.031570e-02
2.035922e-02
2.040157e-02
2.044209e-02
2.048123e-02
2.052328e-02
2.056472e-02
2.060846e-02
2.064744e-02
2.069156e-02
2.073024e-02
2.077474e-02
2.081334e-02
2.085731e-02
2.089768e-02
2.094119e-02
2.097986e-02
2.102399e-02
2.106304e-02
2.110540e-02
2.114884e-02
2.118790e-02
2.123125e-02
2.127330e-02
2.131505e-02
2.135188e-02
2.139716e-02
2.143783e-02
2.147765e-02
2.152055e-02
2.156306e-02
2.160112e-02
2.164640e-02
2.168691e-02
2.172881e-02
2.176749e-02
2.181253e-02
2.185036e-02
2.189380e-02
2.193454e-02
2.197805e-02
2.201888e-02
2.205740e-02
2.210237e-02
2.214319e-02
2.218179e-02
2.222630e-02
2.226743e-02
2.230618e-02
2.235053e-02
2.239174e-02
2.243057e-02
2.247492e-02
2.251575e-02
2.255481e-02
2.259932e-02
2.264106e-02
2.268142e-02
2.272171e-02
2.276200e-02
2.280574e-02
2.284802e-02
2.288877e-02
2.292936e-02
2.296834e-02
2.301270e-02
2.305444e-02
2.309496e-02
2.313532e-02
2.317776e-02
2.321912e-02
2.326025e-02
2.330215e-02
2.334305e-02
2.338464e-02
2.342585e-02
2.346744e-02
2.350834e-02
2.355008e-02
1.972694e-02
1.977713e-02
1.597187e-02
1.601346e-02
1.605467e-02
1.609733e-02
1.613724e-02
1.617898e-02
1.621911e-02
1.626124e-02
1.630276e-02
1.634397e-02
1.638348e-02
1.642753e-02
1.646813e-02
1.650949e-02
1.655077e-02
1.659052e-02
1.663426e-02
1.667485e-02
1.671622e-02
1.675742e-02
1.679909e-02
1.683922e-02
1.688128e-02
1.692133e-02
1.696461e-02
1.700582e-02
1.704511e-02
1.708885e-02
1.712952e-02
1.716896e-02
1.721278e-02
1.725360e-02
1.729312e-02
1.733648e-02
1.737753e-02
1.741690e-02
1.746056e-02
1.750154e-02
1.754290e-02
1.758311e-02
1.762532e-02
1.766660e-02
1.770589e-02
1.774955e-02
1.779076e-02
1.783197e-02
1.787133e-02
1.791492e-02
1.795567e-02
1.799710e-02
1.803839e-02
1.807952e-02
1.812096e-02
1.816232e-02
1.820276e-02
1.824489e-02
1.828617e-02
1.832738e-02
1.836866e-02
1.840979e-02
1.845146e-02
1.849259e-02
1.853227e-02
1.857562e-02
1.861652e-02
1.865796e-02
1.869894e-02
1.874030e-02
1.878143e-02
1.882295e-02
1.886431e-02
1.890559e-02
1.894488e-02
1.898839e-02
1.902944e-02
1.907073e-02
1.911201e-02
1.915337e-02
1.919443e-02
1.923556e-02
1.927707e-02
1.931836e-02
1.935964e-02
1.939908e-02
1.944252e-02
1.948334e-02
1.952486e-02
1.956606e-02
1.960735e-02
1.964679e-02
1.969007e-02
1.973120e-02
1.977256e-02
1.981369e-02
1.985498e-02
1.989626e-02
1.993540e-02
1.997891e-02
2.001973e-02
2.006132e-02
2.010276e-02
2.014389e-02
2.018517e-02
2.022462e-02
2.026782e-02
2.030895e-02
2.035031e-02
2.039144e-02
2.043265e-02
2.047401e-02
2.051514e-02
2.055451e-02
2.059740e-02
2.063915e-02
2.068028e-02
2.072156e-02
2.076277e-02
2.080421e-02
2.084526e-02
2.088647e-02
2.092760e-02
2.096873e-02
2.101025e-02
2.105153e-02
2.109282e-02
2.113410e-02
2.117531e-02
2.121659e-02
2.125780e-02
2.129908e-02
2.134060e-02
2.138104e-02
2.142271e-02
2.146407e-02
2.150543e-02
2.154664e-02
2.158792e-02
2.162905e-02
2.167026e-02
2.171154e-02
2.175283e-02
2.179496e-02
2.183509e-02
2.187645e-02
2.191774e-02
2.195887e-02
2.200023e-02
2.204144e-02
2.208272e-02
2.212393e-02
2.216529e-02
2.220642e-02
2.224778e-02
2.228899e-02
2.232835e-02
2.237171e-02
2.241292e-02
2.245413e-02
2.249541e-02
2.253654e-02
2.257790e-02
2.261903e-02
2.266032e-02
2.270145e-02
2.274258e-02
2.278394e-02
2.282530e-02
2.286643e-02
2.290779e-02
2.294892e-02
2.298837e-02
2.303165e-02
2.307285e-02
2.311406e-02
2.315535e-02
2.319648e-02
2.323784e-02
2.327897e-02
2.332025e-02
2.336138e-02
2.340267e-02
2.344387e-02
2.348516e-02
1.966178e-02
1.971190e-02
1.977982e-02
1.982994e-02
1.602452e-02
1.606581e-02
1.610702e-02
1.614646e-02
1.618974e-02
1.623087e-02
1.627208e-02
1.631344e-02
1.635457e-02
1.639585e-02
1.643698e-02
1.647827e-02
1.651940e-02
1.656076e-02
1.660189e-02
1.664317e-02
1.668438e-02
1.672567e-02
1.676680e-02
1.680793e-02
1.684929e-02
1.689057e-02
1.693178e-02
1.697307e-02
1.701427e-02
1.705556e-02
1.709669e-02
1.713805e-02
1.717918e-02
1.722046e-02
1.725983e-02
1.730326e-02
1.734424e-02
1.738552e-02
1.742673e-02
1.746802e-02
1.750915e-02
1.755043e-02
1.759156e-02
1.763285e-02
1.767398e-02
1.771534e-02
1.775647e-02
1.779775e-02
1.783889e-02
1.788025e-02
1.792138e-02
1.796266e-02
1.800387e-02
1.804515e-02
1.808628e-02
1.812757e-02
1.816878e-02
1.821006e-02
1.825127e-02
1.829248e-02
1.833368e-02
1.837497e-02
1.841618e-02
1.845738e-02
1.849867e-02
1.853987e-02
1.858108e-02
1.862237e-02
1.866357e-02
1.870478e-02
1.874599e-02
1.878727e-02
1.882848e-02
1.886977e-02
1.891097e-02
1.895218e-02
1.899339e-02
1.903506e-02
1.907557e-02
1.911716e-02
1.915837e-02
1.919966e-02
1.924086e-02
1.928215e-02
1.932336e-02
1.936456e-02
1.940577e-02
1.944698e-02
1.948826e-02
1.952939e-02
1.957060e-02
1.961189e-02
1.965309e-02
1.969430e-02
1.973559e-02
1.977687e-02
1.981800e-02
1.985921e-02
1.990042e-02
1.994170e-02
1.998291e-02
2.002412e-02
2.006540e-02
2.010661e-02
2.014782e-02
2.018902e-02
2.023031e-02
2.027159e-02
2.031272e-02
2.035393e-02
2.039514e-02
2.043642e-02
2.047771e-02
2.051884e-02
2.056004e-02
2.060133e-02
2.064254e-02
2.068382e-02
2.072495e-02
2.076624e-02
2.080744e-02
2.084865e-02
2.088994e-02
2.093091e-02
2.097235e-02
2.101356e-02
2.105484e-02
2.109613e-02
2.113726e-02
2.117847e-02
2.121967e-02
2.126096e-02
2.130224e-02
2.134337e-02
2.138458e-02
2.142579e-02
2.146707e-02
2.150836e-02
2.154949e-02
2.159069e-02
2.163190e-02
2.167319e-02
2.171447e-02
2.175560e-02
2.179681e-02
2.183802e-02
2.187930e-02
2.192059e-02
2.196172e-02
2.200292e-02
2.204413e-02
2.208542e-02
2.212670e-02
2.216783e-02
2.220904e-02
2.225025e-02
2.229153e-02
2.233282e-02
2.237395e-02
2.241515e-02
2.245636e-02
2.249765e-02
2.253893e-02
2.258006e-02
2.262127e-02
2.266255e-02
2.270368e-02
2.274497e-02
2.278618e-02
2.282738e-02
2.286867e-02
2.290980e-02
2.295108e-02
2.299237e-02
2.303350e-02
2.307471e-02
2.311599e-02
2.315543e-02
2.319864e-02
2.323977e-02
2.328097e-02
2.332218e-02
2.336347e-02
2.340460e-02
2.344580e-02
2.348709e-02
2.352822e-02
1.970492e-02
1.975496e-02
1.594954e-02
1.599075e-02
1.603204e-02
1.607317e-02
1.611437e-02
1.615566e-02
1.619679e-02
1.623807e-02
1.627936e-02
1.632049e-02
1.636170e-02
1.640298e-02
