This is pdfTeX, Version 3.14159265-2.6-1.40.16 (TeX Live 2015/Debian) (preloaded format=pdflatex 2016.9.28)  4 OCT 2016 20:07
entering extended mode
 restricted \write18 enabled.
 %&-line parsing enabled.
**Thesis.tex
(./Thesis.tex
LaTeX2e <2016/02/01>
Babel <3.9q> and hyphenation patterns for 3 language(s) loaded.
(./siugrad51.cls
Document Class: siugrad51 1999/01/07 v1.4a Standard LaTeX document class
(/usr/share/texlive/texmf-dist/tex/latex/base/size12.clo
File: size12.clo 2014/09/29 v1.4h Standard LaTeX file (size option)
)
\c@part=\count79
\c@chapter=\count80
\c@section=\count81
\c@subsection=\count82
\c@subsubsection=\count83
\c@paragraph=\count84
\c@subparagraph=\count85
\c@figure=\count86
\c@table=\count87
\abovecaptionskip=\skip41
\belowcaptionskip=\skip42
\bibindent=\dimen102
)
(/usr/share/texlive/texmf-dist/tex/latex/amsmath/amsmath.sty
Package: amsmath 2016/03/03 v2.15a AMS math features
\@mathmargin=\skip43

For additional information on amsmath, use the `?' option.
(/usr/share/texlive/texmf-dist/tex/latex/amsmath/amstext.sty
Package: amstext 2000/06/29 v2.01 AMS text

(/usr/share/texlive/texmf-dist/tex/latex/amsmath/amsgen.sty
File: amsgen.sty 1999/11/30 v2.0 generic functions
\@emptytoks=\toks14
\ex@=\dimen103
))
(/usr/share/texlive/texmf-dist/tex/latex/amsmath/amsbsy.sty
Package: amsbsy 1999/11/29 v1.2d Bold Symbols
\pmbraise@=\dimen104
)
(/usr/share/texlive/texmf-dist/tex/latex/amsmath/amsopn.sty
Package: amsopn 1999/12/14 v2.01 operator names
)
\inf@bad=\count88
LaTeX Info: Redefining \frac on input line 199.
\uproot@=\count89
\leftroot@=\count90
LaTeX Info: Redefining \overline on input line 297.
\classnum@=\count91
\DOTSCASE@=\count92
LaTeX Info: Redefining \ldots on input line 394.
LaTeX Info: Redefining \dots on input line 397.
LaTeX Info: Redefining \cdots on input line 518.
\Mathstrutbox@=\box26
\strutbox@=\box27
\big@size=\dimen105
LaTeX Font Info:    Redeclaring font encoding OML on input line 630.
LaTeX Font Info:    Redeclaring font encoding OMS on input line 631.
\macc@depth=\count93
\c@MaxMatrixCols=\count94
\dotsspace@=\muskip10
\c@parentequation=\count95
\dspbrk@lvl=\count96
\tag@help=\toks15
\row@=\count97
\column@=\count98
\maxfields@=\count99
\andhelp@=\toks16
\eqnshift@=\dimen106
\alignsep@=\dimen107
\tagshift@=\dimen108
\tagwidth@=\dimen109
\totwidth@=\dimen110
\lineht@=\dimen111
\@envbody=\toks17
\multlinegap=\skip44
\multlinetaggap=\skip45
\mathdisplay@stack=\toks18
LaTeX Info: Redefining \[ on input line 2735.
LaTeX Info: Redefining \] on input line 2736.
)
(/usr/share/texlive/texmf-dist/tex/latex/amsfonts/amssymb.sty
Package: amssymb 2013/01/14 v3.01 AMS font symbols

(/usr/share/texlive/texmf-dist/tex/latex/amsfonts/amsfonts.sty
Package: amsfonts 2013/01/14 v3.01 Basic AMSFonts support
\symAMSa=\mathgroup4
\symAMSb=\mathgroup5
LaTeX Font Info:    Overwriting math alphabet `\mathfrak' in version `bold'
(Font)                  U/euf/m/n --> U/euf/b/n on input line 106.
))
(/usr/share/texlive/texmf-dist/tex/latex/amscls/amsthm.sty
Package: amsthm 2015/03/04 v2.20.2
\thm@style=\toks19
\thm@bodyfont=\toks20
\thm@headfont=\toks21
\thm@notefont=\toks22
\thm@headpunct=\toks23
\thm@preskip=\skip46
\thm@postskip=\skip47
\thm@headsep=\skip48
\dth@everypar=\toks24
)
(/usr/share/texlive/texmf-dist/tex/latex/base/latexsym.sty
Package: latexsym 1998/08/17 v2.2e Standard LaTeX package (lasy symbols)
\symlasy=\mathgroup6
LaTeX Font Info:    Overwriting symbol font `lasy' in version `bold'
(Font)                  U/lasy/m/n --> U/lasy/b/n on input line 52.
)
(/usr/share/texlive/texmf-dist/tex/latex/graphics/graphicx.sty
Package: graphicx 2014/10/28 v1.0g Enhanced LaTeX Graphics (DPC,SPQR)

(/usr/share/texlive/texmf-dist/tex/latex/graphics/keyval.sty
Package: keyval 2014/10/28 v1.15 key=value parser (DPC)
\KV@toks@=\toks25
)
(/usr/share/texlive/texmf-dist/tex/latex/graphics/graphics.sty
Package: graphics 2016/01/03 v1.0q Standard LaTeX Graphics (DPC,SPQR)

(/usr/share/texlive/texmf-dist/tex/latex/graphics/trig.sty
Package: trig 2016/01/03 v1.10 sin cos tan (DPC)
)
(/usr/share/texlive/texmf-dist/tex/latex/latexconfig/graphics.cfg
File: graphics.cfg 2010/04/23 v1.9 graphics configuration of TeX Live
)
Package graphics Info: Driver file: pdftex.def on input line 95.

(/usr/share/texlive/texmf-dist/tex/latex/pdftex-def/pdftex.def
File: pdftex.def 2011/05/27 v0.06d Graphics/color for pdfTeX

(/usr/share/texlive/texmf-dist/tex/generic/oberdiek/infwarerr.sty
Package: infwarerr 2010/04/08 v1.3 Providing info/warning/error messages (HO)
)
(/usr/share/texlive/texmf-dist/tex/generic/oberdiek/ltxcmds.sty
Package: ltxcmds 2011/11/09 v1.22 LaTeX kernel commands for general use (HO)
)
\Gread@gobject=\count100
))
\Gin@req@height=\dimen112
\Gin@req@width=\dimen113
)
(/usr/share/texlive/texmf-dist/tex/latex/oberdiek/epstopdf.sty
Package: epstopdf 2010/02/09 v2.5 Conversion with epstopdf on the fly (HO)

(/usr/share/texlive/texmf-dist/tex/latex/oberdiek/epstopdf-base.sty
Package: epstopdf-base 2010/02/09 v2.5 Base part for package epstopdf

(/usr/share/texlive/texmf-dist/tex/latex/oberdiek/grfext.sty
Package: grfext 2010/08/19 v1.1 Manage graphics extensions (HO)

(/usr/share/texlive/texmf-dist/tex/generic/oberdiek/kvdefinekeys.sty
Package: kvdefinekeys 2011/04/07 v1.3 Define keys (HO)
))
(/usr/share/texlive/texmf-dist/tex/latex/oberdiek/kvoptions.sty
Package: kvoptions 2011/06/30 v3.11 Key value format for package options (HO)

(/usr/share/texlive/texmf-dist/tex/generic/oberdiek/kvsetkeys.sty
Package: kvsetkeys 2012/04/25 v1.16 Key value parser (HO)

(/usr/share/texlive/texmf-dist/tex/generic/oberdiek/etexcmds.sty
Package: etexcmds 2011/02/16 v1.5 Avoid name clashes with e-TeX commands (HO)

(/usr/share/texlive/texmf-dist/tex/generic/oberdiek/ifluatex.sty
Package: ifluatex 2010/03/01 v1.3 Provides the ifluatex switch (HO)
Package ifluatex Info: LuaTeX not detected.
)
Package etexcmds Info: Could not find \expanded.
(etexcmds)             That can mean that you are not using pdfTeX 1.50 or
(etexcmds)             that some package has redefined \expanded.
(etexcmds)             In the latter case, load this package earlier.
)))
(/usr/share/texlive/texmf-dist/tex/generic/oberdiek/pdftexcmds.sty
Package: pdftexcmds 2011/11/29 v0.20 Utility functions of pdfTeX for LuaTeX (HO
)

(/usr/share/texlive/texmf-dist/tex/generic/oberdiek/ifpdf.sty
Package: ifpdf 2011/01/30 v2.3 Provides the ifpdf switch (HO)
Package ifpdf Info: pdfTeX in PDF mode is detected.
)
Package pdftexcmds Info: LuaTeX not detected.
Package pdftexcmds Info: \pdf@primitive is available.
Package pdftexcmds Info: \pdf@ifprimitive is available.
Package pdftexcmds Info: \pdfdraftmode found.
)
Package grfext Info: Graphics extension search list:
(grfext)             [.png,.pdf,.jpg,.mps,.jpeg,.jbig2,.jb2,.PNG,.PDF,.JPG,.JPE
G,.JBIG2,.JB2,.eps]
(grfext)             \AppendGraphicsExtensions on input line 452.

(/usr/share/texlive/texmf-dist/tex/latex/latexconfig/epstopdf-sys.cfg
File: epstopdf-sys.cfg 2010/07/13 v1.3 Configuration of (r)epstopdf for TeX Liv
e
)))
\c@theorem=\count101
\c@example=\count102

(./Thesis.aux)
\openout1 = `Thesis.aux'.

LaTeX Font Info:    Checking defaults for OML/cmm/m/it on input line 89.
LaTeX Font Info:    ... okay on input line 89.
LaTeX Font Info:    Checking defaults for T1/cmr/m/n on input line 89.
LaTeX Font Info:    ... okay on input line 89.
LaTeX Font Info:    Checking defaults for OT1/cmr/m/n on input line 89.
LaTeX Font Info:    ... okay on input line 89.
LaTeX Font Info:    Checking defaults for OMS/cmsy/m/n on input line 89.
LaTeX Font Info:    ... okay on input line 89.
LaTeX Font Info:    Checking defaults for OMX/cmex/m/n on input line 89.
LaTeX Font Info:    ... okay on input line 89.
LaTeX Font Info:    Checking defaults for U/cmr/m/n on input line 89.
LaTeX Font Info:    ... okay on input line 89.
 (/usr/share/texlive/texmf-dist/tex/context/base/supp-pdf.mkii
[Loading MPS to PDF converter (version 2006.09.02).]
\scratchcounter=\count103
\scratchdimen=\dimen114
\scratchbox=\box28
\nofMPsegments=\count104
\nofMParguments=\count105
\everyMPshowfont=\toks26
\MPscratchCnt=\count106
\MPscratchDim=\dimen115
\MPnumerator=\count107
\makeMPintoPDFobject=\count108
\everyMPtoPDFconversion=\toks27
) (./Title.tex) (./Copyright.tex [0

{/var/lib/texmf/fonts/map/pdftex/updmap/pdftex.map}] [1

]) (./Approval.tex [2

]) (./Abstract.tex [3

]) (./Dedication.tex
[4

]) (./Acknow.tex [5

]) (./Preface.tex [6

]) (./Thesis.toc
LaTeX Font Info:    Try loading font information for U+msa on input line 1.

(/usr/share/texlive/texmf-dist/tex/latex/amsfonts/umsa.fd
File: umsa.fd 2013/01/14 v3.01 AMS symbols A
)
LaTeX Font Info:    Try loading font information for U+msb on input line 1.

(/usr/share/texlive/texmf-dist/tex/latex/amsfonts/umsb.fd
File: umsb.fd 2013/01/14 v3.01 AMS symbols B
)
LaTeX Font Info:    Try loading font information for U+lasy on input line 1.

(/usr/share/texlive/texmf-dist/tex/latex/base/ulasy.fd
File: ulasy.fd 1998/08/17 v2.2e LaTeX symbol font definitions
))
\tf@toc=\write3
\openout3 = `Thesis.toc'.

 [7

] (./Thesis.lot)
\tf@lot=\write4
\openout4 = `Thesis.lot'.


[8

] (./Thesis.lof)
\tf@lof=\write5
\openout5 = `Thesis.lof'.

 [9

] (./Intro.tex) (./ch1.tex [1

]
CHAPTER 1.

LaTeX Warning: `h' float specifier changed to `ht'.

[2

] [3]

LaTeX Warning: `h' float specifier changed to `ht'.

[4] [5]) (./ch2.tex [6]
CHAPTER 2.
[7

]

LaTeX Warning: `h' float specifier changed to `ht'.

[8]
Package epstopdf Info: Source file: <ch2-fg1.eps>
(epstopdf)                    date: 2016-10-02 12:59:57
(epstopdf)                    size: 32172 bytes
(epstopdf)             Output file: <ch2-fg1-eps-converted-to.pdf>
(epstopdf)                    date: 2016-10-04 20:07:43
(epstopdf)                    size: 5313 bytes
(epstopdf)             Command: <repstopdf --outfile=ch2-fg1-eps-converted-to.p
df ch2-fg1.eps>
(epstopdf)             \includegraphics on input line 166.
Package epstopdf Info: Output file is already uptodate.
 <ch2-fg1-eps-converted-to.pdf, id=70, 234.8775pt x 46.2528pt>
File: ch2-fg1-eps-converted-to.pdf Graphic file (type pdf)

<use ch2-fg1-eps-converted-to.pdf>
Package pdftex.def Info: ch2-fg1-eps-converted-to.pdf used on input line 166.
(pdftex.def)             Requested size: 274.6262pt x 54.08026pt.
Package epstopdf Info: Source file: <ch2-fg2.eps>
(epstopdf)                    date: 2016-10-02 12:59:57
(epstopdf)                    size: 5823 bytes
(epstopdf)             Output file: <ch2-fg2-eps-converted-to.pdf>
(epstopdf)                    date: 2016-10-04 20:07:43
(epstopdf)                    size: 5594 bytes
(epstopdf)             Command: <repstopdf --outfile=ch2-fg2-eps-converted-to.p
df ch2-fg2.eps>
(epstopdf)             \includegraphics on input line 186.
Package epstopdf Info: Output file is already uptodate.

<ch2-fg2-eps-converted-to.pdf, id=71, 614.295pt x 794.97pt>
File: ch2-fg2-eps-converted-to.pdf Graphic file (type pdf)

<use ch2-fg2-eps-converted-to.pdf>
Package pdftex.def Info: ch2-fg2-eps-converted-to.pdf used on input line 186.
(pdftex.def)             Requested size: 274.6262pt x 355.40419pt.


LaTeX Warning: `h' float specifier changed to `ht'.

) (./ch3.tex [9 <./ch2-fg1-eps-converted-to.pdf>] [10 <./ch2-fg2-eps-converted-
to.pdf>]
CHAPTER 3.
[11

]
Package epstopdf Info: Source file: <ch3-square.eps>
(epstopdf)                    date: 2016-10-02 12:59:57
(epstopdf)                    size: 14838 bytes
(epstopdf)             Output file: <ch3-square-eps-converted-to.pdf>
(epstopdf)                    date: 2016-10-04 20:07:43
(epstopdf)                    size: 2463 bytes
(epstopdf)             Command: <repstopdf --outfile=ch3-square-eps-converted-t
o.pdf ch3-square.eps>
(epstopdf)             \includegraphics on input line 49.
Package epstopdf Info: Output file is already uptodate.
 <ch3-square-eps-converted-to.pdf, id=89, 127.47626pt x 125.46875pt>
File: ch3-square-eps-converted-to.pdf Graphic file (type pdf)

<use ch3-square-eps-converted-to.pdf>
Package pdftex.def Info: ch3-square-eps-converted-to.pdf used on input line 49.

(pdftex.def)             Requested size: 72.26999pt x 71.13501pt.
Package epstopdf Info: Source file: <ch3-circle.eps>
(epstopdf)                    date: 2016-10-02 12:59:57
(epstopdf)                    size: 14846 bytes
(epstopdf)             Output file: <ch3-circle-eps-converted-to.pdf>
(epstopdf)                    date: 2016-10-04 20:07:43
(epstopdf)                    size: 2527 bytes
(epstopdf)             Command: <repstopdf --outfile=ch3-circle-eps-converted-t
o.pdf ch3-circle.eps>
(epstopdf)             \includegraphics on input line 51.
Package epstopdf Info: Output file is already uptodate.

<ch3-circle-eps-converted-to.pdf, id=90, 157.58875pt x 152.57pt>
File: ch3-circle-eps-converted-to.pdf Graphic file (type pdf)

<use ch3-circle-eps-converted-to.pdf>
Package pdftex.def Info: ch3-circle-eps-converted-to.pdf used on input line 51.

(pdftex.def)             Requested size: 72.26999pt x 69.96887pt.
Package epstopdf Info: Source file: <ch3-triangle.eps>
(epstopdf)                    date: 2016-10-02 12:59:57
(epstopdf)                    size: 14975 bytes
(epstopdf)             Output file: <ch3-triangle-eps-converted-to.pdf>
(epstopdf)                    date: 2016-10-04 20:07:43
(epstopdf)                    size: 2490 bytes
(epstopdf)             Command: <repstopdf --outfile=ch3-triangle-eps-converted
-to.pdf ch3-triangle.eps>
(epstopdf)             \includegraphics on input line 59.
Package epstopdf Info: Output file is already uptodate.

<ch3-triangle-eps-converted-to.pdf, id=91, 154.5775pt x 126.4725pt>
File: ch3-triangle-eps-converted-to.pdf Graphic file (type pdf)

<use ch3-triangle-eps-converted-to.pdf>
Package pdftex.def Info: ch3-triangle-eps-converted-to.pdf used on input line 5
9.
(pdftex.def)             Requested size: 72.26999pt x 59.13138pt.
 [12 <./ch3-square-eps-converted-to.pdf> <./ch3-circle-eps-converted-to.pdf> <.
/ch3-triangle-eps-converted-to.pdf>]
Package epstopdf Info: Source file: <ch3-square.eps>
(epstopdf)                    date: 2016-10-02 12:59:57
(epstopdf)                    size: 14838 bytes
(epstopdf)             Output file: <ch3-square-eps-converted-to.pdf>
(epstopdf)                    date: 2016-10-04 20:07:43
(epstopdf)                    size: 2463 bytes
(epstopdf)             Command: <repstopdf --outfile=ch3-square-eps-converted-t
o.pdf ch3-square.eps>
(epstopdf)             \includegraphics on input line 98.
Package epstopdf Info: Output file is already uptodate.
File: ch3-square-eps-converted-to.pdf Graphic file (type pdf)

<use ch3-square-eps-converted-to.pdf>
Package pdftex.def Info: ch3-square-eps-converted-to.pdf used on input line 98.

(pdftex.def)             Requested size: 72.26999pt x 71.13501pt.
Package epstopdf Info: Source file: <ch3-square.eps>
(epstopdf)                    date: 2016-10-02 12:59:57
(epstopdf)                    size: 14838 bytes
(epstopdf)             Output file: <ch3-square-eps-converted-to.pdf>
(epstopdf)                    date: 2016-10-04 20:07:43
(epstopdf)                    size: 2463 bytes
(epstopdf)             Command: <repstopdf --outfile=ch3-square-eps-converted-t
o.pdf ch3-square.eps>
(epstopdf)             \includegraphics on input line 100.
Package epstopdf Info: Output file is already uptodate.
File: ch3-square-eps-converted-to.pdf Graphic file (type pdf)
 <use ch3-square-eps-converted-to.pdf>
Package pdftex.def Info: ch3-square-eps-converted-to.pdf used on input line 100
.
(pdftex.def)             Requested size: 72.26999pt x 71.13501pt.
Package epstopdf Info: Source file: <ch3-square.eps>
(epstopdf)                    date: 2016-10-02 12:59:57
(epstopdf)                    size: 14838 bytes
(epstopdf)             Output file: <ch3-square-eps-converted-to.pdf>
(epstopdf)                    date: 2016-10-04 20:07:43
(epstopdf)                    size: 2463 bytes
(epstopdf)             Command: <repstopdf --outfile=ch3-square-eps-converted-t
o.pdf ch3-square.eps>
(epstopdf)             \includegraphics on input line 102.
Package epstopdf Info: Output file is already uptodate.
File: ch3-square-eps-converted-to.pdf Graphic file (type pdf)

<use ch3-square-eps-converted-to.pdf>
Package pdftex.def Info: ch3-square-eps-converted-to.pdf used on input line 102
.
(pdftex.def)             Requested size: 72.26999pt x 71.13501pt.
Package epstopdf Info: Source file: <ch3-circle.eps>
(epstopdf)                    date: 2016-10-02 12:59:57
(epstopdf)                    size: 14846 bytes
(epstopdf)             Output file: <ch3-circle-eps-converted-to.pdf>
(epstopdf)                    date: 2016-10-04 20:07:43
(epstopdf)                    size: 2527 bytes
(epstopdf)             Command: <repstopdf --outfile=ch3-circle-eps-converted-t
o.pdf ch3-circle.eps>
(epstopdf)             \includegraphics on input line 113.
Package epstopdf Info: Output file is already uptodate.
File: ch3-circle-eps-converted-to.pdf Graphic file (type pdf)
 <use ch3-circle-eps-converted-to.pdf>
Package pdftex.def Info: ch3-circle-eps-converted-to.pdf used on input line 113
.
(pdftex.def)             Requested size: 72.26999pt x 69.96887pt.
Package epstopdf Info: Source file: <ch3-circle.eps>
(epstopdf)                    date: 2016-10-02 12:59:57
(epstopdf)                    size: 14846 bytes
(epstopdf)             Output file: <ch3-circle-eps-converted-to.pdf>
(epstopdf)                    date: 2016-10-04 20:07:43
(epstopdf)                    size: 2527 bytes
(epstopdf)             Command: <repstopdf --outfile=ch3-circle-eps-converted-t
o.pdf ch3-circle.eps>
(epstopdf)             \includegraphics on input line 115.
Package epstopdf Info: Output file is already uptodate.
File: ch3-circle-eps-converted-to.pdf Graphic file (type pdf)

<use ch3-circle-eps-converted-to.pdf>
Package pdftex.def Info: ch3-circle-eps-converted-to.pdf used on input line 115
.
(pdftex.def)             Requested size: 72.26999pt x 69.96887pt.
Package epstopdf Info: Source file: <ch3-circle.eps>
(epstopdf)                    date: 2016-10-02 12:59:57
(epstopdf)                    size: 14846 bytes
(epstopdf)             Output file: <ch3-circle-eps-converted-to.pdf>
(epstopdf)                    date: 2016-10-04 20:07:43
(epstopdf)                    size: 2527 bytes
(epstopdf)             Command: <repstopdf --outfile=ch3-circle-eps-converted-t
o.pdf ch3-circle.eps>
(epstopdf)             \includegraphics on input line 117.
Package epstopdf Info: Output file is already uptodate.
File: ch3-circle-eps-converted-to.pdf Graphic file (type pdf)
 <use ch3-circle-eps-converted-to.pdf>
Package pdftex.def Info: ch3-circle-eps-converted-to.pdf used on input line 117
.
(pdftex.def)             Requested size: 72.26999pt x 69.96887pt.
Package epstopdf Info: Source file: <ch3-triangle.eps>
(epstopdf)                    date: 2016-10-02 12:59:57
(epstopdf)                    size: 14975 bytes
(epstopdf)             Output file: <ch3-triangle-eps-converted-to.pdf>
(epstopdf)                    date: 2016-10-04 20:07:43
(epstopdf)                    size: 2490 bytes
(epstopdf)             Command: <repstopdf --outfile=ch3-triangle-eps-converted
-to.pdf ch3-triangle.eps>
(epstopdf)             \includegraphics on input line 128.
Package epstopdf Info: Output file is already uptodate.
File: ch3-triangle-eps-converted-to.pdf Graphic file (type pdf)

<use ch3-triangle-eps-converted-to.pdf>
Package pdftex.def Info: ch3-triangle-eps-converted-to.pdf used on input line 1
28.
(pdftex.def)             Requested size: 72.26999pt x 59.13138pt.
Package epstopdf Info: Source file: <ch3-triangle.eps>
(epstopdf)                    date: 2016-10-02 12:59:57
(epstopdf)                    size: 14975 bytes
(epstopdf)             Output file: <ch3-triangle-eps-converted-to.pdf>
(epstopdf)                    date: 2016-10-04 20:07:43
(epstopdf)                    size: 2490 bytes
(epstopdf)             Command: <repstopdf --outfile=ch3-triangle-eps-converted
-to.pdf ch3-triangle.eps>
(epstopdf)             \includegraphics on input line 130.
Package epstopdf Info: Output file is already uptodate.
File: ch3-triangle-eps-converted-to.pdf Graphic file (type pdf)

<use ch3-triangle-eps-converted-to.pdf>
Package pdftex.def Info: ch3-triangle-eps-converted-to.pdf used on input line 1
30.
(pdftex.def)             Requested size: 72.26999pt x 59.13138pt.
Package epstopdf Info: Source file: <ch3-triangle.eps>
(epstopdf)                    date: 2016-10-02 12:59:57
(epstopdf)                    size: 14975 bytes
(epstopdf)             Output file: <ch3-triangle-eps-converted-to.pdf>
(epstopdf)                    date: 2016-10-04 20:07:43
(epstopdf)                    size: 2490 bytes
(epstopdf)             Command: <repstopdf --outfile=ch3-triangle-eps-converted
-to.pdf ch3-triangle.eps>
(epstopdf)             \includegraphics on input line 132.
Package epstopdf Info: Output file is already uptodate.
File: ch3-triangle-eps-converted-to.pdf Graphic file (type pdf)

<use ch3-triangle-eps-converted-to.pdf>
Package pdftex.def Info: ch3-triangle-eps-converted-to.pdf used on input line 1
32.
(pdftex.def)             Requested size: 72.26999pt x 59.13138pt.
 [13]

LaTeX Warning: `h' float specifier changed to `ht'.

) (./Biblio.tex [14] [15]) (./Vita.tex [16

]) [17

] (./Thesis.aux) ) 
Here is how much of TeX's memory you used:
 2617 strings out of 494953
 34510 string characters out of 6180977
 95369 words of memory out of 5000000
 5804 multiletter control sequences out of 15000+600000
 11186 words of font info for 45 fonts, out of 8000000 for 9000
 14 hyphenation exceptions out of 8191
 42i,17n,26p,327b,315s stack positions out of 5000i,500n,10000p,200000b,80000s
</usr/share/texlive/texmf-dist/fonts/type1/public/amsfonts/cm
/cmbx10.pfb></usr/share/texlive/texmf-dist/fonts/type1/public/amsfonts/cm/cmbx1
2.pfb></usr/share/texlive/texmf-dist/fonts/type1/public/amsfonts/cm/cmex10.pfb>
</usr/share/texlive/texmf-dist/fonts/type1/public/amsfonts/cmextra/cmex8.pfb></
usr/share/texlive/texmf-dist/fonts/type1/public/amsfonts/cm/cmmi12.pfb></usr/sh
are/texlive/texmf-dist/fonts/type1/public/amsfonts/cm/cmmi5.pfb></usr/share/tex
live/texmf-dist/fonts/type1/public/amsfonts/cm/cmmi6.pfb></usr/share/texlive/te
xmf-dist/fonts/type1/public/amsfonts/cm/cmmi8.pfb></usr/share/texlive/texmf-dis
t/fonts/type1/public/amsfonts/cm/cmr12.pfb></usr/share/texlive/texmf-dist/fonts
/type1/public/amsfonts/cm/cmr5.pfb></usr/share/texlive/texmf-dist/fonts/type1/p
ublic/amsfonts/cm/cmr6.pfb></usr/share/texlive/texmf-dist/fonts/type1/public/am
sfonts/cm/cmr8.pfb></usr/share/texlive/texmf-dist/fonts/type1/public/amsfonts/c
m/cmsy10.pfb></usr/share/texlive/texmf-dist/fonts/type1/public/amsfonts/cm/cmsy
5.pfb></usr/share/texlive/texmf-dist/fonts/type1/public/amsfonts/cm/cmsy8.pfb><
/usr/share/texlive/texmf-dist/fonts/type1/public/amsfonts/cm/cmti12.pfb></usr/s
hare/texlive/texmf-dist/fonts/type1/public/amsfonts/cm/cmtt12.pfb></usr/share/t
exlive/texmf-dist/fonts/type1/public/amsfonts/latxfont/line10.pfb>
Output written on Thesis.pdf (27 pages, 208639 bytes).
PDF statistics:
 182 PDF objects out of 1000 (max. 8388607)
 127 compressed objects within 2 object streams
 0 named destinations out of 1000 (max. 500000)
 26 words of extra memory for PDF output out of 10000 (max. 10000000)

